[0.024s] Invoking command in '/home/artem/Documents/3_course/robotics/task5/ex05/build/robot_bringup': CMAKE_PREFIX_PATH=${CMAKE_PREFIX_PATH}:/home/artem/Documents/3_course/robotics/task5/ex04/install/circle_moving:/home/artem/Documents/3_course/robotics/task5/ex05/install/circle_moving:/opt/ros/jazzy DEBUGINFOD_URLS=https://debuginfod.ubuntu.com /usr/bin/cmake --build /home/artem/Documents/3_course/robotics/task5/ex05/build/robot_bringup -- -j12 -l12
[0.127s] Invoked command in '/home/artem/Documents/3_course/robotics/task5/ex05/build/robot_bringup' returned '0': CMAKE_PREFIX_PATH=${CMAKE_PREFIX_PATH}:/home/artem/Documents/3_course/robotics/task5/ex04/install/circle_moving:/home/artem/Documents/3_course/robotics/task5/ex05/install/circle_moving:/opt/ros/jazzy DEBUGINFOD_URLS=https://debuginfod.ubuntu.com /usr/bin/cmake --build /home/artem/Documents/3_course/robotics/task5/ex05/build/robot_bringup -- -j12 -l12
[0.129s] Invoking command in '/home/artem/Documents/3_course/robotics/task5/ex05/build/robot_bringup': CMAKE_PREFIX_PATH=${CMAKE_PREFIX_PATH}:/home/artem/Documents/3_course/robotics/task5/ex04/install/circle_moving:/home/artem/Documents/3_course/robotics/task5/ex05/install/circle_moving:/opt/ros/jazzy DEBUGINFOD_URLS=https://debuginfod.ubuntu.com /usr/bin/cmake --install /home/artem/Documents/3_course/robotics/task5/ex05/build/robot_bringup
[0.146s] -- Install configuration: ""
[0.146s] -- Up-to-date: /home/artem/Documents/3_course/robotics/task5/ex05/install/robot_bringup/share/robot_bringup/launch
[0.146s] -- Installing: /home/artem/Documents/3_course/robotics/task5/ex05/install/robot_bringup/share/robot_bringup/launch/diff_drive.launch.py
[0.146s] -- Up-to-date: /home/artem/Documents/3_course/robotics/task5/ex05/install/robot_bringup/share/robot_bringup/config
[0.146s] -- Up-to-date: /home/artem/Documents/3_course/robotics/task5/ex05/install/robot_bringup/share/robot_bringup/config/robot_bridge.yaml
[0.147s] -- Up-to-date: /home/artem/Documents/3_course/robotics/task5/ex05/install/robot_bringup/share/robot_bringup/config/diff_drive.rviz
[0.147s] -- Up-to-date: /home/artem/Documents/3_course/robotics/task5/ex05/install/robot_bringup/share/ament_index/resource_index/package_run_dependencies/robot_bringup
[0.147s] -- Up-to-date: /home/artem/Documents/3_course/robotics/task5/ex05/install/robot_bringup/share/ament_index/resource_index/parent_prefix_path/robot_bringup
[0.147s] -- Up-to-date: /home/artem/Documents/3_course/robotics/task5/ex05/install/robot_bringup/share/robot_bringup/environment/ament_prefix_path.sh
[0.147s] -- Up-to-date: /home/artem/Documents/3_course/robotics/task5/ex05/install/robot_bringup/share/robot_bringup/environment/ament_prefix_path.dsv
[0.147s] -- Up-to-date: /home/artem/Documents/3_course/robotics/task5/ex05/install/robot_bringup/share/robot_bringup/environment/path.sh
[0.147s] -- Up-to-date: /home/artem/Documents/3_course/robotics/task5/ex05/install/robot_bringup/share/robot_bringup/environment/path.dsv
[0.147s] -- Up-to-date: /home/artem/Documents/3_course/robotics/task5/ex05/install/robot_bringup/share/robot_bringup/local_setup.bash
[0.148s] -- Up-to-date: /home/artem/Documents/3_course/robotics/task5/ex05/install/robot_bringup/share/robot_bringup/local_setup.sh
[0.148s] -- Up-to-date: /home/artem/Documents/3_course/robotics/task5/ex05/install/robot_bringup/share/robot_bringup/local_setup.zsh
[0.148s] -- Up-to-date: /home/artem/Documents/3_course/robotics/task5/ex05/install/robot_bringup/share/robot_bringup/local_setup.dsv
[0.148s] -- Installing: /home/artem/Documents/3_course/robotics/task5/ex05/install/robot_bringup/share/robot_bringup/package.dsv
[0.148s] -- Up-to-date: /home/artem/Documents/3_course/robotics/task5/ex05/install/robot_bringup/share/ament_index/resource_index/packages/robot_bringup
[0.148s] -- Up-to-date: /home/artem/Documents/3_course/robotics/task5/ex05/install/robot_bringup/share/robot_bringup/cmake/robot_bringupConfig.cmake
[0.148s] -- Up-to-date: /home/artem/Documents/3_course/robotics/task5/ex05/install/robot_bringup/share/robot_bringup/cmake/robot_bringupConfig-version.cmake
[0.149s] -- Up-to-date: /home/artem/Documents/3_course/robotics/task5/ex05/install/robot_bringup/share/robot_bringup/package.xml
[0.150s] Invoked command in '/home/artem/Documents/3_course/robotics/task5/ex05/build/robot_bringup' returned '0': CMAKE_PREFIX_PATH=${CMAKE_PREFIX_PATH}:/home/artem/Documents/3_course/robotics/task5/ex04/install/circle_moving:/home/artem/Documents/3_course/robotics/task5/ex05/install/circle_moving:/opt/ros/jazzy DEBUGINFOD_URLS=https://debuginfod.ubuntu.com /usr/bin/cmake --install /home/artem/Documents/3_course/robotics/task5/ex05/build/robot_bringup
