[  2%] Built target current_target_message__rosidl_generator_type_description
[  2%] Built target ament_cmake_python_copy_current_target_message
[  5%] Built target current_target_message__cpp
[ 20%] Built target current_target_message__rosidl_generator_c
[ 29%] Built target current_target_message__rosidl_typesupport_introspection_c
[ 38%] Built target current_target_message__rosidl_typesupport_c
[ 47%] Built target current_target_message__rosidl_typesupport_cpp
[ 55%] Built target current_target_message__rosidl_typesupport_fastrtps_cpp
[ 64%] Built target current_target_message__rosidl_typesupport_fastrtps_c
[ 73%] Built target current_target_message__rosidl_typesupport_introspection_cpp
[ 73%] Built target current_target_message
[ 76%] Built target current_target_message__py
[ 82%] Built target current_target_message__rosidl_generator_py
[ 88%] Built target current_target_message_s__rosidl_typesupport_c
[ 94%] Built target current_target_message_s__rosidl_typesupport_fastrtps_c
[100%] Built target current_target_message_s__rosidl_typesupport_introspection_c
running egg_info
writing current_target_message.egg-info/PKG-INFO
writing dependency_links to current_target_message.egg-info/dependency_links.txt
writing top-level names to current_target_message.egg-info/top_level.txt
reading manifest file 'current_target_message.egg-info/SOURCES.txt'
writing manifest file 'current_target_message.egg-info/SOURCES.txt'
[100%] Built target ament_cmake_python_build_current_target_message_egg
-- Install configuration: ""
-- Up-to-date: /home/artem/Documents/3_course/robotics/task4/ex02b/install/current_target_message/share/ament_index/resource_index/rosidl_interfaces/current_target_message
-- Up-to-date: /home/artem/Documents/3_course/robotics/task4/ex02b/install/current_target_message/share/current_target_message/msg/CurrentTarget.json
-- Up-to-date: /home/artem/Documents/3_course/robotics/task4/ex02b/install/current_target_message/include/current_target_message/current_target_message
-- Up-to-date: /home/artem/Documents/3_course/robotics/task4/ex02b/install/current_target_message/include/current_target_message/current_target_message/msg
-- Up-to-date: /home/artem/Documents/3_course/robotics/task4/ex02b/install/current_target_message/include/current_target_message/current_target_message/msg/rosidl_generator_c__visibility_control.h
-- Up-to-date: /home/artem/Documents/3_course/robotics/task4/ex02b/install/current_target_message/include/current_target_message/current_target_message/msg/current_target.h
-- Up-to-date: /home/artem/Documents/3_course/robotics/task4/ex02b/install/current_target_message/include/current_target_message/current_target_message/msg/detail
-- Up-to-date: /home/artem/Documents/3_course/robotics/task4/ex02b/install/current_target_message/include/current_target_message/current_target_message/msg/detail/current_target__struct.h
-- Up-to-date: /home/artem/Documents/3_course/robotics/task4/ex02b/install/current_target_message/include/current_target_message/current_target_message/msg/detail/current_target__functions.h
-- Up-to-date: /home/artem/Documents/3_course/robotics/task4/ex02b/install/current_target_message/include/current_target_message/current_target_message/msg/detail/current_target__description.c
-- Up-to-date: /home/artem/Documents/3_course/robotics/task4/ex02b/install/current_target_message/include/current_target_message/current_target_message/msg/detail/current_target__type_support.c
-- Up-to-date: /home/artem/Documents/3_course/robotics/task4/ex02b/install/current_target_message/include/current_target_message/current_target_message/msg/detail/current_target__type_support.h
-- Up-to-date: /home/artem/Documents/3_course/robotics/task4/ex02b/install/current_target_message/include/current_target_message/current_target_message/msg/detail/current_target__functions.c
-- Up-to-date: /home/artem/Documents/3_course/robotics/task4/ex02b/install/current_target_message/share/current_target_message/environment/library_path.sh
-- Up-to-date: /home/artem/Documents/3_course/robotics/task4/ex02b/install/current_target_message/share/current_target_message/environment/library_path.dsv
-- Up-to-date: /home/artem/Documents/3_course/robotics/task4/ex02b/install/current_target_message/lib/libcurrent_target_message__rosidl_generator_c.so
-- Up-to-date: /home/artem/Documents/3_course/robotics/task4/ex02b/install/current_target_message/include/current_target_message/current_target_message
-- Up-to-date: /home/artem/Documents/3_course/robotics/task4/ex02b/install/current_target_message/include/current_target_message/current_target_message/msg
-- Up-to-date: /home/artem/Documents/3_course/robotics/task4/ex02b/install/current_target_message/include/current_target_message/current_target_message/msg/rosidl_typesupport_fastrtps_c__visibility_control.h
-- Up-to-date: /home/artem/Documents/3_course/robotics/task4/ex02b/install/current_target_message/include/current_target_message/current_target_message/msg/detail
-- Up-to-date: /home/artem/Documents/3_course/robotics/task4/ex02b/install/current_target_message/include/current_target_message/current_target_message/msg/detail/current_target__rosidl_typesupport_fastrtps_c.h
-- Up-to-date: /home/artem/Documents/3_course/robotics/task4/ex02b/install/current_target_message/lib/libcurrent_target_message__rosidl_typesupport_fastrtps_c.so
-- Up-to-date: /home/artem/Documents/3_course/robotics/task4/ex02b/install/current_target_message/include/current_target_message/current_target_message
-- Up-to-date: /home/artem/Documents/3_course/robotics/task4/ex02b/install/current_target_message/include/current_target_message/current_target_message/msg
-- Up-to-date: /home/artem/Documents/3_course/robotics/task4/ex02b/install/current_target_message/include/current_target_message/current_target_message/msg/current_target.hpp
-- Up-to-date: /home/artem/Documents/3_course/robotics/task4/ex02b/install/current_target_message/include/current_target_message/current_target_message/msg/rosidl_generator_cpp__visibility_control.hpp
-- Up-to-date: /home/artem/Documents/3_course/robotics/task4/ex02b/install/current_target_message/include/current_target_message/current_target_message/msg/detail
-- Up-to-date: /home/artem/Documents/3_course/robotics/task4/ex02b/install/current_target_message/include/current_target_message/current_target_message/msg/detail/current_target__builder.hpp
-- Up-to-date: /home/artem/Documents/3_course/robotics/task4/ex02b/install/current_target_message/include/current_target_message/current_target_message/msg/detail/current_target__traits.hpp
-- Up-to-date: /home/artem/Documents/3_course/robotics/task4/ex02b/install/current_target_message/include/current_target_message/current_target_message/msg/detail/current_target__struct.hpp
-- Up-to-date: /home/artem/Documents/3_course/robotics/task4/ex02b/install/current_target_message/include/current_target_message/current_target_message/msg/detail/current_target__type_support.hpp
-- Up-to-date: /home/artem/Documents/3_course/robotics/task4/ex02b/install/current_target_message/include/current_target_message/current_target_message
-- Up-to-date: /home/artem/Documents/3_course/robotics/task4/ex02b/install/current_target_message/include/current_target_message/current_target_message/msg
-- Up-to-date: /home/artem/Documents/3_course/robotics/task4/ex02b/install/current_target_message/include/current_target_message/current_target_message/msg/rosidl_typesupport_fastrtps_cpp__visibility_control.h
-- Up-to-date: /home/artem/Documents/3_course/robotics/task4/ex02b/install/current_target_message/include/current_target_message/current_target_message/msg/detail
-- Up-to-date: /home/artem/Documents/3_course/robotics/task4/ex02b/install/current_target_message/include/current_target_message/current_target_message/msg/detail/current_target__rosidl_typesupport_fastrtps_cpp.hpp
-- Up-to-date: /home/artem/Documents/3_course/robotics/task4/ex02b/install/current_target_message/include/current_target_message/current_target_message/msg/detail/dds_fastrtps
-- Up-to-date: /home/artem/Documents/3_course/robotics/task4/ex02b/install/current_target_message/lib/libcurrent_target_message__rosidl_typesupport_fastrtps_cpp.so
-- Up-to-date: /home/artem/Documents/3_course/robotics/task4/ex02b/install/current_target_message/include/current_target_message/current_target_message
-- Up-to-date: /home/artem/Documents/3_course/robotics/task4/ex02b/install/current_target_message/include/current_target_message/current_target_message/msg
-- Up-to-date: /home/artem/Documents/3_course/robotics/task4/ex02b/install/current_target_message/include/current_target_message/current_target_message/msg/rosidl_typesupport_introspection_c__visibility_control.h
-- Up-to-date: /home/artem/Documents/3_course/robotics/task4/ex02b/install/current_target_message/include/current_target_message/current_target_message/msg/detail
-- Up-to-date: /home/artem/Documents/3_course/robotics/task4/ex02b/install/current_target_message/include/current_target_message/current_target_message/msg/detail/current_target__rosidl_typesupport_introspection_c.h
-- Up-to-date: /home/artem/Documents/3_course/robotics/task4/ex02b/install/current_target_message/include/current_target_message/current_target_message/msg/detail/current_target__type_support.c
-- Up-to-date: /home/artem/Documents/3_course/robotics/task4/ex02b/install/current_target_message/lib/libcurrent_target_message__rosidl_typesupport_introspection_c.so
-- Up-to-date: /home/artem/Documents/3_course/robotics/task4/ex02b/install/current_target_message/lib/libcurrent_target_message__rosidl_typesupport_c.so
-- Up-to-date: /home/artem/Documents/3_course/robotics/task4/ex02b/install/current_target_message/include/current_target_message/current_target_message
-- Up-to-date: /home/artem/Documents/3_course/robotics/task4/ex02b/install/current_target_message/include/current_target_message/current_target_message/msg
-- Up-to-date: /home/artem/Documents/3_course/robotics/task4/ex02b/install/current_target_message/include/current_target_message/current_target_message/msg/detail
-- Up-to-date: /home/artem/Documents/3_course/robotics/task4/ex02b/install/current_target_message/include/current_target_message/current_target_message/msg/detail/current_target__rosidl_typesupport_introspection_cpp.hpp
-- Up-to-date: /home/artem/Documents/3_course/robotics/task4/ex02b/install/current_target_message/include/current_target_message/current_target_message/msg/detail/current_target__type_support.cpp
-- Up-to-date: /home/artem/Documents/3_course/robotics/task4/ex02b/install/current_target_message/lib/libcurrent_target_message__rosidl_typesupport_introspection_cpp.so
-- Up-to-date: /home/artem/Documents/3_course/robotics/task4/ex02b/install/current_target_message/lib/libcurrent_target_message__rosidl_typesupport_cpp.so
-- Up-to-date: /home/artem/Documents/3_course/robotics/task4/ex02b/install/current_target_message/share/current_target_message/environment/pythonpath.sh
-- Up-to-date: /home/artem/Documents/3_course/robotics/task4/ex02b/install/current_target_message/share/current_target_message/environment/pythonpath.dsv
-- Up-to-date: /home/artem/Documents/3_course/robotics/task4/ex02b/install/current_target_message/lib/python3.12/site-packages/current_target_message-0.0.0-py3.12.egg-info
-- Installing: /home/artem/Documents/3_course/robotics/task4/ex02b/install/current_target_message/lib/python3.12/site-packages/current_target_message-0.0.0-py3.12.egg-info/PKG-INFO
-- Installing: /home/artem/Documents/3_course/robotics/task4/ex02b/install/current_target_message/lib/python3.12/site-packages/current_target_message-0.0.0-py3.12.egg-info/top_level.txt
-- Installing: /home/artem/Documents/3_course/robotics/task4/ex02b/install/current_target_message/lib/python3.12/site-packages/current_target_message-0.0.0-py3.12.egg-info/dependency_links.txt
-- Installing: /home/artem/Documents/3_course/robotics/task4/ex02b/install/current_target_message/lib/python3.12/site-packages/current_target_message-0.0.0-py3.12.egg-info/SOURCES.txt
-- Up-to-date: /home/artem/Documents/3_course/robotics/task4/ex02b/install/current_target_message/lib/python3.12/site-packages/current_target_message
-- Up-to-date: /home/artem/Documents/3_course/robotics/task4/ex02b/install/current_target_message/lib/python3.12/site-packages/current_target_message/_current_target_message_s.ep.rosidl_typesupport_introspection_c.c
-- Up-to-date: /home/artem/Documents/3_course/robotics/task4/ex02b/install/current_target_message/lib/python3.12/site-packages/current_target_message/current_target_message_s__rosidl_typesupport_c.so
-- Up-to-date: /home/artem/Documents/3_course/robotics/task4/ex02b/install/current_target_message/lib/python3.12/site-packages/current_target_message/_current_target_message_s.ep.rosidl_typesupport_fastrtps_c.c
-- Up-to-date: /home/artem/Documents/3_course/robotics/task4/ex02b/install/current_target_message/lib/python3.12/site-packages/current_target_message/__init__.py
-- Up-to-date: /home/artem/Documents/3_course/robotics/task4/ex02b/install/current_target_message/lib/python3.12/site-packages/current_target_message/current_target_message_s__rosidl_typesupport_introspection_c.so
-- Up-to-date: /home/artem/Documents/3_course/robotics/task4/ex02b/install/current_target_message/lib/python3.12/site-packages/current_target_message/msg
-- Up-to-date: /home/artem/Documents/3_course/robotics/task4/ex02b/install/current_target_message/lib/python3.12/site-packages/current_target_message/msg/__init__.py
-- Up-to-date: /home/artem/Documents/3_course/robotics/task4/ex02b/install/current_target_message/lib/python3.12/site-packages/current_target_message/msg/_current_target.py
-- Up-to-date: /home/artem/Documents/3_course/robotics/task4/ex02b/install/current_target_message/lib/python3.12/site-packages/current_target_message/msg/_current_target_s.c
-- Up-to-date: /home/artem/Documents/3_course/robotics/task4/ex02b/install/current_target_message/lib/python3.12/site-packages/current_target_message/_current_target_message_s.ep.rosidl_typesupport_c.c
-- Up-to-date: /home/artem/Documents/3_course/robotics/task4/ex02b/install/current_target_message/lib/python3.12/site-packages/current_target_message/current_target_message_s__rosidl_typesupport_fastrtps_c.so
Listing '/home/artem/Documents/3_course/robotics/task4/ex02b/install/current_target_message/lib/python3.12/site-packages/current_target_message'...
Listing '/home/artem/Documents/3_course/robotics/task4/ex02b/install/current_target_message/lib/python3.12/site-packages/current_target_message/msg'...
-- Up-to-date: /home/artem/Documents/3_course/robotics/task4/ex02b/install/current_target_message/lib/python3.12/site-packages/current_target_message/current_target_message_s__rosidl_typesupport_fastrtps_c.so
-- Up-to-date: /home/artem/Documents/3_course/robotics/task4/ex02b/install/current_target_message/lib/python3.12/site-packages/current_target_message/current_target_message_s__rosidl_typesupport_introspection_c.so
-- Up-to-date: /home/artem/Documents/3_course/robotics/task4/ex02b/install/current_target_message/lib/python3.12/site-packages/current_target_message/current_target_message_s__rosidl_typesupport_c.so
-- Up-to-date: /home/artem/Documents/3_course/robotics/task4/ex02b/install/current_target_message/lib/libcurrent_target_message__rosidl_generator_py.so
-- Up-to-date: /home/artem/Documents/3_course/robotics/task4/ex02b/install/current_target_message/share/current_target_message/msg/CurrentTarget.idl
-- Up-to-date: /home/artem/Documents/3_course/robotics/task4/ex02b/install/current_target_message/share/current_target_message/msg/CurrentTarget.msg
-- Up-to-date: /home/artem/Documents/3_course/robotics/task4/ex02b/install/current_target_message/share/ament_index/resource_index/package_run_dependencies/current_target_message
-- Up-to-date: /home/artem/Documents/3_course/robotics/task4/ex02b/install/current_target_message/share/ament_index/resource_index/parent_prefix_path/current_target_message
-- Up-to-date: /home/artem/Documents/3_course/robotics/task4/ex02b/install/current_target_message/share/current_target_message/environment/ament_prefix_path.sh
-- Up-to-date: /home/artem/Documents/3_course/robotics/task4/ex02b/install/current_target_message/share/current_target_message/environment/ament_prefix_path.dsv
-- Up-to-date: /home/artem/Documents/3_course/robotics/task4/ex02b/install/current_target_message/share/current_target_message/environment/path.sh
-- Up-to-date: /home/artem/Documents/3_course/robotics/task4/ex02b/install/current_target_message/share/current_target_message/environment/path.dsv
-- Up-to-date: /home/artem/Documents/3_course/robotics/task4/ex02b/install/current_target_message/share/current_target_message/local_setup.bash
-- Up-to-date: /home/artem/Documents/3_course/robotics/task4/ex02b/install/current_target_message/share/current_target_message/local_setup.sh
-- Up-to-date: /home/artem/Documents/3_course/robotics/task4/ex02b/install/current_target_message/share/current_target_message/local_setup.zsh
-- Up-to-date: /home/artem/Documents/3_course/robotics/task4/ex02b/install/current_target_message/share/current_target_message/local_setup.dsv
-- Installing: /home/artem/Documents/3_course/robotics/task4/ex02b/install/current_target_message/share/current_target_message/package.dsv
-- Up-to-date: /home/artem/Documents/3_course/robotics/task4/ex02b/install/current_target_message/share/ament_index/resource_index/packages/current_target_message
-- Up-to-date: /home/artem/Documents/3_course/robotics/task4/ex02b/install/current_target_message/share/current_target_message/cmake/export_current_target_message__rosidl_generator_cExport.cmake
-- Up-to-date: /home/artem/Documents/3_course/robotics/task4/ex02b/install/current_target_message/share/current_target_message/cmake/export_current_target_message__rosidl_generator_cExport-noconfig.cmake
-- Up-to-date: /home/artem/Documents/3_course/robotics/task4/ex02b/install/current_target_message/share/current_target_message/cmake/export_current_target_message__rosidl_typesupport_fastrtps_cExport.cmake
-- Up-to-date: /home/artem/Documents/3_course/robotics/task4/ex02b/install/current_target_message/share/current_target_message/cmake/export_current_target_message__rosidl_typesupport_fastrtps_cExport-noconfig.cmake
-- Up-to-date: /home/artem/Documents/3_course/robotics/task4/ex02b/install/current_target_message/share/current_target_message/cmake/export_current_target_message__rosidl_generator_cppExport.cmake
-- Up-to-date: /home/artem/Documents/3_course/robotics/task4/ex02b/install/current_target_message/share/current_target_message/cmake/export_current_target_message__rosidl_typesupport_fastrtps_cppExport.cmake
-- Up-to-date: /home/artem/Documents/3_course/robotics/task4/ex02b/install/current_target_message/share/current_target_message/cmake/export_current_target_message__rosidl_typesupport_fastrtps_cppExport-noconfig.cmake
-- Up-to-date: /home/artem/Documents/3_course/robotics/task4/ex02b/install/current_target_message/share/current_target_message/cmake/current_target_message__rosidl_typesupport_introspection_cExport.cmake
-- Up-to-date: /home/artem/Documents/3_course/robotics/task4/ex02b/install/current_target_message/share/current_target_message/cmake/current_target_message__rosidl_typesupport_introspection_cExport-noconfig.cmake
-- Up-to-date: /home/artem/Documents/3_course/robotics/task4/ex02b/install/current_target_message/share/current_target_message/cmake/current_target_message__rosidl_typesupport_cExport.cmake
-- Up-to-date: /home/artem/Documents/3_course/robotics/task4/ex02b/install/current_target_message/share/current_target_message/cmake/current_target_message__rosidl_typesupport_cExport-noconfig.cmake
-- Up-to-date: /home/artem/Documents/3_course/robotics/task4/ex02b/install/current_target_message/share/current_target_message/cmake/current_target_message__rosidl_typesupport_introspection_cppExport.cmake
-- Up-to-date: /home/artem/Documents/3_course/robotics/task4/ex02b/install/current_target_message/share/current_target_message/cmake/current_target_message__rosidl_typesupport_introspection_cppExport-noconfig.cmake
-- Up-to-date: /home/artem/Documents/3_course/robotics/task4/ex02b/install/current_target_message/share/current_target_message/cmake/current_target_message__rosidl_typesupport_cppExport.cmake
-- Up-to-date: /home/artem/Documents/3_course/robotics/task4/ex02b/install/current_target_message/share/current_target_message/cmake/current_target_message__rosidl_typesupport_cppExport-noconfig.cmake
-- Up-to-date: /home/artem/Documents/3_course/robotics/task4/ex02b/install/current_target_message/share/current_target_message/cmake/export_current_target_message__rosidl_generator_pyExport.cmake
-- Up-to-date: /home/artem/Documents/3_course/robotics/task4/ex02b/install/current_target_message/share/current_target_message/cmake/export_current_target_message__rosidl_generator_pyExport-noconfig.cmake
-- Up-to-date: /home/artem/Documents/3_course/robotics/task4/ex02b/install/current_target_message/share/current_target_message/cmake/rosidl_cmake-extras.cmake
-- Up-to-date: /home/artem/Documents/3_course/robotics/task4/ex02b/install/current_target_message/share/current_target_message/cmake/ament_cmake_export_dependencies-extras.cmake
-- Up-to-date: /home/artem/Documents/3_course/robotics/task4/ex02b/install/current_target_message/share/current_target_message/cmake/ament_cmake_export_include_directories-extras.cmake
-- Up-to-date: /home/artem/Documents/3_course/robotics/task4/ex02b/install/current_target_message/share/current_target_message/cmake/ament_cmake_export_libraries-extras.cmake
-- Up-to-date: /home/artem/Documents/3_course/robotics/task4/ex02b/install/current_target_message/share/current_target_message/cmake/ament_cmake_export_targets-extras.cmake
-- Up-to-date: /home/artem/Documents/3_course/robotics/task4/ex02b/install/current_target_message/share/current_target_message/cmake/rosidl_cmake_export_typesupport_targets-extras.cmake
-- Up-to-date: /home/artem/Documents/3_course/robotics/task4/ex02b/install/current_target_message/share/current_target_message/cmake/rosidl_cmake_export_typesupport_libraries-extras.cmake
-- Up-to-date: /home/artem/Documents/3_course/robotics/task4/ex02b/install/current_target_message/share/current_target_message/cmake/current_target_messageConfig.cmake
-- Up-to-date: /home/artem/Documents/3_course/robotics/task4/ex02b/install/current_target_message/share/current_target_message/cmake/current_target_messageConfig-version.cmake
-- Up-to-date: /home/artem/Documents/3_course/robotics/task4/ex02b/install/current_target_message/share/current_target_message/package.xml
