[0.021s] Invoking command in '/home/artem/Documents/3_course/robotics/task4/ex02b/build/current_target_message': CMAKE_PREFIX_PATH=${CMAKE_PREFIX_PATH}:/home/artem/Documents/3_course/robotics/task4/ex02b/install/turtle_multi_target:/home/artem/Documents/3_course/robotics/task4/ex02/install/turtle_carrot:/opt/ros/jazzy DEBUGINFOD_URLS=https://debuginfod.ubuntu.com /usr/bin/cmake --build /home/artem/Documents/3_course/robotics/task4/ex02b/build/current_target_message -- -j12 -l12
[0.116s] [  2%] Built target current_target_message__rosidl_generator_type_description
[0.133s] [  2%] Built target ament_cmake_python_copy_current_target_message
[0.159s] [  5%] Built target current_target_message__cpp
[0.161s] [ 20%] Built target current_target_message__rosidl_generator_c
[0.206s] [ 29%] Built target current_target_message__rosidl_typesupport_introspection_c
[0.208s] [ 38%] Built target current_target_message__rosidl_typesupport_c
[0.217s] [ 47%] Built target current_target_message__rosidl_typesupport_cpp
[0.219s] [ 55%] Built target current_target_message__rosidl_typesupport_fastrtps_cpp
[0.219s] [ 64%] Built target current_target_message__rosidl_typesupport_fastrtps_c
[0.221s] [ 73%] Built target current_target_message__rosidl_typesupport_introspection_cpp
[0.265s] [ 73%] Built target current_target_message
[0.309s] [ 76%] Built target current_target_message__py
[0.358s] [ 82%] Built target current_target_message__rosidl_generator_py
[0.412s] [ 88%] Built target current_target_message_s__rosidl_typesupport_c
[0.416s] [ 94%] Built target current_target_message_s__rosidl_typesupport_fastrtps_c
[0.419s] [100%] Built target current_target_message_s__rosidl_typesupport_introspection_c
[0.594s] running egg_info
[0.629s] writing current_target_message.egg-info/PKG-INFO
[0.629s] writing dependency_links to current_target_message.egg-info/dependency_links.txt
[0.629s] writing top-level names to current_target_message.egg-info/top_level.txt
[0.717s] reading manifest file 'current_target_message.egg-info/SOURCES.txt'
[0.718s] writing manifest file 'current_target_message.egg-info/SOURCES.txt'
[0.773s] [100%] Built target ament_cmake_python_build_current_target_message_egg
[0.793s] Invoked command in '/home/artem/Documents/3_course/robotics/task4/ex02b/build/current_target_message' returned '0': CMAKE_PREFIX_PATH=${CMAKE_PREFIX_PATH}:/home/artem/Documents/3_course/robotics/task4/ex02b/install/turtle_multi_target:/home/artem/Documents/3_course/robotics/task4/ex02/install/turtle_carrot:/opt/ros/jazzy DEBUGINFOD_URLS=https://debuginfod.ubuntu.com /usr/bin/cmake --build /home/artem/Documents/3_course/robotics/task4/ex02b/build/current_target_message -- -j12 -l12
[0.813s] Invoking command in '/home/artem/Documents/3_course/robotics/task4/ex02b/build/current_target_message': CMAKE_PREFIX_PATH=${CMAKE_PREFIX_PATH}:/home/artem/Documents/3_course/robotics/task4/ex02b/install/turtle_multi_target:/home/artem/Documents/3_course/robotics/task4/ex02/install/turtle_carrot:/opt/ros/jazzy DEBUGINFOD_URLS=https://debuginfod.ubuntu.com /usr/bin/cmake --install /home/artem/Documents/3_course/robotics/task4/ex02b/build/current_target_message
[0.830s] -- Install configuration: ""
[0.830s] -- Up-to-date: /home/artem/Documents/3_course/robotics/task4/ex02b/install/current_target_message/share/ament_index/resource_index/rosidl_interfaces/current_target_message
[0.831s] -- Up-to-date: /home/artem/Documents/3_course/robotics/task4/ex02b/install/current_target_message/share/current_target_message/msg/CurrentTarget.json
[0.831s] -- Up-to-date: /home/artem/Documents/3_course/robotics/task4/ex02b/install/current_target_message/include/current_target_message/current_target_message
[0.831s] -- Up-to-date: /home/artem/Documents/3_course/robotics/task4/ex02b/install/current_target_message/include/current_target_message/current_target_message/msg
[0.831s] -- Up-to-date: /home/artem/Documents/3_course/robotics/task4/ex02b/install/current_target_message/include/current_target_message/current_target_message/msg/rosidl_generator_c__visibility_control.h
[0.832s] -- Up-to-date: /home/artem/Documents/3_course/robotics/task4/ex02b/install/current_target_message/include/current_target_message/current_target_message/msg/current_target.h
[0.832s] -- Up-to-date: /home/artem/Documents/3_course/robotics/task4/ex02b/install/current_target_message/include/current_target_message/current_target_message/msg/detail
[0.832s] -- Up-to-date: /home/artem/Documents/3_course/robotics/task4/ex02b/install/current_target_message/include/current_target_message/current_target_message/msg/detail/current_target__struct.h
[0.833s] -- Up-to-date: /home/artem/Documents/3_course/robotics/task4/ex02b/install/current_target_message/include/current_target_message/current_target_message/msg/detail/current_target__functions.h
[0.833s] -- Up-to-date: /home/artem/Documents/3_course/robotics/task4/ex02b/install/current_target_message/include/current_target_message/current_target_message/msg/detail/current_target__description.c
[0.833s] -- Up-to-date: /home/artem/Documents/3_course/robotics/task4/ex02b/install/current_target_message/include/current_target_message/current_target_message/msg/detail/current_target__type_support.c
[0.833s] -- Up-to-date: /home/artem/Documents/3_course/robotics/task4/ex02b/install/current_target_message/include/current_target_message/current_target_message/msg/detail/current_target__type_support.h
[0.834s] -- Up-to-date: /home/artem/Documents/3_course/robotics/task4/ex02b/install/current_target_message/include/current_target_message/current_target_message/msg/detail/current_target__functions.c
[0.834s] -- Up-to-date: /home/artem/Documents/3_course/robotics/task4/ex02b/install/current_target_message/share/current_target_message/environment/library_path.sh
[0.834s] -- Up-to-date: /home/artem/Documents/3_course/robotics/task4/ex02b/install/current_target_message/share/current_target_message/environment/library_path.dsv
[0.834s] -- Up-to-date: /home/artem/Documents/3_course/robotics/task4/ex02b/install/current_target_message/lib/libcurrent_target_message__rosidl_generator_c.so
[0.835s] -- Up-to-date: /home/artem/Documents/3_course/robotics/task4/ex02b/install/current_target_message/include/current_target_message/current_target_message
[0.835s] -- Up-to-date: /home/artem/Documents/3_course/robotics/task4/ex02b/install/current_target_message/include/current_target_message/current_target_message/msg
[0.835s] -- Up-to-date: /home/artem/Documents/3_course/robotics/task4/ex02b/install/current_target_message/include/current_target_message/current_target_message/msg/rosidl_typesupport_fastrtps_c__visibility_control.h
[0.835s] -- Up-to-date: /home/artem/Documents/3_course/robotics/task4/ex02b/install/current_target_message/include/current_target_message/current_target_message/msg/detail
[0.835s] -- Up-to-date: /home/artem/Documents/3_course/robotics/task4/ex02b/install/current_target_message/include/current_target_message/current_target_message/msg/detail/current_target__rosidl_typesupport_fastrtps_c.h
[0.835s] -- Up-to-date: /home/artem/Documents/3_course/robotics/task4/ex02b/install/current_target_message/lib/libcurrent_target_message__rosidl_typesupport_fastrtps_c.so
[0.835s] -- Up-to-date: /home/artem/Documents/3_course/robotics/task4/ex02b/install/current_target_message/include/current_target_message/current_target_message
[0.835s] -- Up-to-date: /home/artem/Documents/3_course/robotics/task4/ex02b/install/current_target_message/include/current_target_message/current_target_message/msg
[0.836s] -- Up-to-date: /home/artem/Documents/3_course/robotics/task4/ex02b/install/current_target_message/include/current_target_message/current_target_message/msg/current_target.hpp
[0.836s] -- Up-to-date: /home/artem/Documents/3_course/robotics/task4/ex02b/install/current_target_message/include/current_target_message/current_target_message/msg/rosidl_generator_cpp__visibility_control.hpp
[0.836s] -- Up-to-date: /home/artem/Documents/3_course/robotics/task4/ex02b/install/current_target_message/include/current_target_message/current_target_message/msg/detail
[0.836s] -- Up-to-date: /home/artem/Documents/3_course/robotics/task4/ex02b/install/current_target_message/include/current_target_message/current_target_message/msg/detail/current_target__builder.hpp
[0.836s] -- Up-to-date: /home/artem/Documents/3_course/robotics/task4/ex02b/install/current_target_message/include/current_target_message/current_target_message/msg/detail/current_target__traits.hpp
[0.837s] -- Up-to-date: /home/artem/Documents/3_course/robotics/task4/ex02b/install/current_target_message/include/current_target_message/current_target_message/msg/detail/current_target__struct.hpp
[0.837s] -- Up-to-date: /home/artem/Documents/3_course/robotics/task4/ex02b/install/current_target_message/include/current_target_message/current_target_message/msg/detail/current_target__type_support.hpp
[0.837s] -- Up-to-date: /home/artem/Documents/3_course/robotics/task4/ex02b/install/current_target_message/include/current_target_message/current_target_message
[0.837s] -- Up-to-date: /home/artem/Documents/3_course/robotics/task4/ex02b/install/current_target_message/include/current_target_message/current_target_message/msg
[0.837s] -- Up-to-date: /home/artem/Documents/3_course/robotics/task4/ex02b/install/current_target_message/include/current_target_message/current_target_message/msg/rosidl_typesupport_fastrtps_cpp__visibility_control.h
[0.838s] -- Up-to-date: /home/artem/Documents/3_course/robotics/task4/ex02b/install/current_target_message/include/current_target_message/current_target_message/msg/detail
[0.838s] -- Up-to-date: /home/artem/Documents/3_course/robotics/task4/ex02b/install/current_target_message/include/current_target_message/current_target_message/msg/detail/current_target__rosidl_typesupport_fastrtps_cpp.hpp
[0.838s] -- Up-to-date: /home/artem/Documents/3_course/robotics/task4/ex02b/install/current_target_message/include/current_target_message/current_target_message/msg/detail/dds_fastrtps
[0.838s] -- Up-to-date: /home/artem/Documents/3_course/robotics/task4/ex02b/install/current_target_message/lib/libcurrent_target_message__rosidl_typesupport_fastrtps_cpp.so
[0.838s] -- Up-to-date: /home/artem/Documents/3_course/robotics/task4/ex02b/install/current_target_message/include/current_target_message/current_target_message
[0.839s] -- Up-to-date: /home/artem/Documents/3_course/robotics/task4/ex02b/install/current_target_message/include/current_target_message/current_target_message/msg
[0.839s] -- Up-to-date: /home/artem/Documents/3_course/robotics/task4/ex02b/install/current_target_message/include/current_target_message/current_target_message/msg/rosidl_typesupport_introspection_c__visibility_control.h
[0.839s] -- Up-to-date: /home/artem/Documents/3_course/robotics/task4/ex02b/install/current_target_message/include/current_target_message/current_target_message/msg/detail
[0.839s] -- Up-to-date: /home/artem/Documents/3_course/robotics/task4/ex02b/install/current_target_message/include/current_target_message/current_target_message/msg/detail/current_target__rosidl_typesupport_introspection_c.h
[0.839s] -- Up-to-date: /home/artem/Documents/3_course/robotics/task4/ex02b/install/current_target_message/include/current_target_message/current_target_message/msg/detail/current_target__type_support.c
[0.840s] -- Up-to-date: /home/artem/Documents/3_course/robotics/task4/ex02b/install/current_target_message/lib/libcurrent_target_message__rosidl_typesupport_introspection_c.so
[0.840s] -- Up-to-date: /home/artem/Documents/3_course/robotics/task4/ex02b/install/current_target_message/lib/libcurrent_target_message__rosidl_typesupport_c.so
[0.840s] -- Up-to-date: /home/artem/Documents/3_course/robotics/task4/ex02b/install/current_target_message/include/current_target_message/current_target_message
[0.840s] -- Up-to-date: /home/artem/Documents/3_course/robotics/task4/ex02b/install/current_target_message/include/current_target_message/current_target_message/msg
[0.840s] -- Up-to-date: /home/artem/Documents/3_course/robotics/task4/ex02b/install/current_target_message/include/current_target_message/current_target_message/msg/detail
[0.841s] -- Up-to-date: /home/artem/Documents/3_course/robotics/task4/ex02b/install/current_target_message/include/current_target_message/current_target_message/msg/detail/current_target__rosidl_typesupport_introspection_cpp.hpp
[0.841s] -- Up-to-date: /home/artem/Documents/3_course/robotics/task4/ex02b/install/current_target_message/include/current_target_message/current_target_message/msg/detail/current_target__type_support.cpp
[0.841s] -- Up-to-date: /home/artem/Documents/3_course/robotics/task4/ex02b/install/current_target_message/lib/libcurrent_target_message__rosidl_typesupport_introspection_cpp.so
[0.841s] -- Up-to-date: /home/artem/Documents/3_course/robotics/task4/ex02b/install/current_target_message/lib/libcurrent_target_message__rosidl_typesupport_cpp.so
[0.841s] -- Up-to-date: /home/artem/Documents/3_course/robotics/task4/ex02b/install/current_target_message/share/current_target_message/environment/pythonpath.sh
[0.841s] -- Up-to-date: /home/artem/Documents/3_course/robotics/task4/ex02b/install/current_target_message/share/current_target_message/environment/pythonpath.dsv
[0.842s] -- Up-to-date: /home/artem/Documents/3_course/robotics/task4/ex02b/install/current_target_message/lib/python3.12/site-packages/current_target_message-0.0.0-py3.12.egg-info
[0.842s] -- Installing: /home/artem/Documents/3_course/robotics/task4/ex02b/install/current_target_message/lib/python3.12/site-packages/current_target_message-0.0.0-py3.12.egg-info/PKG-INFO
[0.842s] -- Installing: /home/artem/Documents/3_course/robotics/task4/ex02b/install/current_target_message/lib/python3.12/site-packages/current_target_message-0.0.0-py3.12.egg-info/top_level.txt
[0.842s] -- Installing: /home/artem/Documents/3_course/robotics/task4/ex02b/install/current_target_message/lib/python3.12/site-packages/current_target_message-0.0.0-py3.12.egg-info/dependency_links.txt
[0.842s] -- Installing: /home/artem/Documents/3_course/robotics/task4/ex02b/install/current_target_message/lib/python3.12/site-packages/current_target_message-0.0.0-py3.12.egg-info/SOURCES.txt
[0.843s] -- Up-to-date: /home/artem/Documents/3_course/robotics/task4/ex02b/install/current_target_message/lib/python3.12/site-packages/current_target_message
[0.843s] -- Up-to-date: /home/artem/Documents/3_course/robotics/task4/ex02b/install/current_target_message/lib/python3.12/site-packages/current_target_message/_current_target_message_s.ep.rosidl_typesupport_introspection_c.c
[0.843s] -- Up-to-date: /home/artem/Documents/3_course/robotics/task4/ex02b/install/current_target_message/lib/python3.12/site-packages/current_target_message/current_target_message_s__rosidl_typesupport_c.so
[0.843s] -- Up-to-date: /home/artem/Documents/3_course/robotics/task4/ex02b/install/current_target_message/lib/python3.12/site-packages/current_target_message/_current_target_message_s.ep.rosidl_typesupport_fastrtps_c.c
[0.843s] -- Up-to-date: /home/artem/Documents/3_course/robotics/task4/ex02b/install/current_target_message/lib/python3.12/site-packages/current_target_message/__init__.py
[0.844s] -- Up-to-date: /home/artem/Documents/3_course/robotics/task4/ex02b/install/current_target_message/lib/python3.12/site-packages/current_target_message/current_target_message_s__rosidl_typesupport_introspection_c.so
[0.844s] -- Up-to-date: /home/artem/Documents/3_course/robotics/task4/ex02b/install/current_target_message/lib/python3.12/site-packages/current_target_message/msg
[0.844s] -- Up-to-date: /home/artem/Documents/3_course/robotics/task4/ex02b/install/current_target_message/lib/python3.12/site-packages/current_target_message/msg/__init__.py
[0.844s] -- Up-to-date: /home/artem/Documents/3_course/robotics/task4/ex02b/install/current_target_message/lib/python3.12/site-packages/current_target_message/msg/_current_target.py
[0.844s] -- Up-to-date: /home/artem/Documents/3_course/robotics/task4/ex02b/install/current_target_message/lib/python3.12/site-packages/current_target_message/msg/_current_target_s.c
[0.845s] -- Up-to-date: /home/artem/Documents/3_course/robotics/task4/ex02b/install/current_target_message/lib/python3.12/site-packages/current_target_message/_current_target_message_s.ep.rosidl_typesupport_c.c
[0.845s] -- Up-to-date: /home/artem/Documents/3_course/robotics/task4/ex02b/install/current_target_message/lib/python3.12/site-packages/current_target_message/current_target_message_s__rosidl_typesupport_fastrtps_c.so
[0.903s] Listing '/home/artem/Documents/3_course/robotics/task4/ex02b/install/current_target_message/lib/python3.12/site-packages/current_target_message'...
[0.904s] Listing '/home/artem/Documents/3_course/robotics/task4/ex02b/install/current_target_message/lib/python3.12/site-packages/current_target_message/msg'...
[0.915s] -- Up-to-date: /home/artem/Documents/3_course/robotics/task4/ex02b/install/current_target_message/lib/python3.12/site-packages/current_target_message/current_target_message_s__rosidl_typesupport_fastrtps_c.so
[0.916s] -- Up-to-date: /home/artem/Documents/3_course/robotics/task4/ex02b/install/current_target_message/lib/python3.12/site-packages/current_target_message/current_target_message_s__rosidl_typesupport_introspection_c.so
[0.916s] -- Up-to-date: /home/artem/Documents/3_course/robotics/task4/ex02b/install/current_target_message/lib/python3.12/site-packages/current_target_message/current_target_message_s__rosidl_typesupport_c.so
[0.916s] -- Up-to-date: /home/artem/Documents/3_course/robotics/task4/ex02b/install/current_target_message/lib/libcurrent_target_message__rosidl_generator_py.so
[0.917s] -- Up-to-date: /home/artem/Documents/3_course/robotics/task4/ex02b/install/current_target_message/share/current_target_message/msg/CurrentTarget.idl
[0.917s] -- Up-to-date: /home/artem/Documents/3_course/robotics/task4/ex02b/install/current_target_message/share/current_target_message/msg/CurrentTarget.msg
[0.917s] -- Up-to-date: /home/artem/Documents/3_course/robotics/task4/ex02b/install/current_target_message/share/ament_index/resource_index/package_run_dependencies/current_target_message
[0.918s] -- Up-to-date: /home/artem/Documents/3_course/robotics/task4/ex02b/install/current_target_message/share/ament_index/resource_index/parent_prefix_path/current_target_message
[0.918s] -- Up-to-date: /home/artem/Documents/3_course/robotics/task4/ex02b/install/current_target_message/share/current_target_message/environment/ament_prefix_path.sh
[0.918s] -- Up-to-date: /home/artem/Documents/3_course/robotics/task4/ex02b/install/current_target_message/share/current_target_message/environment/ament_prefix_path.dsv
[0.918s] -- Up-to-date: /home/artem/Documents/3_course/robotics/task4/ex02b/install/current_target_message/share/current_target_message/environment/path.sh
[0.919s] -- Up-to-date: /home/artem/Documents/3_course/robotics/task4/ex02b/install/current_target_message/share/current_target_message/environment/path.dsv
[0.919s] -- Up-to-date: /home/artem/Documents/3_course/robotics/task4/ex02b/install/current_target_message/share/current_target_message/local_setup.bash
[0.919s] -- Up-to-date: /home/artem/Documents/3_course/robotics/task4/ex02b/install/current_target_message/share/current_target_message/local_setup.sh
[0.920s] -- Up-to-date: /home/artem/Documents/3_course/robotics/task4/ex02b/install/current_target_message/share/current_target_message/local_setup.zsh
[0.920s] -- Up-to-date: /home/artem/Documents/3_course/robotics/task4/ex02b/install/current_target_message/share/current_target_message/local_setup.dsv
[0.920s] -- Installing: /home/artem/Documents/3_course/robotics/task4/ex02b/install/current_target_message/share/current_target_message/package.dsv
[0.920s] -- Up-to-date: /home/artem/Documents/3_course/robotics/task4/ex02b/install/current_target_message/share/ament_index/resource_index/packages/current_target_message
[0.920s] -- Up-to-date: /home/artem/Documents/3_course/robotics/task4/ex02b/install/current_target_message/share/current_target_message/cmake/export_current_target_message__rosidl_generator_cExport.cmake
[0.921s] -- Up-to-date: /home/artem/Documents/3_course/robotics/task4/ex02b/install/current_target_message/share/current_target_message/cmake/export_current_target_message__rosidl_generator_cExport-noconfig.cmake
[0.921s] -- Up-to-date: /home/artem/Documents/3_course/robotics/task4/ex02b/install/current_target_message/share/current_target_message/cmake/export_current_target_message__rosidl_typesupport_fastrtps_cExport.cmake
[0.921s] -- Up-to-date: /home/artem/Documents/3_course/robotics/task4/ex02b/install/current_target_message/share/current_target_message/cmake/export_current_target_message__rosidl_typesupport_fastrtps_cExport-noconfig.cmake
[0.921s] -- Up-to-date: /home/artem/Documents/3_course/robotics/task4/ex02b/install/current_target_message/share/current_target_message/cmake/export_current_target_message__rosidl_generator_cppExport.cmake
[0.921s] -- Up-to-date: /home/artem/Documents/3_course/robotics/task4/ex02b/install/current_target_message/share/current_target_message/cmake/export_current_target_message__rosidl_typesupport_fastrtps_cppExport.cmake
[0.922s] -- Up-to-date: /home/artem/Documents/3_course/robotics/task4/ex02b/install/current_target_message/share/current_target_message/cmake/export_current_target_message__rosidl_typesupport_fastrtps_cppExport-noconfig.cmake
[0.922s] -- Up-to-date: /home/artem/Documents/3_course/robotics/task4/ex02b/install/current_target_message/share/current_target_message/cmake/current_target_message__rosidl_typesupport_introspection_cExport.cmake
[0.922s] -- Up-to-date: /home/artem/Documents/3_course/robotics/task4/ex02b/install/current_target_message/share/current_target_message/cmake/current_target_message__rosidl_typesupport_introspection_cExport-noconfig.cmake
[0.922s] -- Up-to-date: /home/artem/Documents/3_course/robotics/task4/ex02b/install/current_target_message/share/current_target_message/cmake/current_target_message__rosidl_typesupport_cExport.cmake
[0.922s] -- Up-to-date: /home/artem/Documents/3_course/robotics/task4/ex02b/install/current_target_message/share/current_target_message/cmake/current_target_message__rosidl_typesupport_cExport-noconfig.cmake
[0.923s] -- Up-to-date: /home/artem/Documents/3_course/robotics/task4/ex02b/install/current_target_message/share/current_target_message/cmake/current_target_message__rosidl_typesupport_introspection_cppExport.cmake
[0.923s] -- Up-to-date: /home/artem/Documents/3_course/robotics/task4/ex02b/install/current_target_message/share/current_target_message/cmake/current_target_message__rosidl_typesupport_introspection_cppExport-noconfig.cmake
[0.923s] -- Up-to-date: /home/artem/Documents/3_course/robotics/task4/ex02b/install/current_target_message/share/current_target_message/cmake/current_target_message__rosidl_typesupport_cppExport.cmake
[0.923s] -- Up-to-date: /home/artem/Documents/3_course/robotics/task4/ex02b/install/current_target_message/share/current_target_message/cmake/current_target_message__rosidl_typesupport_cppExport-noconfig.cmake
[0.924s] -- Up-to-date: /home/artem/Documents/3_course/robotics/task4/ex02b/install/current_target_message/share/current_target_message/cmake/export_current_target_message__rosidl_generator_pyExport.cmake
[0.924s] -- Up-to-date: /home/artem/Documents/3_course/robotics/task4/ex02b/install/current_target_message/share/current_target_message/cmake/export_current_target_message__rosidl_generator_pyExport-noconfig.cmake
[0.924s] -- Up-to-date: /home/artem/Documents/3_course/robotics/task4/ex02b/install/current_target_message/share/current_target_message/cmake/rosidl_cmake-extras.cmake
[0.924s] -- Up-to-date: /home/artem/Documents/3_course/robotics/task4/ex02b/install/current_target_message/share/current_target_message/cmake/ament_cmake_export_dependencies-extras.cmake
[0.924s] -- Up-to-date: /home/artem/Documents/3_course/robotics/task4/ex02b/install/current_target_message/share/current_target_message/cmake/ament_cmake_export_include_directories-extras.cmake
[0.925s] -- Up-to-date: /home/artem/Documents/3_course/robotics/task4/ex02b/install/current_target_message/share/current_target_message/cmake/ament_cmake_export_libraries-extras.cmake
[0.925s] -- Up-to-date: /home/artem/Documents/3_course/robotics/task4/ex02b/install/current_target_message/share/current_target_message/cmake/ament_cmake_export_targets-extras.cmake
[0.925s] -- Up-to-date: /home/artem/Documents/3_course/robotics/task4/ex02b/install/current_target_message/share/current_target_message/cmake/rosidl_cmake_export_typesupport_targets-extras.cmake
[0.925s] -- Up-to-date: /home/artem/Documents/3_course/robotics/task4/ex02b/install/current_target_message/share/current_target_message/cmake/rosidl_cmake_export_typesupport_libraries-extras.cmake
[0.926s] -- Up-to-date: /home/artem/Documents/3_course/robotics/task4/ex02b/install/current_target_message/share/current_target_message/cmake/current_target_messageConfig.cmake
[0.926s] -- Up-to-date: /home/artem/Documents/3_course/robotics/task4/ex02b/install/current_target_message/share/current_target_message/cmake/current_target_messageConfig-version.cmake
[0.926s] -- Up-to-date: /home/artem/Documents/3_course/robotics/task4/ex02b/install/current_target_message/share/current_target_message/package.xml
[0.927s] Invoked command in '/home/artem/Documents/3_course/robotics/task4/ex02b/build/current_target_message' returned '0': CMAKE_PREFIX_PATH=${CMAKE_PREFIX_PATH}:/home/artem/Documents/3_course/robotics/task4/ex02b/install/turtle_multi_target:/home/artem/Documents/3_course/robotics/task4/ex02/install/turtle_carrot:/opt/ros/jazzy DEBUGINFOD_URLS=https://debuginfod.ubuntu.com /usr/bin/cmake --install /home/artem/Documents/3_course/robotics/task4/ex02b/build/current_target_message
