[0.019s] Invoking command in '/home/artem/Documents/3_course/robotics/task3/ex05/build/action_cleaning_robot': CMAKE_PREFIX_PATH=${CMAKE_PREFIX_PATH}:/opt/ros/jazzy DEBUGINFOD_URLS=https://debuginfod.ubuntu.com /usr/bin/cmake --build /home/artem/Documents/3_course/robotics/task3/ex05/build/action_cleaning_robot -- -j12 -l12
[0.112s] [  2%] Built target action_cleaning_robot__rosidl_generator_type_description
[0.130s] [  2%] Built target ament_cmake_python_copy_action_cleaning_robot
[0.157s] [  8%] Built target action_cleaning_robot__cpp
[0.157s] [ 20%] Built target action_cleaning_robot__rosidl_generator_c
[0.204s] [ 29%] Built target action_cleaning_robot__rosidl_typesupport_fastrtps_cpp
[0.205s] [ 38%] Built target action_cleaning_robot__rosidl_typesupport_introspection_cpp
[0.206s] [ 47%] Built target action_cleaning_robot__rosidl_typesupport_c
[0.206s] [ 55%] Built target action_cleaning_robot__rosidl_typesupport_introspection_c
[0.207s] [ 64%] Built target action_cleaning_robot__rosidl_typesupport_cpp
[0.212s] [ 73%] Built target action_cleaning_robot__rosidl_typesupport_fastrtps_c
[0.254s] [ 73%] Built target action_cleaning_robot
[0.295s] [ 76%] Built target action_cleaning_robot__py
[0.343s] [ 82%] Built target action_cleaning_robot__rosidl_generator_py
[0.384s] [ 94%] Built target action_cleaning_robot_s__rosidl_typesupport_fastrtps_c
[0.385s] [ 94%] Built target action_cleaning_robot_s__rosidl_typesupport_c
[0.388s] [100%] Built target action_cleaning_robot_s__rosidl_typesupport_introspection_c
[0.519s] running egg_info
[0.548s] writing action_cleaning_robot.egg-info/PKG-INFO
[0.549s] writing dependency_links to action_cleaning_robot.egg-info/dependency_links.txt
[0.549s] writing top-level names to action_cleaning_robot.egg-info/top_level.txt
[0.619s] reading manifest file 'action_cleaning_robot.egg-info/SOURCES.txt'
[0.620s] writing manifest file 'action_cleaning_robot.egg-info/SOURCES.txt'
[0.663s] [100%] Built target ament_cmake_python_build_action_cleaning_robot_egg
[0.682s] Invoked command in '/home/artem/Documents/3_course/robotics/task3/ex05/build/action_cleaning_robot' returned '0': CMAKE_PREFIX_PATH=${CMAKE_PREFIX_PATH}:/opt/ros/jazzy DEBUGINFOD_URLS=https://debuginfod.ubuntu.com /usr/bin/cmake --build /home/artem/Documents/3_course/robotics/task3/ex05/build/action_cleaning_robot -- -j12 -l12
[0.703s] Invoking command in '/home/artem/Documents/3_course/robotics/task3/ex05/build/action_cleaning_robot': CMAKE_PREFIX_PATH=${CMAKE_PREFIX_PATH}:/opt/ros/jazzy DEBUGINFOD_URLS=https://debuginfod.ubuntu.com /usr/bin/cmake --install /home/artem/Documents/3_course/robotics/task3/ex05/build/action_cleaning_robot
[0.720s] -- Install configuration: ""
[0.721s] -- Up-to-date: /home/artem/Documents/3_course/robotics/task3/ex05/install/action_cleaning_robot/share/ament_index/resource_index/rosidl_interfaces/action_cleaning_robot
[0.721s] -- Up-to-date: /home/artem/Documents/3_course/robotics/task3/ex05/install/action_cleaning_robot/share/action_cleaning_robot/action/CleaningTask.json
[0.721s] -- Up-to-date: /home/artem/Documents/3_course/robotics/task3/ex05/install/action_cleaning_robot/include/action_cleaning_robot/action_cleaning_robot
[0.721s] -- Up-to-date: /home/artem/Documents/3_course/robotics/task3/ex05/install/action_cleaning_robot/include/action_cleaning_robot/action_cleaning_robot/msg
[0.721s] -- Up-to-date: /home/artem/Documents/3_course/robotics/task3/ex05/install/action_cleaning_robot/include/action_cleaning_robot/action_cleaning_robot/msg/rosidl_generator_c__visibility_control.h
[0.722s] -- Up-to-date: /home/artem/Documents/3_course/robotics/task3/ex05/install/action_cleaning_robot/include/action_cleaning_robot/action_cleaning_robot/action
[0.722s] -- Up-to-date: /home/artem/Documents/3_course/robotics/task3/ex05/install/action_cleaning_robot/include/action_cleaning_robot/action_cleaning_robot/action/cleaning_task.h
[0.722s] -- Up-to-date: /home/artem/Documents/3_course/robotics/task3/ex05/install/action_cleaning_robot/include/action_cleaning_robot/action_cleaning_robot/action/detail
[0.722s] -- Up-to-date: /home/artem/Documents/3_course/robotics/task3/ex05/install/action_cleaning_robot/include/action_cleaning_robot/action_cleaning_robot/action/detail/cleaning_task__type_support.h
[0.722s] -- Up-to-date: /home/artem/Documents/3_course/robotics/task3/ex05/install/action_cleaning_robot/include/action_cleaning_robot/action_cleaning_robot/action/detail/cleaning_task__description.c
[0.722s] -- Up-to-date: /home/artem/Documents/3_course/robotics/task3/ex05/install/action_cleaning_robot/include/action_cleaning_robot/action_cleaning_robot/action/detail/cleaning_task__type_support.c
[0.723s] -- Up-to-date: /home/artem/Documents/3_course/robotics/task3/ex05/install/action_cleaning_robot/include/action_cleaning_robot/action_cleaning_robot/action/detail/cleaning_task__functions.c
[0.723s] -- Up-to-date: /home/artem/Documents/3_course/robotics/task3/ex05/install/action_cleaning_robot/include/action_cleaning_robot/action_cleaning_robot/action/detail/cleaning_task__struct.h
[0.723s] -- Up-to-date: /home/artem/Documents/3_course/robotics/task3/ex05/install/action_cleaning_robot/include/action_cleaning_robot/action_cleaning_robot/action/detail/cleaning_task__functions.h
[0.723s] -- Up-to-date: /home/artem/Documents/3_course/robotics/task3/ex05/install/action_cleaning_robot/share/action_cleaning_robot/environment/library_path.sh
[0.723s] -- Up-to-date: /home/artem/Documents/3_course/robotics/task3/ex05/install/action_cleaning_robot/share/action_cleaning_robot/environment/library_path.dsv
[0.723s] -- Up-to-date: /home/artem/Documents/3_course/robotics/task3/ex05/install/action_cleaning_robot/lib/libaction_cleaning_robot__rosidl_generator_c.so
[0.724s] -- Up-to-date: /home/artem/Documents/3_course/robotics/task3/ex05/install/action_cleaning_robot/include/action_cleaning_robot/action_cleaning_robot
[0.724s] -- Up-to-date: /home/artem/Documents/3_course/robotics/task3/ex05/install/action_cleaning_robot/include/action_cleaning_robot/action_cleaning_robot/msg
[0.724s] -- Up-to-date: /home/artem/Documents/3_course/robotics/task3/ex05/install/action_cleaning_robot/include/action_cleaning_robot/action_cleaning_robot/msg/rosidl_typesupport_fastrtps_c__visibility_control.h
[0.724s] -- Up-to-date: /home/artem/Documents/3_course/robotics/task3/ex05/install/action_cleaning_robot/include/action_cleaning_robot/action_cleaning_robot/action
[0.724s] -- Up-to-date: /home/artem/Documents/3_course/robotics/task3/ex05/install/action_cleaning_robot/include/action_cleaning_robot/action_cleaning_robot/action/detail
[0.724s] -- Up-to-date: /home/artem/Documents/3_course/robotics/task3/ex05/install/action_cleaning_robot/include/action_cleaning_robot/action_cleaning_robot/action/detail/cleaning_task__rosidl_typesupport_fastrtps_c.h
[0.725s] -- Up-to-date: /home/artem/Documents/3_course/robotics/task3/ex05/install/action_cleaning_robot/lib/libaction_cleaning_robot__rosidl_typesupport_fastrtps_c.so
[0.725s] -- Up-to-date: /home/artem/Documents/3_course/robotics/task3/ex05/install/action_cleaning_robot/include/action_cleaning_robot/action_cleaning_robot
[0.725s] -- Up-to-date: /home/artem/Documents/3_course/robotics/task3/ex05/install/action_cleaning_robot/include/action_cleaning_robot/action_cleaning_robot/msg
[0.725s] -- Up-to-date: /home/artem/Documents/3_course/robotics/task3/ex05/install/action_cleaning_robot/include/action_cleaning_robot/action_cleaning_robot/msg/rosidl_typesupport_introspection_c__visibility_control.h
[0.725s] -- Up-to-date: /home/artem/Documents/3_course/robotics/task3/ex05/install/action_cleaning_robot/include/action_cleaning_robot/action_cleaning_robot/action
[0.725s] -- Up-to-date: /home/artem/Documents/3_course/robotics/task3/ex05/install/action_cleaning_robot/include/action_cleaning_robot/action_cleaning_robot/action/detail
[0.725s] -- Up-to-date: /home/artem/Documents/3_course/robotics/task3/ex05/install/action_cleaning_robot/include/action_cleaning_robot/action_cleaning_robot/action/detail/cleaning_task__type_support.c
[0.725s] -- Up-to-date: /home/artem/Documents/3_course/robotics/task3/ex05/install/action_cleaning_robot/include/action_cleaning_robot/action_cleaning_robot/action/detail/cleaning_task__rosidl_typesupport_introspection_c.h
[0.726s] -- Up-to-date: /home/artem/Documents/3_course/robotics/task3/ex05/install/action_cleaning_robot/lib/libaction_cleaning_robot__rosidl_typesupport_introspection_c.so
[0.726s] -- Up-to-date: /home/artem/Documents/3_course/robotics/task3/ex05/install/action_cleaning_robot/lib/libaction_cleaning_robot__rosidl_typesupport_c.so
[0.726s] -- Up-to-date: /home/artem/Documents/3_course/robotics/task3/ex05/install/action_cleaning_robot/include/action_cleaning_robot/action_cleaning_robot
[0.726s] -- Up-to-date: /home/artem/Documents/3_course/robotics/task3/ex05/install/action_cleaning_robot/include/action_cleaning_robot/action_cleaning_robot/msg
[0.726s] -- Up-to-date: /home/artem/Documents/3_course/robotics/task3/ex05/install/action_cleaning_robot/include/action_cleaning_robot/action_cleaning_robot/msg/rosidl_generator_cpp__visibility_control.hpp
[0.726s] -- Up-to-date: /home/artem/Documents/3_course/robotics/task3/ex05/install/action_cleaning_robot/include/action_cleaning_robot/action_cleaning_robot/action
[0.727s] -- Up-to-date: /home/artem/Documents/3_course/robotics/task3/ex05/install/action_cleaning_robot/include/action_cleaning_robot/action_cleaning_robot/action/cleaning_task.hpp
[0.727s] -- Up-to-date: /home/artem/Documents/3_course/robotics/task3/ex05/install/action_cleaning_robot/include/action_cleaning_robot/action_cleaning_robot/action/detail
[0.727s] -- Up-to-date: /home/artem/Documents/3_course/robotics/task3/ex05/install/action_cleaning_robot/include/action_cleaning_robot/action_cleaning_robot/action/detail/cleaning_task__struct.hpp
[0.727s] -- Up-to-date: /home/artem/Documents/3_course/robotics/task3/ex05/install/action_cleaning_robot/include/action_cleaning_robot/action_cleaning_robot/action/detail/cleaning_task__builder.hpp
[0.727s] -- Up-to-date: /home/artem/Documents/3_course/robotics/task3/ex05/install/action_cleaning_robot/include/action_cleaning_robot/action_cleaning_robot/action/detail/cleaning_task__type_support.hpp
[0.727s] -- Up-to-date: /home/artem/Documents/3_course/robotics/task3/ex05/install/action_cleaning_robot/include/action_cleaning_robot/action_cleaning_robot/action/detail/cleaning_task__traits.hpp
[0.727s] -- Up-to-date: /home/artem/Documents/3_course/robotics/task3/ex05/install/action_cleaning_robot/include/action_cleaning_robot/action_cleaning_robot
[0.727s] -- Up-to-date: /home/artem/Documents/3_course/robotics/task3/ex05/install/action_cleaning_robot/include/action_cleaning_robot/action_cleaning_robot/msg
[0.728s] -- Up-to-date: /home/artem/Documents/3_course/robotics/task3/ex05/install/action_cleaning_robot/include/action_cleaning_robot/action_cleaning_robot/msg/rosidl_typesupport_fastrtps_cpp__visibility_control.h
[0.728s] -- Up-to-date: /home/artem/Documents/3_course/robotics/task3/ex05/install/action_cleaning_robot/include/action_cleaning_robot/action_cleaning_robot/action
[0.728s] -- Up-to-date: /home/artem/Documents/3_course/robotics/task3/ex05/install/action_cleaning_robot/include/action_cleaning_robot/action_cleaning_robot/action/detail
[0.728s] -- Up-to-date: /home/artem/Documents/3_course/robotics/task3/ex05/install/action_cleaning_robot/include/action_cleaning_robot/action_cleaning_robot/action/detail/cleaning_task__rosidl_typesupport_fastrtps_cpp.hpp
[0.728s] -- Up-to-date: /home/artem/Documents/3_course/robotics/task3/ex05/install/action_cleaning_robot/include/action_cleaning_robot/action_cleaning_robot/action/detail/dds_fastrtps
[0.728s] -- Up-to-date: /home/artem/Documents/3_course/robotics/task3/ex05/install/action_cleaning_robot/lib/libaction_cleaning_robot__rosidl_typesupport_fastrtps_cpp.so
[0.728s] -- Up-to-date: /home/artem/Documents/3_course/robotics/task3/ex05/install/action_cleaning_robot/include/action_cleaning_robot/action_cleaning_robot
[0.728s] -- Up-to-date: /home/artem/Documents/3_course/robotics/task3/ex05/install/action_cleaning_robot/include/action_cleaning_robot/action_cleaning_robot/action
[0.728s] -- Up-to-date: /home/artem/Documents/3_course/robotics/task3/ex05/install/action_cleaning_robot/include/action_cleaning_robot/action_cleaning_robot/action/detail
[0.728s] -- Up-to-date: /home/artem/Documents/3_course/robotics/task3/ex05/install/action_cleaning_robot/include/action_cleaning_robot/action_cleaning_robot/action/detail/cleaning_task__rosidl_typesupport_introspection_cpp.hpp
[0.729s] -- Up-to-date: /home/artem/Documents/3_course/robotics/task3/ex05/install/action_cleaning_robot/include/action_cleaning_robot/action_cleaning_robot/action/detail/cleaning_task__type_support.cpp
[0.729s] -- Up-to-date: /home/artem/Documents/3_course/robotics/task3/ex05/install/action_cleaning_robot/lib/libaction_cleaning_robot__rosidl_typesupport_introspection_cpp.so
[0.729s] -- Up-to-date: /home/artem/Documents/3_course/robotics/task3/ex05/install/action_cleaning_robot/lib/libaction_cleaning_robot__rosidl_typesupport_cpp.so
[0.729s] -- Up-to-date: /home/artem/Documents/3_course/robotics/task3/ex05/install/action_cleaning_robot/share/action_cleaning_robot/environment/pythonpath.sh
[0.729s] -- Up-to-date: /home/artem/Documents/3_course/robotics/task3/ex05/install/action_cleaning_robot/share/action_cleaning_robot/environment/pythonpath.dsv
[0.729s] -- Up-to-date: /home/artem/Documents/3_course/robotics/task3/ex05/install/action_cleaning_robot/lib/python3.12/site-packages/action_cleaning_robot-0.0.0-py3.12.egg-info
[0.729s] -- Installing: /home/artem/Documents/3_course/robotics/task3/ex05/install/action_cleaning_robot/lib/python3.12/site-packages/action_cleaning_robot-0.0.0-py3.12.egg-info/PKG-INFO
[0.729s] -- Installing: /home/artem/Documents/3_course/robotics/task3/ex05/install/action_cleaning_robot/lib/python3.12/site-packages/action_cleaning_robot-0.0.0-py3.12.egg-info/top_level.txt
[0.729s] -- Installing: /home/artem/Documents/3_course/robotics/task3/ex05/install/action_cleaning_robot/lib/python3.12/site-packages/action_cleaning_robot-0.0.0-py3.12.egg-info/dependency_links.txt
[0.729s] -- Installing: /home/artem/Documents/3_course/robotics/task3/ex05/install/action_cleaning_robot/lib/python3.12/site-packages/action_cleaning_robot-0.0.0-py3.12.egg-info/SOURCES.txt
[0.730s] -- Up-to-date: /home/artem/Documents/3_course/robotics/task3/ex05/install/action_cleaning_robot/lib/python3.12/site-packages/action_cleaning_robot
[0.730s] -- Up-to-date: /home/artem/Documents/3_course/robotics/task3/ex05/install/action_cleaning_robot/lib/python3.12/site-packages/action_cleaning_robot/_action_cleaning_robot_s.ep.rosidl_typesupport_c.c
[0.730s] -- Up-to-date: /home/artem/Documents/3_course/robotics/task3/ex05/install/action_cleaning_robot/lib/python3.12/site-packages/action_cleaning_robot/__init__.py
[0.730s] -- Up-to-date: /home/artem/Documents/3_course/robotics/task3/ex05/install/action_cleaning_robot/lib/python3.12/site-packages/action_cleaning_robot/action_cleaning_robot_s__rosidl_typesupport_introspection_c.so
[0.730s] -- Up-to-date: /home/artem/Documents/3_course/robotics/task3/ex05/install/action_cleaning_robot/lib/python3.12/site-packages/action_cleaning_robot/action_cleaning_robot_s__rosidl_typesupport_c.so
[0.730s] -- Up-to-date: /home/artem/Documents/3_course/robotics/task3/ex05/install/action_cleaning_robot/lib/python3.12/site-packages/action_cleaning_robot/action_cleaning_robot_s__rosidl_typesupport_fastrtps_c.so
[0.730s] -- Up-to-date: /home/artem/Documents/3_course/robotics/task3/ex05/install/action_cleaning_robot/lib/python3.12/site-packages/action_cleaning_robot/_action_cleaning_robot_s.ep.rosidl_typesupport_fastrtps_c.c
[0.730s] -- Up-to-date: /home/artem/Documents/3_course/robotics/task3/ex05/install/action_cleaning_robot/lib/python3.12/site-packages/action_cleaning_robot/_action_cleaning_robot_s.ep.rosidl_typesupport_introspection_c.c
[0.730s] -- Up-to-date: /home/artem/Documents/3_course/robotics/task3/ex05/install/action_cleaning_robot/lib/python3.12/site-packages/action_cleaning_robot/action
[0.730s] -- Up-to-date: /home/artem/Documents/3_course/robotics/task3/ex05/install/action_cleaning_robot/lib/python3.12/site-packages/action_cleaning_robot/action/__init__.py
[0.731s] -- Up-to-date: /home/artem/Documents/3_course/robotics/task3/ex05/install/action_cleaning_robot/lib/python3.12/site-packages/action_cleaning_robot/action/_cleaning_task.py
[0.731s] -- Up-to-date: /home/artem/Documents/3_course/robotics/task3/ex05/install/action_cleaning_robot/lib/python3.12/site-packages/action_cleaning_robot/action/_cleaning_task_s.c
[0.798s] Listing '/home/artem/Documents/3_course/robotics/task3/ex05/install/action_cleaning_robot/lib/python3.12/site-packages/action_cleaning_robot'...
[0.798s] Listing '/home/artem/Documents/3_course/robotics/task3/ex05/install/action_cleaning_robot/lib/python3.12/site-packages/action_cleaning_robot/action'...
[0.812s] -- Up-to-date: /home/artem/Documents/3_course/robotics/task3/ex05/install/action_cleaning_robot/lib/python3.12/site-packages/action_cleaning_robot/action_cleaning_robot_s__rosidl_typesupport_fastrtps_c.so
[0.812s] -- Up-to-date: /home/artem/Documents/3_course/robotics/task3/ex05/install/action_cleaning_robot/lib/python3.12/site-packages/action_cleaning_robot/action_cleaning_robot_s__rosidl_typesupport_introspection_c.so
[0.812s] -- Up-to-date: /home/artem/Documents/3_course/robotics/task3/ex05/install/action_cleaning_robot/lib/python3.12/site-packages/action_cleaning_robot/action_cleaning_robot_s__rosidl_typesupport_c.so
[0.813s] -- Up-to-date: /home/artem/Documents/3_course/robotics/task3/ex05/install/action_cleaning_robot/lib/libaction_cleaning_robot__rosidl_generator_py.so
[0.813s] -- Up-to-date: /home/artem/Documents/3_course/robotics/task3/ex05/install/action_cleaning_robot/share/action_cleaning_robot/action/CleaningTask.idl
[0.813s] -- Up-to-date: /home/artem/Documents/3_course/robotics/task3/ex05/install/action_cleaning_robot/share/action_cleaning_robot/action/CleaningTask.action
[0.814s] -- Up-to-date: /home/artem/Documents/3_course/robotics/task3/ex05/install/action_cleaning_robot/lib/action_cleaning_robot/cleaning_action_server
[0.814s] -- Installing: /home/artem/Documents/3_course/robotics/task3/ex05/install/action_cleaning_robot/lib/action_cleaning_robot/cleaning_action_client
[0.814s] -- Up-to-date: /home/artem/Documents/3_course/robotics/task3/ex05/install/action_cleaning_robot/share/ament_index/resource_index/package_run_dependencies/action_cleaning_robot
[0.815s] -- Up-to-date: /home/artem/Documents/3_course/robotics/task3/ex05/install/action_cleaning_robot/share/ament_index/resource_index/parent_prefix_path/action_cleaning_robot
[0.815s] -- Up-to-date: /home/artem/Documents/3_course/robotics/task3/ex05/install/action_cleaning_robot/share/action_cleaning_robot/environment/ament_prefix_path.sh
[0.815s] -- Up-to-date: /home/artem/Documents/3_course/robotics/task3/ex05/install/action_cleaning_robot/share/action_cleaning_robot/environment/ament_prefix_path.dsv
[0.815s] -- Up-to-date: /home/artem/Documents/3_course/robotics/task3/ex05/install/action_cleaning_robot/share/action_cleaning_robot/environment/path.sh
[0.815s] -- Up-to-date: /home/artem/Documents/3_course/robotics/task3/ex05/install/action_cleaning_robot/share/action_cleaning_robot/environment/path.dsv
[0.815s] -- Up-to-date: /home/artem/Documents/3_course/robotics/task3/ex05/install/action_cleaning_robot/share/action_cleaning_robot/local_setup.bash
[0.815s] -- Up-to-date: /home/artem/Documents/3_course/robotics/task3/ex05/install/action_cleaning_robot/share/action_cleaning_robot/local_setup.sh
[0.816s] -- Up-to-date: /home/artem/Documents/3_course/robotics/task3/ex05/install/action_cleaning_robot/share/action_cleaning_robot/local_setup.zsh
[0.816s] -- Up-to-date: /home/artem/Documents/3_course/robotics/task3/ex05/install/action_cleaning_robot/share/action_cleaning_robot/local_setup.dsv
[0.816s] -- Installing: /home/artem/Documents/3_course/robotics/task3/ex05/install/action_cleaning_robot/share/action_cleaning_robot/package.dsv
[0.816s] -- Up-to-date: /home/artem/Documents/3_course/robotics/task3/ex05/install/action_cleaning_robot/share/ament_index/resource_index/packages/action_cleaning_robot
[0.816s] -- Up-to-date: /home/artem/Documents/3_course/robotics/task3/ex05/install/action_cleaning_robot/share/action_cleaning_robot/cmake/export_action_cleaning_robot__rosidl_generator_cExport.cmake
[0.816s] -- Up-to-date: /home/artem/Documents/3_course/robotics/task3/ex05/install/action_cleaning_robot/share/action_cleaning_robot/cmake/export_action_cleaning_robot__rosidl_generator_cExport-noconfig.cmake
[0.816s] -- Up-to-date: /home/artem/Documents/3_course/robotics/task3/ex05/install/action_cleaning_robot/share/action_cleaning_robot/cmake/export_action_cleaning_robot__rosidl_typesupport_fastrtps_cExport.cmake
[0.817s] -- Up-to-date: /home/artem/Documents/3_course/robotics/task3/ex05/install/action_cleaning_robot/share/action_cleaning_robot/cmake/export_action_cleaning_robot__rosidl_typesupport_fastrtps_cExport-noconfig.cmake
[0.817s] -- Up-to-date: /home/artem/Documents/3_course/robotics/task3/ex05/install/action_cleaning_robot/share/action_cleaning_robot/cmake/action_cleaning_robot__rosidl_typesupport_introspection_cExport.cmake
[0.817s] -- Up-to-date: /home/artem/Documents/3_course/robotics/task3/ex05/install/action_cleaning_robot/share/action_cleaning_robot/cmake/action_cleaning_robot__rosidl_typesupport_introspection_cExport-noconfig.cmake
[0.817s] -- Up-to-date: /home/artem/Documents/3_course/robotics/task3/ex05/install/action_cleaning_robot/share/action_cleaning_robot/cmake/action_cleaning_robot__rosidl_typesupport_cExport.cmake
[0.817s] -- Up-to-date: /home/artem/Documents/3_course/robotics/task3/ex05/install/action_cleaning_robot/share/action_cleaning_robot/cmake/action_cleaning_robot__rosidl_typesupport_cExport-noconfig.cmake
[0.817s] -- Up-to-date: /home/artem/Documents/3_course/robotics/task3/ex05/install/action_cleaning_robot/share/action_cleaning_robot/cmake/export_action_cleaning_robot__rosidl_generator_cppExport.cmake
[0.817s] -- Up-to-date: /home/artem/Documents/3_course/robotics/task3/ex05/install/action_cleaning_robot/share/action_cleaning_robot/cmake/export_action_cleaning_robot__rosidl_typesupport_fastrtps_cppExport.cmake
[0.817s] -- Up-to-date: /home/artem/Documents/3_course/robotics/task3/ex05/install/action_cleaning_robot/share/action_cleaning_robot/cmake/export_action_cleaning_robot__rosidl_typesupport_fastrtps_cppExport-noconfig.cmake
[0.817s] -- Up-to-date: /home/artem/Documents/3_course/robotics/task3/ex05/install/action_cleaning_robot/share/action_cleaning_robot/cmake/action_cleaning_robot__rosidl_typesupport_introspection_cppExport.cmake
[0.818s] -- Up-to-date: /home/artem/Documents/3_course/robotics/task3/ex05/install/action_cleaning_robot/share/action_cleaning_robot/cmake/action_cleaning_robot__rosidl_typesupport_introspection_cppExport-noconfig.cmake
[0.818s] -- Up-to-date: /home/artem/Documents/3_course/robotics/task3/ex05/install/action_cleaning_robot/share/action_cleaning_robot/cmake/action_cleaning_robot__rosidl_typesupport_cppExport.cmake
[0.818s] -- Up-to-date: /home/artem/Documents/3_course/robotics/task3/ex05/install/action_cleaning_robot/share/action_cleaning_robot/cmake/action_cleaning_robot__rosidl_typesupport_cppExport-noconfig.cmake
[0.818s] -- Up-to-date: /home/artem/Documents/3_course/robotics/task3/ex05/install/action_cleaning_robot/share/action_cleaning_robot/cmake/export_action_cleaning_robot__rosidl_generator_pyExport.cmake
[0.818s] -- Up-to-date: /home/artem/Documents/3_course/robotics/task3/ex05/install/action_cleaning_robot/share/action_cleaning_robot/cmake/export_action_cleaning_robot__rosidl_generator_pyExport-noconfig.cmake
[0.818s] -- Up-to-date: /home/artem/Documents/3_course/robotics/task3/ex05/install/action_cleaning_robot/share/action_cleaning_robot/cmake/rosidl_cmake-extras.cmake
[0.818s] -- Up-to-date: /home/artem/Documents/3_course/robotics/task3/ex05/install/action_cleaning_robot/share/action_cleaning_robot/cmake/ament_cmake_export_dependencies-extras.cmake
[0.818s] -- Up-to-date: /home/artem/Documents/3_course/robotics/task3/ex05/install/action_cleaning_robot/share/action_cleaning_robot/cmake/ament_cmake_export_include_directories-extras.cmake
[0.818s] -- Up-to-date: /home/artem/Documents/3_course/robotics/task3/ex05/install/action_cleaning_robot/share/action_cleaning_robot/cmake/ament_cmake_export_libraries-extras.cmake
[0.818s] -- Up-to-date: /home/artem/Documents/3_course/robotics/task3/ex05/install/action_cleaning_robot/share/action_cleaning_robot/cmake/ament_cmake_export_targets-extras.cmake
[0.819s] -- Up-to-date: /home/artem/Documents/3_course/robotics/task3/ex05/install/action_cleaning_robot/share/action_cleaning_robot/cmake/rosidl_cmake_export_typesupport_targets-extras.cmake
[0.819s] -- Up-to-date: /home/artem/Documents/3_course/robotics/task3/ex05/install/action_cleaning_robot/share/action_cleaning_robot/cmake/rosidl_cmake_export_typesupport_libraries-extras.cmake
[0.819s] -- Up-to-date: /home/artem/Documents/3_course/robotics/task3/ex05/install/action_cleaning_robot/share/action_cleaning_robot/cmake/action_cleaning_robotConfig.cmake
[0.819s] -- Up-to-date: /home/artem/Documents/3_course/robotics/task3/ex05/install/action_cleaning_robot/share/action_cleaning_robot/cmake/action_cleaning_robotConfig-version.cmake
[0.819s] -- Up-to-date: /home/artem/Documents/3_course/robotics/task3/ex05/install/action_cleaning_robot/share/action_cleaning_robot/package.xml
[0.821s] Invoked command in '/home/artem/Documents/3_course/robotics/task3/ex05/build/action_cleaning_robot' returned '0': CMAKE_PREFIX_PATH=${CMAKE_PREFIX_PATH}:/opt/ros/jazzy DEBUGINFOD_URLS=https://debuginfod.ubuntu.com /usr/bin/cmake --install /home/artem/Documents/3_course/robotics/task3/ex05/build/action_cleaning_robot
