running egg_info
creating ../build/circle_moving/circle_moving.egg-info
writing ../build/circle_moving/circle_moving.egg-info/PKG-INFO
writing dependency_links to ../build/circle_moving/circle_moving.egg-info/dependency_links.txt
writing entry points to ../build/circle_moving/circle_moving.egg-info/entry_points.txt
writing requirements to ../build/circle_moving/circle_moving.egg-info/requires.txt
writing top-level names to ../build/circle_moving/circle_moving.egg-info/top_level.txt
writing manifest file '../build/circle_moving/circle_moving.egg-info/SOURCES.txt'
reading manifest file '../build/circle_moving/circle_moving.egg-info/SOURCES.txt'
writing manifest file '../build/circle_moving/circle_moving.egg-info/SOURCES.txt'
running build
running build_py
creating /home/artem/Documents/3_course/robotics/task5/ex05/build/circle_moving/build
creating /home/artem/Documents/3_course/robotics/task5/ex05/build/circle_moving/build/lib
creating /home/artem/Documents/3_course/robotics/task5/ex05/build/circle_moving/build/lib/circle_moving
copying circle_moving/__init__.py -> /home/artem/Documents/3_course/robotics/task5/ex05/build/circle_moving/build/lib/circle_moving
copying circle_moving/circle_moving.py -> /home/artem/Documents/3_course/robotics/task5/ex05/build/circle_moving/build/lib/circle_moving
running install
running install_lib
creating /home/artem/Documents/3_course/robotics/task5/ex05/install/circle_moving/lib/python3.12/site-packages/circle_moving
copying /home/artem/Documents/3_course/robotics/task5/ex05/build/circle_moving/build/lib/circle_moving/__init__.py -> /home/artem/Documents/3_course/robotics/task5/ex05/install/circle_moving/lib/python3.12/site-packages/circle_moving
copying /home/artem/Documents/3_course/robotics/task5/ex05/build/circle_moving/build/lib/circle_moving/circle_moving.py -> /home/artem/Documents/3_course/robotics/task5/ex05/install/circle_moving/lib/python3.12/site-packages/circle_moving
byte-compiling /home/artem/Documents/3_course/robotics/task5/ex05/install/circle_moving/lib/python3.12/site-packages/circle_moving/__init__.py to __init__.cpython-312.pyc
byte-compiling /home/artem/Documents/3_course/robotics/task5/ex05/install/circle_moving/lib/python3.12/site-packages/circle_moving/circle_moving.py to circle_moving.cpython-312.pyc
running install_data
creating /home/artem/Documents/3_course/robotics/task5/ex05/install/circle_moving/share/ament_index
creating /home/artem/Documents/3_course/robotics/task5/ex05/install/circle_moving/share/ament_index/resource_index
creating /home/artem/Documents/3_course/robotics/task5/ex05/install/circle_moving/share/ament_index/resource_index/packages
copying resource/circle_moving -> /home/artem/Documents/3_course/robotics/task5/ex05/install/circle_moving/share/ament_index/resource_index/packages
copying package.xml -> /home/artem/Documents/3_course/robotics/task5/ex05/install/circle_moving/share/circle_moving
running install_egg_info
Copying ../build/circle_moving/circle_moving.egg-info to /home/artem/Documents/3_course/robotics/task5/ex05/install/circle_moving/lib/python3.12/site-packages/circle_moving-0.0.0-py3.12.egg-info
running install_scripts
Installing circle_moving script to /home/artem/Documents/3_course/robotics/task5/ex05/install/circle_moving/lib/circle_moving
writing list of installed files to '/home/artem/Documents/3_course/robotics/task5/ex05/build/circle_moving/install.log'
