[1.519s] Invoking command in '/home/artem/Documents/3_course/robotics/task5/ex05/circle_moving': DEBUGINFOD_URLS=https://debuginfod.ubuntu.com PYTHONPATH=/home/artem/Documents/3_course/robotics/task5/ex05/build/circle_moving/prefix_override:/usr/lib/python3/dist-packages/colcon_core/task/python/colcon_distutils_commands:/home/artem/Documents/3_course/robotics/task5/ex05/install/circle_moving/lib/python3.12/site-packages:${PYTHONPATH} /usr/bin/python3 -W ignore:setup.py install is deprecated -W ignore:easy_install command is deprecated setup.py egg_info --egg-base ../build/circle_moving build --build-base /home/artem/Documents/3_course/robotics/task5/ex05/build/circle_moving/build install --record /home/artem/Documents/3_course/robotics/task5/ex05/build/circle_moving/install.log --single-version-externally-managed install_data
[1.972s] running egg_info
[2.000s] writing ../build/circle_moving/circle_moving.egg-info/PKG-INFO
[2.000s] writing dependency_links to ../build/circle_moving/circle_moving.egg-info/dependency_links.txt
[2.000s] writing entry points to ../build/circle_moving/circle_moving.egg-info/entry_points.txt
[2.001s] writing requirements to ../build/circle_moving/circle_moving.egg-info/requires.txt
[2.001s] writing top-level names to ../build/circle_moving/circle_moving.egg-info/top_level.txt
[2.064s] reading manifest file '../build/circle_moving/circle_moving.egg-info/SOURCES.txt'
[2.066s] writing manifest file '../build/circle_moving/circle_moving.egg-info/SOURCES.txt'
[2.066s] running build
[2.066s] running build_py
[2.067s] copying circle_moving/circle_moving.py -> /home/artem/Documents/3_course/robotics/task5/ex05/build/circle_moving/build/lib/circle_moving
[2.067s] running install
[2.079s] running install_lib
[2.108s] copying /home/artem/Documents/3_course/robotics/task5/ex05/build/circle_moving/build/lib/circle_moving/circle_moving.py -> /home/artem/Documents/3_course/robotics/task5/ex05/install/circle_moving/lib/python3.12/site-packages/circle_moving
[2.108s] byte-compiling /home/artem/Documents/3_course/robotics/task5/ex05/install/circle_moving/lib/python3.12/site-packages/circle_moving/circle_moving.py to circle_moving.cpython-312.pyc
[2.109s] running install_data
[2.110s] running install_egg_info
[2.142s] removing '/home/artem/Documents/3_course/robotics/task5/ex05/install/circle_moving/lib/python3.12/site-packages/circle_moving-0.0.0-py3.12.egg-info' (and everything under it)
[2.143s] Copying ../build/circle_moving/circle_moving.egg-info to /home/artem/Documents/3_course/robotics/task5/ex05/install/circle_moving/lib/python3.12/site-packages/circle_moving-0.0.0-py3.12.egg-info
[2.144s] running install_scripts
[2.347s] Installing circle_moving script to /home/artem/Documents/3_course/robotics/task5/ex05/install/circle_moving/lib/circle_moving
[2.348s] writing list of installed files to '/home/artem/Documents/3_course/robotics/task5/ex05/build/circle_moving/install.log'
[2.405s] Invoked command in '/home/artem/Documents/3_course/robotics/task5/ex05/circle_moving' returned '0': DEBUGINFOD_URLS=https://debuginfod.ubuntu.com PYTHONPATH=/home/artem/Documents/3_course/robotics/task5/ex05/build/circle_moving/prefix_override:/usr/lib/python3/dist-packages/colcon_core/task/python/colcon_distutils_commands:/home/artem/Documents/3_course/robotics/task5/ex05/install/circle_moving/lib/python3.12/site-packages:${PYTHONPATH} /usr/bin/python3 -W ignore:setup.py install is deprecated -W ignore:easy_install command is deprecated setup.py egg_info --egg-base ../build/circle_moving build --build-base /home/artem/Documents/3_course/robotics/task5/ex05/build/circle_moving/build install --record /home/artem/Documents/3_course/robotics/task5/ex05/build/circle_moving/install.log --single-version-externally-managed install_data
