/home/artem/Documents/3_course/robotics/task4/ex02/install/turtle_carrot/lib/python3.12/site-packages/turtle_carrot/turtle_tf2_listener.py
/home/artem/Documents/3_course/robotics/task4/ex02/install/turtle_carrot/lib/python3.12/site-packages/turtle_carrot/dynamic_frame_tf2_broadcaster.py
/home/artem/Documents/3_course/robotics/task4/ex02/install/turtle_carrot/lib/python3.12/site-packages/turtle_carrot/__init__.py
/home/artem/Documents/3_course/robotics/task4/ex02/install/turtle_carrot/lib/python3.12/site-packages/turtle_carrot/turtle_tf2_broadcaster.py
/home/artem/Documents/3_course/robotics/task4/ex02/install/turtle_carrot/lib/python3.12/site-packages/turtle_carrot/__pycache__/turtle_tf2_listener.cpython-312.pyc
/home/artem/Documents/3_course/robotics/task4/ex02/install/turtle_carrot/lib/python3.12/site-packages/turtle_carrot/__pycache__/dynamic_frame_tf2_broadcaster.cpython-312.pyc
/home/artem/Documents/3_course/robotics/task4/ex02/install/turtle_carrot/lib/python3.12/site-packages/turtle_carrot/__pycache__/__init__.cpython-312.pyc
/home/artem/Documents/3_course/robotics/task4/ex02/install/turtle_carrot/lib/python3.12/site-packages/turtle_carrot/__pycache__/turtle_tf2_broadcaster.cpython-312.pyc
/home/artem/Documents/3_course/robotics/task4/ex02/install/turtle_carrot/share/ament_index/resource_index/packages/turtle_carrot
/home/artem/Documents/3_course/robotics/task4/ex02/install/turtle_carrot/share/turtle_carrot/package.xml
/home/artem/Documents/3_course/robotics/task4/ex02/install/turtle_carrot/share/turtle_carrot/launch/turtle_tf2_dynamic_frame_demo.launch.py
/home/artem/Documents/3_course/robotics/task4/ex02/install/turtle_carrot/share/turtle_carrot/launch/turtle_tf2_demo.launch.py
/home/artem/Documents/3_course/robotics/task4/ex02/install/turtle_carrot/share/turtle_carrot/rviz/carrot.rviz
/home/artem/Documents/3_course/robotics/task4/ex02/install/turtle_carrot/lib/python3.12/site-packages/turtle_carrot-0.0.0-py3.12.egg-info/entry_points.txt
/home/artem/Documents/3_course/robotics/task4/ex02/install/turtle_carrot/lib/python3.12/site-packages/turtle_carrot-0.0.0-py3.12.egg-info/PKG-INFO
/home/artem/Documents/3_course/robotics/task4/ex02/install/turtle_carrot/lib/python3.12/site-packages/turtle_carrot-0.0.0-py3.12.egg-info/top_level.txt
/home/artem/Documents/3_course/robotics/task4/ex02/install/turtle_carrot/lib/python3.12/site-packages/turtle_carrot-0.0.0-py3.12.egg-info/requires.txt
/home/artem/Documents/3_course/robotics/task4/ex02/install/turtle_carrot/lib/python3.12/site-packages/turtle_carrot-0.0.0-py3.12.egg-info/dependency_links.txt
/home/artem/Documents/3_course/robotics/task4/ex02/install/turtle_carrot/lib/python3.12/site-packages/turtle_carrot-0.0.0-py3.12.egg-info/zip-safe
/home/artem/Documents/3_course/robotics/task4/ex02/install/turtle_carrot/lib/python3.12/site-packages/turtle_carrot-0.0.0-py3.12.egg-info/SOURCES.txt
/home/artem/Documents/3_course/robotics/task4/ex02/install/turtle_carrot/lib/turtle_carrot/dynamic_frame_tf2_broadcaster
/home/artem/Documents/3_course/robotics/task4/ex02/install/turtle_carrot/lib/turtle_carrot/turtle_tf2_broadcaster
/home/artem/Documents/3_course/robotics/task4/ex02/install/turtle_carrot/lib/turtle_carrot/turtle_tf2_listener
