[0.144s] DEBUG:colcon:Command line arguments: ['/usr/bin/colcon', 'build', '--packages-select', 'action_cleaning_robot']
[0.145s] DEBUG:colcon:Parsed command line arguments: Namespace(log_base=None, log_level=None, verb_name='build', build_base='build', install_base='install', merge_install=False, symlink_install=False, test_result_base=None, continue_on_error=False, executor='parallel', parallel_workers=12, event_handlers=None, ignore_user_meta=False, metas=['./colcon.meta'], base_paths=['.'], packages_ignore=None, packages_ignore_regex=None, paths=None, packages_up_to=None, packages_up_to_regex=None, packages_above=None, packages_above_and_dependencies=None, packages_above_depth=None, packages_select_by_dep=None, packages_skip_by_dep=None, packages_skip_up_to=None, packages_select_build_failed=False, packages_skip_build_finished=False, packages_select_test_failures=False, packages_skip_test_passed=False, packages_select=['action_cleaning_robot'], packages_skip=None, packages_select_regex=None, packages_skip_regex=None, packages_start=None, packages_end=None, allow_overriding=[], cmake_args=None, cmake_target=None, cmake_target_skip_unavailable=False, cmake_clean_cache=False, cmake_clean_first=False, cmake_force_configure=False, ament_cmake_args=None, catkin_cmake_args=None, catkin_skip_building_tests=False, mixin_files=None, mixin=None, verb_parser=<colcon_mixin.mixin.mixin_argument.MixinArgumentDecorator object at 0x7396ed695700>, verb_extension=<colcon_core.verb.build.BuildVerb object at 0x7396ed695370>, main=<bound method BuildVerb.main of <colcon_core.verb.build.BuildVerb object at 0x7396ed695370>>, mixin_verb=('build',))
[0.196s] Level 1:colcon.colcon_core.package_discovery:discover_packages(colcon_meta) check parameters
[0.196s] Level 1:colcon.colcon_core.package_discovery:discover_packages(recursive) check parameters
[0.196s] Level 1:colcon.colcon_core.package_discovery:discover_packages(ignore) check parameters
[0.196s] Level 1:colcon.colcon_core.package_discovery:discover_packages(path) check parameters
[0.196s] Level 1:colcon.colcon_core.package_discovery:discover_packages(colcon_meta) discover
[0.196s] Level 1:colcon.colcon_core.package_discovery:discover_packages(recursive) discover
[0.196s] INFO:colcon.colcon_core.package_discovery:Crawling recursively for packages in '/home/artem/Documents/3_course/robotics/task3/ex05'
[0.196s] Level 1:colcon.colcon_core.package_identification:_identify(.) by extensions ['ignore', 'ignore_ament_install']
[0.196s] Level 1:colcon.colcon_core.package_identification:_identify(.) by extension 'ignore'
[0.196s] Level 1:colcon.colcon_core.package_identification:_identify(.) by extension 'ignore_ament_install'
[0.197s] Level 1:colcon.colcon_core.package_identification:_identify(.) by extensions ['colcon_pkg']
[0.197s] Level 1:colcon.colcon_core.package_identification:_identify(.) by extension 'colcon_pkg'
[0.197s] Level 1:colcon.colcon_core.package_identification:_identify(.) by extensions ['colcon_meta']
[0.197s] Level 1:colcon.colcon_core.package_identification:_identify(.) by extension 'colcon_meta'
[0.197s] Level 1:colcon.colcon_core.package_identification:_identify(.) by extensions ['ros']
[0.197s] Level 1:colcon.colcon_core.package_identification:_identify(.) by extension 'ros'
[0.234s] Level 1:colcon.colcon_core.package_identification:_identify(.) by extensions ['cmake', 'python']
[0.234s] Level 1:colcon.colcon_core.package_identification:_identify(.) by extension 'cmake'
[0.234s] Level 1:colcon.colcon_core.package_identification:_identify(.) by extension 'python'
[0.234s] Level 1:colcon.colcon_core.package_identification:_identify(.) by extensions ['python_setup_py']
[0.234s] Level 1:colcon.colcon_core.package_identification:_identify(.) by extension 'python_setup_py'
[0.234s] Level 1:colcon.colcon_core.package_identification:_identify(action_cleaning_robot) by extensions ['ignore', 'ignore_ament_install']
[0.234s] Level 1:colcon.colcon_core.package_identification:_identify(action_cleaning_robot) by extension 'ignore'
[0.235s] Level 1:colcon.colcon_core.package_identification:_identify(action_cleaning_robot) by extension 'ignore_ament_install'
[0.235s] Level 1:colcon.colcon_core.package_identification:_identify(action_cleaning_robot) by extensions ['colcon_pkg']
[0.235s] Level 1:colcon.colcon_core.package_identification:_identify(action_cleaning_robot) by extension 'colcon_pkg'
[0.235s] Level 1:colcon.colcon_core.package_identification:_identify(action_cleaning_robot) by extensions ['colcon_meta']
[0.235s] Level 1:colcon.colcon_core.package_identification:_identify(action_cleaning_robot) by extension 'colcon_meta'
[0.235s] Level 1:colcon.colcon_core.package_identification:_identify(action_cleaning_robot) by extensions ['ros']
[0.235s] Level 1:colcon.colcon_core.package_identification:_identify(action_cleaning_robot) by extension 'ros'
[0.238s] DEBUG:colcon.colcon_core.package_identification:Package 'action_cleaning_robot' with type 'ros.ament_cmake' and name 'action_cleaning_robot'
[0.239s] Level 1:colcon.colcon_core.package_identification:_identify(build) by extensions ['ignore', 'ignore_ament_install']
[0.239s] Level 1:colcon.colcon_core.package_identification:_identify(build) by extension 'ignore'
[0.239s] Level 1:colcon.colcon_core.package_identification:_identify(build) ignored
[0.239s] Level 1:colcon.colcon_core.package_identification:_identify(install) by extensions ['ignore', 'ignore_ament_install']
[0.239s] Level 1:colcon.colcon_core.package_identification:_identify(install) by extension 'ignore'
[0.239s] Level 1:colcon.colcon_core.package_identification:_identify(install) ignored
[0.239s] Level 1:colcon.colcon_core.package_identification:_identify(log) by extensions ['ignore', 'ignore_ament_install']
[0.239s] Level 1:colcon.colcon_core.package_identification:_identify(log) by extension 'ignore'
[0.240s] Level 1:colcon.colcon_core.package_identification:_identify(log) ignored
[0.240s] Level 1:colcon.colcon_core.package_discovery:discover_packages(recursive) using defaults
[0.240s] Level 1:colcon.colcon_core.package_discovery:discover_packages(ignore) discover
[0.240s] Level 1:colcon.colcon_core.package_discovery:discover_packages(ignore) using defaults
[0.240s] Level 1:colcon.colcon_core.package_discovery:discover_packages(path) discover
[0.240s] Level 1:colcon.colcon_core.package_discovery:discover_packages(path) using defaults
[0.264s] Level 1:colcon.colcon_core.package_discovery:discover_packages(prefix_path) check parameters
[0.264s] Level 1:colcon.colcon_core.package_discovery:discover_packages(prefix_path) discover
[0.266s] DEBUG:colcon.colcon_installed_package_information.package_discovery:Found 1 installed packages in /home/artem/Documents/3_course/robotics/task3/ex05/install
[0.267s] DEBUG:colcon.colcon_installed_package_information.package_discovery:Found 1 installed packages in /home/artem/ros2_ws/install
[0.268s] DEBUG:colcon.colcon_installed_package_information.package_discovery:Found 286 installed packages in /opt/ros/jazzy
[0.270s] Level 1:colcon.colcon_core.package_discovery:discover_packages(prefix_path) using defaults
[0.316s] Level 5:colcon.colcon_core.verb:set package 'action_cleaning_robot' build argument 'cmake_args' from command line to 'None'
[0.316s] Level 5:colcon.colcon_core.verb:set package 'action_cleaning_robot' build argument 'cmake_target' from command line to 'None'
[0.316s] Level 5:colcon.colcon_core.verb:set package 'action_cleaning_robot' build argument 'cmake_target_skip_unavailable' from command line to 'False'
[0.316s] Level 5:colcon.colcon_core.verb:set package 'action_cleaning_robot' build argument 'cmake_clean_cache' from command line to 'False'
[0.316s] Level 5:colcon.colcon_core.verb:set package 'action_cleaning_robot' build argument 'cmake_clean_first' from command line to 'False'
[0.316s] Level 5:colcon.colcon_core.verb:set package 'action_cleaning_robot' build argument 'cmake_force_configure' from command line to 'False'
[0.316s] Level 5:colcon.colcon_core.verb:set package 'action_cleaning_robot' build argument 'ament_cmake_args' from command line to 'None'
[0.316s] Level 5:colcon.colcon_core.verb:set package 'action_cleaning_robot' build argument 'catkin_cmake_args' from command line to 'None'
[0.316s] Level 5:colcon.colcon_core.verb:set package 'action_cleaning_robot' build argument 'catkin_skip_building_tests' from command line to 'False'
[0.316s] DEBUG:colcon.colcon_core.verb:Building package 'action_cleaning_robot' with the following arguments: {'ament_cmake_args': None, 'build_base': '/home/artem/Documents/3_course/robotics/task3/ex05/build/action_cleaning_robot', 'catkin_cmake_args': None, 'catkin_skip_building_tests': False, 'cmake_args': None, 'cmake_clean_cache': False, 'cmake_clean_first': False, 'cmake_force_configure': False, 'cmake_target': None, 'cmake_target_skip_unavailable': False, 'install_base': '/home/artem/Documents/3_course/robotics/task3/ex05/install/action_cleaning_robot', 'merge_install': False, 'path': '/home/artem/Documents/3_course/robotics/task3/ex05/action_cleaning_robot', 'symlink_install': False, 'test_result_base': None}
[0.316s] INFO:colcon.colcon_core.executor:Executing jobs using 'parallel' executor
[0.318s] DEBUG:colcon.colcon_parallel_executor.executor.parallel:run_until_complete
[0.318s] INFO:colcon.colcon_ros.task.ament_cmake.build:Building ROS package in '/home/artem/Documents/3_course/robotics/task3/ex05/action_cleaning_robot' with build type 'ament_cmake'
[0.318s] INFO:colcon.colcon_cmake.task.cmake.build:Building CMake package in '/home/artem/Documents/3_course/robotics/task3/ex05/action_cleaning_robot'
[0.320s] INFO:colcon.colcon_core.plugin_system:Skipping extension 'colcon_core.shell.bat': Not used on non-Windows systems
[0.321s] INFO:colcon.colcon_core.shell:Skip shell extension 'powershell' for command environment: Not usable outside of PowerShell
[0.321s] DEBUG:colcon.colcon_core.shell:Skip shell extension 'dsv' for command environment
[0.340s] DEBUG:colcon.colcon_core.event_handler.log_command:Invoking command in '/home/artem/Documents/3_course/robotics/task3/ex05/build/action_cleaning_robot': CMAKE_PREFIX_PATH=${CMAKE_PREFIX_PATH}:/opt/ros/jazzy DEBUGINFOD_URLS=https://debuginfod.ubuntu.com /usr/bin/cmake --build /home/artem/Documents/3_course/robotics/task3/ex05/build/action_cleaning_robot -- -j12 -l12
[0.995s] DEBUG:colcon.colcon_core.event_handler.log_command:Invoked command in '/home/artem/Documents/3_course/robotics/task3/ex05/build/action_cleaning_robot' returned '0': CMAKE_PREFIX_PATH=${CMAKE_PREFIX_PATH}:/opt/ros/jazzy DEBUGINFOD_URLS=https://debuginfod.ubuntu.com /usr/bin/cmake --build /home/artem/Documents/3_course/robotics/task3/ex05/build/action_cleaning_robot -- -j12 -l12
[1.013s] DEBUG:colcon.colcon_core.event_handler.log_command:Invoking command in '/home/artem/Documents/3_course/robotics/task3/ex05/build/action_cleaning_robot': CMAKE_PREFIX_PATH=${CMAKE_PREFIX_PATH}:/opt/ros/jazzy DEBUGINFOD_URLS=https://debuginfod.ubuntu.com /usr/bin/cmake --install /home/artem/Documents/3_course/robotics/task3/ex05/build/action_cleaning_robot
[1.128s] Level 1:colcon.colcon_core.environment:create_environment_scripts_only(action_cleaning_robot)
[1.129s] DEBUG:colcon.colcon_core.event_handler.log_command:Invoked command in '/home/artem/Documents/3_course/robotics/task3/ex05/build/action_cleaning_robot' returned '0': CMAKE_PREFIX_PATH=${CMAKE_PREFIX_PATH}:/opt/ros/jazzy DEBUGINFOD_URLS=https://debuginfod.ubuntu.com /usr/bin/cmake --install /home/artem/Documents/3_course/robotics/task3/ex05/build/action_cleaning_robot
[1.134s] Level 1:colcon.colcon_core.environment:checking '/home/artem/Documents/3_course/robotics/task3/ex05/install/action_cleaning_robot' for CMake module files
[1.136s] Level 1:colcon.colcon_core.environment:checking '/home/artem/Documents/3_course/robotics/task3/ex05/install/action_cleaning_robot' for CMake config files
[1.137s] Level 1:colcon.colcon_core.shell:create_environment_hook('action_cleaning_robot', 'cmake_prefix_path')
[1.137s] INFO:colcon.colcon_core.shell:Creating environment hook '/home/artem/Documents/3_course/robotics/task3/ex05/install/action_cleaning_robot/share/action_cleaning_robot/hook/cmake_prefix_path.ps1'
[1.139s] INFO:colcon.colcon_core.shell:Creating environment descriptor '/home/artem/Documents/3_course/robotics/task3/ex05/install/action_cleaning_robot/share/action_cleaning_robot/hook/cmake_prefix_path.dsv'
[1.140s] INFO:colcon.colcon_core.shell:Creating environment hook '/home/artem/Documents/3_course/robotics/task3/ex05/install/action_cleaning_robot/share/action_cleaning_robot/hook/cmake_prefix_path.sh'
[1.142s] Level 1:colcon.colcon_core.environment:checking '/home/artem/Documents/3_course/robotics/task3/ex05/install/action_cleaning_robot/lib'
[1.143s] Level 1:colcon.colcon_core.shell:create_environment_hook('action_cleaning_robot', 'ld_library_path_lib')
[1.143s] INFO:colcon.colcon_core.shell:Creating environment hook '/home/artem/Documents/3_course/robotics/task3/ex05/install/action_cleaning_robot/share/action_cleaning_robot/hook/ld_library_path_lib.ps1'
[1.144s] INFO:colcon.colcon_core.shell:Creating environment descriptor '/home/artem/Documents/3_course/robotics/task3/ex05/install/action_cleaning_robot/share/action_cleaning_robot/hook/ld_library_path_lib.dsv'
[1.145s] INFO:colcon.colcon_core.shell:Creating environment hook '/home/artem/Documents/3_course/robotics/task3/ex05/install/action_cleaning_robot/share/action_cleaning_robot/hook/ld_library_path_lib.sh'
[1.146s] Level 1:colcon.colcon_core.environment:checking '/home/artem/Documents/3_course/robotics/task3/ex05/install/action_cleaning_robot/bin'
[1.146s] Level 1:colcon.colcon_core.environment:checking '/home/artem/Documents/3_course/robotics/task3/ex05/install/action_cleaning_robot/lib/pkgconfig/action_cleaning_robot.pc'
[1.146s] Level 1:colcon.colcon_core.environment:checking '/home/artem/Documents/3_course/robotics/task3/ex05/install/action_cleaning_robot/lib/python3.12/site-packages'
[1.147s] Level 1:colcon.colcon_core.shell:create_environment_hook('action_cleaning_robot', 'pythonpath')
[1.147s] INFO:colcon.colcon_core.shell:Creating environment hook '/home/artem/Documents/3_course/robotics/task3/ex05/install/action_cleaning_robot/share/action_cleaning_robot/hook/pythonpath.ps1'
[1.148s] INFO:colcon.colcon_core.shell:Creating environment descriptor '/home/artem/Documents/3_course/robotics/task3/ex05/install/action_cleaning_robot/share/action_cleaning_robot/hook/pythonpath.dsv'
[1.148s] INFO:colcon.colcon_core.shell:Creating environment hook '/home/artem/Documents/3_course/robotics/task3/ex05/install/action_cleaning_robot/share/action_cleaning_robot/hook/pythonpath.sh'
[1.149s] Level 1:colcon.colcon_core.environment:checking '/home/artem/Documents/3_course/robotics/task3/ex05/install/action_cleaning_robot/bin'
[1.150s] INFO:colcon.colcon_core.shell:Creating package script '/home/artem/Documents/3_course/robotics/task3/ex05/install/action_cleaning_robot/share/action_cleaning_robot/package.ps1'
[1.151s] INFO:colcon.colcon_core.shell:Creating package descriptor '/home/artem/Documents/3_course/robotics/task3/ex05/install/action_cleaning_robot/share/action_cleaning_robot/package.dsv'
[1.152s] INFO:colcon.colcon_core.shell:Creating package script '/home/artem/Documents/3_course/robotics/task3/ex05/install/action_cleaning_robot/share/action_cleaning_robot/package.sh'
[1.153s] INFO:colcon.colcon_core.shell:Creating package script '/home/artem/Documents/3_course/robotics/task3/ex05/install/action_cleaning_robot/share/action_cleaning_robot/package.bash'
[1.154s] INFO:colcon.colcon_core.shell:Creating package script '/home/artem/Documents/3_course/robotics/task3/ex05/install/action_cleaning_robot/share/action_cleaning_robot/package.zsh'
[1.154s] Level 1:colcon.colcon_core.environment:create_file_with_runtime_dependencies(/home/artem/Documents/3_course/robotics/task3/ex05/install/action_cleaning_robot/share/colcon-core/packages/action_cleaning_robot)
[1.155s] Level 1:colcon.colcon_core.environment:create_environment_scripts_only(action_cleaning_robot)
[1.156s] Level 1:colcon.colcon_core.environment:checking '/home/artem/Documents/3_course/robotics/task3/ex05/install/action_cleaning_robot' for CMake module files
[1.157s] Level 1:colcon.colcon_core.environment:checking '/home/artem/Documents/3_course/robotics/task3/ex05/install/action_cleaning_robot' for CMake config files
[1.157s] Level 1:colcon.colcon_core.shell:create_environment_hook('action_cleaning_robot', 'cmake_prefix_path')
[1.157s] INFO:colcon.colcon_core.shell:Creating environment hook '/home/artem/Documents/3_course/robotics/task3/ex05/install/action_cleaning_robot/share/action_cleaning_robot/hook/cmake_prefix_path.ps1'
[1.158s] INFO:colcon.colcon_core.shell:Creating environment descriptor '/home/artem/Documents/3_course/robotics/task3/ex05/install/action_cleaning_robot/share/action_cleaning_robot/hook/cmake_prefix_path.dsv'
[1.159s] INFO:colcon.colcon_core.shell:Creating environment hook '/home/artem/Documents/3_course/robotics/task3/ex05/install/action_cleaning_robot/share/action_cleaning_robot/hook/cmake_prefix_path.sh'
[1.159s] Level 1:colcon.colcon_core.environment:checking '/home/artem/Documents/3_course/robotics/task3/ex05/install/action_cleaning_robot/lib'
[1.160s] Level 1:colcon.colcon_core.shell:create_environment_hook('action_cleaning_robot', 'ld_library_path_lib')
[1.160s] INFO:colcon.colcon_core.shell:Creating environment hook '/home/artem/Documents/3_course/robotics/task3/ex05/install/action_cleaning_robot/share/action_cleaning_robot/hook/ld_library_path_lib.ps1'
[1.160s] INFO:colcon.colcon_core.shell:Creating environment descriptor '/home/artem/Documents/3_course/robotics/task3/ex05/install/action_cleaning_robot/share/action_cleaning_robot/hook/ld_library_path_lib.dsv'
[1.161s] INFO:colcon.colcon_core.shell:Creating environment hook '/home/artem/Documents/3_course/robotics/task3/ex05/install/action_cleaning_robot/share/action_cleaning_robot/hook/ld_library_path_lib.sh'
[1.162s] Level 1:colcon.colcon_core.environment:checking '/home/artem/Documents/3_course/robotics/task3/ex05/install/action_cleaning_robot/bin'
[1.162s] Level 1:colcon.colcon_core.environment:checking '/home/artem/Documents/3_course/robotics/task3/ex05/install/action_cleaning_robot/lib/pkgconfig/action_cleaning_robot.pc'
[1.163s] Level 1:colcon.colcon_core.environment:checking '/home/artem/Documents/3_course/robotics/task3/ex05/install/action_cleaning_robot/lib/python3.12/site-packages'
[1.163s] Level 1:colcon.colcon_core.shell:create_environment_hook('action_cleaning_robot', 'pythonpath')
[1.163s] INFO:colcon.colcon_core.shell:Creating environment hook '/home/artem/Documents/3_course/robotics/task3/ex05/install/action_cleaning_robot/share/action_cleaning_robot/hook/pythonpath.ps1'
[1.164s] INFO:colcon.colcon_core.shell:Creating environment descriptor '/home/artem/Documents/3_course/robotics/task3/ex05/install/action_cleaning_robot/share/action_cleaning_robot/hook/pythonpath.dsv'
[1.164s] INFO:colcon.colcon_core.shell:Creating environment hook '/home/artem/Documents/3_course/robotics/task3/ex05/install/action_cleaning_robot/share/action_cleaning_robot/hook/pythonpath.sh'
[1.165s] Level 1:colcon.colcon_core.environment:checking '/home/artem/Documents/3_course/robotics/task3/ex05/install/action_cleaning_robot/bin'
[1.165s] INFO:colcon.colcon_core.shell:Creating package script '/home/artem/Documents/3_course/robotics/task3/ex05/install/action_cleaning_robot/share/action_cleaning_robot/package.ps1'
[1.166s] INFO:colcon.colcon_core.shell:Creating package descriptor '/home/artem/Documents/3_course/robotics/task3/ex05/install/action_cleaning_robot/share/action_cleaning_robot/package.dsv'
[1.167s] INFO:colcon.colcon_core.shell:Creating package script '/home/artem/Documents/3_course/robotics/task3/ex05/install/action_cleaning_robot/share/action_cleaning_robot/package.sh'
[1.168s] INFO:colcon.colcon_core.shell:Creating package script '/home/artem/Documents/3_course/robotics/task3/ex05/install/action_cleaning_robot/share/action_cleaning_robot/package.bash'
[1.168s] INFO:colcon.colcon_core.shell:Creating package script '/home/artem/Documents/3_course/robotics/task3/ex05/install/action_cleaning_robot/share/action_cleaning_robot/package.zsh'
[1.169s] Level 1:colcon.colcon_core.environment:create_file_with_runtime_dependencies(/home/artem/Documents/3_course/robotics/task3/ex05/install/action_cleaning_robot/share/colcon-core/packages/action_cleaning_robot)
[1.169s] DEBUG:colcon.colcon_parallel_executor.executor.parallel:closing loop
[1.170s] DEBUG:colcon.colcon_parallel_executor.executor.parallel:loop closed
[1.170s] DEBUG:colcon.colcon_parallel_executor.executor.parallel:run_until_complete finished with '0'
[1.170s] DEBUG:colcon.colcon_core.event_reactor:joining thread
[1.179s] INFO:colcon.colcon_core.plugin_system:Skipping extension 'colcon_notification.desktop_notification.terminal_notifier': Not used on non-Darwin systems
[1.179s] INFO:colcon.colcon_core.plugin_system:Skipping extension 'colcon_notification.desktop_notification.win32': Not used on non-Windows systems
[1.179s] INFO:colcon.colcon_notification.desktop_notification:Sending desktop notification using 'notify2'
[1.205s] DEBUG:colcon.colcon_core.event_reactor:joined thread
[1.205s] INFO:colcon.colcon_core.shell:Creating prefix script '/home/artem/Documents/3_course/robotics/task3/ex05/install/local_setup.ps1'
[1.207s] INFO:colcon.colcon_core.shell:Creating prefix util module '/home/artem/Documents/3_course/robotics/task3/ex05/install/_local_setup_util_ps1.py'
[1.208s] INFO:colcon.colcon_core.shell:Creating prefix chain script '/home/artem/Documents/3_course/robotics/task3/ex05/install/setup.ps1'
[1.210s] INFO:colcon.colcon_core.shell:Creating prefix script '/home/artem/Documents/3_course/robotics/task3/ex05/install/local_setup.sh'
[1.211s] INFO:colcon.colcon_core.shell:Creating prefix util module '/home/artem/Documents/3_course/robotics/task3/ex05/install/_local_setup_util_sh.py'
[1.212s] INFO:colcon.colcon_core.shell:Creating prefix chain script '/home/artem/Documents/3_course/robotics/task3/ex05/install/setup.sh'
[1.213s] INFO:colcon.colcon_core.shell:Creating prefix script '/home/artem/Documents/3_course/robotics/task3/ex05/install/local_setup.bash'
[1.214s] INFO:colcon.colcon_core.shell:Creating prefix chain script '/home/artem/Documents/3_course/robotics/task3/ex05/install/setup.bash'
[1.215s] INFO:colcon.colcon_core.shell:Creating prefix script '/home/artem/Documents/3_course/robotics/task3/ex05/install/local_setup.zsh'
[1.216s] INFO:colcon.colcon_core.shell:Creating prefix chain script '/home/artem/Documents/3_course/robotics/task3/ex05/install/setup.zsh'
