[0.191s] DEBUG:colcon:Command line arguments: ['/usr/bin/colcon', 'build']
[0.191s] DEBUG:colcon:Parsed command line arguments: Namespace(log_base=None, log_level=None, verb_name='build', build_base='build', install_base='install', merge_install=False, symlink_install=False, test_result_base=None, continue_on_error=False, executor='parallel', parallel_workers=12, event_handlers=None, ignore_user_meta=False, metas=['./colcon.meta'], base_paths=['.'], packages_ignore=None, packages_ignore_regex=None, paths=None, packages_up_to=None, packages_up_to_regex=None, packages_above=None, packages_above_and_dependencies=None, packages_above_depth=None, packages_select_by_dep=None, packages_skip_by_dep=None, packages_skip_up_to=None, packages_select_build_failed=False, packages_skip_build_finished=False, packages_select_test_failures=False, packages_skip_test_passed=False, packages_select=None, packages_skip=None, packages_select_regex=None, packages_skip_regex=None, packages_start=None, packages_end=None, allow_overriding=[], cmake_args=None, cmake_target=None, cmake_target_skip_unavailable=False, cmake_clean_cache=False, cmake_clean_first=False, cmake_force_configure=False, ament_cmake_args=None, catkin_cmake_args=None, catkin_skip_building_tests=False, mixin_files=None, mixin=None, verb_parser=<colcon_mixin.mixin.mixin_argument.MixinArgumentDecorator object at 0x72e7859a1d90>, verb_extension=<colcon_core.verb.build.BuildVerb object at 0x72e7859a1b50>, main=<bound method BuildVerb.main of <colcon_core.verb.build.BuildVerb object at 0x72e7859a1b50>>, mixin_verb=('build',))
[0.257s] Level 1:colcon.colcon_core.package_discovery:discover_packages(colcon_meta) check parameters
[0.257s] Level 1:colcon.colcon_core.package_discovery:discover_packages(recursive) check parameters
[0.258s] Level 1:colcon.colcon_core.package_discovery:discover_packages(ignore) check parameters
[0.258s] Level 1:colcon.colcon_core.package_discovery:discover_packages(path) check parameters
[0.258s] Level 1:colcon.colcon_core.package_discovery:discover_packages(colcon_meta) discover
[0.258s] Level 1:colcon.colcon_core.package_discovery:discover_packages(recursive) discover
[0.258s] INFO:colcon.colcon_core.package_discovery:Crawling recursively for packages in '/home/artem/Documents/3_course/robotics/task5/ex05'
[0.258s] Level 1:colcon.colcon_core.package_identification:_identify(.) by extensions ['ignore', 'ignore_ament_install']
[0.258s] Level 1:colcon.colcon_core.package_identification:_identify(.) by extension 'ignore'
[0.258s] Level 1:colcon.colcon_core.package_identification:_identify(.) by extension 'ignore_ament_install'
[0.258s] Level 1:colcon.colcon_core.package_identification:_identify(.) by extensions ['colcon_pkg']
[0.258s] Level 1:colcon.colcon_core.package_identification:_identify(.) by extension 'colcon_pkg'
[0.258s] Level 1:colcon.colcon_core.package_identification:_identify(.) by extensions ['colcon_meta']
[0.259s] Level 1:colcon.colcon_core.package_identification:_identify(.) by extension 'colcon_meta'
[0.259s] Level 1:colcon.colcon_core.package_identification:_identify(.) by extensions ['ros']
[0.259s] Level 1:colcon.colcon_core.package_identification:_identify(.) by extension 'ros'
[0.306s] Level 1:colcon.colcon_core.package_identification:_identify(.) by extensions ['cmake', 'python']
[0.306s] Level 1:colcon.colcon_core.package_identification:_identify(.) by extension 'cmake'
[0.306s] Level 1:colcon.colcon_core.package_identification:_identify(.) by extension 'python'
[0.306s] Level 1:colcon.colcon_core.package_identification:_identify(.) by extensions ['python_setup_py']
[0.307s] Level 1:colcon.colcon_core.package_identification:_identify(.) by extension 'python_setup_py'
[0.307s] Level 1:colcon.colcon_core.package_identification:_identify(build) by extensions ['ignore', 'ignore_ament_install']
[0.307s] Level 1:colcon.colcon_core.package_identification:_identify(build) by extension 'ignore'
[0.307s] Level 1:colcon.colcon_core.package_identification:_identify(build) ignored
[0.307s] Level 1:colcon.colcon_core.package_identification:_identify(circle_moving) by extensions ['ignore', 'ignore_ament_install']
[0.307s] Level 1:colcon.colcon_core.package_identification:_identify(circle_moving) by extension 'ignore'
[0.308s] Level 1:colcon.colcon_core.package_identification:_identify(circle_moving) by extension 'ignore_ament_install'
[0.308s] Level 1:colcon.colcon_core.package_identification:_identify(circle_moving) by extensions ['colcon_pkg']
[0.308s] Level 1:colcon.colcon_core.package_identification:_identify(circle_moving) by extension 'colcon_pkg'
[0.308s] Level 1:colcon.colcon_core.package_identification:_identify(circle_moving) by extensions ['colcon_meta']
[0.308s] Level 1:colcon.colcon_core.package_identification:_identify(circle_moving) by extension 'colcon_meta'
[0.308s] Level 1:colcon.colcon_core.package_identification:_identify(circle_moving) by extensions ['ros']
[0.308s] Level 1:colcon.colcon_core.package_identification:_identify(circle_moving) by extension 'ros'
[0.313s] DEBUG:colcon.colcon_core.package_identification:Package 'circle_moving' with type 'ros.ament_python' and name 'circle_moving'
[0.313s] Level 1:colcon.colcon_core.package_identification:_identify(install) by extensions ['ignore', 'ignore_ament_install']
[0.313s] Level 1:colcon.colcon_core.package_identification:_identify(install) by extension 'ignore'
[0.314s] Level 1:colcon.colcon_core.package_identification:_identify(install) ignored
[0.314s] Level 1:colcon.colcon_core.package_identification:_identify(log) by extensions ['ignore', 'ignore_ament_install']
[0.314s] Level 1:colcon.colcon_core.package_identification:_identify(log) by extension 'ignore'
[0.314s] Level 1:colcon.colcon_core.package_identification:_identify(log) ignored
[0.314s] Level 1:colcon.colcon_core.package_identification:_identify(robot_bringup) by extensions ['ignore', 'ignore_ament_install']
[0.314s] Level 1:colcon.colcon_core.package_identification:_identify(robot_bringup) by extension 'ignore'
[0.314s] Level 1:colcon.colcon_core.package_identification:_identify(robot_bringup) by extension 'ignore_ament_install'
[0.314s] Level 1:colcon.colcon_core.package_identification:_identify(robot_bringup) by extensions ['colcon_pkg']
[0.315s] Level 1:colcon.colcon_core.package_identification:_identify(robot_bringup) by extension 'colcon_pkg'
[0.315s] Level 1:colcon.colcon_core.package_identification:_identify(robot_bringup) by extensions ['colcon_meta']
[0.315s] Level 1:colcon.colcon_core.package_identification:_identify(robot_bringup) by extension 'colcon_meta'
[0.315s] Level 1:colcon.colcon_core.package_identification:_identify(robot_bringup) by extensions ['ros']
[0.315s] Level 1:colcon.colcon_core.package_identification:_identify(robot_bringup) by extension 'ros'
[0.316s] DEBUG:colcon.colcon_core.package_identification:Package 'robot_bringup' with type 'ros.ament_cmake' and name 'robot_bringup'
[0.316s] Level 1:colcon.colcon_core.package_identification:_identify(robot_description) by extensions ['ignore', 'ignore_ament_install']
[0.316s] Level 1:colcon.colcon_core.package_identification:_identify(robot_description) by extension 'ignore'
[0.316s] Level 1:colcon.colcon_core.package_identification:_identify(robot_description) by extension 'ignore_ament_install'
[0.316s] Level 1:colcon.colcon_core.package_identification:_identify(robot_description) by extensions ['colcon_pkg']
[0.316s] Level 1:colcon.colcon_core.package_identification:_identify(robot_description) by extension 'colcon_pkg'
[0.316s] Level 1:colcon.colcon_core.package_identification:_identify(robot_description) by extensions ['colcon_meta']
[0.316s] Level 1:colcon.colcon_core.package_identification:_identify(robot_description) by extension 'colcon_meta'
[0.316s] Level 1:colcon.colcon_core.package_identification:_identify(robot_description) by extensions ['ros']
[0.316s] Level 1:colcon.colcon_core.package_identification:_identify(robot_description) by extension 'ros'
[0.317s] DEBUG:colcon.colcon_core.package_identification:Package 'robot_description' with type 'ros.ament_cmake' and name 'robot_description'
[0.317s] Level 1:colcon.colcon_core.package_discovery:discover_packages(recursive) using defaults
[0.317s] Level 1:colcon.colcon_core.package_discovery:discover_packages(ignore) discover
[0.317s] Level 1:colcon.colcon_core.package_discovery:discover_packages(ignore) using defaults
[0.317s] Level 1:colcon.colcon_core.package_discovery:discover_packages(path) discover
[0.317s] Level 1:colcon.colcon_core.package_discovery:discover_packages(path) using defaults
[0.349s] Level 1:colcon.colcon_core.package_discovery:discover_packages(prefix_path) check parameters
[0.349s] Level 1:colcon.colcon_core.package_discovery:discover_packages(prefix_path) discover
[0.352s] DEBUG:colcon.colcon_installed_package_information.package_discovery:Found 3 installed packages in /home/artem/Documents/3_course/robotics/task5/ex05/install
[0.353s] DEBUG:colcon.colcon_installed_package_information.package_discovery:Found 1 installed packages in /home/artem/ros2_ws/install
[0.355s] DEBUG:colcon.colcon_installed_package_information.package_discovery:Found 318 installed packages in /opt/ros/jazzy
[0.358s] Level 1:colcon.colcon_core.package_discovery:discover_packages(prefix_path) using defaults
[0.423s] Level 5:colcon.colcon_core.verb:set package 'circle_moving' build argument 'cmake_args' from command line to 'None'
[0.423s] Level 5:colcon.colcon_core.verb:set package 'circle_moving' build argument 'cmake_target' from command line to 'None'
[0.423s] Level 5:colcon.colcon_core.verb:set package 'circle_moving' build argument 'cmake_target_skip_unavailable' from command line to 'False'
[0.423s] Level 5:colcon.colcon_core.verb:set package 'circle_moving' build argument 'cmake_clean_cache' from command line to 'False'
[0.423s] Level 5:colcon.colcon_core.verb:set package 'circle_moving' build argument 'cmake_clean_first' from command line to 'False'
[0.423s] Level 5:colcon.colcon_core.verb:set package 'circle_moving' build argument 'cmake_force_configure' from command line to 'False'
[0.423s] Level 5:colcon.colcon_core.verb:set package 'circle_moving' build argument 'ament_cmake_args' from command line to 'None'
[0.423s] Level 5:colcon.colcon_core.verb:set package 'circle_moving' build argument 'catkin_cmake_args' from command line to 'None'
[0.423s] Level 5:colcon.colcon_core.verb:set package 'circle_moving' build argument 'catkin_skip_building_tests' from command line to 'False'
[0.424s] DEBUG:colcon.colcon_core.verb:Building package 'circle_moving' with the following arguments: {'ament_cmake_args': None, 'build_base': '/home/artem/Documents/3_course/robotics/task5/ex05/build/circle_moving', 'catkin_cmake_args': None, 'catkin_skip_building_tests': False, 'cmake_args': None, 'cmake_clean_cache': False, 'cmake_clean_first': False, 'cmake_force_configure': False, 'cmake_target': None, 'cmake_target_skip_unavailable': False, 'install_base': '/home/artem/Documents/3_course/robotics/task5/ex05/install/circle_moving', 'merge_install': False, 'path': '/home/artem/Documents/3_course/robotics/task5/ex05/circle_moving', 'symlink_install': False, 'test_result_base': None}
[0.424s] Level 5:colcon.colcon_core.verb:set package 'robot_bringup' build argument 'cmake_args' from command line to 'None'
[0.424s] Level 5:colcon.colcon_core.verb:set package 'robot_bringup' build argument 'cmake_target' from command line to 'None'
[0.424s] Level 5:colcon.colcon_core.verb:set package 'robot_bringup' build argument 'cmake_target_skip_unavailable' from command line to 'False'
[0.424s] Level 5:colcon.colcon_core.verb:set package 'robot_bringup' build argument 'cmake_clean_cache' from command line to 'False'
[0.424s] Level 5:colcon.colcon_core.verb:set package 'robot_bringup' build argument 'cmake_clean_first' from command line to 'False'
[0.424s] Level 5:colcon.colcon_core.verb:set package 'robot_bringup' build argument 'cmake_force_configure' from command line to 'False'
[0.424s] Level 5:colcon.colcon_core.verb:set package 'robot_bringup' build argument 'ament_cmake_args' from command line to 'None'
[0.424s] Level 5:colcon.colcon_core.verb:set package 'robot_bringup' build argument 'catkin_cmake_args' from command line to 'None'
[0.424s] Level 5:colcon.colcon_core.verb:set package 'robot_bringup' build argument 'catkin_skip_building_tests' from command line to 'False'
[0.424s] DEBUG:colcon.colcon_core.verb:Building package 'robot_bringup' with the following arguments: {'ament_cmake_args': None, 'build_base': '/home/artem/Documents/3_course/robotics/task5/ex05/build/robot_bringup', 'catkin_cmake_args': None, 'catkin_skip_building_tests': False, 'cmake_args': None, 'cmake_clean_cache': False, 'cmake_clean_first': False, 'cmake_force_configure': False, 'cmake_target': None, 'cmake_target_skip_unavailable': False, 'install_base': '/home/artem/Documents/3_course/robotics/task5/ex05/install/robot_bringup', 'merge_install': False, 'path': '/home/artem/Documents/3_course/robotics/task5/ex05/robot_bringup', 'symlink_install': False, 'test_result_base': None}
[0.425s] Level 5:colcon.colcon_core.verb:set package 'robot_description' build argument 'cmake_args' from command line to 'None'
[0.425s] Level 5:colcon.colcon_core.verb:set package 'robot_description' build argument 'cmake_target' from command line to 'None'
[0.425s] Level 5:colcon.colcon_core.verb:set package 'robot_description' build argument 'cmake_target_skip_unavailable' from command line to 'False'
[0.425s] Level 5:colcon.colcon_core.verb:set package 'robot_description' build argument 'cmake_clean_cache' from command line to 'False'
[0.425s] Level 5:colcon.colcon_core.verb:set package 'robot_description' build argument 'cmake_clean_first' from command line to 'False'
[0.425s] Level 5:colcon.colcon_core.verb:set package 'robot_description' build argument 'cmake_force_configure' from command line to 'False'
[0.425s] Level 5:colcon.colcon_core.verb:set package 'robot_description' build argument 'ament_cmake_args' from command line to 'None'
[0.425s] Level 5:colcon.colcon_core.verb:set package 'robot_description' build argument 'catkin_cmake_args' from command line to 'None'
[0.425s] Level 5:colcon.colcon_core.verb:set package 'robot_description' build argument 'catkin_skip_building_tests' from command line to 'False'
[0.425s] DEBUG:colcon.colcon_core.verb:Building package 'robot_description' with the following arguments: {'ament_cmake_args': None, 'build_base': '/home/artem/Documents/3_course/robotics/task5/ex05/build/robot_description', 'catkin_cmake_args': None, 'catkin_skip_building_tests': False, 'cmake_args': None, 'cmake_clean_cache': False, 'cmake_clean_first': False, 'cmake_force_configure': False, 'cmake_target': None, 'cmake_target_skip_unavailable': False, 'install_base': '/home/artem/Documents/3_course/robotics/task5/ex05/install/robot_description', 'merge_install': False, 'path': '/home/artem/Documents/3_course/robotics/task5/ex05/robot_description', 'symlink_install': False, 'test_result_base': None}
[0.425s] INFO:colcon.colcon_core.executor:Executing jobs using 'parallel' executor
[0.427s] DEBUG:colcon.colcon_parallel_executor.executor.parallel:run_until_complete
[0.427s] INFO:colcon.colcon_ros.task.ament_python.build:Building ROS package in '/home/artem/Documents/3_course/robotics/task5/ex05/circle_moving' with build type 'ament_python'
[0.428s] Level 1:colcon.colcon_core.shell:create_environment_hook('circle_moving', 'ament_prefix_path')
[0.431s] INFO:colcon.colcon_core.plugin_system:Skipping extension 'colcon_core.shell.bat': Not used on non-Windows systems
[0.431s] INFO:colcon.colcon_core.shell:Creating environment hook '/home/artem/Documents/3_course/robotics/task5/ex05/install/circle_moving/share/circle_moving/hook/ament_prefix_path.ps1'
[0.432s] INFO:colcon.colcon_core.shell:Creating environment descriptor '/home/artem/Documents/3_course/robotics/task5/ex05/install/circle_moving/share/circle_moving/hook/ament_prefix_path.dsv'
[0.433s] INFO:colcon.colcon_core.shell:Creating environment hook '/home/artem/Documents/3_course/robotics/task5/ex05/install/circle_moving/share/circle_moving/hook/ament_prefix_path.sh'
[0.434s] INFO:colcon.colcon_core.shell:Skip shell extension 'powershell' for command environment: Not usable outside of PowerShell
[0.434s] DEBUG:colcon.colcon_core.shell:Skip shell extension 'dsv' for command environment
[0.441s] INFO:colcon.colcon_ros.task.ament_cmake.build:Building ROS package in '/home/artem/Documents/3_course/robotics/task5/ex05/robot_bringup' with build type 'ament_cmake'
[0.441s] INFO:colcon.colcon_cmake.task.cmake.build:Building CMake package in '/home/artem/Documents/3_course/robotics/task5/ex05/robot_bringup'
[0.442s] INFO:colcon.colcon_core.shell:Skip shell extension 'powershell' for command environment: Not usable outside of PowerShell
[0.442s] DEBUG:colcon.colcon_core.shell:Skip shell extension 'dsv' for command environment
[0.449s] INFO:colcon.colcon_ros.task.ament_cmake.build:Building ROS package in '/home/artem/Documents/3_course/robotics/task5/ex05/robot_description' with build type 'ament_cmake'
[0.449s] INFO:colcon.colcon_cmake.task.cmake.build:Building CMake package in '/home/artem/Documents/3_course/robotics/task5/ex05/robot_description'
[0.450s] INFO:colcon.colcon_core.shell:Skip shell extension 'powershell' for command environment: Not usable outside of PowerShell
[0.450s] DEBUG:colcon.colcon_core.shell:Skip shell extension 'dsv' for command environment
[0.890s] INFO:colcon.colcon_core.task.python.build:Building Python package in '/home/artem/Documents/3_course/robotics/task5/ex05/circle_moving'
[0.891s] INFO:colcon.colcon_core.shell:Skip shell extension 'powershell' for command environment: Not usable outside of PowerShell
[0.891s] DEBUG:colcon.colcon_core.shell:Skip shell extension 'dsv' for command environment
[0.905s] DEBUG:colcon.colcon_core.event_handler.log_command:Invoking command in '/home/artem/Documents/3_course/robotics/task5/ex05/build/robot_bringup': CMAKE_PREFIX_PATH=${CMAKE_PREFIX_PATH}:/home/artem/Documents/3_course/robotics/task5/ex05/install/circle_moving:/opt/ros/jazzy DEBUGINFOD_URLS=https://debuginfod.ubuntu.com /usr/bin/cmake --build /home/artem/Documents/3_course/robotics/task5/ex05/build/robot_bringup -- -j12 -l12
[0.914s] DEBUG:colcon.colcon_core.event_handler.log_command:Invoking command in '/home/artem/Documents/3_course/robotics/task5/ex05/build/robot_description': CMAKE_PREFIX_PATH=${CMAKE_PREFIX_PATH}:/home/artem/Documents/3_course/robotics/task5/ex05/install/circle_moving:/opt/ros/jazzy DEBUGINFOD_URLS=https://debuginfod.ubuntu.com /usr/bin/cmake --build /home/artem/Documents/3_course/robotics/task5/ex05/build/robot_description -- -j12 -l12
[1.006s] DEBUG:colcon.colcon_core.event_handler.log_command:Invoked command in '/home/artem/Documents/3_course/robotics/task5/ex05/build/robot_bringup' returned '0': CMAKE_PREFIX_PATH=${CMAKE_PREFIX_PATH}:/home/artem/Documents/3_course/robotics/task5/ex05/install/circle_moving:/opt/ros/jazzy DEBUGINFOD_URLS=https://debuginfod.ubuntu.com /usr/bin/cmake --build /home/artem/Documents/3_course/robotics/task5/ex05/build/robot_bringup -- -j12 -l12
[1.029s] DEBUG:colcon.colcon_core.event_handler.log_command:Invoking command in '/home/artem/Documents/3_course/robotics/task5/ex05/build/robot_bringup': CMAKE_PREFIX_PATH=${CMAKE_PREFIX_PATH}:/home/artem/Documents/3_course/robotics/task5/ex05/install/circle_moving:/opt/ros/jazzy DEBUGINFOD_URLS=https://debuginfod.ubuntu.com /usr/bin/cmake --install /home/artem/Documents/3_course/robotics/task5/ex05/build/robot_bringup
[1.033s] DEBUG:colcon.colcon_core.event_handler.log_command:Invoked command in '/home/artem/Documents/3_course/robotics/task5/ex05/build/robot_description' returned '0': CMAKE_PREFIX_PATH=${CMAKE_PREFIX_PATH}:/home/artem/Documents/3_course/robotics/task5/ex05/install/circle_moving:/opt/ros/jazzy DEBUGINFOD_URLS=https://debuginfod.ubuntu.com /usr/bin/cmake --build /home/artem/Documents/3_course/robotics/task5/ex05/build/robot_description -- -j12 -l12
[1.035s] DEBUG:colcon.colcon_core.event_handler.log_command:Invoking command in '/home/artem/Documents/3_course/robotics/task5/ex05/build/robot_description': CMAKE_PREFIX_PATH=${CMAKE_PREFIX_PATH}:/home/artem/Documents/3_course/robotics/task5/ex05/install/circle_moving:/opt/ros/jazzy DEBUGINFOD_URLS=https://debuginfod.ubuntu.com /usr/bin/cmake --install /home/artem/Documents/3_course/robotics/task5/ex05/build/robot_description
[1.057s] Level 1:colcon.colcon_core.environment:create_environment_scripts_only(robot_bringup)
[1.062s] DEBUG:colcon.colcon_core.event_handler.log_command:Invoked command in '/home/artem/Documents/3_course/robotics/task5/ex05/build/robot_bringup' returned '0': CMAKE_PREFIX_PATH=${CMAKE_PREFIX_PATH}:/home/artem/Documents/3_course/robotics/task5/ex05/install/circle_moving:/opt/ros/jazzy DEBUGINFOD_URLS=https://debuginfod.ubuntu.com /usr/bin/cmake --install /home/artem/Documents/3_course/robotics/task5/ex05/build/robot_bringup
[1.067s] Level 1:colcon.colcon_core.environment:checking '/home/artem/Documents/3_course/robotics/task5/ex05/install/robot_bringup' for CMake module files
[1.068s] Level 1:colcon.colcon_core.environment:checking '/home/artem/Documents/3_course/robotics/task5/ex05/install/robot_bringup' for CMake config files
[1.069s] Level 1:colcon.colcon_core.shell:create_environment_hook('robot_bringup', 'cmake_prefix_path')
[1.069s] INFO:colcon.colcon_core.shell:Creating environment hook '/home/artem/Documents/3_course/robotics/task5/ex05/install/robot_bringup/share/robot_bringup/hook/cmake_prefix_path.ps1'
[1.070s] INFO:colcon.colcon_core.shell:Creating environment descriptor '/home/artem/Documents/3_course/robotics/task5/ex05/install/robot_bringup/share/robot_bringup/hook/cmake_prefix_path.dsv'
[1.071s] INFO:colcon.colcon_core.shell:Creating environment hook '/home/artem/Documents/3_course/robotics/task5/ex05/install/robot_bringup/share/robot_bringup/hook/cmake_prefix_path.sh'
[1.072s] Level 1:colcon.colcon_core.environment:checking '/home/artem/Documents/3_course/robotics/task5/ex05/install/robot_bringup/bin'
[1.072s] Level 1:colcon.colcon_core.environment:checking '/home/artem/Documents/3_course/robotics/task5/ex05/install/robot_bringup/lib/pkgconfig/robot_bringup.pc'
[1.073s] Level 1:colcon.colcon_core.environment:checking '/home/artem/Documents/3_course/robotics/task5/ex05/install/robot_bringup/lib/python3.12/site-packages'
[1.073s] Level 1:colcon.colcon_core.environment:checking '/home/artem/Documents/3_course/robotics/task5/ex05/install/robot_bringup/bin'
[1.074s] INFO:colcon.colcon_core.shell:Creating package script '/home/artem/Documents/3_course/robotics/task5/ex05/install/robot_bringup/share/robot_bringup/package.ps1'
[1.075s] INFO:colcon.colcon_core.shell:Creating package descriptor '/home/artem/Documents/3_course/robotics/task5/ex05/install/robot_bringup/share/robot_bringup/package.dsv'
[1.077s] INFO:colcon.colcon_core.shell:Creating package script '/home/artem/Documents/3_course/robotics/task5/ex05/install/robot_bringup/share/robot_bringup/package.sh'
[1.078s] INFO:colcon.colcon_core.shell:Creating package script '/home/artem/Documents/3_course/robotics/task5/ex05/install/robot_bringup/share/robot_bringup/package.bash'
[1.080s] INFO:colcon.colcon_core.shell:Creating package script '/home/artem/Documents/3_course/robotics/task5/ex05/install/robot_bringup/share/robot_bringup/package.zsh'
[1.081s] Level 1:colcon.colcon_core.environment:create_file_with_runtime_dependencies(/home/artem/Documents/3_course/robotics/task5/ex05/install/robot_bringup/share/colcon-core/packages/robot_bringup)
[1.082s] Level 1:colcon.colcon_core.environment:create_environment_scripts_only(robot_bringup)
[1.082s] Level 1:colcon.colcon_core.environment:checking '/home/artem/Documents/3_course/robotics/task5/ex05/install/robot_bringup' for CMake module files
[1.083s] Level 1:colcon.colcon_core.environment:checking '/home/artem/Documents/3_course/robotics/task5/ex05/install/robot_bringup' for CMake config files
[1.084s] Level 1:colcon.colcon_core.shell:create_environment_hook('robot_bringup', 'cmake_prefix_path')
[1.084s] INFO:colcon.colcon_core.shell:Creating environment hook '/home/artem/Documents/3_course/robotics/task5/ex05/install/robot_bringup/share/robot_bringup/hook/cmake_prefix_path.ps1'
[1.085s] INFO:colcon.colcon_core.shell:Creating environment descriptor '/home/artem/Documents/3_course/robotics/task5/ex05/install/robot_bringup/share/robot_bringup/hook/cmake_prefix_path.dsv'
[1.085s] INFO:colcon.colcon_core.shell:Creating environment hook '/home/artem/Documents/3_course/robotics/task5/ex05/install/robot_bringup/share/robot_bringup/hook/cmake_prefix_path.sh'
[1.086s] Level 1:colcon.colcon_core.environment:checking '/home/artem/Documents/3_course/robotics/task5/ex05/install/robot_bringup/bin'
[1.086s] Level 1:colcon.colcon_core.environment:checking '/home/artem/Documents/3_course/robotics/task5/ex05/install/robot_bringup/lib/pkgconfig/robot_bringup.pc'
[1.087s] Level 1:colcon.colcon_core.environment:checking '/home/artem/Documents/3_course/robotics/task5/ex05/install/robot_bringup/lib/python3.12/site-packages'
[1.087s] Level 1:colcon.colcon_core.environment:checking '/home/artem/Documents/3_course/robotics/task5/ex05/install/robot_bringup/bin'
[1.088s] INFO:colcon.colcon_core.shell:Creating package script '/home/artem/Documents/3_course/robotics/task5/ex05/install/robot_bringup/share/robot_bringup/package.ps1'
[1.089s] INFO:colcon.colcon_core.shell:Creating package descriptor '/home/artem/Documents/3_course/robotics/task5/ex05/install/robot_bringup/share/robot_bringup/package.dsv'
[1.090s] INFO:colcon.colcon_core.shell:Creating package script '/home/artem/Documents/3_course/robotics/task5/ex05/install/robot_bringup/share/robot_bringup/package.sh'
[1.091s] INFO:colcon.colcon_core.shell:Creating package script '/home/artem/Documents/3_course/robotics/task5/ex05/install/robot_bringup/share/robot_bringup/package.bash'
[1.091s] INFO:colcon.colcon_core.shell:Creating package script '/home/artem/Documents/3_course/robotics/task5/ex05/install/robot_bringup/share/robot_bringup/package.zsh'
[1.092s] Level 1:colcon.colcon_core.environment:create_file_with_runtime_dependencies(/home/artem/Documents/3_course/robotics/task5/ex05/install/robot_bringup/share/colcon-core/packages/robot_bringup)
[1.095s] Level 1:colcon.colcon_core.environment:create_environment_scripts_only(robot_description)
[1.096s] Level 1:colcon.colcon_core.environment:checking '/home/artem/Documents/3_course/robotics/task5/ex05/install/robot_description' for CMake module files
[1.098s] DEBUG:colcon.colcon_core.event_handler.log_command:Invoked command in '/home/artem/Documents/3_course/robotics/task5/ex05/build/robot_description' returned '0': CMAKE_PREFIX_PATH=${CMAKE_PREFIX_PATH}:/home/artem/Documents/3_course/robotics/task5/ex05/install/circle_moving:/opt/ros/jazzy DEBUGINFOD_URLS=https://debuginfod.ubuntu.com /usr/bin/cmake --install /home/artem/Documents/3_course/robotics/task5/ex05/build/robot_description
[1.098s] Level 1:colcon.colcon_core.environment:checking '/home/artem/Documents/3_course/robotics/task5/ex05/install/robot_description' for CMake config files
[1.099s] Level 1:colcon.colcon_core.shell:create_environment_hook('robot_description', 'cmake_prefix_path')
[1.099s] INFO:colcon.colcon_core.shell:Creating environment hook '/home/artem/Documents/3_course/robotics/task5/ex05/install/robot_description/share/robot_description/hook/cmake_prefix_path.ps1'
[1.100s] INFO:colcon.colcon_core.shell:Creating environment descriptor '/home/artem/Documents/3_course/robotics/task5/ex05/install/robot_description/share/robot_description/hook/cmake_prefix_path.dsv'
[1.101s] INFO:colcon.colcon_core.shell:Creating environment hook '/home/artem/Documents/3_course/robotics/task5/ex05/install/robot_description/share/robot_description/hook/cmake_prefix_path.sh'
[1.102s] Level 1:colcon.colcon_core.environment:checking '/home/artem/Documents/3_course/robotics/task5/ex05/install/robot_description/bin'
[1.102s] Level 1:colcon.colcon_core.environment:checking '/home/artem/Documents/3_course/robotics/task5/ex05/install/robot_description/lib/pkgconfig/robot_description.pc'
[1.102s] Level 1:colcon.colcon_core.environment:checking '/home/artem/Documents/3_course/robotics/task5/ex05/install/robot_description/lib/python3.12/site-packages'
[1.103s] Level 1:colcon.colcon_core.environment:checking '/home/artem/Documents/3_course/robotics/task5/ex05/install/robot_description/bin'
[1.103s] INFO:colcon.colcon_core.shell:Creating package script '/home/artem/Documents/3_course/robotics/task5/ex05/install/robot_description/share/robot_description/package.ps1'
[1.104s] INFO:colcon.colcon_core.shell:Creating package descriptor '/home/artem/Documents/3_course/robotics/task5/ex05/install/robot_description/share/robot_description/package.dsv'
[1.106s] INFO:colcon.colcon_core.shell:Creating package script '/home/artem/Documents/3_course/robotics/task5/ex05/install/robot_description/share/robot_description/package.sh'
[1.107s] INFO:colcon.colcon_core.shell:Creating package script '/home/artem/Documents/3_course/robotics/task5/ex05/install/robot_description/share/robot_description/package.bash'
[1.108s] INFO:colcon.colcon_core.shell:Creating package script '/home/artem/Documents/3_course/robotics/task5/ex05/install/robot_description/share/robot_description/package.zsh'
[1.109s] Level 1:colcon.colcon_core.environment:create_file_with_runtime_dependencies(/home/artem/Documents/3_course/robotics/task5/ex05/install/robot_description/share/colcon-core/packages/robot_description)
[1.110s] Level 1:colcon.colcon_core.environment:create_environment_scripts_only(robot_description)
[1.111s] Level 1:colcon.colcon_core.environment:checking '/home/artem/Documents/3_course/robotics/task5/ex05/install/robot_description' for CMake module files
[1.112s] Level 1:colcon.colcon_core.environment:checking '/home/artem/Documents/3_course/robotics/task5/ex05/install/robot_description' for CMake config files
[1.112s] Level 1:colcon.colcon_core.shell:create_environment_hook('robot_description', 'cmake_prefix_path')
[1.112s] INFO:colcon.colcon_core.shell:Creating environment hook '/home/artem/Documents/3_course/robotics/task5/ex05/install/robot_description/share/robot_description/hook/cmake_prefix_path.ps1'
[1.113s] INFO:colcon.colcon_core.shell:Creating environment descriptor '/home/artem/Documents/3_course/robotics/task5/ex05/install/robot_description/share/robot_description/hook/cmake_prefix_path.dsv'
[1.114s] INFO:colcon.colcon_core.shell:Creating environment hook '/home/artem/Documents/3_course/robotics/task5/ex05/install/robot_description/share/robot_description/hook/cmake_prefix_path.sh'
[1.115s] Level 1:colcon.colcon_core.environment:checking '/home/artem/Documents/3_course/robotics/task5/ex05/install/robot_description/bin'
[1.115s] Level 1:colcon.colcon_core.environment:checking '/home/artem/Documents/3_course/robotics/task5/ex05/install/robot_description/lib/pkgconfig/robot_description.pc'
[1.115s] Level 1:colcon.colcon_core.environment:checking '/home/artem/Documents/3_course/robotics/task5/ex05/install/robot_description/lib/python3.12/site-packages'
[1.116s] Level 1:colcon.colcon_core.environment:checking '/home/artem/Documents/3_course/robotics/task5/ex05/install/robot_description/bin'
[1.116s] INFO:colcon.colcon_core.shell:Creating package script '/home/artem/Documents/3_course/robotics/task5/ex05/install/robot_description/share/robot_description/package.ps1'
[1.117s] INFO:colcon.colcon_core.shell:Creating package descriptor '/home/artem/Documents/3_course/robotics/task5/ex05/install/robot_description/share/robot_description/package.dsv'
[1.118s] INFO:colcon.colcon_core.shell:Creating package script '/home/artem/Documents/3_course/robotics/task5/ex05/install/robot_description/share/robot_description/package.sh'
[1.119s] INFO:colcon.colcon_core.shell:Creating package script '/home/artem/Documents/3_course/robotics/task5/ex05/install/robot_description/share/robot_description/package.bash'
[1.119s] INFO:colcon.colcon_core.shell:Creating package script '/home/artem/Documents/3_course/robotics/task5/ex05/install/robot_description/share/robot_description/package.zsh'
[1.120s] Level 1:colcon.colcon_core.environment:create_file_with_runtime_dependencies(/home/artem/Documents/3_course/robotics/task5/ex05/install/robot_description/share/colcon-core/packages/robot_description)
[1.960s] DEBUG:colcon.colcon_core.event_handler.log_command:Invoking command in '/home/artem/Documents/3_course/robotics/task5/ex05/circle_moving': DEBUGINFOD_URLS=https://debuginfod.ubuntu.com PYTHONPATH=/home/artem/Documents/3_course/robotics/task5/ex05/build/circle_moving/prefix_override:/usr/lib/python3/dist-packages/colcon_core/task/python/colcon_distutils_commands:/home/artem/Documents/3_course/robotics/task5/ex05/install/circle_moving/lib/python3.12/site-packages:${PYTHONPATH} /usr/bin/python3 -W ignore:setup.py install is deprecated -W ignore:easy_install command is deprecated setup.py egg_info --egg-base ../build/circle_moving build --build-base /home/artem/Documents/3_course/robotics/task5/ex05/build/circle_moving/build install --record /home/artem/Documents/3_course/robotics/task5/ex05/build/circle_moving/install.log --single-version-externally-managed install_data
[2.862s] Level 1:colcon.colcon_core.environment:checking '/home/artem/Documents/3_course/robotics/task5/ex05/install/circle_moving' for CMake module files
[2.863s] DEBUG:colcon.colcon_core.event_handler.log_command:Invoked command in '/home/artem/Documents/3_course/robotics/task5/ex05/circle_moving' returned '0': DEBUGINFOD_URLS=https://debuginfod.ubuntu.com PYTHONPATH=/home/artem/Documents/3_course/robotics/task5/ex05/build/circle_moving/prefix_override:/usr/lib/python3/dist-packages/colcon_core/task/python/colcon_distutils_commands:/home/artem/Documents/3_course/robotics/task5/ex05/install/circle_moving/lib/python3.12/site-packages:${PYTHONPATH} /usr/bin/python3 -W ignore:setup.py install is deprecated -W ignore:easy_install command is deprecated setup.py egg_info --egg-base ../build/circle_moving build --build-base /home/artem/Documents/3_course/robotics/task5/ex05/build/circle_moving/build install --record /home/artem/Documents/3_course/robotics/task5/ex05/build/circle_moving/install.log --single-version-externally-managed install_data
[2.864s] Level 1:colcon.colcon_core.environment:checking '/home/artem/Documents/3_course/robotics/task5/ex05/install/circle_moving' for CMake config files
[2.865s] Level 1:colcon.colcon_core.environment:checking '/home/artem/Documents/3_course/robotics/task5/ex05/install/circle_moving/lib'
[2.866s] Level 1:colcon.colcon_core.environment:checking '/home/artem/Documents/3_course/robotics/task5/ex05/install/circle_moving/bin'
[2.866s] Level 1:colcon.colcon_core.environment:checking '/home/artem/Documents/3_course/robotics/task5/ex05/install/circle_moving/lib/pkgconfig/circle_moving.pc'
[2.866s] Level 1:colcon.colcon_core.environment:checking '/home/artem/Documents/3_course/robotics/task5/ex05/install/circle_moving/lib/python3.12/site-packages'
[2.867s] Level 1:colcon.colcon_core.shell:create_environment_hook('circle_moving', 'pythonpath')
[2.867s] INFO:colcon.colcon_core.shell:Creating environment hook '/home/artem/Documents/3_course/robotics/task5/ex05/install/circle_moving/share/circle_moving/hook/pythonpath.ps1'
[2.868s] INFO:colcon.colcon_core.shell:Creating environment descriptor '/home/artem/Documents/3_course/robotics/task5/ex05/install/circle_moving/share/circle_moving/hook/pythonpath.dsv'
[2.868s] INFO:colcon.colcon_core.shell:Creating environment hook '/home/artem/Documents/3_course/robotics/task5/ex05/install/circle_moving/share/circle_moving/hook/pythonpath.sh'
[2.869s] Level 1:colcon.colcon_core.environment:checking '/home/artem/Documents/3_course/robotics/task5/ex05/install/circle_moving/bin'
[2.869s] Level 1:colcon.colcon_core.environment:create_environment_scripts_only(circle_moving)
[2.870s] INFO:colcon.colcon_core.shell:Creating package script '/home/artem/Documents/3_course/robotics/task5/ex05/install/circle_moving/share/circle_moving/package.ps1'
[2.871s] INFO:colcon.colcon_core.shell:Creating package descriptor '/home/artem/Documents/3_course/robotics/task5/ex05/install/circle_moving/share/circle_moving/package.dsv'
[2.872s] INFO:colcon.colcon_core.shell:Creating package script '/home/artem/Documents/3_course/robotics/task5/ex05/install/circle_moving/share/circle_moving/package.sh'
[2.873s] INFO:colcon.colcon_core.shell:Creating package script '/home/artem/Documents/3_course/robotics/task5/ex05/install/circle_moving/share/circle_moving/package.bash'
[2.874s] INFO:colcon.colcon_core.shell:Creating package script '/home/artem/Documents/3_course/robotics/task5/ex05/install/circle_moving/share/circle_moving/package.zsh'
[2.875s] Level 1:colcon.colcon_core.environment:create_file_with_runtime_dependencies(/home/artem/Documents/3_course/robotics/task5/ex05/install/circle_moving/share/colcon-core/packages/circle_moving)
[2.876s] DEBUG:colcon.colcon_parallel_executor.executor.parallel:closing loop
[2.876s] DEBUG:colcon.colcon_parallel_executor.executor.parallel:loop closed
[2.877s] DEBUG:colcon.colcon_parallel_executor.executor.parallel:run_until_complete finished with '0'
[2.877s] DEBUG:colcon.colcon_core.event_reactor:joining thread
[2.891s] INFO:colcon.colcon_core.plugin_system:Skipping extension 'colcon_notification.desktop_notification.terminal_notifier': Not used on non-Darwin systems
[2.892s] INFO:colcon.colcon_core.plugin_system:Skipping extension 'colcon_notification.desktop_notification.win32': Not used on non-Windows systems
[2.892s] INFO:colcon.colcon_notification.desktop_notification:Sending desktop notification using 'notify2'
[2.920s] DEBUG:colcon.colcon_core.event_reactor:joined thread
[2.920s] INFO:colcon.colcon_core.shell:Creating prefix script '/home/artem/Documents/3_course/robotics/task5/ex05/install/local_setup.ps1'
[2.922s] INFO:colcon.colcon_core.shell:Creating prefix util module '/home/artem/Documents/3_course/robotics/task5/ex05/install/_local_setup_util_ps1.py'
[2.924s] INFO:colcon.colcon_core.shell:Creating prefix chain script '/home/artem/Documents/3_course/robotics/task5/ex05/install/setup.ps1'
[2.926s] INFO:colcon.colcon_core.shell:Creating prefix script '/home/artem/Documents/3_course/robotics/task5/ex05/install/local_setup.sh'
[2.927s] INFO:colcon.colcon_core.shell:Creating prefix util module '/home/artem/Documents/3_course/robotics/task5/ex05/install/_local_setup_util_sh.py'
[2.928s] INFO:colcon.colcon_core.shell:Creating prefix chain script '/home/artem/Documents/3_course/robotics/task5/ex05/install/setup.sh'
[2.931s] INFO:colcon.colcon_core.shell:Creating prefix script '/home/artem/Documents/3_course/robotics/task5/ex05/install/local_setup.bash'
[2.932s] INFO:colcon.colcon_core.shell:Creating prefix chain script '/home/artem/Documents/3_course/robotics/task5/ex05/install/setup.bash'
[2.933s] INFO:colcon.colcon_core.shell:Creating prefix script '/home/artem/Documents/3_course/robotics/task5/ex05/install/local_setup.zsh'
[2.934s] INFO:colcon.colcon_core.shell:Creating prefix chain script '/home/artem/Documents/3_course/robotics/task5/ex05/install/setup.zsh'
