[0.008s] Invoking command in '/home/artem/Documents/3_course/robotics/task5/ex01/build/sam_bot_description': CMAKE_PREFIX_PATH=${CMAKE_PREFIX_PATH}:/opt/ros/jazzy DEBUGINFOD_URLS=https://debuginfod.ubuntu.com /usr/bin/cmake /home/artem/Documents/3_course/robotics/task5/ex01/sam_bot_description -DCMAKE_INSTALL_PREFIX=/home/artem/Documents/3_course/robotics/task5/ex01/install/sam_bot_description
[0.104s] -- The C compiler identification is GNU 13.3.0
[0.183s] -- The CXX compiler identification is GNU 13.3.0
[0.203s] -- Detecting C compiler ABI info
[0.278s] -- Detecting C compiler ABI info - done
[0.284s] -- Check for working C compiler: /usr/bin/cc - skipped
[0.285s] -- Detecting C compile features
[0.285s] -- Detecting C compile features - done
[0.294s] -- Detecting CXX compiler ABI info
[0.368s] -- Detecting CXX compiler ABI info - done
[0.375s] -- Check for working CXX compiler: /usr/bin/c++ - skipped
[0.375s] -- Detecting CXX compile features
[0.375s] -- Detecting CXX compile features - done
[0.380s] -- Found ament_cmake: 2.5.4 (/opt/ros/jazzy/share/ament_cmake/cmake)
[0.487s] -- Found Python3: /usr/bin/python3 (found version "3.12.3") found components: Interpreter 
[0.578s] -- Found ament_lint_auto: 0.17.3 (/opt/ros/jazzy/share/ament_lint_auto/cmake)
[0.654s] -- Added test 'flake8' to check Python code syntax and style conventions
[0.654s] -- Configured 'flake8' exclude dirs and/or files: 
[0.654s] -- Added test 'lint_cmake' to check CMake code style
[0.655s] -- Added test 'pep257' to check Python code against some of the docstring style conventions in PEP 257
[0.656s] -- Added test 'xmllint' to check XML markup files
[0.658s] -- Configuring done (0.6s)
[0.659s] -- Generating done (0.0s)
[0.660s] -- Build files have been written to: /home/artem/Documents/3_course/robotics/task5/ex01/build/sam_bot_description
[0.664s] Invoked command in '/home/artem/Documents/3_course/robotics/task5/ex01/build/sam_bot_description' returned '0': CMAKE_PREFIX_PATH=${CMAKE_PREFIX_PATH}:/opt/ros/jazzy DEBUGINFOD_URLS=https://debuginfod.ubuntu.com /usr/bin/cmake /home/artem/Documents/3_course/robotics/task5/ex01/sam_bot_description -DCMAKE_INSTALL_PREFIX=/home/artem/Documents/3_course/robotics/task5/ex01/install/sam_bot_description
[0.665s] Invoking command in '/home/artem/Documents/3_course/robotics/task5/ex01/build/sam_bot_description': CMAKE_PREFIX_PATH=${CMAKE_PREFIX_PATH}:/opt/ros/jazzy DEBUGINFOD_URLS=https://debuginfod.ubuntu.com /usr/bin/cmake --build /home/artem/Documents/3_course/robotics/task5/ex01/build/sam_bot_description -- -j12 -l12
[0.697s] Invoked command in '/home/artem/Documents/3_course/robotics/task5/ex01/build/sam_bot_description' returned '0': CMAKE_PREFIX_PATH=${CMAKE_PREFIX_PATH}:/opt/ros/jazzy DEBUGINFOD_URLS=https://debuginfod.ubuntu.com /usr/bin/cmake --build /home/artem/Documents/3_course/robotics/task5/ex01/build/sam_bot_description -- -j12 -l12
[0.704s] Invoking command in '/home/artem/Documents/3_course/robotics/task5/ex01/build/sam_bot_description': CMAKE_PREFIX_PATH=${CMAKE_PREFIX_PATH}:/opt/ros/jazzy DEBUGINFOD_URLS=https://debuginfod.ubuntu.com /usr/bin/cmake --install /home/artem/Documents/3_course/robotics/task5/ex01/build/sam_bot_description
[0.711s] -- Install configuration: ""
[0.711s] -- Installing: /home/artem/Documents/3_course/robotics/task5/ex01/install/sam_bot_description/share/ament_index/resource_index/package_run_dependencies/sam_bot_description
[0.711s] -- Installing: /home/artem/Documents/3_course/robotics/task5/ex01/install/sam_bot_description/share/ament_index/resource_index/parent_prefix_path/sam_bot_description
[0.711s] -- Installing: /home/artem/Documents/3_course/robotics/task5/ex01/install/sam_bot_description/share/sam_bot_description/environment/ament_prefix_path.sh
[0.711s] -- Installing: /home/artem/Documents/3_course/robotics/task5/ex01/install/sam_bot_description/share/sam_bot_description/environment/ament_prefix_path.dsv
[0.711s] -- Installing: /home/artem/Documents/3_course/robotics/task5/ex01/install/sam_bot_description/share/sam_bot_description/environment/path.sh
[0.712s] -- Installing: /home/artem/Documents/3_course/robotics/task5/ex01/install/sam_bot_description/share/sam_bot_description/environment/path.dsv
[0.712s] -- Installing: /home/artem/Documents/3_course/robotics/task5/ex01/install/sam_bot_description/share/sam_bot_description/local_setup.bash
[0.712s] -- Installing: /home/artem/Documents/3_course/robotics/task5/ex01/install/sam_bot_description/share/sam_bot_description/local_setup.sh
[0.712s] -- Installing: /home/artem/Documents/3_course/robotics/task5/ex01/install/sam_bot_description/share/sam_bot_description/local_setup.zsh
[0.712s] -- Installing: /home/artem/Documents/3_course/robotics/task5/ex01/install/sam_bot_description/share/sam_bot_description/local_setup.dsv
[0.712s] -- Installing: /home/artem/Documents/3_course/robotics/task5/ex01/install/sam_bot_description/share/sam_bot_description/package.dsv
[0.712s] -- Installing: /home/artem/Documents/3_course/robotics/task5/ex01/install/sam_bot_description/share/ament_index/resource_index/packages/sam_bot_description
[0.712s] -- Installing: /home/artem/Documents/3_course/robotics/task5/ex01/install/sam_bot_description/share/sam_bot_description/cmake/sam_bot_descriptionConfig.cmake
[0.712s] -- Installing: /home/artem/Documents/3_course/robotics/task5/ex01/install/sam_bot_description/share/sam_bot_description/cmake/sam_bot_descriptionConfig-version.cmake
[0.712s] -- Installing: /home/artem/Documents/3_course/robotics/task5/ex01/install/sam_bot_description/share/sam_bot_description/package.xml
[0.713s] Invoked command in '/home/artem/Documents/3_course/robotics/task5/ex01/build/sam_bot_description' returned '0': CMAKE_PREFIX_PATH=${CMAKE_PREFIX_PATH}:/opt/ros/jazzy DEBUGINFOD_URLS=https://debuginfod.ubuntu.com /usr/bin/cmake --install /home/artem/Documents/3_course/robotics/task5/ex01/build/sam_bot_description
