[0.009s] Invoking command in '/home/artem/Documents/3_course/robotics/task2/ex09/build/full_name_interfaces': CMAKE_PREFIX_PATH=${CMAKE_PREFIX_PATH}:/opt/ros/jazzy DEBUGINFOD_URLS=https://debuginfod.ubuntu.com /usr/bin/cmake /home/artem/Documents/3_course/robotics/task2/ex09/full_name_interfaces -DCMAKE_INSTALL_PREFIX=/home/artem/Documents/3_course/robotics/task2/ex09/install/full_name_interfaces
[0.019s] -- Found ament_cmake: 2.5.4 (/opt/ros/jazzy/share/ament_cmake/cmake)
[0.179s] -- Found rosidl_default_generators: 1.6.0 (/opt/ros/jazzy/share/rosidl_default_generators/cmake)
[0.180s] -- Using all available rosidl_typesupport_c: rosidl_typesupport_fastrtps_c;rosidl_typesupport_introspection_c
[0.202s] -- Using all available rosidl_typesupport_cpp: rosidl_typesupport_fastrtps_cpp;rosidl_typesupport_introspection_cpp
[0.220s] -- Found rosidl_adapter: 4.6.6 (/opt/ros/jazzy/share/rosidl_adapter/cmake)
[0.221s] -- Found ament_lint_auto: 0.17.3 (/opt/ros/jazzy/share/ament_lint_auto/cmake)
[0.472s] [31mCMake Error at /opt/ros/jazzy/share/rosidl_adapter/cmake/rosidl_adapt_interfaces.cmake:57 (message):
[0.472s]   execute_process(/usr/bin/python3 -m rosidl_adapter --package-name
[0.472s]   full_name_interfaces --arguments-file
[0.472s]   /home/artem/Documents/3_course/robotics/task2/ex09/build/full_name_interfaces/rosidl_adapter__arguments__full_name_interfaces.json
[0.472s]   --output-dir
[0.472s]   /home/artem/Documents/3_course/robotics/task2/ex09/build/full_name_interfaces/rosidl_adapter/full_name_interfaces
[0.472s]   --output-file
[0.472s]   /home/artem/Documents/3_course/robotics/task2/ex09/build/full_name_interfaces/rosidl_adapter/full_name_interfaces.idls)
[0.472s]   returned error code 1:
[0.472s] 
[0.472s]   Traceback (most recent call last):
[0.472s] 
[0.472s]     File "<frozen runpy>", line 198, in _run_module_as_main
[0.472s]     File "<frozen runpy>", line 88, in _run_code
[0.472s]     File "/opt/ros/jazzy/lib/python3.12/site-packages/rosidl_adapter/__main__.py", line 19, in <module>
[0.472s]       sys.exit(main())
[0.472s]                ^^^^^^
[0.472s]     File "/opt/ros/jazzy/lib/python3.12/site-packages/rosidl_adapter/main.py", line 53, in main
[0.473s]       abs_idl_file = convert_to_idl(
[0.473s]                      ^^^^^^^^^^^^^^^
[0.473s]     File "/opt/ros/jazzy/lib/python3.12/site-packages/rosidl_adapter/__init__.py", line 19, in convert_to_idl
[0.473s]       return convert_msg_to_idl(
[0.473s]              ^^^^^^^^^^^^^^^^^^^
[0.473s]     File "/opt/ros/jazzy/lib/python3.12/site-packages/rosidl_adapter/msg/__init__.py", line 28, in convert_msg_to_idl
[0.473s]       msg = parse_message_string(package_name, input_file.stem, content)
[0.473s]             ^^^^^^^^^^^^^^^^^^^^^^^^^^^^^^^^^^^^^^^^^^^^^^^^^^^^^^^^^^^^
[0.473s]     File "/opt/ros/jazzy/lib/python3.12/site-packages/rosidl_adapter/parser.py", line 545, in parse_message_string
[0.473s]       msg = MessageSpecification(pkg_name, msg_name, fields, constants)
[0.473s]             ^^^^^^^^^^^^^^^^^^^^^^^^^^^^^^^^^^^^^^^^^^^^^^^^^^^^^^^^^^^
[0.473s]     File "/opt/ros/jazzy/lib/python3.12/site-packages/rosidl_adapter/parser.py", line 389, in __init__
[0.473s]       self.base_type = BaseType(
[0.473s]                        ^^^^^^^^^
[0.473s]     File "/opt/ros/jazzy/lib/python3.12/site-packages/rosidl_adapter/parser.py", line 206, in __init__
[0.473s]       raise InvalidResourceName(
[0.473s] 
[0.473s]   rosidl_adapter.parser.InvalidResourceName: 'full_name_message' is an
[0.473s]   invalid message name.  It should have the pattern '^[A-Z][A-Za-z0-9]*$'
[0.473s] 
[0.473s] Call Stack (most recent call first):
[0.473s]   /opt/ros/jazzy/share/rosidl_cmake/cmake/rosidl_generate_interfaces.cmake:132 (rosidl_adapt_interfaces)
[0.473s]   CMakeLists.txt:29 (rosidl_generate_interfaces)
[0.473s] 
[0.473s] [0m
[0.474s] -- Configuring incomplete, errors occurred!
[0.477s] Invoked command in '/home/artem/Documents/3_course/robotics/task2/ex09/build/full_name_interfaces' returned '1': CMAKE_PREFIX_PATH=${CMAKE_PREFIX_PATH}:/opt/ros/jazzy DEBUGINFOD_URLS=https://debuginfod.ubuntu.com /usr/bin/cmake /home/artem/Documents/3_course/robotics/task2/ex09/full_name_interfaces -DCMAKE_INSTALL_PREFIX=/home/artem/Documents/3_course/robotics/task2/ex09/install/full_name_interfaces
