[0.024s] Invoking command in '/home/artem/Documents/3_course/robotics/task3/ex01/build/fullname_interfaces': CMAKE_PREFIX_PATH=${CMAKE_PREFIX_PATH}:/home/artem/Documents/3_course/robotics/task3/ex01/install/service_full_name:/opt/ros/jazzy DEBUGINFOD_URLS=https://debuginfod.ubuntu.com /usr/bin/cmake --build /home/artem/Documents/3_course/robotics/task3/ex01/build/fullname_interfaces -- -j12 -l12
[0.099s] -- Found ament_cmake: 2.5.4 (/opt/ros/jazzy/share/ament_cmake/cmake)
[0.165s] -- Found Python3: /usr/bin/python3 (found version "3.12.3") found components: Interpreter 
[0.317s] -- Found ament_lint_auto: 0.17.3 (/opt/ros/jazzy/share/ament_lint_auto/cmake)
[0.479s] -- Found rosidl_default_generators: 1.6.0 (/opt/ros/jazzy/share/rosidl_default_generators/cmake)
[0.488s] -- Using all available rosidl_typesupport_c: rosidl_typesupport_fastrtps_c;rosidl_typesupport_introspection_c
[0.581s] -- Using all available rosidl_typesupport_cpp: rosidl_typesupport_fastrtps_cpp;rosidl_typesupport_introspection_cpp
[0.657s] -- Found rosidl_adapter: 4.6.6 (/opt/ros/jazzy/share/rosidl_adapter/cmake)
[0.994s] -- Found ament_cmake_ros: 0.12.0 (/opt/ros/jazzy/share/ament_cmake_ros/cmake)
[1.163s] -- Using all available rosidl_typesupport_c: rosidl_typesupport_fastrtps_c;rosidl_typesupport_introspection_c
[1.382s] -- Using all available rosidl_typesupport_cpp: rosidl_typesupport_fastrtps_cpp;rosidl_typesupport_introspection_cpp
[1.385s] -- Found python_cmake_module: 0.11.1 (/opt/ros/jazzy/share/python_cmake_module/cmake)
[1.834s] -- Found Python3: /usr/bin/python3 (found version "3.12.3") found components: Interpreter Development NumPy Development.Module Development.Embed 
[1.867s] -- Added test 'lint_cmake' to check CMake code style
[1.869s] -- Added test 'xmllint' to check XML markup files
[1.882s] -- Configuring done (1.8s)
[1.974s] -- Generating done (0.1s)
[1.995s] -- Build files have been written to: /home/artem/Documents/3_course/robotics/task3/ex01/build/fullname_interfaces
[2.062s] [  2%] Built target fullname_interfaces__rosidl_generator_type_description
[2.084s] [  2%] Built target ament_cmake_python_copy_fullname_interfaces
[2.101s] [  4%] Built target fullname_interfaces__cpp
[2.117s] [ 22%] Built target fullname_interfaces__rosidl_generator_c
[2.179s] [ 31%] Built target fullname_interfaces__rosidl_typesupport_c
[2.186s] [ 40%] Built target fullname_interfaces__rosidl_typesupport_introspection_c
[2.188s] [ 50%] Built target fullname_interfaces__rosidl_typesupport_cpp
[2.192s] [ 63%] Built target fullname_interfaces__rosidl_typesupport_fastrtps_c
[2.192s] [ 72%] Built target fullname_interfaces__rosidl_typesupport_fastrtps_cpp
[2.193s] [ 77%] Built target fullname_interfaces__rosidl_typesupport_introspection_cpp
[2.235s] [ 77%] Built target fullname_interfaces
[2.278s] [ 79%] Built target fullname_interfaces__py
[2.334s] [ 86%] Built target fullname_interfaces__rosidl_generator_py
[2.381s] [ 90%] Built target fullname_interfaces_s__rosidl_typesupport_fastrtps_c
[2.382s] [ 95%] Built target fullname_interfaces_s__rosidl_typesupport_introspection_c
[2.388s] [100%] Built target fullname_interfaces_s__rosidl_typesupport_c
[2.529s] running egg_info
[2.563s] writing fullname_interfaces.egg-info/PKG-INFO
[2.563s] writing dependency_links to fullname_interfaces.egg-info/dependency_links.txt
[2.563s] writing top-level names to fullname_interfaces.egg-info/top_level.txt
[2.670s] reading manifest file 'fullname_interfaces.egg-info/SOURCES.txt'
[2.672s] writing manifest file 'fullname_interfaces.egg-info/SOURCES.txt'
[2.729s] [100%] Built target ament_cmake_python_build_fullname_interfaces_egg
[2.751s] Invoked command in '/home/artem/Documents/3_course/robotics/task3/ex01/build/fullname_interfaces' returned '0': CMAKE_PREFIX_PATH=${CMAKE_PREFIX_PATH}:/home/artem/Documents/3_course/robotics/task3/ex01/install/service_full_name:/opt/ros/jazzy DEBUGINFOD_URLS=https://debuginfod.ubuntu.com /usr/bin/cmake --build /home/artem/Documents/3_course/robotics/task3/ex01/build/fullname_interfaces -- -j12 -l12
[2.772s] Invoking command in '/home/artem/Documents/3_course/robotics/task3/ex01/build/fullname_interfaces': CMAKE_PREFIX_PATH=${CMAKE_PREFIX_PATH}:/home/artem/Documents/3_course/robotics/task3/ex01/install/service_full_name:/opt/ros/jazzy DEBUGINFOD_URLS=https://debuginfod.ubuntu.com /usr/bin/cmake --install /home/artem/Documents/3_course/robotics/task3/ex01/build/fullname_interfaces
[2.793s] -- Install configuration: ""
[2.793s] -- Up-to-date: /home/artem/Documents/3_course/robotics/task3/ex01/install/fullname_interfaces/share/ament_index/resource_index/rosidl_interfaces/fullname_interfaces
[2.793s] -- Up-to-date: /home/artem/Documents/3_course/robotics/task3/ex01/install/fullname_interfaces/share/fullname_interfaces/msg/FullNameMessage.json
[2.793s] -- Up-to-date: /home/artem/Documents/3_course/robotics/task3/ex01/install/fullname_interfaces/share/fullname_interfaces/srv/FullNameSumService.json
[2.794s] -- Up-to-date: /home/artem/Documents/3_course/robotics/task3/ex01/install/fullname_interfaces/include/fullname_interfaces/fullname_interfaces
[2.794s] -- Up-to-date: /home/artem/Documents/3_course/robotics/task3/ex01/install/fullname_interfaces/include/fullname_interfaces/fullname_interfaces/srv
[2.794s] -- Up-to-date: /home/artem/Documents/3_course/robotics/task3/ex01/install/fullname_interfaces/include/fullname_interfaces/fullname_interfaces/srv/full_name_sum_service.h
[2.795s] -- Up-to-date: /home/artem/Documents/3_course/robotics/task3/ex01/install/fullname_interfaces/include/fullname_interfaces/fullname_interfaces/srv/detail
[2.795s] -- Up-to-date: /home/artem/Documents/3_course/robotics/task3/ex01/install/fullname_interfaces/include/fullname_interfaces/fullname_interfaces/srv/detail/full_name_sum_service__functions.h
[2.795s] -- Up-to-date: /home/artem/Documents/3_course/robotics/task3/ex01/install/fullname_interfaces/include/fullname_interfaces/fullname_interfaces/srv/detail/full_name_sum_service__type_support.c
[2.795s] -- Up-to-date: /home/artem/Documents/3_course/robotics/task3/ex01/install/fullname_interfaces/include/fullname_interfaces/fullname_interfaces/srv/detail/full_name_sum_service__struct.h
[2.796s] -- Up-to-date: /home/artem/Documents/3_course/robotics/task3/ex01/install/fullname_interfaces/include/fullname_interfaces/fullname_interfaces/srv/detail/full_name_sum_service__type_support.h
[2.796s] -- Up-to-date: /home/artem/Documents/3_course/robotics/task3/ex01/install/fullname_interfaces/include/fullname_interfaces/fullname_interfaces/srv/detail/full_name_sum_service__functions.c
[2.796s] -- Up-to-date: /home/artem/Documents/3_course/robotics/task3/ex01/install/fullname_interfaces/include/fullname_interfaces/fullname_interfaces/srv/detail/full_name_sum_service__description.c
[2.796s] -- Up-to-date: /home/artem/Documents/3_course/robotics/task3/ex01/install/fullname_interfaces/include/fullname_interfaces/fullname_interfaces/msg
[2.796s] -- Up-to-date: /home/artem/Documents/3_course/robotics/task3/ex01/install/fullname_interfaces/include/fullname_interfaces/fullname_interfaces/msg/rosidl_generator_c__visibility_control.h
[2.796s] -- Up-to-date: /home/artem/Documents/3_course/robotics/task3/ex01/install/fullname_interfaces/include/fullname_interfaces/fullname_interfaces/msg/full_name_message.h
[2.797s] -- Up-to-date: /home/artem/Documents/3_course/robotics/task3/ex01/install/fullname_interfaces/include/fullname_interfaces/fullname_interfaces/msg/detail
[2.797s] -- Up-to-date: /home/artem/Documents/3_course/robotics/task3/ex01/install/fullname_interfaces/include/fullname_interfaces/fullname_interfaces/msg/detail/full_name_message__type_support.h
[2.797s] -- Up-to-date: /home/artem/Documents/3_course/robotics/task3/ex01/install/fullname_interfaces/include/fullname_interfaces/fullname_interfaces/msg/detail/full_name_message__functions.h
[2.797s] -- Up-to-date: /home/artem/Documents/3_course/robotics/task3/ex01/install/fullname_interfaces/include/fullname_interfaces/fullname_interfaces/msg/detail/full_name_message__functions.c
[2.797s] -- Up-to-date: /home/artem/Documents/3_course/robotics/task3/ex01/install/fullname_interfaces/include/fullname_interfaces/fullname_interfaces/msg/detail/full_name_message__struct.h
[2.798s] -- Up-to-date: /home/artem/Documents/3_course/robotics/task3/ex01/install/fullname_interfaces/include/fullname_interfaces/fullname_interfaces/msg/detail/full_name_message__description.c
[2.798s] -- Up-to-date: /home/artem/Documents/3_course/robotics/task3/ex01/install/fullname_interfaces/include/fullname_interfaces/fullname_interfaces/msg/detail/full_name_message__type_support.c
[2.798s] -- Up-to-date: /home/artem/Documents/3_course/robotics/task3/ex01/install/fullname_interfaces/share/fullname_interfaces/environment/library_path.sh
[2.798s] -- Up-to-date: /home/artem/Documents/3_course/robotics/task3/ex01/install/fullname_interfaces/share/fullname_interfaces/environment/library_path.dsv
[2.798s] -- Up-to-date: /home/artem/Documents/3_course/robotics/task3/ex01/install/fullname_interfaces/lib/libfullname_interfaces__rosidl_generator_c.so
[2.799s] -- Up-to-date: /home/artem/Documents/3_course/robotics/task3/ex01/install/fullname_interfaces/include/fullname_interfaces/fullname_interfaces
[2.799s] -- Up-to-date: /home/artem/Documents/3_course/robotics/task3/ex01/install/fullname_interfaces/include/fullname_interfaces/fullname_interfaces/srv
[2.799s] -- Up-to-date: /home/artem/Documents/3_course/robotics/task3/ex01/install/fullname_interfaces/include/fullname_interfaces/fullname_interfaces/srv/detail
[2.799s] -- Up-to-date: /home/artem/Documents/3_course/robotics/task3/ex01/install/fullname_interfaces/include/fullname_interfaces/fullname_interfaces/srv/detail/full_name_sum_service__rosidl_typesupport_fastrtps_c.h
[2.799s] -- Up-to-date: /home/artem/Documents/3_course/robotics/task3/ex01/install/fullname_interfaces/include/fullname_interfaces/fullname_interfaces/msg
[2.800s] -- Up-to-date: /home/artem/Documents/3_course/robotics/task3/ex01/install/fullname_interfaces/include/fullname_interfaces/fullname_interfaces/msg/rosidl_typesupport_fastrtps_c__visibility_control.h
[2.800s] -- Up-to-date: /home/artem/Documents/3_course/robotics/task3/ex01/install/fullname_interfaces/include/fullname_interfaces/fullname_interfaces/msg/detail
[2.800s] -- Up-to-date: /home/artem/Documents/3_course/robotics/task3/ex01/install/fullname_interfaces/include/fullname_interfaces/fullname_interfaces/msg/detail/full_name_message__rosidl_typesupport_fastrtps_c.h
[2.800s] -- Up-to-date: /home/artem/Documents/3_course/robotics/task3/ex01/install/fullname_interfaces/lib/libfullname_interfaces__rosidl_typesupport_fastrtps_c.so
[2.801s] -- Up-to-date: /home/artem/Documents/3_course/robotics/task3/ex01/install/fullname_interfaces/include/fullname_interfaces/fullname_interfaces
[2.801s] -- Up-to-date: /home/artem/Documents/3_course/robotics/task3/ex01/install/fullname_interfaces/include/fullname_interfaces/fullname_interfaces/srv
[2.801s] -- Up-to-date: /home/artem/Documents/3_course/robotics/task3/ex01/install/fullname_interfaces/include/fullname_interfaces/fullname_interfaces/srv/detail
[2.801s] -- Up-to-date: /home/artem/Documents/3_course/robotics/task3/ex01/install/fullname_interfaces/include/fullname_interfaces/fullname_interfaces/srv/detail/full_name_sum_service__type_support.c
[2.801s] -- Up-to-date: /home/artem/Documents/3_course/robotics/task3/ex01/install/fullname_interfaces/include/fullname_interfaces/fullname_interfaces/srv/detail/full_name_sum_service__rosidl_typesupport_introspection_c.h
[2.802s] -- Up-to-date: /home/artem/Documents/3_course/robotics/task3/ex01/install/fullname_interfaces/include/fullname_interfaces/fullname_interfaces/msg
[2.802s] -- Up-to-date: /home/artem/Documents/3_course/robotics/task3/ex01/install/fullname_interfaces/include/fullname_interfaces/fullname_interfaces/msg/rosidl_typesupport_introspection_c__visibility_control.h
[2.802s] -- Up-to-date: /home/artem/Documents/3_course/robotics/task3/ex01/install/fullname_interfaces/include/fullname_interfaces/fullname_interfaces/msg/detail
[2.802s] -- Up-to-date: /home/artem/Documents/3_course/robotics/task3/ex01/install/fullname_interfaces/include/fullname_interfaces/fullname_interfaces/msg/detail/full_name_message__rosidl_typesupport_introspection_c.h
[2.803s] -- Up-to-date: /home/artem/Documents/3_course/robotics/task3/ex01/install/fullname_interfaces/include/fullname_interfaces/fullname_interfaces/msg/detail/full_name_message__type_support.c
[2.803s] -- Up-to-date: /home/artem/Documents/3_course/robotics/task3/ex01/install/fullname_interfaces/lib/libfullname_interfaces__rosidl_typesupport_introspection_c.so
[2.803s] -- Up-to-date: /home/artem/Documents/3_course/robotics/task3/ex01/install/fullname_interfaces/lib/libfullname_interfaces__rosidl_typesupport_c.so
[2.803s] -- Up-to-date: /home/artem/Documents/3_course/robotics/task3/ex01/install/fullname_interfaces/include/fullname_interfaces/fullname_interfaces
[2.803s] -- Up-to-date: /home/artem/Documents/3_course/robotics/task3/ex01/install/fullname_interfaces/include/fullname_interfaces/fullname_interfaces/srv
[2.803s] -- Up-to-date: /home/artem/Documents/3_course/robotics/task3/ex01/install/fullname_interfaces/include/fullname_interfaces/fullname_interfaces/srv/full_name_sum_service.hpp
[2.803s] -- Up-to-date: /home/artem/Documents/3_course/robotics/task3/ex01/install/fullname_interfaces/include/fullname_interfaces/fullname_interfaces/srv/detail
[2.803s] -- Up-to-date: /home/artem/Documents/3_course/robotics/task3/ex01/install/fullname_interfaces/include/fullname_interfaces/fullname_interfaces/srv/detail/full_name_sum_service__type_support.hpp
[2.804s] -- Up-to-date: /home/artem/Documents/3_course/robotics/task3/ex01/install/fullname_interfaces/include/fullname_interfaces/fullname_interfaces/srv/detail/full_name_sum_service__traits.hpp
[2.804s] -- Up-to-date: /home/artem/Documents/3_course/robotics/task3/ex01/install/fullname_interfaces/include/fullname_interfaces/fullname_interfaces/srv/detail/full_name_sum_service__builder.hpp
[2.804s] -- Up-to-date: /home/artem/Documents/3_course/robotics/task3/ex01/install/fullname_interfaces/include/fullname_interfaces/fullname_interfaces/srv/detail/full_name_sum_service__struct.hpp
[2.804s] -- Up-to-date: /home/artem/Documents/3_course/robotics/task3/ex01/install/fullname_interfaces/include/fullname_interfaces/fullname_interfaces/msg
[2.804s] -- Up-to-date: /home/artem/Documents/3_course/robotics/task3/ex01/install/fullname_interfaces/include/fullname_interfaces/fullname_interfaces/msg/full_name_message.hpp
[2.804s] -- Up-to-date: /home/artem/Documents/3_course/robotics/task3/ex01/install/fullname_interfaces/include/fullname_interfaces/fullname_interfaces/msg/rosidl_generator_cpp__visibility_control.hpp
[2.804s] -- Up-to-date: /home/artem/Documents/3_course/robotics/task3/ex01/install/fullname_interfaces/include/fullname_interfaces/fullname_interfaces/msg/detail
[2.804s] -- Up-to-date: /home/artem/Documents/3_course/robotics/task3/ex01/install/fullname_interfaces/include/fullname_interfaces/fullname_interfaces/msg/detail/full_name_message__builder.hpp
[2.805s] -- Up-to-date: /home/artem/Documents/3_course/robotics/task3/ex01/install/fullname_interfaces/include/fullname_interfaces/fullname_interfaces/msg/detail/full_name_message__struct.hpp
[2.805s] -- Up-to-date: /home/artem/Documents/3_course/robotics/task3/ex01/install/fullname_interfaces/include/fullname_interfaces/fullname_interfaces/msg/detail/full_name_message__type_support.hpp
[2.805s] -- Up-to-date: /home/artem/Documents/3_course/robotics/task3/ex01/install/fullname_interfaces/include/fullname_interfaces/fullname_interfaces/msg/detail/full_name_message__traits.hpp
[2.805s] -- Up-to-date: /home/artem/Documents/3_course/robotics/task3/ex01/install/fullname_interfaces/include/fullname_interfaces/fullname_interfaces
[2.805s] -- Up-to-date: /home/artem/Documents/3_course/robotics/task3/ex01/install/fullname_interfaces/include/fullname_interfaces/fullname_interfaces/srv
[2.805s] -- Up-to-date: /home/artem/Documents/3_course/robotics/task3/ex01/install/fullname_interfaces/include/fullname_interfaces/fullname_interfaces/srv/detail
[2.805s] -- Up-to-date: /home/artem/Documents/3_course/robotics/task3/ex01/install/fullname_interfaces/include/fullname_interfaces/fullname_interfaces/srv/detail/full_name_sum_service__rosidl_typesupport_fastrtps_cpp.hpp
[2.805s] -- Up-to-date: /home/artem/Documents/3_course/robotics/task3/ex01/install/fullname_interfaces/include/fullname_interfaces/fullname_interfaces/srv/detail/dds_fastrtps
[2.805s] -- Up-to-date: /home/artem/Documents/3_course/robotics/task3/ex01/install/fullname_interfaces/include/fullname_interfaces/fullname_interfaces/msg
[2.806s] -- Up-to-date: /home/artem/Documents/3_course/robotics/task3/ex01/install/fullname_interfaces/include/fullname_interfaces/fullname_interfaces/msg/rosidl_typesupport_fastrtps_cpp__visibility_control.h
[2.806s] -- Up-to-date: /home/artem/Documents/3_course/robotics/task3/ex01/install/fullname_interfaces/include/fullname_interfaces/fullname_interfaces/msg/detail
[2.806s] -- Up-to-date: /home/artem/Documents/3_course/robotics/task3/ex01/install/fullname_interfaces/include/fullname_interfaces/fullname_interfaces/msg/detail/dds_fastrtps
[2.806s] -- Up-to-date: /home/artem/Documents/3_course/robotics/task3/ex01/install/fullname_interfaces/include/fullname_interfaces/fullname_interfaces/msg/detail/full_name_message__rosidl_typesupport_fastrtps_cpp.hpp
[2.806s] -- Up-to-date: /home/artem/Documents/3_course/robotics/task3/ex01/install/fullname_interfaces/lib/libfullname_interfaces__rosidl_typesupport_fastrtps_cpp.so
[2.806s] -- Up-to-date: /home/artem/Documents/3_course/robotics/task3/ex01/install/fullname_interfaces/include/fullname_interfaces/fullname_interfaces
[2.806s] -- Up-to-date: /home/artem/Documents/3_course/robotics/task3/ex01/install/fullname_interfaces/include/fullname_interfaces/fullname_interfaces/srv
[2.807s] -- Up-to-date: /home/artem/Documents/3_course/robotics/task3/ex01/install/fullname_interfaces/include/fullname_interfaces/fullname_interfaces/srv/detail
[2.807s] -- Up-to-date: /home/artem/Documents/3_course/robotics/task3/ex01/install/fullname_interfaces/include/fullname_interfaces/fullname_interfaces/srv/detail/full_name_sum_service__type_support.cpp
[2.807s] -- Up-to-date: /home/artem/Documents/3_course/robotics/task3/ex01/install/fullname_interfaces/include/fullname_interfaces/fullname_interfaces/srv/detail/full_name_sum_service__rosidl_typesupport_introspection_cpp.hpp
[2.807s] -- Up-to-date: /home/artem/Documents/3_course/robotics/task3/ex01/install/fullname_interfaces/include/fullname_interfaces/fullname_interfaces/msg
[2.807s] -- Up-to-date: /home/artem/Documents/3_course/robotics/task3/ex01/install/fullname_interfaces/include/fullname_interfaces/fullname_interfaces/msg/detail
[2.807s] -- Up-to-date: /home/artem/Documents/3_course/robotics/task3/ex01/install/fullname_interfaces/include/fullname_interfaces/fullname_interfaces/msg/detail/full_name_message__rosidl_typesupport_introspection_cpp.hpp
[2.807s] -- Up-to-date: /home/artem/Documents/3_course/robotics/task3/ex01/install/fullname_interfaces/include/fullname_interfaces/fullname_interfaces/msg/detail/full_name_message__type_support.cpp
[2.808s] -- Up-to-date: /home/artem/Documents/3_course/robotics/task3/ex01/install/fullname_interfaces/lib/libfullname_interfaces__rosidl_typesupport_introspection_cpp.so
[2.808s] -- Up-to-date: /home/artem/Documents/3_course/robotics/task3/ex01/install/fullname_interfaces/lib/libfullname_interfaces__rosidl_typesupport_cpp.so
[2.808s] -- Up-to-date: /home/artem/Documents/3_course/robotics/task3/ex01/install/fullname_interfaces/share/fullname_interfaces/environment/pythonpath.sh
[2.808s] -- Up-to-date: /home/artem/Documents/3_course/robotics/task3/ex01/install/fullname_interfaces/share/fullname_interfaces/environment/pythonpath.dsv
[2.808s] -- Up-to-date: /home/artem/Documents/3_course/robotics/task3/ex01/install/fullname_interfaces/lib/python3.12/site-packages/fullname_interfaces-0.0.0-py3.12.egg-info
[2.808s] -- Installing: /home/artem/Documents/3_course/robotics/task3/ex01/install/fullname_interfaces/lib/python3.12/site-packages/fullname_interfaces-0.0.0-py3.12.egg-info/PKG-INFO
[2.808s] -- Installing: /home/artem/Documents/3_course/robotics/task3/ex01/install/fullname_interfaces/lib/python3.12/site-packages/fullname_interfaces-0.0.0-py3.12.egg-info/top_level.txt
[2.809s] -- Installing: /home/artem/Documents/3_course/robotics/task3/ex01/install/fullname_interfaces/lib/python3.12/site-packages/fullname_interfaces-0.0.0-py3.12.egg-info/dependency_links.txt
[2.809s] -- Installing: /home/artem/Documents/3_course/robotics/task3/ex01/install/fullname_interfaces/lib/python3.12/site-packages/fullname_interfaces-0.0.0-py3.12.egg-info/SOURCES.txt
[2.809s] -- Up-to-date: /home/artem/Documents/3_course/robotics/task3/ex01/install/fullname_interfaces/lib/python3.12/site-packages/fullname_interfaces
[2.809s] -- Up-to-date: /home/artem/Documents/3_course/robotics/task3/ex01/install/fullname_interfaces/lib/python3.12/site-packages/fullname_interfaces/srv
[2.809s] -- Up-to-date: /home/artem/Documents/3_course/robotics/task3/ex01/install/fullname_interfaces/lib/python3.12/site-packages/fullname_interfaces/srv/_full_name_sum_service.py
[2.809s] -- Up-to-date: /home/artem/Documents/3_course/robotics/task3/ex01/install/fullname_interfaces/lib/python3.12/site-packages/fullname_interfaces/srv/__init__.py
[2.809s] -- Up-to-date: /home/artem/Documents/3_course/robotics/task3/ex01/install/fullname_interfaces/lib/python3.12/site-packages/fullname_interfaces/srv/_full_name_sum_service_s.c
[2.809s] -- Installing: /home/artem/Documents/3_course/robotics/task3/ex01/install/fullname_interfaces/lib/python3.12/site-packages/fullname_interfaces/__init__.py
[2.810s] -- Up-to-date: /home/artem/Documents/3_course/robotics/task3/ex01/install/fullname_interfaces/lib/python3.12/site-packages/fullname_interfaces/_fullname_interfaces_s.ep.rosidl_typesupport_introspection_c.c
[2.810s] -- Up-to-date: /home/artem/Documents/3_course/robotics/task3/ex01/install/fullname_interfaces/lib/python3.12/site-packages/fullname_interfaces/fullname_interfaces_s__rosidl_typesupport_introspection_c.so
[2.810s] -- Up-to-date: /home/artem/Documents/3_course/robotics/task3/ex01/install/fullname_interfaces/lib/python3.12/site-packages/fullname_interfaces/fullname_interfaces_s__rosidl_typesupport_fastrtps_c.so
[2.810s] -- Up-to-date: /home/artem/Documents/3_course/robotics/task3/ex01/install/fullname_interfaces/lib/python3.12/site-packages/fullname_interfaces/msg
[2.810s] -- Up-to-date: /home/artem/Documents/3_course/robotics/task3/ex01/install/fullname_interfaces/lib/python3.12/site-packages/fullname_interfaces/msg/__init__.py
[2.810s] -- Up-to-date: /home/artem/Documents/3_course/robotics/task3/ex01/install/fullname_interfaces/lib/python3.12/site-packages/fullname_interfaces/msg/_full_name_message_s.c
[2.810s] -- Up-to-date: /home/artem/Documents/3_course/robotics/task3/ex01/install/fullname_interfaces/lib/python3.12/site-packages/fullname_interfaces/msg/_full_name_message.py
[2.810s] -- Up-to-date: /home/artem/Documents/3_course/robotics/task3/ex01/install/fullname_interfaces/lib/python3.12/site-packages/fullname_interfaces/_fullname_interfaces_s.ep.rosidl_typesupport_c.c
[2.811s] -- Up-to-date: /home/artem/Documents/3_course/robotics/task3/ex01/install/fullname_interfaces/lib/python3.12/site-packages/fullname_interfaces/fullname_interfaces_s__rosidl_typesupport_c.so
[2.811s] -- Up-to-date: /home/artem/Documents/3_course/robotics/task3/ex01/install/fullname_interfaces/lib/python3.12/site-packages/fullname_interfaces/_fullname_interfaces_s.ep.rosidl_typesupport_fastrtps_c.c
[2.893s] Listing '/home/artem/Documents/3_course/robotics/task3/ex01/install/fullname_interfaces/lib/python3.12/site-packages/fullname_interfaces'...
[2.894s] Compiling '/home/artem/Documents/3_course/robotics/task3/ex01/install/fullname_interfaces/lib/python3.12/site-packages/fullname_interfaces/__init__.py'...
[2.894s] Listing '/home/artem/Documents/3_course/robotics/task3/ex01/install/fullname_interfaces/lib/python3.12/site-packages/fullname_interfaces/msg'...
[2.894s] Listing '/home/artem/Documents/3_course/robotics/task3/ex01/install/fullname_interfaces/lib/python3.12/site-packages/fullname_interfaces/srv'...
[2.907s] -- Up-to-date: /home/artem/Documents/3_course/robotics/task3/ex01/install/fullname_interfaces/lib/python3.12/site-packages/fullname_interfaces/fullname_interfaces_s__rosidl_typesupport_fastrtps_c.so
[2.910s] -- Up-to-date: /home/artem/Documents/3_course/robotics/task3/ex01/install/fullname_interfaces/lib/python3.12/site-packages/fullname_interfaces/fullname_interfaces_s__rosidl_typesupport_introspection_c.so
[2.910s] -- Up-to-date: /home/artem/Documents/3_course/robotics/task3/ex01/install/fullname_interfaces/lib/python3.12/site-packages/fullname_interfaces/fullname_interfaces_s__rosidl_typesupport_c.so
[2.911s] -- Up-to-date: /home/artem/Documents/3_course/robotics/task3/ex01/install/fullname_interfaces/lib/libfullname_interfaces__rosidl_generator_py.so
[2.911s] -- Up-to-date: /home/artem/Documents/3_course/robotics/task3/ex01/install/fullname_interfaces/share/fullname_interfaces/msg/FullNameMessage.idl
[2.911s] -- Up-to-date: /home/artem/Documents/3_course/robotics/task3/ex01/install/fullname_interfaces/share/fullname_interfaces/srv/FullNameSumService.idl
[2.912s] -- Up-to-date: /home/artem/Documents/3_course/robotics/task3/ex01/install/fullname_interfaces/share/fullname_interfaces/msg/FullNameMessage.msg
[2.912s] -- Up-to-date: /home/artem/Documents/3_course/robotics/task3/ex01/install/fullname_interfaces/share/fullname_interfaces/srv/FullNameSumService.srv
[2.912s] -- Up-to-date: /home/artem/Documents/3_course/robotics/task3/ex01/install/fullname_interfaces/share/ament_index/resource_index/package_run_dependencies/fullname_interfaces
[2.912s] -- Installing: /home/artem/Documents/3_course/robotics/task3/ex01/install/fullname_interfaces/share/ament_index/resource_index/parent_prefix_path/fullname_interfaces
[2.913s] -- Up-to-date: /home/artem/Documents/3_course/robotics/task3/ex01/install/fullname_interfaces/share/fullname_interfaces/environment/ament_prefix_path.sh
[2.913s] -- Up-to-date: /home/artem/Documents/3_course/robotics/task3/ex01/install/fullname_interfaces/share/fullname_interfaces/environment/ament_prefix_path.dsv
[2.913s] -- Up-to-date: /home/artem/Documents/3_course/robotics/task3/ex01/install/fullname_interfaces/share/fullname_interfaces/environment/path.sh
[2.913s] -- Up-to-date: /home/artem/Documents/3_course/robotics/task3/ex01/install/fullname_interfaces/share/fullname_interfaces/environment/path.dsv
[2.914s] -- Up-to-date: /home/artem/Documents/3_course/robotics/task3/ex01/install/fullname_interfaces/share/fullname_interfaces/local_setup.bash
[2.914s] -- Up-to-date: /home/artem/Documents/3_course/robotics/task3/ex01/install/fullname_interfaces/share/fullname_interfaces/local_setup.sh
[2.914s] -- Up-to-date: /home/artem/Documents/3_course/robotics/task3/ex01/install/fullname_interfaces/share/fullname_interfaces/local_setup.zsh
[2.914s] -- Up-to-date: /home/artem/Documents/3_course/robotics/task3/ex01/install/fullname_interfaces/share/fullname_interfaces/local_setup.dsv
[2.915s] -- Installing: /home/artem/Documents/3_course/robotics/task3/ex01/install/fullname_interfaces/share/fullname_interfaces/package.dsv
[2.915s] -- Up-to-date: /home/artem/Documents/3_course/robotics/task3/ex01/install/fullname_interfaces/share/ament_index/resource_index/packages/fullname_interfaces
[2.915s] -- Up-to-date: /home/artem/Documents/3_course/robotics/task3/ex01/install/fullname_interfaces/share/fullname_interfaces/cmake/export_fullname_interfaces__rosidl_generator_cExport.cmake
[2.915s] -- Up-to-date: /home/artem/Documents/3_course/robotics/task3/ex01/install/fullname_interfaces/share/fullname_interfaces/cmake/export_fullname_interfaces__rosidl_generator_cExport-noconfig.cmake
[2.916s] -- Up-to-date: /home/artem/Documents/3_course/robotics/task3/ex01/install/fullname_interfaces/share/fullname_interfaces/cmake/export_fullname_interfaces__rosidl_typesupport_fastrtps_cExport.cmake
[2.916s] -- Up-to-date: /home/artem/Documents/3_course/robotics/task3/ex01/install/fullname_interfaces/share/fullname_interfaces/cmake/export_fullname_interfaces__rosidl_typesupport_fastrtps_cExport-noconfig.cmake
[2.916s] -- Up-to-date: /home/artem/Documents/3_course/robotics/task3/ex01/install/fullname_interfaces/share/fullname_interfaces/cmake/fullname_interfaces__rosidl_typesupport_introspection_cExport.cmake
[2.917s] -- Up-to-date: /home/artem/Documents/3_course/robotics/task3/ex01/install/fullname_interfaces/share/fullname_interfaces/cmake/fullname_interfaces__rosidl_typesupport_introspection_cExport-noconfig.cmake
[2.917s] -- Up-to-date: /home/artem/Documents/3_course/robotics/task3/ex01/install/fullname_interfaces/share/fullname_interfaces/cmake/fullname_interfaces__rosidl_typesupport_cExport.cmake
[2.917s] -- Up-to-date: /home/artem/Documents/3_course/robotics/task3/ex01/install/fullname_interfaces/share/fullname_interfaces/cmake/fullname_interfaces__rosidl_typesupport_cExport-noconfig.cmake
[2.917s] -- Up-to-date: /home/artem/Documents/3_course/robotics/task3/ex01/install/fullname_interfaces/share/fullname_interfaces/cmake/export_fullname_interfaces__rosidl_generator_cppExport.cmake
[2.918s] -- Up-to-date: /home/artem/Documents/3_course/robotics/task3/ex01/install/fullname_interfaces/share/fullname_interfaces/cmake/export_fullname_interfaces__rosidl_typesupport_fastrtps_cppExport.cmake
[2.918s] -- Up-to-date: /home/artem/Documents/3_course/robotics/task3/ex01/install/fullname_interfaces/share/fullname_interfaces/cmake/export_fullname_interfaces__rosidl_typesupport_fastrtps_cppExport-noconfig.cmake
[2.918s] -- Up-to-date: /home/artem/Documents/3_course/robotics/task3/ex01/install/fullname_interfaces/share/fullname_interfaces/cmake/fullname_interfaces__rosidl_typesupport_introspection_cppExport.cmake
[2.919s] -- Up-to-date: /home/artem/Documents/3_course/robotics/task3/ex01/install/fullname_interfaces/share/fullname_interfaces/cmake/fullname_interfaces__rosidl_typesupport_introspection_cppExport-noconfig.cmake
[2.919s] -- Up-to-date: /home/artem/Documents/3_course/robotics/task3/ex01/install/fullname_interfaces/share/fullname_interfaces/cmake/fullname_interfaces__rosidl_typesupport_cppExport.cmake
[2.919s] -- Up-to-date: /home/artem/Documents/3_course/robotics/task3/ex01/install/fullname_interfaces/share/fullname_interfaces/cmake/fullname_interfaces__rosidl_typesupport_cppExport-noconfig.cmake
[2.920s] -- Up-to-date: /home/artem/Documents/3_course/robotics/task3/ex01/install/fullname_interfaces/share/fullname_interfaces/cmake/export_fullname_interfaces__rosidl_generator_pyExport.cmake
[2.920s] -- Up-to-date: /home/artem/Documents/3_course/robotics/task3/ex01/install/fullname_interfaces/share/fullname_interfaces/cmake/export_fullname_interfaces__rosidl_generator_pyExport-noconfig.cmake
[2.920s] -- Up-to-date: /home/artem/Documents/3_course/robotics/task3/ex01/install/fullname_interfaces/share/fullname_interfaces/cmake/rosidl_cmake-extras.cmake
[2.921s] -- Up-to-date: /home/artem/Documents/3_course/robotics/task3/ex01/install/fullname_interfaces/share/fullname_interfaces/cmake/ament_cmake_export_dependencies-extras.cmake
[2.921s] -- Up-to-date: /home/artem/Documents/3_course/robotics/task3/ex01/install/fullname_interfaces/share/fullname_interfaces/cmake/ament_cmake_export_include_directories-extras.cmake
[2.921s] -- Up-to-date: /home/artem/Documents/3_course/robotics/task3/ex01/install/fullname_interfaces/share/fullname_interfaces/cmake/ament_cmake_export_libraries-extras.cmake
[2.922s] -- Up-to-date: /home/artem/Documents/3_course/robotics/task3/ex01/install/fullname_interfaces/share/fullname_interfaces/cmake/ament_cmake_export_targets-extras.cmake
[2.922s] -- Up-to-date: /home/artem/Documents/3_course/robotics/task3/ex01/install/fullname_interfaces/share/fullname_interfaces/cmake/rosidl_cmake_export_typesupport_targets-extras.cmake
[2.922s] -- Up-to-date: /home/artem/Documents/3_course/robotics/task3/ex01/install/fullname_interfaces/share/fullname_interfaces/cmake/rosidl_cmake_export_typesupport_libraries-extras.cmake
[2.922s] -- Up-to-date: /home/artem/Documents/3_course/robotics/task3/ex01/install/fullname_interfaces/share/fullname_interfaces/cmake/fullname_interfacesConfig.cmake
[2.922s] -- Up-to-date: /home/artem/Documents/3_course/robotics/task3/ex01/install/fullname_interfaces/share/fullname_interfaces/cmake/fullname_interfacesConfig-version.cmake
[2.923s] -- Installing: /home/artem/Documents/3_course/robotics/task3/ex01/install/fullname_interfaces/share/fullname_interfaces/package.xml
[2.928s] Invoked command in '/home/artem/Documents/3_course/robotics/task3/ex01/build/fullname_interfaces' returned '0': CMAKE_PREFIX_PATH=${CMAKE_PREFIX_PATH}:/home/artem/Documents/3_course/robotics/task3/ex01/install/service_full_name:/opt/ros/jazzy DEBUGINFOD_URLS=https://debuginfod.ubuntu.com /usr/bin/cmake --install /home/artem/Documents/3_course/robotics/task3/ex01/build/fullname_interfaces
