running egg_info
writing ../build/circle_moving/circle_moving.egg-info/PKG-INFO
writing dependency_links to ../build/circle_moving/circle_moving.egg-info/dependency_links.txt
writing entry points to ../build/circle_moving/circle_moving.egg-info/entry_points.txt
writing requirements to ../build/circle_moving/circle_moving.egg-info/requires.txt
writing top-level names to ../build/circle_moving/circle_moving.egg-info/top_level.txt
reading manifest file '../build/circle_moving/circle_moving.egg-info/SOURCES.txt'
writing manifest file '../build/circle_moving/circle_moving.egg-info/SOURCES.txt'
running build
running build_py
copying circle_moving/circle_moving.py -> /home/artem/Documents/3_course/robotics/task5/ex05/build/circle_moving/build/lib/circle_moving
running install
running install_lib
copying /home/artem/Documents/3_course/robotics/task5/ex05/build/circle_moving/build/lib/circle_moving/circle_moving.py -> /home/artem/Documents/3_course/robotics/task5/ex05/install/circle_moving/lib/python3.12/site-packages/circle_moving
byte-compiling /home/artem/Documents/3_course/robotics/task5/ex05/install/circle_moving/lib/python3.12/site-packages/circle_moving/circle_moving.py to circle_moving.cpython-312.pyc
running install_data
running install_egg_info
removing '/home/artem/Documents/3_course/robotics/task5/ex05/install/circle_moving/lib/python3.12/site-packages/circle_moving-0.0.0-py3.12.egg-info' (and everything under it)
Copying ../build/circle_moving/circle_moving.egg-info to /home/artem/Documents/3_course/robotics/task5/ex05/install/circle_moving/lib/python3.12/site-packages/circle_moving-0.0.0-py3.12.egg-info
running install_scripts
Installing circle_moving script to /home/artem/Documents/3_course/robotics/task5/ex05/install/circle_moving/lib/circle_moving
writing list of installed files to '/home/artem/Documents/3_course/robotics/task5/ex05/build/circle_moving/install.log'
