[1.494s] Invoking command in '/home/artem/Documents/3_course/robotics/task5/ex05/circle_moving': DEBUGINFOD_URLS=https://debuginfod.ubuntu.com PYTHONPATH=/home/artem/Documents/3_course/robotics/task5/ex05/build/circle_moving/prefix_override:/usr/lib/python3/dist-packages/colcon_core/task/python/colcon_distutils_commands:/home/artem/Documents/3_course/robotics/task5/ex05/install/circle_moving/lib/python3.12/site-packages:${PYTHONPATH} /usr/bin/python3 -W ignore:setup.py install is deprecated -W ignore:easy_install command is deprecated setup.py egg_info --egg-base ../build/circle_moving build --build-base /home/artem/Documents/3_course/robotics/task5/ex05/build/circle_moving/build install --record /home/artem/Documents/3_course/robotics/task5/ex05/build/circle_moving/install.log --single-version-externally-managed install_data
[1.959s] running egg_info
[1.990s] writing ../build/circle_moving/circle_moving.egg-info/PKG-INFO
[1.990s] writing dependency_links to ../build/circle_moving/circle_moving.egg-info/dependency_links.txt
[1.990s] writing entry points to ../build/circle_moving/circle_moving.egg-info/entry_points.txt
[1.990s] writing requirements to ../build/circle_moving/circle_moving.egg-info/requires.txt
[1.991s] writing top-level names to ../build/circle_moving/circle_moving.egg-info/top_level.txt
[2.075s] reading manifest file '../build/circle_moving/circle_moving.egg-info/SOURCES.txt'
[2.076s] writing manifest file '../build/circle_moving/circle_moving.egg-info/SOURCES.txt'
[2.077s] running build
[2.077s] running build_py
[2.078s] copying circle_moving/circle_moving.py -> /home/artem/Documents/3_course/robotics/task5/ex05/build/circle_moving/build/lib/circle_moving
[2.078s] running install
[2.095s] running install_lib
[2.142s] copying /home/artem/Documents/3_course/robotics/task5/ex05/build/circle_moving/build/lib/circle_moving/circle_moving.py -> /home/artem/Documents/3_course/robotics/task5/ex05/install/circle_moving/lib/python3.12/site-packages/circle_moving
[2.143s] byte-compiling /home/artem/Documents/3_course/robotics/task5/ex05/install/circle_moving/lib/python3.12/site-packages/circle_moving/circle_moving.py to circle_moving.cpython-312.pyc
[2.145s] running install_data
[2.145s] running install_egg_info
[2.185s] removing '/home/artem/Documents/3_course/robotics/task5/ex05/install/circle_moving/lib/python3.12/site-packages/circle_moving-0.0.0-py3.12.egg-info' (and everything under it)
[2.185s] Copying ../build/circle_moving/circle_moving.egg-info to /home/artem/Documents/3_course/robotics/task5/ex05/install/circle_moving/lib/python3.12/site-packages/circle_moving-0.0.0-py3.12.egg-info
[2.186s] running install_scripts
[2.433s] Installing circle_moving script to /home/artem/Documents/3_course/robotics/task5/ex05/install/circle_moving/lib/circle_moving
[2.434s] writing list of installed files to '/home/artem/Documents/3_course/robotics/task5/ex05/build/circle_moving/install.log'
[2.499s] Invoked command in '/home/artem/Documents/3_course/robotics/task5/ex05/circle_moving' returned '0': DEBUGINFOD_URLS=https://debuginfod.ubuntu.com PYTHONPATH=/home/artem/Documents/3_course/robotics/task5/ex05/build/circle_moving/prefix_override:/usr/lib/python3/dist-packages/colcon_core/task/python/colcon_distutils_commands:/home/artem/Documents/3_course/robotics/task5/ex05/install/circle_moving/lib/python3.12/site-packages:${PYTHONPATH} /usr/bin/python3 -W ignore:setup.py install is deprecated -W ignore:easy_install command is deprecated setup.py egg_info --egg-base ../build/circle_moving build --build-base /home/artem/Documents/3_course/robotics/task5/ex05/build/circle_moving/build install --record /home/artem/Documents/3_course/robotics/task5/ex05/build/circle_moving/install.log --single-version-externally-managed install_data
