[1.665s] Invoking command in '/home/artem/Documents/3_course/robotics/task3/ex04/move_to_goal': DEBUGINFOD_URLS=https://debuginfod.ubuntu.com PYTHONPATH=/home/artem/Documents/3_course/robotics/task3/ex04/build/move_to_goal/prefix_override:/usr/lib/python3/dist-packages/colcon_core/task/python/colcon_distutils_commands:/home/artem/Documents/3_course/robotics/task3/ex04/install/move_to_goal/lib/python3.12/site-packages:${PYTHONPATH} /usr/bin/python3 -W ignore:setup.py install is deprecated -W ignore:easy_install command is deprecated setup.py egg_info --egg-base ../build/move_to_goal build --build-base /home/artem/Documents/3_course/robotics/task3/ex04/build/move_to_goal/build install --record /home/artem/Documents/3_course/robotics/task3/ex04/build/move_to_goal/install.log --single-version-externally-managed install_data
[2.046s] running egg_info
[2.047s] creating ../build/move_to_goal/move_to_goal.egg-info
[2.068s] writing ../build/move_to_goal/move_to_goal.egg-info/PKG-INFO
[2.069s] writing dependency_links to ../build/move_to_goal/move_to_goal.egg-info/dependency_links.txt
[2.069s] writing entry points to ../build/move_to_goal/move_to_goal.egg-info/entry_points.txt
[2.069s] writing requirements to ../build/move_to_goal/move_to_goal.egg-info/requires.txt
[2.069s] writing top-level names to ../build/move_to_goal/move_to_goal.egg-info/top_level.txt
[2.069s] writing manifest file '../build/move_to_goal/move_to_goal.egg-info/SOURCES.txt'
[2.111s] reading manifest file '../build/move_to_goal/move_to_goal.egg-info/SOURCES.txt'
[2.112s] writing manifest file '../build/move_to_goal/move_to_goal.egg-info/SOURCES.txt'
[2.112s] running build
[2.112s] running build_py
[2.113s] creating /home/artem/Documents/3_course/robotics/task3/ex04/build/move_to_goal/build
[2.113s] creating /home/artem/Documents/3_course/robotics/task3/ex04/build/move_to_goal/build/lib
[2.113s] creating /home/artem/Documents/3_course/robotics/task3/ex04/build/move_to_goal/build/lib/move_to_goal
[2.113s] copying move_to_goal/__init__.py -> /home/artem/Documents/3_course/robotics/task3/ex04/build/move_to_goal/build/lib/move_to_goal
[2.113s] copying move_to_goal/move_to_goal.py -> /home/artem/Documents/3_course/robotics/task3/ex04/build/move_to_goal/build/lib/move_to_goal
[2.113s] running install
[2.125s] running install_lib
[2.150s] creating /home/artem/Documents/3_course/robotics/task3/ex04/install/move_to_goal/lib/python3.12/site-packages/move_to_goal
[2.150s] copying /home/artem/Documents/3_course/robotics/task3/ex04/build/move_to_goal/build/lib/move_to_goal/__init__.py -> /home/artem/Documents/3_course/robotics/task3/ex04/install/move_to_goal/lib/python3.12/site-packages/move_to_goal
[2.150s] copying /home/artem/Documents/3_course/robotics/task3/ex04/build/move_to_goal/build/lib/move_to_goal/move_to_goal.py -> /home/artem/Documents/3_course/robotics/task3/ex04/install/move_to_goal/lib/python3.12/site-packages/move_to_goal
[2.151s] byte-compiling /home/artem/Documents/3_course/robotics/task3/ex04/install/move_to_goal/lib/python3.12/site-packages/move_to_goal/__init__.py to __init__.cpython-312.pyc
[2.151s] byte-compiling /home/artem/Documents/3_course/robotics/task3/ex04/install/move_to_goal/lib/python3.12/site-packages/move_to_goal/move_to_goal.py to move_to_goal.cpython-312.pyc
[2.153s] running install_data
[2.153s] creating /home/artem/Documents/3_course/robotics/task3/ex04/install/move_to_goal/share/ament_index
[2.153s] creating /home/artem/Documents/3_course/robotics/task3/ex04/install/move_to_goal/share/ament_index/resource_index
[2.153s] creating /home/artem/Documents/3_course/robotics/task3/ex04/install/move_to_goal/share/ament_index/resource_index/packages
[2.153s] copying resource/move_to_goal -> /home/artem/Documents/3_course/robotics/task3/ex04/install/move_to_goal/share/ament_index/resource_index/packages
[2.153s] copying package.xml -> /home/artem/Documents/3_course/robotics/task3/ex04/install/move_to_goal/share/move_to_goal
[2.153s] running install_egg_info
[2.178s] Copying ../build/move_to_goal/move_to_goal.egg-info to /home/artem/Documents/3_course/robotics/task3/ex04/install/move_to_goal/lib/python3.12/site-packages/move_to_goal-0.0.0-py3.12.egg-info
[2.179s] running install_scripts
[2.345s] Installing move_to_goal script to /home/artem/Documents/3_course/robotics/task3/ex04/install/move_to_goal/lib/move_to_goal
[2.346s] writing list of installed files to '/home/artem/Documents/3_course/robotics/task3/ex04/build/move_to_goal/install.log'
[2.389s] Invoked command in '/home/artem/Documents/3_course/robotics/task3/ex04/move_to_goal' returned '0': DEBUGINFOD_URLS=https://debuginfod.ubuntu.com PYTHONPATH=/home/artem/Documents/3_course/robotics/task3/ex04/build/move_to_goal/prefix_override:/usr/lib/python3/dist-packages/colcon_core/task/python/colcon_distutils_commands:/home/artem/Documents/3_course/robotics/task3/ex04/install/move_to_goal/lib/python3.12/site-packages:${PYTHONPATH} /usr/bin/python3 -W ignore:setup.py install is deprecated -W ignore:easy_install command is deprecated setup.py egg_info --egg-base ../build/move_to_goal build --build-base /home/artem/Documents/3_course/robotics/task3/ex04/build/move_to_goal/build install --record /home/artem/Documents/3_course/robotics/task3/ex04/build/move_to_goal/install.log --single-version-externally-managed install_data
