[0.431s] Invoking command in '/home/artem/Documents/3_course/robotics/task5/ex05/build/robot_bringup': CMAKE_PREFIX_PATH=${CMAKE_PREFIX_PATH}:/home/artem/Documents/3_course/robotics/task5/ex05/install/circle_moving:/opt/ros/jazzy DEBUGINFOD_URLS=https://debuginfod.ubuntu.com /usr/bin/cmake --build /home/artem/Documents/3_course/robotics/task5/ex05/build/robot_bringup -- -j12 -l12
[0.521s] Invoked command in '/home/artem/Documents/3_course/robotics/task5/ex05/build/robot_bringup' returned '0': CMAKE_PREFIX_PATH=${CMAKE_PREFIX_PATH}:/home/artem/Documents/3_course/robotics/task5/ex05/install/circle_moving:/opt/ros/jazzy DEBUGINFOD_URLS=https://debuginfod.ubuntu.com /usr/bin/cmake --build /home/artem/Documents/3_course/robotics/task5/ex05/build/robot_bringup -- -j12 -l12
[0.543s] Invoking command in '/home/artem/Documents/3_course/robotics/task5/ex05/build/robot_bringup': CMAKE_PREFIX_PATH=${CMAKE_PREFIX_PATH}:/home/artem/Documents/3_course/robotics/task5/ex05/install/circle_moving:/opt/ros/jazzy DEBUGINFOD_URLS=https://debuginfod.ubuntu.com /usr/bin/cmake --install /home/artem/Documents/3_course/robotics/task5/ex05/build/robot_bringup
[0.564s] -- Install configuration: ""
[0.564s] -- Up-to-date: /home/artem/Documents/3_course/robotics/task5/ex05/install/robot_bringup/share/robot_bringup/launch
[0.564s] -- Up-to-date: /home/artem/Documents/3_course/robotics/task5/ex05/install/robot_bringup/share/robot_bringup/launch/diff_drive.launch.py
[0.565s] -- Up-to-date: /home/artem/Documents/3_course/robotics/task5/ex05/install/robot_bringup/share/robot_bringup/config
[0.565s] -- Up-to-date: /home/artem/Documents/3_course/robotics/task5/ex05/install/robot_bringup/share/robot_bringup/config/robot_bridge.yaml
[0.566s] -- Up-to-date: /home/artem/Documents/3_course/robotics/task5/ex05/install/robot_bringup/share/robot_bringup/config/diff_drive.rviz
[0.566s] -- Up-to-date: /home/artem/Documents/3_course/robotics/task5/ex05/install/robot_bringup/share/ament_index/resource_index/package_run_dependencies/robot_bringup
[0.566s] -- Up-to-date: /home/artem/Documents/3_course/robotics/task5/ex05/install/robot_bringup/share/ament_index/resource_index/parent_prefix_path/robot_bringup
[0.567s] -- Up-to-date: /home/artem/Documents/3_course/robotics/task5/ex05/install/robot_bringup/share/robot_bringup/environment/ament_prefix_path.sh
[0.567s] -- Up-to-date: /home/artem/Documents/3_course/robotics/task5/ex05/install/robot_bringup/share/robot_bringup/environment/ament_prefix_path.dsv
[0.567s] -- Up-to-date: /home/artem/Documents/3_course/robotics/task5/ex05/install/robot_bringup/share/robot_bringup/environment/path.sh
[0.567s] -- Up-to-date: /home/artem/Documents/3_course/robotics/task5/ex05/install/robot_bringup/share/robot_bringup/environment/path.dsv
[0.568s] -- Up-to-date: /home/artem/Documents/3_course/robotics/task5/ex05/install/robot_bringup/share/robot_bringup/local_setup.bash
[0.568s] -- Up-to-date: /home/artem/Documents/3_course/robotics/task5/ex05/install/robot_bringup/share/robot_bringup/local_setup.sh
[0.568s] -- Up-to-date: /home/artem/Documents/3_course/robotics/task5/ex05/install/robot_bringup/share/robot_bringup/local_setup.zsh
[0.569s] -- Up-to-date: /home/artem/Documents/3_course/robotics/task5/ex05/install/robot_bringup/share/robot_bringup/local_setup.dsv
[0.571s] -- Installing: /home/artem/Documents/3_course/robotics/task5/ex05/install/robot_bringup/share/robot_bringup/package.dsv
[0.572s] -- Up-to-date: /home/artem/Documents/3_course/robotics/task5/ex05/install/robot_bringup/share/ament_index/resource_index/packages/robot_bringup
[0.573s] -- Up-to-date: /home/artem/Documents/3_course/robotics/task5/ex05/install/robot_bringup/share/robot_bringup/cmake/robot_bringupConfig.cmake
[0.574s] -- Up-to-date: /home/artem/Documents/3_course/robotics/task5/ex05/install/robot_bringup/share/robot_bringup/cmake/robot_bringupConfig-version.cmake
[0.574s] -- Up-to-date: /home/artem/Documents/3_course/robotics/task5/ex05/install/robot_bringup/share/robot_bringup/package.xml
[0.576s] Invoked command in '/home/artem/Documents/3_course/robotics/task5/ex05/build/robot_bringup' returned '0': CMAKE_PREFIX_PATH=${CMAKE_PREFIX_PATH}:/home/artem/Documents/3_course/robotics/task5/ex05/install/circle_moving:/opt/ros/jazzy DEBUGINFOD_URLS=https://debuginfod.ubuntu.com /usr/bin/cmake --install /home/artem/Documents/3_course/robotics/task5/ex05/build/robot_bringup
