[0.470s] Invoking command in '/home/artem/Documents/3_course/robotics/task3/ex01/service_full_name': DEBUGINFOD_URLS=https://debuginfod.ubuntu.com PYTHONPATH=/home/artem/Documents/3_course/robotics/task3/ex01/build/service_full_name/prefix_override:/usr/lib/python3/dist-packages/colcon_core/task/python/colcon_distutils_commands:/home/artem/Documents/3_course/robotics/task3/ex01/install/service_full_name/lib/python3.12/site-packages:/home/artem/Documents/3_course/robotics/task3/ex01/install/fullname_interfaces/lib/python3.12/site-packages:/home/artem/Documents/3_course/robotics/task3/ex01/install/service_full_name/lib/python3.12/site-packages:/home/artem/ros2_ws/install/turtlesim/lib/python3.12/site-packages:/opt/ros/jazzy/lib/python3.12/site-packages /usr/bin/python3 -W ignore:setup.py install is deprecated -W ignore:easy_install command is deprecated setup.py egg_info --egg-base ../build/service_full_name build --build-base /home/artem/Documents/3_course/robotics/task3/ex01/build/service_full_name/build install --record /home/artem/Documents/3_course/robotics/task3/ex01/build/service_full_name/install.log --single-version-externally-managed install_data
[0.640s] running egg_info
[0.650s] writing ../build/service_full_name/service_full_name.egg-info/PKG-INFO
[0.650s] writing dependency_links to ../build/service_full_name/service_full_name.egg-info/dependency_links.txt
[0.650s] writing entry points to ../build/service_full_name/service_full_name.egg-info/entry_points.txt
[0.650s] writing requirements to ../build/service_full_name/service_full_name.egg-info/requires.txt
[0.650s] writing top-level names to ../build/service_full_name/service_full_name.egg-info/top_level.txt
[0.670s] reading manifest file '../build/service_full_name/service_full_name.egg-info/SOURCES.txt'
[0.670s] adding license file 'LICENSE'
[0.670s] writing manifest file '../build/service_full_name/service_full_name.egg-info/SOURCES.txt'
[0.670s] running build
[0.670s] running build_py
[0.670s] running install
[0.674s] running install_lib
[0.684s] running install_data
[0.685s] running install_egg_info
[0.695s] removing '/home/artem/Documents/3_course/robotics/task3/ex01/install/service_full_name/lib/python3.12/site-packages/service_full_name-0.0.0-py3.12.egg-info' (and everything under it)
[0.695s] Copying ../build/service_full_name/service_full_name.egg-info to /home/artem/Documents/3_course/robotics/task3/ex01/install/service_full_name/lib/python3.12/site-packages/service_full_name-0.0.0-py3.12.egg-info
[0.695s] running install_scripts
[0.766s] Installing client_name script to /home/artem/Documents/3_course/robotics/task3/ex01/install/service_full_name/lib/service_full_name
[0.766s] Installing service_name script to /home/artem/Documents/3_course/robotics/task3/ex01/install/service_full_name/lib/service_full_name
[0.767s] writing list of installed files to '/home/artem/Documents/3_course/robotics/task3/ex01/build/service_full_name/install.log'
[0.785s] Invoked command in '/home/artem/Documents/3_course/robotics/task3/ex01/service_full_name' returned '0': DEBUGINFOD_URLS=https://debuginfod.ubuntu.com PYTHONPATH=/home/artem/Documents/3_course/robotics/task3/ex01/build/service_full_name/prefix_override:/usr/lib/python3/dist-packages/colcon_core/task/python/colcon_distutils_commands:/home/artem/Documents/3_course/robotics/task3/ex01/install/service_full_name/lib/python3.12/site-packages:/home/artem/Documents/3_course/robotics/task3/ex01/install/fullname_interfaces/lib/python3.12/site-packages:/home/artem/Documents/3_course/robotics/task3/ex01/install/service_full_name/lib/python3.12/site-packages:/home/artem/ros2_ws/install/turtlesim/lib/python3.12/site-packages:/opt/ros/jazzy/lib/python3.12/site-packages /usr/bin/python3 -W ignore:setup.py install is deprecated -W ignore:easy_install command is deprecated setup.py egg_info --egg-base ../build/service_full_name build --build-base /home/artem/Documents/3_course/robotics/task3/ex01/build/service_full_name/build install --record /home/artem/Documents/3_course/robotics/task3/ex01/build/service_full_name/install.log --single-version-externally-managed install_data
