[0.008s] Invoking command in '/home/artem/Documents/3_course/robotics/task5/ex03/build/robot_description': CMAKE_PREFIX_PATH=${CMAKE_PREFIX_PATH}:/opt/ros/jazzy DEBUGINFOD_URLS=https://debuginfod.ubuntu.com /usr/bin/cmake --build /home/artem/Documents/3_course/robotics/task5/ex03/build/robot_description -- -j12 -l12
[0.039s] Invoked command in '/home/artem/Documents/3_course/robotics/task5/ex03/build/robot_description' returned '0': CMAKE_PREFIX_PATH=${CMAKE_PREFIX_PATH}:/opt/ros/jazzy DEBUGINFOD_URLS=https://debuginfod.ubuntu.com /usr/bin/cmake --build /home/artem/Documents/3_course/robotics/task5/ex03/build/robot_description -- -j12 -l12
[0.048s] Invoking command in '/home/artem/Documents/3_course/robotics/task5/ex03/build/robot_description': CMAKE_PREFIX_PATH=${CMAKE_PREFIX_PATH}:/opt/ros/jazzy DEBUGINFOD_URLS=https://debuginfod.ubuntu.com /usr/bin/cmake --install /home/artem/Documents/3_course/robotics/task5/ex03/build/robot_description
[0.054s] -- Install configuration: ""
[0.054s] -- Up-to-date: /home/artem/Documents/3_course/robotics/task5/ex03/install/robot_description/share/robot_description//urdf
[0.054s] -- Installing: /home/artem/Documents/3_course/robotics/task5/ex03/install/robot_description/share/robot_description//urdf/gazebo.urdf.xacro
[0.054s] -- Installing: /home/artem/Documents/3_course/robotics/task5/ex03/install/robot_description/share/robot_description//urdf/robot.urdf.xacro
[0.054s] -- Up-to-date: /home/artem/Documents/3_course/robotics/task5/ex03/install/robot_description/share/ament_index/resource_index/package_run_dependencies/robot_description
[0.054s] -- Up-to-date: /home/artem/Documents/3_course/robotics/task5/ex03/install/robot_description/share/ament_index/resource_index/parent_prefix_path/robot_description
[0.054s] -- Up-to-date: /home/artem/Documents/3_course/robotics/task5/ex03/install/robot_description/share/robot_description/environment/ament_prefix_path.sh
[0.055s] -- Up-to-date: /home/artem/Documents/3_course/robotics/task5/ex03/install/robot_description/share/robot_description/environment/ament_prefix_path.dsv
[0.055s] -- Up-to-date: /home/artem/Documents/3_course/robotics/task5/ex03/install/robot_description/share/robot_description/environment/path.sh
[0.055s] -- Up-to-date: /home/artem/Documents/3_course/robotics/task5/ex03/install/robot_description/share/robot_description/environment/path.dsv
[0.055s] -- Up-to-date: /home/artem/Documents/3_course/robotics/task5/ex03/install/robot_description/share/robot_description/local_setup.bash
[0.055s] -- Up-to-date: /home/artem/Documents/3_course/robotics/task5/ex03/install/robot_description/share/robot_description/local_setup.sh
[0.055s] -- Up-to-date: /home/artem/Documents/3_course/robotics/task5/ex03/install/robot_description/share/robot_description/local_setup.zsh
[0.055s] -- Up-to-date: /home/artem/Documents/3_course/robotics/task5/ex03/install/robot_description/share/robot_description/local_setup.dsv
[0.055s] -- Installing: /home/artem/Documents/3_course/robotics/task5/ex03/install/robot_description/share/robot_description/package.dsv
[0.055s] -- Up-to-date: /home/artem/Documents/3_course/robotics/task5/ex03/install/robot_description/share/ament_index/resource_index/packages/robot_description
[0.055s] -- Up-to-date: /home/artem/Documents/3_course/robotics/task5/ex03/install/robot_description/share/robot_description/cmake/robot_descriptionConfig.cmake
[0.055s] -- Up-to-date: /home/artem/Documents/3_course/robotics/task5/ex03/install/robot_description/share/robot_description/cmake/robot_descriptionConfig-version.cmake
[0.055s] -- Up-to-date: /home/artem/Documents/3_course/robotics/task5/ex03/install/robot_description/share/robot_description/package.xml
[0.056s] Invoked command in '/home/artem/Documents/3_course/robotics/task5/ex03/build/robot_description' returned '0': CMAKE_PREFIX_PATH=${CMAKE_PREFIX_PATH}:/opt/ros/jazzy DEBUGINFOD_URLS=https://debuginfod.ubuntu.com /usr/bin/cmake --install /home/artem/Documents/3_course/robotics/task5/ex03/build/robot_description
