-- The C compiler identification is GNU 13.3.0
-- The CXX compiler identification is GNU 13.3.0
-- Detecting C compiler ABI info
-- Detecting C compiler ABI info - done
-- Check for working C compiler: /usr/bin/cc - skipped
-- Detecting C compile features
-- Detecting C compile features - done
-- Detecting CXX compiler ABI info
-- Detecting CXX compiler ABI info - done
-- Check for working CXX compiler: /usr/bin/c++ - skipped
-- Detecting CXX compile features
-- Detecting CXX compile features - done
-- Found ament_cmake: 2.5.4 (/opt/ros/jazzy/share/ament_cmake/cmake)
-- Found Python3: /usr/bin/python3 (found version "3.12.3") found components: Interpreter 
-- Found std_msgs: 5.3.6 (/opt/ros/jazzy/share/std_msgs/cmake)
-- Found rosidl_generator_c: 4.6.6 (/opt/ros/jazzy/share/rosidl_generator_c/cmake)
-- Found rosidl_generator_cpp: 4.6.6 (/opt/ros/jazzy/share/rosidl_generator_cpp/cmake)
-- Using all available rosidl_typesupport_c: rosidl_typesupport_fastrtps_c;rosidl_typesupport_introspection_c
-- Using all available rosidl_typesupport_cpp: rosidl_typesupport_fastrtps_cpp;rosidl_typesupport_introspection_cpp
-- Found rosidl_default_generators: 1.6.0 (/opt/ros/jazzy/share/rosidl_default_generators/cmake)
-- Found rosidl_adapter: 4.6.6 (/opt/ros/jazzy/share/rosidl_adapter/cmake)
-- Found ament_lint_auto: 0.17.3 (/opt/ros/jazzy/share/ament_lint_auto/cmake)
-- Found ament_cmake_ros: 0.12.0 (/opt/ros/jazzy/share/ament_cmake_ros/cmake)
-- Using all available rosidl_typesupport_c: rosidl_typesupport_fastrtps_c;rosidl_typesupport_introspection_c
-- Using all available rosidl_typesupport_cpp: rosidl_typesupport_fastrtps_cpp;rosidl_typesupport_introspection_cpp
-- Found python_cmake_module: 0.11.1 (/opt/ros/jazzy/share/python_cmake_module/cmake)
-- Found PythonExtra: /usr/bin/python3  
-- Found Python3: /usr/bin/python3 (found version "3.12.3") found components: Interpreter Development NumPy Development.Module Development.Embed 
-- Added test 'lint_cmake' to check CMake code style
-- Added test 'xmllint' to check XML markup files
-- Configuring done (5.6s)
-- Generating done (0.0s)
-- Build files have been written to: /home/artem/Documents/3_course/robotics/task4/ex02b/build/current_target_message
[  2%] [34m[1mGenerating type hashes for ROS interfaces[0m
[  2%] Built target ament_cmake_python_copy_current_target_message
[  2%] Built target current_target_message__rosidl_generator_type_description
running egg_info
creating current_target_message.egg-info
[  5%] [34m[1mGenerating C code for ROS interfaces[0m
[  8%] [34m[1mGenerating C++ code for ROS interfaces[0m
writing current_target_message.egg-info/PKG-INFO
writing dependency_links to current_target_message.egg-info/dependency_links.txt
writing top-level names to current_target_message.egg-info/top_level.txt
writing manifest file 'current_target_message.egg-info/SOURCES.txt'
reading manifest file 'current_target_message.egg-info/SOURCES.txt'
writing manifest file 'current_target_message.egg-info/SOURCES.txt'
[  8%] Built target ament_cmake_python_build_current_target_message_egg
[  8%] Built target current_target_message__cpp
[ 11%] [32mBuilding C object CMakeFiles/current_target_message__rosidl_generator_c.dir/rosidl_generator_c/current_target_message/msg/detail/current_target__description.c.o[0m
[ 17%] [32mBuilding C object CMakeFiles/current_target_message__rosidl_generator_c.dir/rosidl_generator_c/current_target_message/msg/detail/current_target__functions.c.o[0m
[ 17%] [32mBuilding C object CMakeFiles/current_target_message__rosidl_generator_c.dir/rosidl_generator_c/current_target_message/msg/detail/current_target__type_support.c.o[0m
[ 20%] [32m[1mLinking C shared library libcurrent_target_message__rosidl_generator_c.so[0m
[ 20%] Built target current_target_message__rosidl_generator_c
[ 23%] [34m[1mGenerating C type support for eProsima Fast-RTPS[0m
[ 29%] [34m[1mGenerating C type support dispatch for ROS interfaces[0m
[ 29%] [34m[1mGenerating C++ type support dispatch for ROS interfaces[0m
[ 32%] [34m[1mGenerating C introspection for ROS interfaces[0m
[ 35%] [34m[1mGenerating C++ introspection for ROS interfaces[0m
[ 38%] [34m[1mGenerating C++ type support for eProsima Fast-RTPS[0m
[ 41%] [32mBuilding CXX object CMakeFiles/current_target_message__rosidl_typesupport_cpp.dir/rosidl_typesupport_cpp/current_target_message/msg/current_target__type_support.cpp.o[0m
[ 44%] [32mBuilding CXX object CMakeFiles/current_target_message__rosidl_typesupport_c.dir/rosidl_typesupport_c/current_target_message/msg/current_target__type_support.cpp.o[0m
[ 47%] [32mBuilding CXX object CMakeFiles/current_target_message__rosidl_typesupport_fastrtps_cpp.dir/rosidl_typesupport_fastrtps_cpp/current_target_message/msg/detail/dds_fastrtps/current_target__type_support.cpp.o[0m
[ 50%] [32mBuilding CXX object CMakeFiles/current_target_message__rosidl_typesupport_fastrtps_c.dir/rosidl_typesupport_fastrtps_c/current_target_message/msg/detail/current_target__type_support_c.cpp.o[0m
[ 52%] [32m[1mLinking CXX shared library libcurrent_target_message__rosidl_typesupport_c.so[0m
[ 55%] [32mBuilding CXX object CMakeFiles/current_target_message__rosidl_typesupport_introspection_cpp.dir/rosidl_typesupport_introspection_cpp/current_target_message/msg/detail/current_target__type_support.cpp.o[0m
[ 58%] [32mBuilding C object CMakeFiles/current_target_message__rosidl_typesupport_introspection_c.dir/rosidl_typesupport_introspection_c/current_target_message/msg/detail/current_target__type_support.c.o[0m
[ 58%] Built target current_target_message__rosidl_typesupport_c
[ 61%] [32m[1mLinking C shared library libcurrent_target_message__rosidl_typesupport_introspection_c.so[0m
[ 61%] Built target current_target_message__rosidl_typesupport_introspection_c
[ 64%] [32m[1mLinking CXX shared library libcurrent_target_message__rosidl_typesupport_cpp.so[0m
[ 64%] Built target current_target_message__rosidl_typesupport_cpp
[ 67%] [32m[1mLinking CXX shared library libcurrent_target_message__rosidl_typesupport_introspection_cpp.so[0m
[ 67%] Built target current_target_message__rosidl_typesupport_introspection_cpp
[ 70%] [32m[1mLinking CXX shared library libcurrent_target_message__rosidl_typesupport_fastrtps_cpp.so[0m
[ 73%] [32m[1mLinking CXX shared library libcurrent_target_message__rosidl_typesupport_fastrtps_c.so[0m
[ 73%] Built target current_target_message__rosidl_typesupport_fastrtps_c
[ 73%] Built target current_target_message__rosidl_typesupport_fastrtps_cpp
[ 73%] Built target current_target_message
[ 76%] [34m[1mGenerating Python code for ROS interfaces[0m
[ 76%] Built target current_target_message__py
[ 79%] [32mBuilding C object CMakeFiles/current_target_message__rosidl_generator_py.dir/rosidl_generator_py/current_target_message/msg/_current_target_s.c.o[0m
[ 82%] [32m[1mLinking C shared library libcurrent_target_message__rosidl_generator_py.so[0m
[ 82%] Built target current_target_message__rosidl_generator_py
[ 85%] [32mBuilding C object CMakeFiles/current_target_message_s__rosidl_typesupport_fastrtps_c.dir/rosidl_generator_py/current_target_message/_current_target_message_s.ep.rosidl_typesupport_fastrtps_c.c.o[0m
[ 88%] [32mBuilding C object CMakeFiles/current_target_message_s__rosidl_typesupport_introspection_c.dir/rosidl_generator_py/current_target_message/_current_target_message_s.ep.rosidl_typesupport_introspection_c.c.o[0m
[ 91%] [32mBuilding C object CMakeFiles/current_target_message_s__rosidl_typesupport_c.dir/rosidl_generator_py/current_target_message/_current_target_message_s.ep.rosidl_typesupport_c.c.o[0m
[ 94%] [32m[1mLinking C shared module rosidl_generator_py/current_target_message/current_target_message_s__rosidl_typesupport_c.so[0m
[ 97%] [32m[1mLinking C shared module rosidl_generator_py/current_target_message/current_target_message_s__rosidl_typesupport_introspection_c.so[0m
[100%] [32m[1mLinking C shared module rosidl_generator_py/current_target_message/current_target_message_s__rosidl_typesupport_fastrtps_c.so[0m
[100%] Built target current_target_message_s__rosidl_typesupport_c
[100%] Built target current_target_message_s__rosidl_typesupport_introspection_c
[100%] Built target current_target_message_s__rosidl_typesupport_fastrtps_c
-- Install configuration: ""
-- Installing: /home/artem/Documents/3_course/robotics/task4/ex02b/install/current_target_message/share/ament_index/resource_index/rosidl_interfaces/current_target_message
-- Installing: /home/artem/Documents/3_course/robotics/task4/ex02b/install/current_target_message/share/current_target_message/msg/CurrentTarget.json
-- Installing: /home/artem/Documents/3_course/robotics/task4/ex02b/install/current_target_message/include/current_target_message/current_target_message
-- Installing: /home/artem/Documents/3_course/robotics/task4/ex02b/install/current_target_message/include/current_target_message/current_target_message/msg
-- Installing: /home/artem/Documents/3_course/robotics/task4/ex02b/install/current_target_message/include/current_target_message/current_target_message/msg/rosidl_generator_c__visibility_control.h
-- Installing: /home/artem/Documents/3_course/robotics/task4/ex02b/install/current_target_message/include/current_target_message/current_target_message/msg/current_target.h
-- Installing: /home/artem/Documents/3_course/robotics/task4/ex02b/install/current_target_message/include/current_target_message/current_target_message/msg/detail
-- Installing: /home/artem/Documents/3_course/robotics/task4/ex02b/install/current_target_message/include/current_target_message/current_target_message/msg/detail/current_target__struct.h
-- Installing: /home/artem/Documents/3_course/robotics/task4/ex02b/install/current_target_message/include/current_target_message/current_target_message/msg/detail/current_target__functions.h
-- Installing: /home/artem/Documents/3_course/robotics/task4/ex02b/install/current_target_message/include/current_target_message/current_target_message/msg/detail/current_target__description.c
-- Installing: /home/artem/Documents/3_course/robotics/task4/ex02b/install/current_target_message/include/current_target_message/current_target_message/msg/detail/current_target__type_support.c
-- Installing: /home/artem/Documents/3_course/robotics/task4/ex02b/install/current_target_message/include/current_target_message/current_target_message/msg/detail/current_target__type_support.h
-- Installing: /home/artem/Documents/3_course/robotics/task4/ex02b/install/current_target_message/include/current_target_message/current_target_message/msg/detail/current_target__functions.c
-- Installing: /home/artem/Documents/3_course/robotics/task4/ex02b/install/current_target_message/share/current_target_message/environment/library_path.sh
-- Installing: /home/artem/Documents/3_course/robotics/task4/ex02b/install/current_target_message/share/current_target_message/environment/library_path.dsv
-- Installing: /home/artem/Documents/3_course/robotics/task4/ex02b/install/current_target_message/lib/libcurrent_target_message__rosidl_generator_c.so
-- Set non-toolchain portion of runtime path of "/home/artem/Documents/3_course/robotics/task4/ex02b/install/current_target_message/lib/libcurrent_target_message__rosidl_generator_c.so" to ""
-- Up-to-date: /home/artem/Documents/3_course/robotics/task4/ex02b/install/current_target_message/include/current_target_message/current_target_message
-- Up-to-date: /home/artem/Documents/3_course/robotics/task4/ex02b/install/current_target_message/include/current_target_message/current_target_message/msg
-- Installing: /home/artem/Documents/3_course/robotics/task4/ex02b/install/current_target_message/include/current_target_message/current_target_message/msg/rosidl_typesupport_fastrtps_c__visibility_control.h
-- Up-to-date: /home/artem/Documents/3_course/robotics/task4/ex02b/install/current_target_message/include/current_target_message/current_target_message/msg/detail
-- Installing: /home/artem/Documents/3_course/robotics/task4/ex02b/install/current_target_message/include/current_target_message/current_target_message/msg/detail/current_target__rosidl_typesupport_fastrtps_c.h
-- Installing: /home/artem/Documents/3_course/robotics/task4/ex02b/install/current_target_message/lib/libcurrent_target_message__rosidl_typesupport_fastrtps_c.so
-- Set non-toolchain portion of runtime path of "/home/artem/Documents/3_course/robotics/task4/ex02b/install/current_target_message/lib/libcurrent_target_message__rosidl_typesupport_fastrtps_c.so" to ""
-- Up-to-date: /home/artem/Documents/3_course/robotics/task4/ex02b/install/current_target_message/include/current_target_message/current_target_message
-- Up-to-date: /home/artem/Documents/3_course/robotics/task4/ex02b/install/current_target_message/include/current_target_message/current_target_message/msg
-- Installing: /home/artem/Documents/3_course/robotics/task4/ex02b/install/current_target_message/include/current_target_message/current_target_message/msg/current_target.hpp
-- Installing: /home/artem/Documents/3_course/robotics/task4/ex02b/install/current_target_message/include/current_target_message/current_target_message/msg/rosidl_generator_cpp__visibility_control.hpp
-- Up-to-date: /home/artem/Documents/3_course/robotics/task4/ex02b/install/current_target_message/include/current_target_message/current_target_message/msg/detail
-- Installing: /home/artem/Documents/3_course/robotics/task4/ex02b/install/current_target_message/include/current_target_message/current_target_message/msg/detail/current_target__builder.hpp
-- Installing: /home/artem/Documents/3_course/robotics/task4/ex02b/install/current_target_message/include/current_target_message/current_target_message/msg/detail/current_target__traits.hpp
-- Installing: /home/artem/Documents/3_course/robotics/task4/ex02b/install/current_target_message/include/current_target_message/current_target_message/msg/detail/current_target__struct.hpp
-- Installing: /home/artem/Documents/3_course/robotics/task4/ex02b/install/current_target_message/include/current_target_message/current_target_message/msg/detail/current_target__type_support.hpp
-- Up-to-date: /home/artem/Documents/3_course/robotics/task4/ex02b/install/current_target_message/include/current_target_message/current_target_message
-- Up-to-date: /home/artem/Documents/3_course/robotics/task4/ex02b/install/current_target_message/include/current_target_message/current_target_message/msg
-- Installing: /home/artem/Documents/3_course/robotics/task4/ex02b/install/current_target_message/include/current_target_message/current_target_message/msg/rosidl_typesupport_fastrtps_cpp__visibility_control.h
-- Up-to-date: /home/artem/Documents/3_course/robotics/task4/ex02b/install/current_target_message/include/current_target_message/current_target_message/msg/detail
-- Installing: /home/artem/Documents/3_course/robotics/task4/ex02b/install/current_target_message/include/current_target_message/current_target_message/msg/detail/current_target__rosidl_typesupport_fastrtps_cpp.hpp
-- Installing: /home/artem/Documents/3_course/robotics/task4/ex02b/install/current_target_message/include/current_target_message/current_target_message/msg/detail/dds_fastrtps
-- Installing: /home/artem/Documents/3_course/robotics/task4/ex02b/install/current_target_message/lib/libcurrent_target_message__rosidl_typesupport_fastrtps_cpp.so
-- Set non-toolchain portion of runtime path of "/home/artem/Documents/3_course/robotics/task4/ex02b/install/current_target_message/lib/libcurrent_target_message__rosidl_typesupport_fastrtps_cpp.so" to ""
-- Up-to-date: /home/artem/Documents/3_course/robotics/task4/ex02b/install/current_target_message/include/current_target_message/current_target_message
-- Up-to-date: /home/artem/Documents/3_course/robotics/task4/ex02b/install/current_target_message/include/current_target_message/current_target_message/msg
-- Installing: /home/artem/Documents/3_course/robotics/task4/ex02b/install/current_target_message/include/current_target_message/current_target_message/msg/rosidl_typesupport_introspection_c__visibility_control.h
-- Up-to-date: /home/artem/Documents/3_course/robotics/task4/ex02b/install/current_target_message/include/current_target_message/current_target_message/msg/detail
-- Installing: /home/artem/Documents/3_course/robotics/task4/ex02b/install/current_target_message/include/current_target_message/current_target_message/msg/detail/current_target__rosidl_typesupport_introspection_c.h
-- Installing: /home/artem/Documents/3_course/robotics/task4/ex02b/install/current_target_message/include/current_target_message/current_target_message/msg/detail/current_target__type_support.c
-- Installing: /home/artem/Documents/3_course/robotics/task4/ex02b/install/current_target_message/lib/libcurrent_target_message__rosidl_typesupport_introspection_c.so
-- Set non-toolchain portion of runtime path of "/home/artem/Documents/3_course/robotics/task4/ex02b/install/current_target_message/lib/libcurrent_target_message__rosidl_typesupport_introspection_c.so" to ""
-- Installing: /home/artem/Documents/3_course/robotics/task4/ex02b/install/current_target_message/lib/libcurrent_target_message__rosidl_typesupport_c.so
-- Set non-toolchain portion of runtime path of "/home/artem/Documents/3_course/robotics/task4/ex02b/install/current_target_message/lib/libcurrent_target_message__rosidl_typesupport_c.so" to ""
-- Up-to-date: /home/artem/Documents/3_course/robotics/task4/ex02b/install/current_target_message/include/current_target_message/current_target_message
-- Up-to-date: /home/artem/Documents/3_course/robotics/task4/ex02b/install/current_target_message/include/current_target_message/current_target_message/msg
-- Up-to-date: /home/artem/Documents/3_course/robotics/task4/ex02b/install/current_target_message/include/current_target_message/current_target_message/msg/detail
-- Installing: /home/artem/Documents/3_course/robotics/task4/ex02b/install/current_target_message/include/current_target_message/current_target_message/msg/detail/current_target__rosidl_typesupport_introspection_cpp.hpp
-- Installing: /home/artem/Documents/3_course/robotics/task4/ex02b/install/current_target_message/include/current_target_message/current_target_message/msg/detail/current_target__type_support.cpp
-- Installing: /home/artem/Documents/3_course/robotics/task4/ex02b/install/current_target_message/lib/libcurrent_target_message__rosidl_typesupport_introspection_cpp.so
-- Set non-toolchain portion of runtime path of "/home/artem/Documents/3_course/robotics/task4/ex02b/install/current_target_message/lib/libcurrent_target_message__rosidl_typesupport_introspection_cpp.so" to ""
-- Installing: /home/artem/Documents/3_course/robotics/task4/ex02b/install/current_target_message/lib/libcurrent_target_message__rosidl_typesupport_cpp.so
-- Set non-toolchain portion of runtime path of "/home/artem/Documents/3_course/robotics/task4/ex02b/install/current_target_message/lib/libcurrent_target_message__rosidl_typesupport_cpp.so" to ""
-- Installing: /home/artem/Documents/3_course/robotics/task4/ex02b/install/current_target_message/share/current_target_message/environment/pythonpath.sh
-- Installing: /home/artem/Documents/3_course/robotics/task4/ex02b/install/current_target_message/share/current_target_message/environment/pythonpath.dsv
-- Installing: /home/artem/Documents/3_course/robotics/task4/ex02b/install/current_target_message/lib/python3.12/site-packages/current_target_message-0.0.0-py3.12.egg-info
-- Installing: /home/artem/Documents/3_course/robotics/task4/ex02b/install/current_target_message/lib/python3.12/site-packages/current_target_message-0.0.0-py3.12.egg-info/PKG-INFO
-- Installing: /home/artem/Documents/3_course/robotics/task4/ex02b/install/current_target_message/lib/python3.12/site-packages/current_target_message-0.0.0-py3.12.egg-info/top_level.txt
-- Installing: /home/artem/Documents/3_course/robotics/task4/ex02b/install/current_target_message/lib/python3.12/site-packages/current_target_message-0.0.0-py3.12.egg-info/dependency_links.txt
-- Installing: /home/artem/Documents/3_course/robotics/task4/ex02b/install/current_target_message/lib/python3.12/site-packages/current_target_message-0.0.0-py3.12.egg-info/SOURCES.txt
-- Installing: /home/artem/Documents/3_course/robotics/task4/ex02b/install/current_target_message/lib/python3.12/site-packages/current_target_message
-- Installing: /home/artem/Documents/3_course/robotics/task4/ex02b/install/current_target_message/lib/python3.12/site-packages/current_target_message/_current_target_message_s.ep.rosidl_typesupport_introspection_c.c
-- Installing: /home/artem/Documents/3_course/robotics/task4/ex02b/install/current_target_message/lib/python3.12/site-packages/current_target_message/current_target_message_s__rosidl_typesupport_c.so
-- Installing: /home/artem/Documents/3_course/robotics/task4/ex02b/install/current_target_message/lib/python3.12/site-packages/current_target_message/_current_target_message_s.ep.rosidl_typesupport_fastrtps_c.c
-- Installing: /home/artem/Documents/3_course/robotics/task4/ex02b/install/current_target_message/lib/python3.12/site-packages/current_target_message/__init__.py
-- Installing: /home/artem/Documents/3_course/robotics/task4/ex02b/install/current_target_message/lib/python3.12/site-packages/current_target_message/current_target_message_s__rosidl_typesupport_introspection_c.so
-- Installing: /home/artem/Documents/3_course/robotics/task4/ex02b/install/current_target_message/lib/python3.12/site-packages/current_target_message/msg
-- Installing: /home/artem/Documents/3_course/robotics/task4/ex02b/install/current_target_message/lib/python3.12/site-packages/current_target_message/msg/__init__.py
-- Installing: /home/artem/Documents/3_course/robotics/task4/ex02b/install/current_target_message/lib/python3.12/site-packages/current_target_message/msg/_current_target.py
-- Installing: /home/artem/Documents/3_course/robotics/task4/ex02b/install/current_target_message/lib/python3.12/site-packages/current_target_message/msg/_current_target_s.c
-- Installing: /home/artem/Documents/3_course/robotics/task4/ex02b/install/current_target_message/lib/python3.12/site-packages/current_target_message/_current_target_message_s.ep.rosidl_typesupport_c.c
-- Installing: /home/artem/Documents/3_course/robotics/task4/ex02b/install/current_target_message/lib/python3.12/site-packages/current_target_message/current_target_message_s__rosidl_typesupport_fastrtps_c.so
Listing '/home/artem/Documents/3_course/robotics/task4/ex02b/install/current_target_message/lib/python3.12/site-packages/current_target_message'...
Compiling '/home/artem/Documents/3_course/robotics/task4/ex02b/install/current_target_message/lib/python3.12/site-packages/current_target_message/__init__.py'...
Listing '/home/artem/Documents/3_course/robotics/task4/ex02b/install/current_target_message/lib/python3.12/site-packages/current_target_message/msg'...
Compiling '/home/artem/Documents/3_course/robotics/task4/ex02b/install/current_target_message/lib/python3.12/site-packages/current_target_message/msg/__init__.py'...
Compiling '/home/artem/Documents/3_course/robotics/task4/ex02b/install/current_target_message/lib/python3.12/site-packages/current_target_message/msg/_current_target.py'...
-- Installing: /home/artem/Documents/3_course/robotics/task4/ex02b/install/current_target_message/lib/python3.12/site-packages/current_target_message/current_target_message_s__rosidl_typesupport_fastrtps_c.so
-- Set non-toolchain portion of runtime path of "/home/artem/Documents/3_course/robotics/task4/ex02b/install/current_target_message/lib/python3.12/site-packages/current_target_message/current_target_message_s__rosidl_typesupport_fastrtps_c.so" to ""
-- Installing: /home/artem/Documents/3_course/robotics/task4/ex02b/install/current_target_message/lib/python3.12/site-packages/current_target_message/current_target_message_s__rosidl_typesupport_introspection_c.so
-- Set non-toolchain portion of runtime path of "/home/artem/Documents/3_course/robotics/task4/ex02b/install/current_target_message/lib/python3.12/site-packages/current_target_message/current_target_message_s__rosidl_typesupport_introspection_c.so" to ""
-- Installing: /home/artem/Documents/3_course/robotics/task4/ex02b/install/current_target_message/lib/python3.12/site-packages/current_target_message/current_target_message_s__rosidl_typesupport_c.so
-- Set non-toolchain portion of runtime path of "/home/artem/Documents/3_course/robotics/task4/ex02b/install/current_target_message/lib/python3.12/site-packages/current_target_message/current_target_message_s__rosidl_typesupport_c.so" to ""
-- Installing: /home/artem/Documents/3_course/robotics/task4/ex02b/install/current_target_message/lib/libcurrent_target_message__rosidl_generator_py.so
-- Set non-toolchain portion of runtime path of "/home/artem/Documents/3_course/robotics/task4/ex02b/install/current_target_message/lib/libcurrent_target_message__rosidl_generator_py.so" to ""
-- Installing: /home/artem/Documents/3_course/robotics/task4/ex02b/install/current_target_message/share/current_target_message/msg/CurrentTarget.idl
-- Installing: /home/artem/Documents/3_course/robotics/task4/ex02b/install/current_target_message/share/current_target_message/msg/CurrentTarget.msg
-- Installing: /home/artem/Documents/3_course/robotics/task4/ex02b/install/current_target_message/share/ament_index/resource_index/package_run_dependencies/current_target_message
-- Installing: /home/artem/Documents/3_course/robotics/task4/ex02b/install/current_target_message/share/ament_index/resource_index/parent_prefix_path/current_target_message
-- Installing: /home/artem/Documents/3_course/robotics/task4/ex02b/install/current_target_message/share/current_target_message/environment/ament_prefix_path.sh
-- Installing: /home/artem/Documents/3_course/robotics/task4/ex02b/install/current_target_message/share/current_target_message/environment/ament_prefix_path.dsv
-- Installing: /home/artem/Documents/3_course/robotics/task4/ex02b/install/current_target_message/share/current_target_message/environment/path.sh
-- Installing: /home/artem/Documents/3_course/robotics/task4/ex02b/install/current_target_message/share/current_target_message/environment/path.dsv
-- Installing: /home/artem/Documents/3_course/robotics/task4/ex02b/install/current_target_message/share/current_target_message/local_setup.bash
-- Installing: /home/artem/Documents/3_course/robotics/task4/ex02b/install/current_target_message/share/current_target_message/local_setup.sh
-- Installing: /home/artem/Documents/3_course/robotics/task4/ex02b/install/current_target_message/share/current_target_message/local_setup.zsh
-- Installing: /home/artem/Documents/3_course/robotics/task4/ex02b/install/current_target_message/share/current_target_message/local_setup.dsv
-- Installing: /home/artem/Documents/3_course/robotics/task4/ex02b/install/current_target_message/share/current_target_message/package.dsv
-- Installing: /home/artem/Documents/3_course/robotics/task4/ex02b/install/current_target_message/share/ament_index/resource_index/packages/current_target_message
-- Installing: /home/artem/Documents/3_course/robotics/task4/ex02b/install/current_target_message/share/current_target_message/cmake/export_current_target_message__rosidl_generator_cExport.cmake
-- Installing: /home/artem/Documents/3_course/robotics/task4/ex02b/install/current_target_message/share/current_target_message/cmake/export_current_target_message__rosidl_generator_cExport-noconfig.cmake
-- Installing: /home/artem/Documents/3_course/robotics/task4/ex02b/install/current_target_message/share/current_target_message/cmake/export_current_target_message__rosidl_typesupport_fastrtps_cExport.cmake
-- Installing: /home/artem/Documents/3_course/robotics/task4/ex02b/install/current_target_message/share/current_target_message/cmake/export_current_target_message__rosidl_typesupport_fastrtps_cExport-noconfig.cmake
-- Installing: /home/artem/Documents/3_course/robotics/task4/ex02b/install/current_target_message/share/current_target_message/cmake/export_current_target_message__rosidl_generator_cppExport.cmake
-- Installing: /home/artem/Documents/3_course/robotics/task4/ex02b/install/current_target_message/share/current_target_message/cmake/export_current_target_message__rosidl_typesupport_fastrtps_cppExport.cmake
-- Installing: /home/artem/Documents/3_course/robotics/task4/ex02b/install/current_target_message/share/current_target_message/cmake/export_current_target_message__rosidl_typesupport_fastrtps_cppExport-noconfig.cmake
-- Installing: /home/artem/Documents/3_course/robotics/task4/ex02b/install/current_target_message/share/current_target_message/cmake/current_target_message__rosidl_typesupport_introspection_cExport.cmake
-- Installing: /home/artem/Documents/3_course/robotics/task4/ex02b/install/current_target_message/share/current_target_message/cmake/current_target_message__rosidl_typesupport_introspection_cExport-noconfig.cmake
-- Installing: /home/artem/Documents/3_course/robotics/task4/ex02b/install/current_target_message/share/current_target_message/cmake/current_target_message__rosidl_typesupport_cExport.cmake
-- Installing: /home/artem/Documents/3_course/robotics/task4/ex02b/install/current_target_message/share/current_target_message/cmake/current_target_message__rosidl_typesupport_cExport-noconfig.cmake
-- Installing: /home/artem/Documents/3_course/robotics/task4/ex02b/install/current_target_message/share/current_target_message/cmake/current_target_message__rosidl_typesupport_introspection_cppExport.cmake
-- Installing: /home/artem/Documents/3_course/robotics/task4/ex02b/install/current_target_message/share/current_target_message/cmake/current_target_message__rosidl_typesupport_introspection_cppExport-noconfig.cmake
-- Installing: /home/artem/Documents/3_course/robotics/task4/ex02b/install/current_target_message/share/current_target_message/cmake/current_target_message__rosidl_typesupport_cppExport.cmake
-- Installing: /home/artem/Documents/3_course/robotics/task4/ex02b/install/current_target_message/share/current_target_message/cmake/current_target_message__rosidl_typesupport_cppExport-noconfig.cmake
-- Installing: /home/artem/Documents/3_course/robotics/task4/ex02b/install/current_target_message/share/current_target_message/cmake/export_current_target_message__rosidl_generator_pyExport.cmake
-- Installing: /home/artem/Documents/3_course/robotics/task4/ex02b/install/current_target_message/share/current_target_message/cmake/export_current_target_message__rosidl_generator_pyExport-noconfig.cmake
-- Installing: /home/artem/Documents/3_course/robotics/task4/ex02b/install/current_target_message/share/current_target_message/cmake/rosidl_cmake-extras.cmake
-- Installing: /home/artem/Documents/3_course/robotics/task4/ex02b/install/current_target_message/share/current_target_message/cmake/ament_cmake_export_dependencies-extras.cmake
-- Installing: /home/artem/Documents/3_course/robotics/task4/ex02b/install/current_target_message/share/current_target_message/cmake/ament_cmake_export_include_directories-extras.cmake
-- Installing: /home/artem/Documents/3_course/robotics/task4/ex02b/install/current_target_message/share/current_target_message/cmake/ament_cmake_export_libraries-extras.cmake
-- Installing: /home/artem/Documents/3_course/robotics/task4/ex02b/install/current_target_message/share/current_target_message/cmake/ament_cmake_export_targets-extras.cmake
-- Installing: /home/artem/Documents/3_course/robotics/task4/ex02b/install/current_target_message/share/current_target_message/cmake/rosidl_cmake_export_typesupport_targets-extras.cmake
-- Installing: /home/artem/Documents/3_course/robotics/task4/ex02b/install/current_target_message/share/current_target_message/cmake/rosidl_cmake_export_typesupport_libraries-extras.cmake
-- Installing: /home/artem/Documents/3_course/robotics/task4/ex02b/install/current_target_message/share/current_target_message/cmake/current_target_messageConfig.cmake
-- Installing: /home/artem/Documents/3_course/robotics/task4/ex02b/install/current_target_message/share/current_target_message/cmake/current_target_messageConfig-version.cmake
-- Installing: /home/artem/Documents/3_course/robotics/task4/ex02b/install/current_target_message/share/current_target_message/package.xml
