[0.007s] Invoking command in '/home/artem/Documents/3_course/robotics/task2/ex09/build/full_name_interfaces': CMAKE_PREFIX_PATH=${CMAKE_PREFIX_PATH}:/opt/ros/jazzy DEBUGINFOD_URLS=https://debuginfod.ubuntu.com /usr/bin/cmake /home/artem/Documents/3_course/robotics/task2/ex09/full_name_interfaces -DCMAKE_INSTALL_PREFIX=/home/artem/Documents/3_course/robotics/task2/ex09/install/full_name_interfaces
[0.018s] -- Found ament_cmake: 2.5.4 (/opt/ros/jazzy/share/ament_cmake/cmake)
[0.166s] -- Found rosidl_default_generators: 1.6.0 (/opt/ros/jazzy/share/rosidl_default_generators/cmake)
[0.168s] -- Using all available rosidl_typesupport_c: rosidl_typesupport_fastrtps_c;rosidl_typesupport_introspection_c
[0.189s] -- Using all available rosidl_typesupport_cpp: rosidl_typesupport_fastrtps_cpp;rosidl_typesupport_introspection_cpp
[0.206s] -- Found rosidl_adapter: 4.6.6 (/opt/ros/jazzy/share/rosidl_adapter/cmake)
[0.207s] -- Found ament_lint_auto: 0.17.3 (/opt/ros/jazzy/share/ament_lint_auto/cmake)
[0.653s] -- Found ament_cmake_ros: 0.12.0 (/opt/ros/jazzy/share/ament_cmake_ros/cmake)
[0.961s] -- Using all available rosidl_typesupport_c: rosidl_typesupport_fastrtps_c;rosidl_typesupport_introspection_c
[1.370s] -- Using all available rosidl_typesupport_cpp: rosidl_typesupport_fastrtps_cpp;rosidl_typesupport_introspection_cpp
[1.376s] -- Found python_cmake_module: 0.11.1 (/opt/ros/jazzy/share/python_cmake_module/cmake)
[1.474s] -- Found PythonExtra: /usr/bin/python3  
[1.845s] -- Found Python3: /usr/bin/python3 (found version "3.12.3") found components: Interpreter Development NumPy Development.Module Development.Embed 
[1.871s] -- Added test 'lint_cmake' to check CMake code style
[1.873s] -- Added test 'xmllint' to check XML markup files
[1.877s] -- Configuring done (1.9s)
[1.900s] -- Generating done (0.0s)
[1.907s] -- Build files have been written to: /home/artem/Documents/3_course/robotics/task2/ex09/build/full_name_interfaces
[1.912s] Invoked command in '/home/artem/Documents/3_course/robotics/task2/ex09/build/full_name_interfaces' returned '0': CMAKE_PREFIX_PATH=${CMAKE_PREFIX_PATH}:/opt/ros/jazzy DEBUGINFOD_URLS=https://debuginfod.ubuntu.com /usr/bin/cmake /home/artem/Documents/3_course/robotics/task2/ex09/full_name_interfaces -DCMAKE_INSTALL_PREFIX=/home/artem/Documents/3_course/robotics/task2/ex09/install/full_name_interfaces
[1.913s] Invoking command in '/home/artem/Documents/3_course/robotics/task2/ex09/build/full_name_interfaces': CMAKE_PREFIX_PATH=${CMAKE_PREFIX_PATH}:/opt/ros/jazzy DEBUGINFOD_URLS=https://debuginfod.ubuntu.com /usr/bin/cmake --build /home/artem/Documents/3_course/robotics/task2/ex09/build/full_name_interfaces -- -j12 -l12
[1.952s] [  2%] [34m[1mGenerating type hashes for ROS interfaces[0m
[1.958s] [  2%] Built target ament_cmake_python_copy_full_name_interfaces
[2.091s] running egg_info
[2.092s] creating full_name_interfaces.egg-info
[2.098s] [  2%] Built target full_name_interfaces__rosidl_generator_type_description
[2.103s] writing full_name_interfaces.egg-info/PKG-INFO
[2.103s] writing dependency_links to full_name_interfaces.egg-info/dependency_links.txt
[2.103s] writing top-level names to full_name_interfaces.egg-info/top_level.txt
[2.103s] writing manifest file 'full_name_interfaces.egg-info/SOURCES.txt'
[2.106s] [  4%] [34m[1mGenerating C code for ROS interfaces[0m
[2.114s] [  6%] [34m[1mGenerating C++ code for ROS interfaces[0m
[2.136s] reading manifest file 'full_name_interfaces.egg-info/SOURCES.txt'
[2.136s] writing manifest file 'full_name_interfaces.egg-info/SOURCES.txt'
[2.159s] [  6%] Built target ament_cmake_python_build_full_name_interfaces_egg
[2.307s] [  6%] Built target full_name_interfaces__cpp
[2.324s] [  9%] [32mBuilding C object CMakeFiles/full_name_interfaces__rosidl_generator_c.dir/rosidl_generator_c/full_name_interfaces/msg/detail/full_name_message__description.c.o[0m
[2.324s] [ 13%] [32mBuilding C object CMakeFiles/full_name_interfaces__rosidl_generator_c.dir/rosidl_generator_c/full_name_interfaces/msg/detail/full_name_message__type_support.c.o[0m
[2.324s] [ 13%] [32mBuilding C object CMakeFiles/full_name_interfaces__rosidl_generator_c.dir/rosidl_generator_c/full_name_interfaces/srv/detail/full_name_sum_service__functions.c.o[0m
[2.326s] [ 18%] [32mBuilding C object CMakeFiles/full_name_interfaces__rosidl_generator_c.dir/rosidl_generator_c/full_name_interfaces/msg/detail/full_name_message__functions.c.o[0m
[2.326s] [ 18%] [32mBuilding C object CMakeFiles/full_name_interfaces__rosidl_generator_c.dir/rosidl_generator_c/full_name_interfaces/srv/detail/full_name_sum_service__description.c.o[0m
[2.326s] [ 20%] [32mBuilding C object CMakeFiles/full_name_interfaces__rosidl_generator_c.dir/rosidl_generator_c/full_name_interfaces/srv/detail/full_name_sum_service__type_support.c.o[0m
[2.386s] [ 22%] [32m[1mLinking C shared library libfull_name_interfaces__rosidl_generator_c.so[0m
[2.415s] [ 22%] Built target full_name_interfaces__rosidl_generator_c
[2.421s] [ 31%] [34m[1mGenerating C type support for eProsima Fast-RTPS[0m
[2.421s] [ 31%] [34m[1mGenerating C introspection for ROS interfaces[0m
[2.421s] [ 31%] [34m[1mGenerating C type support dispatch for ROS interfaces[0m
[2.421s] [ 31%] [34m[1mGenerating C++ type support dispatch for ROS interfaces[0m
[2.423s] [ 34%] [34m[1mGenerating C++ introspection for ROS interfaces[0m
[2.424s] [ 36%] [34m[1mGenerating C++ type support for eProsima Fast-RTPS[0m
[2.593s] [ 38%] [32mBuilding CXX object CMakeFiles/full_name_interfaces__rosidl_typesupport_c.dir/rosidl_typesupport_c/full_name_interfaces/msg/full_name_message__type_support.cpp.o[0m
[2.594s] [ 40%] [32mBuilding CXX object CMakeFiles/full_name_interfaces__rosidl_typesupport_c.dir/rosidl_typesupport_c/full_name_interfaces/srv/full_name_sum_service__type_support.cpp.o[0m
[2.626s] [ 43%] [32mBuilding CXX object CMakeFiles/full_name_interfaces__rosidl_typesupport_introspection_cpp.dir/rosidl_typesupport_introspection_cpp/full_name_interfaces/srv/detail/full_name_sum_service__type_support.cpp.o[0m
[2.627s] [ 45%] [32mBuilding CXX object CMakeFiles/full_name_interfaces__rosidl_typesupport_introspection_cpp.dir/rosidl_typesupport_introspection_cpp/full_name_interfaces/msg/detail/full_name_message__type_support.cpp.o[0m
[2.664s] [ 47%] [32m[1mLinking CXX shared library libfull_name_interfaces__rosidl_typesupport_c.so[0m
[2.665s] [ 50%] [32mBuilding CXX object CMakeFiles/full_name_interfaces__rosidl_typesupport_fastrtps_c.dir/rosidl_typesupport_fastrtps_c/full_name_interfaces/msg/detail/full_name_message__type_support_c.cpp.o[0m
[2.670s] [ 52%] [32mBuilding CXX object CMakeFiles/full_name_interfaces__rosidl_typesupport_fastrtps_c.dir/rosidl_typesupport_fastrtps_c/full_name_interfaces/srv/detail/full_name_sum_service__type_support_c.cpp.o[0m
[2.679s] [ 54%] [32mBuilding CXX object CMakeFiles/full_name_interfaces__rosidl_typesupport_cpp.dir/rosidl_typesupport_cpp/full_name_interfaces/srv/full_name_sum_service__type_support.cpp.o[0m
[2.681s] [ 56%] [32mBuilding CXX object CMakeFiles/full_name_interfaces__rosidl_typesupport_cpp.dir/rosidl_typesupport_cpp/full_name_interfaces/msg/full_name_message__type_support.cpp.o[0m
[2.689s] [ 61%] [32mBuilding C object CMakeFiles/full_name_interfaces__rosidl_typesupport_introspection_c.dir/rosidl_typesupport_introspection_c/full_name_interfaces/msg/detail/full_name_message__type_support.c.o[0m
[2.690s] [ 61%] [32mBuilding C object CMakeFiles/full_name_interfaces__rosidl_typesupport_introspection_c.dir/rosidl_typesupport_introspection_c/full_name_interfaces/srv/detail/full_name_sum_service__type_support.c.o[0m
[2.709s] [ 61%] Built target full_name_interfaces__rosidl_typesupport_c
[2.726s] [ 63%] [32m[1mLinking C shared library libfull_name_interfaces__rosidl_typesupport_introspection_c.so[0m
[2.743s] [ 65%] [32mBuilding CXX object CMakeFiles/full_name_interfaces__rosidl_typesupport_fastrtps_cpp.dir/rosidl_typesupport_fastrtps_cpp/full_name_interfaces/msg/detail/dds_fastrtps/full_name_message__type_support.cpp.o[0m
[2.745s] [ 68%] [32mBuilding CXX object CMakeFiles/full_name_interfaces__rosidl_typesupport_fastrtps_cpp.dir/rosidl_typesupport_fastrtps_cpp/full_name_interfaces/srv/detail/dds_fastrtps/full_name_sum_service__type_support.cpp.o[0m
[2.748s] [ 68%] Built target full_name_interfaces__rosidl_typesupport_introspection_c
[2.981s] [ 70%] [32m[1mLinking CXX shared library libfull_name_interfaces__rosidl_typesupport_introspection_cpp.so[0m
[3.042s] [ 70%] Built target full_name_interfaces__rosidl_typesupport_introspection_cpp
[3.087s] [ 72%] [32m[1mLinking CXX shared library libfull_name_interfaces__rosidl_typesupport_cpp.so[0m
[3.102s] [ 75%] [32m[1mLinking CXX shared library libfull_name_interfaces__rosidl_typesupport_fastrtps_c.so[0m
[3.141s] [ 75%] Built target full_name_interfaces__rosidl_typesupport_cpp
[3.160s] [ 75%] Built target full_name_interfaces__rosidl_typesupport_fastrtps_c
[3.271s] [ 77%] [32m[1mLinking CXX shared library libfull_name_interfaces__rosidl_typesupport_fastrtps_cpp.so[0m
[3.323s] [ 77%] Built target full_name_interfaces__rosidl_typesupport_fastrtps_cpp
[3.337s] [ 77%] Built target full_name_interfaces
[3.353s] [ 79%] [34m[1mGenerating Python code for ROS interfaces[0m
[3.594s] [ 79%] Built target full_name_interfaces__py
[3.611s] [ 81%] [32mBuilding C object CMakeFiles/full_name_interfaces__rosidl_generator_py.dir/rosidl_generator_py/full_name_interfaces/srv/_full_name_sum_service_s.c.o[0m
[3.612s] [ 84%] [32mBuilding C object CMakeFiles/full_name_interfaces__rosidl_generator_py.dir/rosidl_generator_py/full_name_interfaces/msg/_full_name_message_s.c.o[0m
[3.719s] [ 86%] [32m[1mLinking C shared library libfull_name_interfaces__rosidl_generator_py.so[0m
[3.749s] [ 86%] Built target full_name_interfaces__rosidl_generator_py
[3.763s] [ 90%] [32mBuilding C object CMakeFiles/full_name_interfaces_s__rosidl_typesupport_c.dir/rosidl_generator_py/full_name_interfaces/_full_name_interfaces_s.ep.rosidl_typesupport_c.c.o[0m
[3.763s] [ 90%] [32mBuilding C object CMakeFiles/full_name_interfaces_s__rosidl_typesupport_introspection_c.dir/rosidl_generator_py/full_name_interfaces/_full_name_interfaces_s.ep.rosidl_typesupport_introspection_c.c.o[0m
[3.766s] [ 93%] [32mBuilding C object CMakeFiles/full_name_interfaces_s__rosidl_typesupport_fastrtps_c.dir/rosidl_generator_py/full_name_interfaces/_full_name_interfaces_s.ep.rosidl_typesupport_fastrtps_c.c.o[0m
[3.829s] [ 95%] [32m[1mLinking C shared module rosidl_generator_py/full_name_interfaces/full_name_interfaces_s__rosidl_typesupport_introspection_c.so[0m
[3.830s] [ 97%] [32m[1mLinking C shared module rosidl_generator_py/full_name_interfaces/full_name_interfaces_s__rosidl_typesupport_c.so[0m
[3.836s] [100%] [32m[1mLinking C shared module rosidl_generator_py/full_name_interfaces/full_name_interfaces_s__rosidl_typesupport_fastrtps_c.so[0m
[3.850s] [100%] Built target full_name_interfaces_s__rosidl_typesupport_c
[3.852s] [100%] Built target full_name_interfaces_s__rosidl_typesupport_introspection_c
[3.859s] [100%] Built target full_name_interfaces_s__rosidl_typesupport_fastrtps_c
[3.866s] Invoked command in '/home/artem/Documents/3_course/robotics/task2/ex09/build/full_name_interfaces' returned '0': CMAKE_PREFIX_PATH=${CMAKE_PREFIX_PATH}:/opt/ros/jazzy DEBUGINFOD_URLS=https://debuginfod.ubuntu.com /usr/bin/cmake --build /home/artem/Documents/3_course/robotics/task2/ex09/build/full_name_interfaces -- -j12 -l12
[3.873s] Invoking command in '/home/artem/Documents/3_course/robotics/task2/ex09/build/full_name_interfaces': CMAKE_PREFIX_PATH=${CMAKE_PREFIX_PATH}:/opt/ros/jazzy DEBUGINFOD_URLS=https://debuginfod.ubuntu.com /usr/bin/cmake --install /home/artem/Documents/3_course/robotics/task2/ex09/build/full_name_interfaces
[3.879s] -- Install configuration: ""
[3.879s] -- Installing: /home/artem/Documents/3_course/robotics/task2/ex09/install/full_name_interfaces/share/ament_index/resource_index/rosidl_interfaces/full_name_interfaces
[3.879s] -- Installing: /home/artem/Documents/3_course/robotics/task2/ex09/install/full_name_interfaces/share/full_name_interfaces/msg/FullNameMessage.json
[3.879s] -- Installing: /home/artem/Documents/3_course/robotics/task2/ex09/install/full_name_interfaces/share/full_name_interfaces/srv/FullNameSumService.json
[3.879s] -- Installing: /home/artem/Documents/3_course/robotics/task2/ex09/install/full_name_interfaces/include/full_name_interfaces/full_name_interfaces
[3.879s] -- Installing: /home/artem/Documents/3_course/robotics/task2/ex09/install/full_name_interfaces/include/full_name_interfaces/full_name_interfaces/srv
[3.879s] -- Installing: /home/artem/Documents/3_course/robotics/task2/ex09/install/full_name_interfaces/include/full_name_interfaces/full_name_interfaces/srv/full_name_sum_service.h
[3.879s] -- Installing: /home/artem/Documents/3_course/robotics/task2/ex09/install/full_name_interfaces/include/full_name_interfaces/full_name_interfaces/srv/detail
[3.879s] -- Installing: /home/artem/Documents/3_course/robotics/task2/ex09/install/full_name_interfaces/include/full_name_interfaces/full_name_interfaces/srv/detail/full_name_sum_service__functions.h
[3.879s] -- Installing: /home/artem/Documents/3_course/robotics/task2/ex09/install/full_name_interfaces/include/full_name_interfaces/full_name_interfaces/srv/detail/full_name_sum_service__type_support.c
[3.879s] -- Installing: /home/artem/Documents/3_course/robotics/task2/ex09/install/full_name_interfaces/include/full_name_interfaces/full_name_interfaces/srv/detail/full_name_sum_service__struct.h
[3.879s] -- Installing: /home/artem/Documents/3_course/robotics/task2/ex09/install/full_name_interfaces/include/full_name_interfaces/full_name_interfaces/srv/detail/full_name_sum_service__type_support.h
[3.879s] -- Installing: /home/artem/Documents/3_course/robotics/task2/ex09/install/full_name_interfaces/include/full_name_interfaces/full_name_interfaces/srv/detail/full_name_sum_service__functions.c
[3.879s] -- Installing: /home/artem/Documents/3_course/robotics/task2/ex09/install/full_name_interfaces/include/full_name_interfaces/full_name_interfaces/srv/detail/full_name_sum_service__description.c
[3.879s] -- Installing: /home/artem/Documents/3_course/robotics/task2/ex09/install/full_name_interfaces/include/full_name_interfaces/full_name_interfaces/msg
[3.880s] -- Installing: /home/artem/Documents/3_course/robotics/task2/ex09/install/full_name_interfaces/include/full_name_interfaces/full_name_interfaces/msg/rosidl_generator_c__visibility_control.h
[3.880s] -- Installing: /home/artem/Documents/3_course/robotics/task2/ex09/install/full_name_interfaces/include/full_name_interfaces/full_name_interfaces/msg/full_name_message.h
[3.880s] -- Installing: /home/artem/Documents/3_course/robotics/task2/ex09/install/full_name_interfaces/include/full_name_interfaces/full_name_interfaces/msg/detail
[3.880s] -- Installing: /home/artem/Documents/3_course/robotics/task2/ex09/install/full_name_interfaces/include/full_name_interfaces/full_name_interfaces/msg/detail/full_name_message__type_support.h
[3.880s] -- Installing: /home/artem/Documents/3_course/robotics/task2/ex09/install/full_name_interfaces/include/full_name_interfaces/full_name_interfaces/msg/detail/full_name_message__functions.h
[3.880s] -- Installing: /home/artem/Documents/3_course/robotics/task2/ex09/install/full_name_interfaces/include/full_name_interfaces/full_name_interfaces/msg/detail/full_name_message__functions.c
[3.880s] -- Installing: /home/artem/Documents/3_course/robotics/task2/ex09/install/full_name_interfaces/include/full_name_interfaces/full_name_interfaces/msg/detail/full_name_message__struct.h
[3.880s] -- Installing: /home/artem/Documents/3_course/robotics/task2/ex09/install/full_name_interfaces/include/full_name_interfaces/full_name_interfaces/msg/detail/full_name_message__description.c
[3.880s] -- Installing: /home/artem/Documents/3_course/robotics/task2/ex09/install/full_name_interfaces/include/full_name_interfaces/full_name_interfaces/msg/detail/full_name_message__type_support.c
[3.880s] -- Installing: /home/artem/Documents/3_course/robotics/task2/ex09/install/full_name_interfaces/share/full_name_interfaces/environment/library_path.sh
[3.880s] -- Installing: /home/artem/Documents/3_course/robotics/task2/ex09/install/full_name_interfaces/share/full_name_interfaces/environment/library_path.dsv
[3.880s] -- Installing: /home/artem/Documents/3_course/robotics/task2/ex09/install/full_name_interfaces/lib/libfull_name_interfaces__rosidl_generator_c.so
[3.880s] -- Set non-toolchain portion of runtime path of "/home/artem/Documents/3_course/robotics/task2/ex09/install/full_name_interfaces/lib/libfull_name_interfaces__rosidl_generator_c.so" to ""
[3.880s] -- Up-to-date: /home/artem/Documents/3_course/robotics/task2/ex09/install/full_name_interfaces/include/full_name_interfaces/full_name_interfaces
[3.880s] -- Up-to-date: /home/artem/Documents/3_course/robotics/task2/ex09/install/full_name_interfaces/include/full_name_interfaces/full_name_interfaces/srv
[3.880s] -- Up-to-date: /home/artem/Documents/3_course/robotics/task2/ex09/install/full_name_interfaces/include/full_name_interfaces/full_name_interfaces/srv/detail
[3.880s] -- Installing: /home/artem/Documents/3_course/robotics/task2/ex09/install/full_name_interfaces/include/full_name_interfaces/full_name_interfaces/srv/detail/full_name_sum_service__rosidl_typesupport_fastrtps_c.h
[3.880s] -- Up-to-date: /home/artem/Documents/3_course/robotics/task2/ex09/install/full_name_interfaces/include/full_name_interfaces/full_name_interfaces/msg
[3.880s] -- Installing: /home/artem/Documents/3_course/robotics/task2/ex09/install/full_name_interfaces/include/full_name_interfaces/full_name_interfaces/msg/rosidl_typesupport_fastrtps_c__visibility_control.h
[3.880s] -- Up-to-date: /home/artem/Documents/3_course/robotics/task2/ex09/install/full_name_interfaces/include/full_name_interfaces/full_name_interfaces/msg/detail
[3.880s] -- Installing: /home/artem/Documents/3_course/robotics/task2/ex09/install/full_name_interfaces/include/full_name_interfaces/full_name_interfaces/msg/detail/full_name_message__rosidl_typesupport_fastrtps_c.h
[3.880s] -- Installing: /home/artem/Documents/3_course/robotics/task2/ex09/install/full_name_interfaces/lib/libfull_name_interfaces__rosidl_typesupport_fastrtps_c.so
[3.880s] -- Set non-toolchain portion of runtime path of "/home/artem/Documents/3_course/robotics/task2/ex09/install/full_name_interfaces/lib/libfull_name_interfaces__rosidl_typesupport_fastrtps_c.so" to ""
[3.880s] -- Up-to-date: /home/artem/Documents/3_course/robotics/task2/ex09/install/full_name_interfaces/include/full_name_interfaces/full_name_interfaces
[3.880s] -- Up-to-date: /home/artem/Documents/3_course/robotics/task2/ex09/install/full_name_interfaces/include/full_name_interfaces/full_name_interfaces/srv
[3.880s] -- Up-to-date: /home/artem/Documents/3_course/robotics/task2/ex09/install/full_name_interfaces/include/full_name_interfaces/full_name_interfaces/srv/detail
[3.881s] -- Installing: /home/artem/Documents/3_course/robotics/task2/ex09/install/full_name_interfaces/include/full_name_interfaces/full_name_interfaces/srv/detail/full_name_sum_service__type_support.c
[3.881s] -- Installing: /home/artem/Documents/3_course/robotics/task2/ex09/install/full_name_interfaces/include/full_name_interfaces/full_name_interfaces/srv/detail/full_name_sum_service__rosidl_typesupport_introspection_c.h
[3.881s] -- Up-to-date: /home/artem/Documents/3_course/robotics/task2/ex09/install/full_name_interfaces/include/full_name_interfaces/full_name_interfaces/msg
[3.881s] -- Installing: /home/artem/Documents/3_course/robotics/task2/ex09/install/full_name_interfaces/include/full_name_interfaces/full_name_interfaces/msg/rosidl_typesupport_introspection_c__visibility_control.h
[3.881s] -- Up-to-date: /home/artem/Documents/3_course/robotics/task2/ex09/install/full_name_interfaces/include/full_name_interfaces/full_name_interfaces/msg/detail
[3.881s] -- Installing: /home/artem/Documents/3_course/robotics/task2/ex09/install/full_name_interfaces/include/full_name_interfaces/full_name_interfaces/msg/detail/full_name_message__rosidl_typesupport_introspection_c.h
[3.881s] -- Installing: /home/artem/Documents/3_course/robotics/task2/ex09/install/full_name_interfaces/include/full_name_interfaces/full_name_interfaces/msg/detail/full_name_message__type_support.c
[3.881s] -- Installing: /home/artem/Documents/3_course/robotics/task2/ex09/install/full_name_interfaces/lib/libfull_name_interfaces__rosidl_typesupport_introspection_c.so
[3.881s] -- Set non-toolchain portion of runtime path of "/home/artem/Documents/3_course/robotics/task2/ex09/install/full_name_interfaces/lib/libfull_name_interfaces__rosidl_typesupport_introspection_c.so" to ""
[3.881s] -- Installing: /home/artem/Documents/3_course/robotics/task2/ex09/install/full_name_interfaces/lib/libfull_name_interfaces__rosidl_typesupport_c.so
[3.881s] -- Set non-toolchain portion of runtime path of "/home/artem/Documents/3_course/robotics/task2/ex09/install/full_name_interfaces/lib/libfull_name_interfaces__rosidl_typesupport_c.so" to ""
[3.881s] -- Up-to-date: /home/artem/Documents/3_course/robotics/task2/ex09/install/full_name_interfaces/include/full_name_interfaces/full_name_interfaces
[3.881s] -- Up-to-date: /home/artem/Documents/3_course/robotics/task2/ex09/install/full_name_interfaces/include/full_name_interfaces/full_name_interfaces/srv
[3.881s] -- Installing: /home/artem/Documents/3_course/robotics/task2/ex09/install/full_name_interfaces/include/full_name_interfaces/full_name_interfaces/srv/full_name_sum_service.hpp
[3.881s] -- Up-to-date: /home/artem/Documents/3_course/robotics/task2/ex09/install/full_name_interfaces/include/full_name_interfaces/full_name_interfaces/srv/detail
[3.881s] -- Installing: /home/artem/Documents/3_course/robotics/task2/ex09/install/full_name_interfaces/include/full_name_interfaces/full_name_interfaces/srv/detail/full_name_sum_service__type_support.hpp
[3.881s] -- Installing: /home/artem/Documents/3_course/robotics/task2/ex09/install/full_name_interfaces/include/full_name_interfaces/full_name_interfaces/srv/detail/full_name_sum_service__traits.hpp
[3.881s] -- Installing: /home/artem/Documents/3_course/robotics/task2/ex09/install/full_name_interfaces/include/full_name_interfaces/full_name_interfaces/srv/detail/full_name_sum_service__builder.hpp
[3.881s] -- Installing: /home/artem/Documents/3_course/robotics/task2/ex09/install/full_name_interfaces/include/full_name_interfaces/full_name_interfaces/srv/detail/full_name_sum_service__struct.hpp
[3.881s] -- Up-to-date: /home/artem/Documents/3_course/robotics/task2/ex09/install/full_name_interfaces/include/full_name_interfaces/full_name_interfaces/msg
[3.881s] -- Installing: /home/artem/Documents/3_course/robotics/task2/ex09/install/full_name_interfaces/include/full_name_interfaces/full_name_interfaces/msg/full_name_message.hpp
[3.881s] -- Installing: /home/artem/Documents/3_course/robotics/task2/ex09/install/full_name_interfaces/include/full_name_interfaces/full_name_interfaces/msg/rosidl_generator_cpp__visibility_control.hpp
[3.881s] -- Up-to-date: /home/artem/Documents/3_course/robotics/task2/ex09/install/full_name_interfaces/include/full_name_interfaces/full_name_interfaces/msg/detail
[3.881s] -- Installing: /home/artem/Documents/3_course/robotics/task2/ex09/install/full_name_interfaces/include/full_name_interfaces/full_name_interfaces/msg/detail/full_name_message__builder.hpp
[3.881s] -- Installing: /home/artem/Documents/3_course/robotics/task2/ex09/install/full_name_interfaces/include/full_name_interfaces/full_name_interfaces/msg/detail/full_name_message__struct.hpp
[3.882s] -- Installing: /home/artem/Documents/3_course/robotics/task2/ex09/install/full_name_interfaces/include/full_name_interfaces/full_name_interfaces/msg/detail/full_name_message__type_support.hpp
[3.882s] -- Installing: /home/artem/Documents/3_course/robotics/task2/ex09/install/full_name_interfaces/include/full_name_interfaces/full_name_interfaces/msg/detail/full_name_message__traits.hpp
[3.882s] -- Up-to-date: /home/artem/Documents/3_course/robotics/task2/ex09/install/full_name_interfaces/include/full_name_interfaces/full_name_interfaces
[3.882s] -- Up-to-date: /home/artem/Documents/3_course/robotics/task2/ex09/install/full_name_interfaces/include/full_name_interfaces/full_name_interfaces/srv
[3.882s] -- Up-to-date: /home/artem/Documents/3_course/robotics/task2/ex09/install/full_name_interfaces/include/full_name_interfaces/full_name_interfaces/srv/detail
[3.882s] -- Installing: /home/artem/Documents/3_course/robotics/task2/ex09/install/full_name_interfaces/include/full_name_interfaces/full_name_interfaces/srv/detail/full_name_sum_service__rosidl_typesupport_fastrtps_cpp.hpp
[3.882s] -- Installing: /home/artem/Documents/3_course/robotics/task2/ex09/install/full_name_interfaces/include/full_name_interfaces/full_name_interfaces/srv/detail/dds_fastrtps
[3.882s] -- Up-to-date: /home/artem/Documents/3_course/robotics/task2/ex09/install/full_name_interfaces/include/full_name_interfaces/full_name_interfaces/msg
[3.882s] -- Installing: /home/artem/Documents/3_course/robotics/task2/ex09/install/full_name_interfaces/include/full_name_interfaces/full_name_interfaces/msg/rosidl_typesupport_fastrtps_cpp__visibility_control.h
[3.882s] -- Up-to-date: /home/artem/Documents/3_course/robotics/task2/ex09/install/full_name_interfaces/include/full_name_interfaces/full_name_interfaces/msg/detail
[3.882s] -- Installing: /home/artem/Documents/3_course/robotics/task2/ex09/install/full_name_interfaces/include/full_name_interfaces/full_name_interfaces/msg/detail/dds_fastrtps
[3.882s] -- Installing: /home/artem/Documents/3_course/robotics/task2/ex09/install/full_name_interfaces/include/full_name_interfaces/full_name_interfaces/msg/detail/full_name_message__rosidl_typesupport_fastrtps_cpp.hpp
[3.882s] -- Installing: /home/artem/Documents/3_course/robotics/task2/ex09/install/full_name_interfaces/lib/libfull_name_interfaces__rosidl_typesupport_fastrtps_cpp.so
[3.882s] -- Set non-toolchain portion of runtime path of "/home/artem/Documents/3_course/robotics/task2/ex09/install/full_name_interfaces/lib/libfull_name_interfaces__rosidl_typesupport_fastrtps_cpp.so" to ""
[3.882s] -- Up-to-date: /home/artem/Documents/3_course/robotics/task2/ex09/install/full_name_interfaces/include/full_name_interfaces/full_name_interfaces
[3.882s] -- Up-to-date: /home/artem/Documents/3_course/robotics/task2/ex09/install/full_name_interfaces/include/full_name_interfaces/full_name_interfaces/srv
[3.882s] -- Up-to-date: /home/artem/Documents/3_course/robotics/task2/ex09/install/full_name_interfaces/include/full_name_interfaces/full_name_interfaces/srv/detail
[3.882s] -- Installing: /home/artem/Documents/3_course/robotics/task2/ex09/install/full_name_interfaces/include/full_name_interfaces/full_name_interfaces/srv/detail/full_name_sum_service__type_support.cpp
[3.882s] -- Installing: /home/artem/Documents/3_course/robotics/task2/ex09/install/full_name_interfaces/include/full_name_interfaces/full_name_interfaces/srv/detail/full_name_sum_service__rosidl_typesupport_introspection_cpp.hpp
[3.882s] -- Up-to-date: /home/artem/Documents/3_course/robotics/task2/ex09/install/full_name_interfaces/include/full_name_interfaces/full_name_interfaces/msg
[3.882s] -- Up-to-date: /home/artem/Documents/3_course/robotics/task2/ex09/install/full_name_interfaces/include/full_name_interfaces/full_name_interfaces/msg/detail
[3.882s] -- Installing: /home/artem/Documents/3_course/robotics/task2/ex09/install/full_name_interfaces/include/full_name_interfaces/full_name_interfaces/msg/detail/full_name_message__rosidl_typesupport_introspection_cpp.hpp
[3.882s] -- Installing: /home/artem/Documents/3_course/robotics/task2/ex09/install/full_name_interfaces/include/full_name_interfaces/full_name_interfaces/msg/detail/full_name_message__type_support.cpp
[3.882s] -- Installing: /home/artem/Documents/3_course/robotics/task2/ex09/install/full_name_interfaces/lib/libfull_name_interfaces__rosidl_typesupport_introspection_cpp.so
[3.882s] -- Set non-toolchain portion of runtime path of "/home/artem/Documents/3_course/robotics/task2/ex09/install/full_name_interfaces/lib/libfull_name_interfaces__rosidl_typesupport_introspection_cpp.so" to ""
[3.882s] -- Installing: /home/artem/Documents/3_course/robotics/task2/ex09/install/full_name_interfaces/lib/libfull_name_interfaces__rosidl_typesupport_cpp.so
[3.883s] -- Set non-toolchain portion of runtime path of "/home/artem/Documents/3_course/robotics/task2/ex09/install/full_name_interfaces/lib/libfull_name_interfaces__rosidl_typesupport_cpp.so" to ""
[3.883s] -- Installing: /home/artem/Documents/3_course/robotics/task2/ex09/install/full_name_interfaces/share/full_name_interfaces/environment/pythonpath.sh
[3.883s] -- Installing: /home/artem/Documents/3_course/robotics/task2/ex09/install/full_name_interfaces/share/full_name_interfaces/environment/pythonpath.dsv
[3.883s] -- Installing: /home/artem/Documents/3_course/robotics/task2/ex09/install/full_name_interfaces/lib/python3.12/site-packages/full_name_interfaces-0.0.0-py3.12.egg-info
[3.883s] -- Installing: /home/artem/Documents/3_course/robotics/task2/ex09/install/full_name_interfaces/lib/python3.12/site-packages/full_name_interfaces-0.0.0-py3.12.egg-info/PKG-INFO
[3.883s] -- Installing: /home/artem/Documents/3_course/robotics/task2/ex09/install/full_name_interfaces/lib/python3.12/site-packages/full_name_interfaces-0.0.0-py3.12.egg-info/top_level.txt
[3.883s] -- Installing: /home/artem/Documents/3_course/robotics/task2/ex09/install/full_name_interfaces/lib/python3.12/site-packages/full_name_interfaces-0.0.0-py3.12.egg-info/dependency_links.txt
[3.883s] -- Installing: /home/artem/Documents/3_course/robotics/task2/ex09/install/full_name_interfaces/lib/python3.12/site-packages/full_name_interfaces-0.0.0-py3.12.egg-info/SOURCES.txt
[3.883s] -- Installing: /home/artem/Documents/3_course/robotics/task2/ex09/install/full_name_interfaces/lib/python3.12/site-packages/full_name_interfaces
[3.883s] -- Installing: /home/artem/Documents/3_course/robotics/task2/ex09/install/full_name_interfaces/lib/python3.12/site-packages/full_name_interfaces/full_name_interfaces_s__rosidl_typesupport_fastrtps_c.so
[3.883s] -- Installing: /home/artem/Documents/3_course/robotics/task2/ex09/install/full_name_interfaces/lib/python3.12/site-packages/full_name_interfaces/full_name_interfaces_s__rosidl_typesupport_introspection_c.so
[3.883s] -- Installing: /home/artem/Documents/3_course/robotics/task2/ex09/install/full_name_interfaces/lib/python3.12/site-packages/full_name_interfaces/srv
[3.883s] -- Installing: /home/artem/Documents/3_course/robotics/task2/ex09/install/full_name_interfaces/lib/python3.12/site-packages/full_name_interfaces/srv/_full_name_sum_service.py
[3.883s] -- Installing: /home/artem/Documents/3_course/robotics/task2/ex09/install/full_name_interfaces/lib/python3.12/site-packages/full_name_interfaces/srv/__init__.py
[3.883s] -- Installing: /home/artem/Documents/3_course/robotics/task2/ex09/install/full_name_interfaces/lib/python3.12/site-packages/full_name_interfaces/srv/_full_name_sum_service_s.c
[3.883s] -- Installing: /home/artem/Documents/3_course/robotics/task2/ex09/install/full_name_interfaces/lib/python3.12/site-packages/full_name_interfaces/__init__.py
[3.883s] -- Installing: /home/artem/Documents/3_course/robotics/task2/ex09/install/full_name_interfaces/lib/python3.12/site-packages/full_name_interfaces/full_name_interfaces_s__rosidl_typesupport_c.so
[3.883s] -- Installing: /home/artem/Documents/3_course/robotics/task2/ex09/install/full_name_interfaces/lib/python3.12/site-packages/full_name_interfaces/_full_name_interfaces_s.ep.rosidl_typesupport_c.c
[3.884s] -- Installing: /home/artem/Documents/3_course/robotics/task2/ex09/install/full_name_interfaces/lib/python3.12/site-packages/full_name_interfaces/_full_name_interfaces_s.ep.rosidl_typesupport_fastrtps_c.c
[3.884s] -- Installing: /home/artem/Documents/3_course/robotics/task2/ex09/install/full_name_interfaces/lib/python3.12/site-packages/full_name_interfaces/msg
[3.884s] -- Installing: /home/artem/Documents/3_course/robotics/task2/ex09/install/full_name_interfaces/lib/python3.12/site-packages/full_name_interfaces/msg/__init__.py
[3.884s] -- Installing: /home/artem/Documents/3_course/robotics/task2/ex09/install/full_name_interfaces/lib/python3.12/site-packages/full_name_interfaces/msg/_full_name_message_s.c
[3.884s] -- Installing: /home/artem/Documents/3_course/robotics/task2/ex09/install/full_name_interfaces/lib/python3.12/site-packages/full_name_interfaces/msg/_full_name_message.py
[3.884s] -- Installing: /home/artem/Documents/3_course/robotics/task2/ex09/install/full_name_interfaces/lib/python3.12/site-packages/full_name_interfaces/_full_name_interfaces_s.ep.rosidl_typesupport_introspection_c.c
[3.911s] Listing '/home/artem/Documents/3_course/robotics/task2/ex09/install/full_name_interfaces/lib/python3.12/site-packages/full_name_interfaces'...
[3.911s] Compiling '/home/artem/Documents/3_course/robotics/task2/ex09/install/full_name_interfaces/lib/python3.12/site-packages/full_name_interfaces/__init__.py'...
[3.911s] Listing '/home/artem/Documents/3_course/robotics/task2/ex09/install/full_name_interfaces/lib/python3.12/site-packages/full_name_interfaces/msg'...
[3.911s] Compiling '/home/artem/Documents/3_course/robotics/task2/ex09/install/full_name_interfaces/lib/python3.12/site-packages/full_name_interfaces/msg/__init__.py'...
[3.912s] Compiling '/home/artem/Documents/3_course/robotics/task2/ex09/install/full_name_interfaces/lib/python3.12/site-packages/full_name_interfaces/msg/_full_name_message.py'...
[3.912s] Listing '/home/artem/Documents/3_course/robotics/task2/ex09/install/full_name_interfaces/lib/python3.12/site-packages/full_name_interfaces/srv'...
[3.912s] Compiling '/home/artem/Documents/3_course/robotics/task2/ex09/install/full_name_interfaces/lib/python3.12/site-packages/full_name_interfaces/srv/__init__.py'...
[3.912s] Compiling '/home/artem/Documents/3_course/robotics/task2/ex09/install/full_name_interfaces/lib/python3.12/site-packages/full_name_interfaces/srv/_full_name_sum_service.py'...
[3.916s] -- Installing: /home/artem/Documents/3_course/robotics/task2/ex09/install/full_name_interfaces/lib/python3.12/site-packages/full_name_interfaces/full_name_interfaces_s__rosidl_typesupport_fastrtps_c.so
[3.916s] -- Set non-toolchain portion of runtime path of "/home/artem/Documents/3_course/robotics/task2/ex09/install/full_name_interfaces/lib/python3.12/site-packages/full_name_interfaces/full_name_interfaces_s__rosidl_typesupport_fastrtps_c.so" to ""
[3.916s] -- Installing: /home/artem/Documents/3_course/robotics/task2/ex09/install/full_name_interfaces/lib/python3.12/site-packages/full_name_interfaces/full_name_interfaces_s__rosidl_typesupport_introspection_c.so
[3.916s] -- Set non-toolchain portion of runtime path of "/home/artem/Documents/3_course/robotics/task2/ex09/install/full_name_interfaces/lib/python3.12/site-packages/full_name_interfaces/full_name_interfaces_s__rosidl_typesupport_introspection_c.so" to ""
[3.916s] -- Installing: /home/artem/Documents/3_course/robotics/task2/ex09/install/full_name_interfaces/lib/python3.12/site-packages/full_name_interfaces/full_name_interfaces_s__rosidl_typesupport_c.so
[3.916s] -- Set non-toolchain portion of runtime path of "/home/artem/Documents/3_course/robotics/task2/ex09/install/full_name_interfaces/lib/python3.12/site-packages/full_name_interfaces/full_name_interfaces_s__rosidl_typesupport_c.so" to ""
[3.916s] -- Installing: /home/artem/Documents/3_course/robotics/task2/ex09/install/full_name_interfaces/lib/libfull_name_interfaces__rosidl_generator_py.so
[3.916s] -- Set non-toolchain portion of runtime path of "/home/artem/Documents/3_course/robotics/task2/ex09/install/full_name_interfaces/lib/libfull_name_interfaces__rosidl_generator_py.so" to ""
[3.917s] -- Installing: /home/artem/Documents/3_course/robotics/task2/ex09/install/full_name_interfaces/share/full_name_interfaces/msg/FullNameMessage.idl
[3.917s] -- Installing: /home/artem/Documents/3_course/robotics/task2/ex09/install/full_name_interfaces/share/full_name_interfaces/srv/FullNameSumService.idl
[3.917s] -- Installing: /home/artem/Documents/3_course/robotics/task2/ex09/install/full_name_interfaces/share/full_name_interfaces/msg/FullNameMessage.msg
[3.917s] -- Installing: /home/artem/Documents/3_course/robotics/task2/ex09/install/full_name_interfaces/share/full_name_interfaces/srv/FullNameSumService.srv
[3.917s] -- Installing: /home/artem/Documents/3_course/robotics/task2/ex09/install/full_name_interfaces/share/ament_index/resource_index/package_run_dependencies/full_name_interfaces
[3.917s] -- Installing: /home/artem/Documents/3_course/robotics/task2/ex09/install/full_name_interfaces/share/ament_index/resource_index/parent_prefix_path/full_name_interfaces
[3.917s] -- Installing: /home/artem/Documents/3_course/robotics/task2/ex09/install/full_name_interfaces/share/full_name_interfaces/environment/ament_prefix_path.sh
[3.917s] -- Installing: /home/artem/Documents/3_course/robotics/task2/ex09/install/full_name_interfaces/share/full_name_interfaces/environment/ament_prefix_path.dsv
[3.917s] -- Installing: /home/artem/Documents/3_course/robotics/task2/ex09/install/full_name_interfaces/share/full_name_interfaces/environment/path.sh
[3.917s] -- Installing: /home/artem/Documents/3_course/robotics/task2/ex09/install/full_name_interfaces/share/full_name_interfaces/environment/path.dsv
[3.918s] -- Installing: /home/artem/Documents/3_course/robotics/task2/ex09/install/full_name_interfaces/share/full_name_interfaces/local_setup.bash
[3.918s] -- Installing: /home/artem/Documents/3_course/robotics/task2/ex09/install/full_name_interfaces/share/full_name_interfaces/local_setup.sh
[3.918s] -- Installing: /home/artem/Documents/3_course/robotics/task2/ex09/install/full_name_interfaces/share/full_name_interfaces/local_setup.zsh
[3.918s] -- Installing: /home/artem/Documents/3_course/robotics/task2/ex09/install/full_name_interfaces/share/full_name_interfaces/local_setup.dsv
[3.918s] -- Installing: /home/artem/Documents/3_course/robotics/task2/ex09/install/full_name_interfaces/share/full_name_interfaces/package.dsv
[3.918s] -- Installing: /home/artem/Documents/3_course/robotics/task2/ex09/install/full_name_interfaces/share/ament_index/resource_index/packages/full_name_interfaces
[3.918s] -- Installing: /home/artem/Documents/3_course/robotics/task2/ex09/install/full_name_interfaces/share/full_name_interfaces/cmake/export_full_name_interfaces__rosidl_generator_cExport.cmake
[3.918s] -- Installing: /home/artem/Documents/3_course/robotics/task2/ex09/install/full_name_interfaces/share/full_name_interfaces/cmake/export_full_name_interfaces__rosidl_generator_cExport-noconfig.cmake
[3.918s] -- Installing: /home/artem/Documents/3_course/robotics/task2/ex09/install/full_name_interfaces/share/full_name_interfaces/cmake/export_full_name_interfaces__rosidl_typesupport_fastrtps_cExport.cmake
[3.918s] -- Installing: /home/artem/Documents/3_course/robotics/task2/ex09/install/full_name_interfaces/share/full_name_interfaces/cmake/export_full_name_interfaces__rosidl_typesupport_fastrtps_cExport-noconfig.cmake
[3.918s] -- Installing: /home/artem/Documents/3_course/robotics/task2/ex09/install/full_name_interfaces/share/full_name_interfaces/cmake/full_name_interfaces__rosidl_typesupport_introspection_cExport.cmake
[3.919s] -- Installing: /home/artem/Documents/3_course/robotics/task2/ex09/install/full_name_interfaces/share/full_name_interfaces/cmake/full_name_interfaces__rosidl_typesupport_introspection_cExport-noconfig.cmake
[3.919s] -- Installing: /home/artem/Documents/3_course/robotics/task2/ex09/install/full_name_interfaces/share/full_name_interfaces/cmake/full_name_interfaces__rosidl_typesupport_cExport.cmake
[3.919s] -- Installing: /home/artem/Documents/3_course/robotics/task2/ex09/install/full_name_interfaces/share/full_name_interfaces/cmake/full_name_interfaces__rosidl_typesupport_cExport-noconfig.cmake
[3.919s] -- Installing: /home/artem/Documents/3_course/robotics/task2/ex09/install/full_name_interfaces/share/full_name_interfaces/cmake/export_full_name_interfaces__rosidl_generator_cppExport.cmake
[3.919s] -- Installing: /home/artem/Documents/3_course/robotics/task2/ex09/install/full_name_interfaces/share/full_name_interfaces/cmake/export_full_name_interfaces__rosidl_typesupport_fastrtps_cppExport.cmake
[3.919s] -- Installing: /home/artem/Documents/3_course/robotics/task2/ex09/install/full_name_interfaces/share/full_name_interfaces/cmake/export_full_name_interfaces__rosidl_typesupport_fastrtps_cppExport-noconfig.cmake
[3.919s] -- Installing: /home/artem/Documents/3_course/robotics/task2/ex09/install/full_name_interfaces/share/full_name_interfaces/cmake/full_name_interfaces__rosidl_typesupport_introspection_cppExport.cmake
[3.919s] -- Installing: /home/artem/Documents/3_course/robotics/task2/ex09/install/full_name_interfaces/share/full_name_interfaces/cmake/full_name_interfaces__rosidl_typesupport_introspection_cppExport-noconfig.cmake
[3.919s] -- Installing: /home/artem/Documents/3_course/robotics/task2/ex09/install/full_name_interfaces/share/full_name_interfaces/cmake/full_name_interfaces__rosidl_typesupport_cppExport.cmake
[3.919s] -- Installing: /home/artem/Documents/3_course/robotics/task2/ex09/install/full_name_interfaces/share/full_name_interfaces/cmake/full_name_interfaces__rosidl_typesupport_cppExport-noconfig.cmake
[3.919s] -- Installing: /home/artem/Documents/3_course/robotics/task2/ex09/install/full_name_interfaces/share/full_name_interfaces/cmake/export_full_name_interfaces__rosidl_generator_pyExport.cmake
[3.919s] -- Installing: /home/artem/Documents/3_course/robotics/task2/ex09/install/full_name_interfaces/share/full_name_interfaces/cmake/export_full_name_interfaces__rosidl_generator_pyExport-noconfig.cmake
[3.920s] -- Installing: /home/artem/Documents/3_course/robotics/task2/ex09/install/full_name_interfaces/share/full_name_interfaces/cmake/rosidl_cmake-extras.cmake
[3.920s] -- Installing: /home/artem/Documents/3_course/robotics/task2/ex09/install/full_name_interfaces/share/full_name_interfaces/cmake/ament_cmake_export_dependencies-extras.cmake
[3.920s] -- Installing: /home/artem/Documents/3_course/robotics/task2/ex09/install/full_name_interfaces/share/full_name_interfaces/cmake/ament_cmake_export_include_directories-extras.cmake
[3.920s] -- Installing: /home/artem/Documents/3_course/robotics/task2/ex09/install/full_name_interfaces/share/full_name_interfaces/cmake/ament_cmake_export_libraries-extras.cmake
[3.920s] -- Installing: /home/artem/Documents/3_course/robotics/task2/ex09/install/full_name_interfaces/share/full_name_interfaces/cmake/ament_cmake_export_targets-extras.cmake
[3.921s] -- Installing: /home/artem/Documents/3_course/robotics/task2/ex09/install/full_name_interfaces/share/full_name_interfaces/cmake/rosidl_cmake_export_typesupport_targets-extras.cmake
[3.921s] -- Installing: /home/artem/Documents/3_course/robotics/task2/ex09/install/full_name_interfaces/share/full_name_interfaces/cmake/rosidl_cmake_export_typesupport_libraries-extras.cmake
[3.921s] -- Installing: /home/artem/Documents/3_course/robotics/task2/ex09/install/full_name_interfaces/share/full_name_interfaces/cmake/full_name_interfacesConfig.cmake
[3.921s] -- Installing: /home/artem/Documents/3_course/robotics/task2/ex09/install/full_name_interfaces/share/full_name_interfaces/cmake/full_name_interfacesConfig-version.cmake
[3.921s] -- Installing: /home/artem/Documents/3_course/robotics/task2/ex09/install/full_name_interfaces/share/full_name_interfaces/package.xml
[3.921s] Invoked command in '/home/artem/Documents/3_course/robotics/task2/ex09/build/full_name_interfaces' returned '0': CMAKE_PREFIX_PATH=${CMAKE_PREFIX_PATH}:/opt/ros/jazzy DEBUGINFOD_URLS=https://debuginfod.ubuntu.com /usr/bin/cmake --install /home/artem/Documents/3_course/robotics/task2/ex09/build/full_name_interfaces
