running egg_info
creating ../../build/text_to_cmd_vel/text_to_cmd_vel.egg-info
writing ../../build/text_to_cmd_vel/text_to_cmd_vel.egg-info/PKG-INFO
writing dependency_links to ../../build/text_to_cmd_vel/text_to_cmd_vel.egg-info/dependency_links.txt
writing entry points to ../../build/text_to_cmd_vel/text_to_cmd_vel.egg-info/entry_points.txt
writing requirements to ../../build/text_to_cmd_vel/text_to_cmd_vel.egg-info/requires.txt
writing top-level names to ../../build/text_to_cmd_vel/text_to_cmd_vel.egg-info/top_level.txt
writing manifest file '../../build/text_to_cmd_vel/text_to_cmd_vel.egg-info/SOURCES.txt'
reading manifest file '../../build/text_to_cmd_vel/text_to_cmd_vel.egg-info/SOURCES.txt'
adding license file 'LICENSE'
writing manifest file '../../build/text_to_cmd_vel/text_to_cmd_vel.egg-info/SOURCES.txt'
running build
running build_py
creating /home/artem/Documents/3_course/robotics/task2/ex10/build/text_to_cmd_vel/build
creating /home/artem/Documents/3_course/robotics/task2/ex10/build/text_to_cmd_vel/build/lib
creating /home/artem/Documents/3_course/robotics/task2/ex10/build/text_to_cmd_vel/build/lib/text_to_cmd_vel
copying text_to_cmd_vel/__init__.py -> /home/artem/Documents/3_course/robotics/task2/ex10/build/text_to_cmd_vel/build/lib/text_to_cmd_vel
copying text_to_cmd_vel/text_to_cmd_vel_node.py -> /home/artem/Documents/3_course/robotics/task2/ex10/build/text_to_cmd_vel/build/lib/text_to_cmd_vel
running install
running install_lib
creating /home/artem/Documents/3_course/robotics/task2/ex10/install/text_to_cmd_vel/lib/python3.12/site-packages/text_to_cmd_vel
copying /home/artem/Documents/3_course/robotics/task2/ex10/build/text_to_cmd_vel/build/lib/text_to_cmd_vel/__init__.py -> /home/artem/Documents/3_course/robotics/task2/ex10/install/text_to_cmd_vel/lib/python3.12/site-packages/text_to_cmd_vel
copying /home/artem/Documents/3_course/robotics/task2/ex10/build/text_to_cmd_vel/build/lib/text_to_cmd_vel/text_to_cmd_vel_node.py -> /home/artem/Documents/3_course/robotics/task2/ex10/install/text_to_cmd_vel/lib/python3.12/site-packages/text_to_cmd_vel
byte-compiling /home/artem/Documents/3_course/robotics/task2/ex10/install/text_to_cmd_vel/lib/python3.12/site-packages/text_to_cmd_vel/__init__.py to __init__.cpython-312.pyc
byte-compiling /home/artem/Documents/3_course/robotics/task2/ex10/install/text_to_cmd_vel/lib/python3.12/site-packages/text_to_cmd_vel/text_to_cmd_vel_node.py to text_to_cmd_vel_node.cpython-312.pyc
running install_data
creating /home/artem/Documents/3_course/robotics/task2/ex10/install/text_to_cmd_vel/share/ament_index
creating /home/artem/Documents/3_course/robotics/task2/ex10/install/text_to_cmd_vel/share/ament_index/resource_index
creating /home/artem/Documents/3_course/robotics/task2/ex10/install/text_to_cmd_vel/share/ament_index/resource_index/packages
copying resource/text_to_cmd_vel -> /home/artem/Documents/3_course/robotics/task2/ex10/install/text_to_cmd_vel/share/ament_index/resource_index/packages
copying package.xml -> /home/artem/Documents/3_course/robotics/task2/ex10/install/text_to_cmd_vel/share/text_to_cmd_vel
running install_egg_info
Copying ../../build/text_to_cmd_vel/text_to_cmd_vel.egg-info to /home/artem/Documents/3_course/robotics/task2/ex10/install/text_to_cmd_vel/lib/python3.12/site-packages/text_to_cmd_vel-0.0.0-py3.12.egg-info
running install_scripts
Installing text_to_cmd_vel_node script to /home/artem/Documents/3_course/robotics/task2/ex10/install/text_to_cmd_vel/lib/text_to_cmd_vel
writing list of installed files to '/home/artem/Documents/3_course/robotics/task2/ex10/build/text_to_cmd_vel/install.log'
