[1.254s] Invoking command in '/home/artem/Documents/3_course/robotics/task2/ex10/src/text_to_cmd_vel': DEBUGINFOD_URLS=https://debuginfod.ubuntu.com PYTHONPATH=/home/artem/Documents/3_course/robotics/task2/ex10/build/text_to_cmd_vel/prefix_override:/usr/lib/python3/dist-packages/colcon_core/task/python/colcon_distutils_commands:/home/artem/Documents/3_course/robotics/task2/ex10/install/text_to_cmd_vel/lib/python3.12/site-packages:${PYTHONPATH} /usr/bin/python3 -W ignore:setup.py install is deprecated -W ignore:easy_install command is deprecated setup.py egg_info --egg-base ../../build/text_to_cmd_vel build --build-base /home/artem/Documents/3_course/robotics/task2/ex10/build/text_to_cmd_vel/build install --record /home/artem/Documents/3_course/robotics/task2/ex10/build/text_to_cmd_vel/install.log --single-version-externally-managed install_data
[1.677s] running egg_info
[1.677s] creating ../../build/text_to_cmd_vel/text_to_cmd_vel.egg-info
[1.702s] writing ../../build/text_to_cmd_vel/text_to_cmd_vel.egg-info/PKG-INFO
[1.702s] writing dependency_links to ../../build/text_to_cmd_vel/text_to_cmd_vel.egg-info/dependency_links.txt
[1.702s] writing entry points to ../../build/text_to_cmd_vel/text_to_cmd_vel.egg-info/entry_points.txt
[1.703s] writing requirements to ../../build/text_to_cmd_vel/text_to_cmd_vel.egg-info/requires.txt
[1.703s] writing top-level names to ../../build/text_to_cmd_vel/text_to_cmd_vel.egg-info/top_level.txt
[1.703s] writing manifest file '../../build/text_to_cmd_vel/text_to_cmd_vel.egg-info/SOURCES.txt'
[1.766s] reading manifest file '../../build/text_to_cmd_vel/text_to_cmd_vel.egg-info/SOURCES.txt'
[1.766s] adding license file 'LICENSE'
[1.767s] writing manifest file '../../build/text_to_cmd_vel/text_to_cmd_vel.egg-info/SOURCES.txt'
[1.767s] running build
[1.767s] running build_py
[1.768s] creating /home/artem/Documents/3_course/robotics/task2/ex10/build/text_to_cmd_vel/build
[1.768s] creating /home/artem/Documents/3_course/robotics/task2/ex10/build/text_to_cmd_vel/build/lib
[1.768s] creating /home/artem/Documents/3_course/robotics/task2/ex10/build/text_to_cmd_vel/build/lib/text_to_cmd_vel
[1.768s] copying text_to_cmd_vel/__init__.py -> /home/artem/Documents/3_course/robotics/task2/ex10/build/text_to_cmd_vel/build/lib/text_to_cmd_vel
[1.768s] copying text_to_cmd_vel/text_to_cmd_vel_node.py -> /home/artem/Documents/3_course/robotics/task2/ex10/build/text_to_cmd_vel/build/lib/text_to_cmd_vel
[1.768s] running install
[1.779s] running install_lib
[1.802s] creating /home/artem/Documents/3_course/robotics/task2/ex10/install/text_to_cmd_vel/lib/python3.12/site-packages/text_to_cmd_vel
[1.802s] copying /home/artem/Documents/3_course/robotics/task2/ex10/build/text_to_cmd_vel/build/lib/text_to_cmd_vel/__init__.py -> /home/artem/Documents/3_course/robotics/task2/ex10/install/text_to_cmd_vel/lib/python3.12/site-packages/text_to_cmd_vel
[1.802s] copying /home/artem/Documents/3_course/robotics/task2/ex10/build/text_to_cmd_vel/build/lib/text_to_cmd_vel/text_to_cmd_vel_node.py -> /home/artem/Documents/3_course/robotics/task2/ex10/install/text_to_cmd_vel/lib/python3.12/site-packages/text_to_cmd_vel
[1.803s] byte-compiling /home/artem/Documents/3_course/robotics/task2/ex10/install/text_to_cmd_vel/lib/python3.12/site-packages/text_to_cmd_vel/__init__.py to __init__.cpython-312.pyc
[1.803s] byte-compiling /home/artem/Documents/3_course/robotics/task2/ex10/install/text_to_cmd_vel/lib/python3.12/site-packages/text_to_cmd_vel/text_to_cmd_vel_node.py to text_to_cmd_vel_node.cpython-312.pyc
[1.804s] running install_data
[1.804s] creating /home/artem/Documents/3_course/robotics/task2/ex10/install/text_to_cmd_vel/share/ament_index
[1.804s] creating /home/artem/Documents/3_course/robotics/task2/ex10/install/text_to_cmd_vel/share/ament_index/resource_index
[1.804s] creating /home/artem/Documents/3_course/robotics/task2/ex10/install/text_to_cmd_vel/share/ament_index/resource_index/packages
[1.805s] copying resource/text_to_cmd_vel -> /home/artem/Documents/3_course/robotics/task2/ex10/install/text_to_cmd_vel/share/ament_index/resource_index/packages
[1.805s] copying package.xml -> /home/artem/Documents/3_course/robotics/task2/ex10/install/text_to_cmd_vel/share/text_to_cmd_vel
[1.805s] running install_egg_info
[1.837s] Copying ../../build/text_to_cmd_vel/text_to_cmd_vel.egg-info to /home/artem/Documents/3_course/robotics/task2/ex10/install/text_to_cmd_vel/lib/python3.12/site-packages/text_to_cmd_vel-0.0.0-py3.12.egg-info
[1.838s] running install_scripts
[2.070s] Installing text_to_cmd_vel_node script to /home/artem/Documents/3_course/robotics/task2/ex10/install/text_to_cmd_vel/lib/text_to_cmd_vel
[2.071s] writing list of installed files to '/home/artem/Documents/3_course/robotics/task2/ex10/build/text_to_cmd_vel/install.log'
[2.132s] Invoked command in '/home/artem/Documents/3_course/robotics/task2/ex10/src/text_to_cmd_vel' returned '0': DEBUGINFOD_URLS=https://debuginfod.ubuntu.com PYTHONPATH=/home/artem/Documents/3_course/robotics/task2/ex10/build/text_to_cmd_vel/prefix_override:/usr/lib/python3/dist-packages/colcon_core/task/python/colcon_distutils_commands:/home/artem/Documents/3_course/robotics/task2/ex10/install/text_to_cmd_vel/lib/python3.12/site-packages:${PYTHONPATH} /usr/bin/python3 -W ignore:setup.py install is deprecated -W ignore:easy_install command is deprecated setup.py egg_info --egg-base ../../build/text_to_cmd_vel build --build-base /home/artem/Documents/3_course/robotics/task2/ex10/build/text_to_cmd_vel/build install --record /home/artem/Documents/3_course/robotics/task2/ex10/build/text_to_cmd_vel/install.log --single-version-externally-managed install_data
