[0.018s] Invoking command in '/home/artem/Documents/3_course/robotics/task3/ex01/build/fullname_interfaces': CMAKE_PREFIX_PATH=${CMAKE_PREFIX_PATH}:/home/artem/Documents/3_course/robotics/task3/ex01/install/service_full_name:/opt/ros/jazzy DEBUGINFOD_URLS=https://debuginfod.ubuntu.com /usr/bin/cmake --build /home/artem/Documents/3_course/robotics/task3/ex01/build/fullname_interfaces -- -j12 -l12
[0.105s] [  2%] Built target fullname_interfaces__rosidl_generator_type_description
[0.125s] [  2%] Built target ament_cmake_python_copy_fullname_interfaces
[0.148s] [  4%] Built target fullname_interfaces__cpp
[0.150s] [ 22%] Built target fullname_interfaces__rosidl_generator_c
[0.198s] [ 31%] Built target fullname_interfaces__rosidl_typesupport_c
[0.199s] [ 40%] Built target fullname_interfaces__rosidl_typesupport_cpp
[0.200s] [ 50%] Built target fullname_interfaces__rosidl_typesupport_introspection_cpp
[0.202s] [ 75%] Built target fullname_interfaces__rosidl_typesupport_introspection_c
[0.203s] [ 75%] Built target fullname_interfaces__rosidl_typesupport_fastrtps_c
[0.203s] [ 77%] Built target fullname_interfaces__rosidl_typesupport_fastrtps_cpp
[0.246s] [ 77%] Built target fullname_interfaces
[0.286s] [ 79%] Built target fullname_interfaces__py
[0.333s] [ 86%] Built target fullname_interfaces__rosidl_generator_py
[0.376s] [ 90%] Built target fullname_interfaces_s__rosidl_typesupport_introspection_c
[0.377s] [ 95%] Built target fullname_interfaces_s__rosidl_typesupport_fastrtps_c
[0.377s] [100%] Built target fullname_interfaces_s__rosidl_typesupport_c
[0.504s] running egg_info
[0.534s] writing fullname_interfaces.egg-info/PKG-INFO
[0.535s] writing dependency_links to fullname_interfaces.egg-info/dependency_links.txt
[0.535s] writing top-level names to fullname_interfaces.egg-info/top_level.txt
[0.617s] reading manifest file 'fullname_interfaces.egg-info/SOURCES.txt'
[0.618s] writing manifest file 'fullname_interfaces.egg-info/SOURCES.txt'
[0.663s] [100%] Built target ament_cmake_python_build_fullname_interfaces_egg
[0.684s] Invoked command in '/home/artem/Documents/3_course/robotics/task3/ex01/build/fullname_interfaces' returned '0': CMAKE_PREFIX_PATH=${CMAKE_PREFIX_PATH}:/home/artem/Documents/3_course/robotics/task3/ex01/install/service_full_name:/opt/ros/jazzy DEBUGINFOD_URLS=https://debuginfod.ubuntu.com /usr/bin/cmake --build /home/artem/Documents/3_course/robotics/task3/ex01/build/fullname_interfaces -- -j12 -l12
[0.704s] Invoking command in '/home/artem/Documents/3_course/robotics/task3/ex01/build/fullname_interfaces': CMAKE_PREFIX_PATH=${CMAKE_PREFIX_PATH}:/home/artem/Documents/3_course/robotics/task3/ex01/install/service_full_name:/opt/ros/jazzy DEBUGINFOD_URLS=https://debuginfod.ubuntu.com /usr/bin/cmake --install /home/artem/Documents/3_course/robotics/task3/ex01/build/fullname_interfaces
[0.723s] -- Install configuration: ""
[0.724s] -- Up-to-date: /home/artem/Documents/3_course/robotics/task3/ex01/install/fullname_interfaces/share/ament_index/resource_index/rosidl_interfaces/fullname_interfaces
[0.724s] -- Up-to-date: /home/artem/Documents/3_course/robotics/task3/ex01/install/fullname_interfaces/share/fullname_interfaces/msg/FullNameMessage.json
[0.724s] -- Up-to-date: /home/artem/Documents/3_course/robotics/task3/ex01/install/fullname_interfaces/share/fullname_interfaces/srv/FullNameSumService.json
[0.725s] -- Up-to-date: /home/artem/Documents/3_course/robotics/task3/ex01/install/fullname_interfaces/include/fullname_interfaces/fullname_interfaces
[0.725s] -- Up-to-date: /home/artem/Documents/3_course/robotics/task3/ex01/install/fullname_interfaces/include/fullname_interfaces/fullname_interfaces/srv
[0.725s] -- Up-to-date: /home/artem/Documents/3_course/robotics/task3/ex01/install/fullname_interfaces/include/fullname_interfaces/fullname_interfaces/srv/full_name_sum_service.h
[0.725s] -- Up-to-date: /home/artem/Documents/3_course/robotics/task3/ex01/install/fullname_interfaces/include/fullname_interfaces/fullname_interfaces/srv/detail
[0.726s] -- Up-to-date: /home/artem/Documents/3_course/robotics/task3/ex01/install/fullname_interfaces/include/fullname_interfaces/fullname_interfaces/srv/detail/full_name_sum_service__functions.h
[0.726s] -- Up-to-date: /home/artem/Documents/3_course/robotics/task3/ex01/install/fullname_interfaces/include/fullname_interfaces/fullname_interfaces/srv/detail/full_name_sum_service__type_support.c
[0.726s] -- Up-to-date: /home/artem/Documents/3_course/robotics/task3/ex01/install/fullname_interfaces/include/fullname_interfaces/fullname_interfaces/srv/detail/full_name_sum_service__struct.h
[0.727s] -- Up-to-date: /home/artem/Documents/3_course/robotics/task3/ex01/install/fullname_interfaces/include/fullname_interfaces/fullname_interfaces/srv/detail/full_name_sum_service__type_support.h
[0.727s] -- Up-to-date: /home/artem/Documents/3_course/robotics/task3/ex01/install/fullname_interfaces/include/fullname_interfaces/fullname_interfaces/srv/detail/full_name_sum_service__functions.c
[0.727s] -- Up-to-date: /home/artem/Documents/3_course/robotics/task3/ex01/install/fullname_interfaces/include/fullname_interfaces/fullname_interfaces/srv/detail/full_name_sum_service__description.c
[0.727s] -- Up-to-date: /home/artem/Documents/3_course/robotics/task3/ex01/install/fullname_interfaces/include/fullname_interfaces/fullname_interfaces/msg
[0.728s] -- Up-to-date: /home/artem/Documents/3_course/robotics/task3/ex01/install/fullname_interfaces/include/fullname_interfaces/fullname_interfaces/msg/rosidl_generator_c__visibility_control.h
[0.728s] -- Up-to-date: /home/artem/Documents/3_course/robotics/task3/ex01/install/fullname_interfaces/include/fullname_interfaces/fullname_interfaces/msg/full_name_message.h
[0.728s] -- Up-to-date: /home/artem/Documents/3_course/robotics/task3/ex01/install/fullname_interfaces/include/fullname_interfaces/fullname_interfaces/msg/detail
[0.728s] -- Up-to-date: /home/artem/Documents/3_course/robotics/task3/ex01/install/fullname_interfaces/include/fullname_interfaces/fullname_interfaces/msg/detail/full_name_message__type_support.h
[0.729s] -- Up-to-date: /home/artem/Documents/3_course/robotics/task3/ex01/install/fullname_interfaces/include/fullname_interfaces/fullname_interfaces/msg/detail/full_name_message__functions.h
[0.729s] -- Up-to-date: /home/artem/Documents/3_course/robotics/task3/ex01/install/fullname_interfaces/include/fullname_interfaces/fullname_interfaces/msg/detail/full_name_message__functions.c
[0.729s] -- Up-to-date: /home/artem/Documents/3_course/robotics/task3/ex01/install/fullname_interfaces/include/fullname_interfaces/fullname_interfaces/msg/detail/full_name_message__struct.h
[0.729s] -- Up-to-date: /home/artem/Documents/3_course/robotics/task3/ex01/install/fullname_interfaces/include/fullname_interfaces/fullname_interfaces/msg/detail/full_name_message__description.c
[0.730s] -- Up-to-date: /home/artem/Documents/3_course/robotics/task3/ex01/install/fullname_interfaces/include/fullname_interfaces/fullname_interfaces/msg/detail/full_name_message__type_support.c
[0.730s] -- Up-to-date: /home/artem/Documents/3_course/robotics/task3/ex01/install/fullname_interfaces/share/fullname_interfaces/environment/library_path.sh
[0.730s] -- Up-to-date: /home/artem/Documents/3_course/robotics/task3/ex01/install/fullname_interfaces/share/fullname_interfaces/environment/library_path.dsv
[0.730s] -- Up-to-date: /home/artem/Documents/3_course/robotics/task3/ex01/install/fullname_interfaces/lib/libfullname_interfaces__rosidl_generator_c.so
[0.731s] -- Up-to-date: /home/artem/Documents/3_course/robotics/task3/ex01/install/fullname_interfaces/include/fullname_interfaces/fullname_interfaces
[0.731s] -- Up-to-date: /home/artem/Documents/3_course/robotics/task3/ex01/install/fullname_interfaces/include/fullname_interfaces/fullname_interfaces/srv
[0.731s] -- Up-to-date: /home/artem/Documents/3_course/robotics/task3/ex01/install/fullname_interfaces/include/fullname_interfaces/fullname_interfaces/srv/detail
[0.731s] -- Up-to-date: /home/artem/Documents/3_course/robotics/task3/ex01/install/fullname_interfaces/include/fullname_interfaces/fullname_interfaces/srv/detail/full_name_sum_service__rosidl_typesupport_fastrtps_c.h
[0.731s] -- Up-to-date: /home/artem/Documents/3_course/robotics/task3/ex01/install/fullname_interfaces/include/fullname_interfaces/fullname_interfaces/msg
[0.731s] -- Up-to-date: /home/artem/Documents/3_course/robotics/task3/ex01/install/fullname_interfaces/include/fullname_interfaces/fullname_interfaces/msg/rosidl_typesupport_fastrtps_c__visibility_control.h
[0.732s] -- Up-to-date: /home/artem/Documents/3_course/robotics/task3/ex01/install/fullname_interfaces/include/fullname_interfaces/fullname_interfaces/msg/detail
[0.732s] -- Up-to-date: /home/artem/Documents/3_course/robotics/task3/ex01/install/fullname_interfaces/include/fullname_interfaces/fullname_interfaces/msg/detail/full_name_message__rosidl_typesupport_fastrtps_c.h
[0.732s] -- Up-to-date: /home/artem/Documents/3_course/robotics/task3/ex01/install/fullname_interfaces/lib/libfullname_interfaces__rosidl_typesupport_fastrtps_c.so
[0.732s] -- Up-to-date: /home/artem/Documents/3_course/robotics/task3/ex01/install/fullname_interfaces/include/fullname_interfaces/fullname_interfaces
[0.732s] -- Up-to-date: /home/artem/Documents/3_course/robotics/task3/ex01/install/fullname_interfaces/include/fullname_interfaces/fullname_interfaces/srv
[0.733s] -- Up-to-date: /home/artem/Documents/3_course/robotics/task3/ex01/install/fullname_interfaces/include/fullname_interfaces/fullname_interfaces/srv/detail
[0.733s] -- Up-to-date: /home/artem/Documents/3_course/robotics/task3/ex01/install/fullname_interfaces/include/fullname_interfaces/fullname_interfaces/srv/detail/full_name_sum_service__type_support.c
[0.733s] -- Up-to-date: /home/artem/Documents/3_course/robotics/task3/ex01/install/fullname_interfaces/include/fullname_interfaces/fullname_interfaces/srv/detail/full_name_sum_service__rosidl_typesupport_introspection_c.h
[0.733s] -- Up-to-date: /home/artem/Documents/3_course/robotics/task3/ex01/install/fullname_interfaces/include/fullname_interfaces/fullname_interfaces/msg
[0.733s] -- Up-to-date: /home/artem/Documents/3_course/robotics/task3/ex01/install/fullname_interfaces/include/fullname_interfaces/fullname_interfaces/msg/rosidl_typesupport_introspection_c__visibility_control.h
[0.734s] -- Up-to-date: /home/artem/Documents/3_course/robotics/task3/ex01/install/fullname_interfaces/include/fullname_interfaces/fullname_interfaces/msg/detail
[0.734s] -- Up-to-date: /home/artem/Documents/3_course/robotics/task3/ex01/install/fullname_interfaces/include/fullname_interfaces/fullname_interfaces/msg/detail/full_name_message__rosidl_typesupport_introspection_c.h
[0.734s] -- Up-to-date: /home/artem/Documents/3_course/robotics/task3/ex01/install/fullname_interfaces/include/fullname_interfaces/fullname_interfaces/msg/detail/full_name_message__type_support.c
[0.734s] -- Up-to-date: /home/artem/Documents/3_course/robotics/task3/ex01/install/fullname_interfaces/lib/libfullname_interfaces__rosidl_typesupport_introspection_c.so
[0.734s] -- Up-to-date: /home/artem/Documents/3_course/robotics/task3/ex01/install/fullname_interfaces/lib/libfullname_interfaces__rosidl_typesupport_c.so
[0.735s] -- Up-to-date: /home/artem/Documents/3_course/robotics/task3/ex01/install/fullname_interfaces/include/fullname_interfaces/fullname_interfaces
[0.735s] -- Up-to-date: /home/artem/Documents/3_course/robotics/task3/ex01/install/fullname_interfaces/include/fullname_interfaces/fullname_interfaces/srv
[0.735s] -- Up-to-date: /home/artem/Documents/3_course/robotics/task3/ex01/install/fullname_interfaces/include/fullname_interfaces/fullname_interfaces/srv/full_name_sum_service.hpp
[0.735s] -- Up-to-date: /home/artem/Documents/3_course/robotics/task3/ex01/install/fullname_interfaces/include/fullname_interfaces/fullname_interfaces/srv/detail
[0.735s] -- Up-to-date: /home/artem/Documents/3_course/robotics/task3/ex01/install/fullname_interfaces/include/fullname_interfaces/fullname_interfaces/srv/detail/full_name_sum_service__type_support.hpp
[0.735s] -- Up-to-date: /home/artem/Documents/3_course/robotics/task3/ex01/install/fullname_interfaces/include/fullname_interfaces/fullname_interfaces/srv/detail/full_name_sum_service__traits.hpp
[0.736s] -- Up-to-date: /home/artem/Documents/3_course/robotics/task3/ex01/install/fullname_interfaces/include/fullname_interfaces/fullname_interfaces/srv/detail/full_name_sum_service__builder.hpp
[0.736s] -- Up-to-date: /home/artem/Documents/3_course/robotics/task3/ex01/install/fullname_interfaces/include/fullname_interfaces/fullname_interfaces/srv/detail/full_name_sum_service__struct.hpp
[0.736s] -- Up-to-date: /home/artem/Documents/3_course/robotics/task3/ex01/install/fullname_interfaces/include/fullname_interfaces/fullname_interfaces/msg
[0.736s] -- Up-to-date: /home/artem/Documents/3_course/robotics/task3/ex01/install/fullname_interfaces/include/fullname_interfaces/fullname_interfaces/msg/full_name_message.hpp
[0.736s] -- Up-to-date: /home/artem/Documents/3_course/robotics/task3/ex01/install/fullname_interfaces/include/fullname_interfaces/fullname_interfaces/msg/rosidl_generator_cpp__visibility_control.hpp
[0.737s] -- Up-to-date: /home/artem/Documents/3_course/robotics/task3/ex01/install/fullname_interfaces/include/fullname_interfaces/fullname_interfaces/msg/detail
[0.737s] -- Up-to-date: /home/artem/Documents/3_course/robotics/task3/ex01/install/fullname_interfaces/include/fullname_interfaces/fullname_interfaces/msg/detail/full_name_message__builder.hpp
[0.737s] -- Up-to-date: /home/artem/Documents/3_course/robotics/task3/ex01/install/fullname_interfaces/include/fullname_interfaces/fullname_interfaces/msg/detail/full_name_message__struct.hpp
[0.737s] -- Up-to-date: /home/artem/Documents/3_course/robotics/task3/ex01/install/fullname_interfaces/include/fullname_interfaces/fullname_interfaces/msg/detail/full_name_message__type_support.hpp
[0.737s] -- Up-to-date: /home/artem/Documents/3_course/robotics/task3/ex01/install/fullname_interfaces/include/fullname_interfaces/fullname_interfaces/msg/detail/full_name_message__traits.hpp
[0.738s] -- Up-to-date: /home/artem/Documents/3_course/robotics/task3/ex01/install/fullname_interfaces/include/fullname_interfaces/fullname_interfaces
[0.738s] -- Up-to-date: /home/artem/Documents/3_course/robotics/task3/ex01/install/fullname_interfaces/include/fullname_interfaces/fullname_interfaces/srv
[0.738s] -- Up-to-date: /home/artem/Documents/3_course/robotics/task3/ex01/install/fullname_interfaces/include/fullname_interfaces/fullname_interfaces/srv/detail
[0.738s] -- Up-to-date: /home/artem/Documents/3_course/robotics/task3/ex01/install/fullname_interfaces/include/fullname_interfaces/fullname_interfaces/srv/detail/full_name_sum_service__rosidl_typesupport_fastrtps_cpp.hpp
[0.738s] -- Up-to-date: /home/artem/Documents/3_course/robotics/task3/ex01/install/fullname_interfaces/include/fullname_interfaces/fullname_interfaces/srv/detail/dds_fastrtps
[0.739s] -- Up-to-date: /home/artem/Documents/3_course/robotics/task3/ex01/install/fullname_interfaces/include/fullname_interfaces/fullname_interfaces/msg
[0.739s] -- Up-to-date: /home/artem/Documents/3_course/robotics/task3/ex01/install/fullname_interfaces/include/fullname_interfaces/fullname_interfaces/msg/rosidl_typesupport_fastrtps_cpp__visibility_control.h
[0.739s] -- Up-to-date: /home/artem/Documents/3_course/robotics/task3/ex01/install/fullname_interfaces/include/fullname_interfaces/fullname_interfaces/msg/detail
[0.739s] -- Up-to-date: /home/artem/Documents/3_course/robotics/task3/ex01/install/fullname_interfaces/include/fullname_interfaces/fullname_interfaces/msg/detail/dds_fastrtps
[0.739s] -- Up-to-date: /home/artem/Documents/3_course/robotics/task3/ex01/install/fullname_interfaces/include/fullname_interfaces/fullname_interfaces/msg/detail/full_name_message__rosidl_typesupport_fastrtps_cpp.hpp
[0.739s] -- Up-to-date: /home/artem/Documents/3_course/robotics/task3/ex01/install/fullname_interfaces/lib/libfullname_interfaces__rosidl_typesupport_fastrtps_cpp.so
[0.740s] -- Up-to-date: /home/artem/Documents/3_course/robotics/task3/ex01/install/fullname_interfaces/include/fullname_interfaces/fullname_interfaces
[0.740s] -- Up-to-date: /home/artem/Documents/3_course/robotics/task3/ex01/install/fullname_interfaces/include/fullname_interfaces/fullname_interfaces/srv
[0.740s] -- Up-to-date: /home/artem/Documents/3_course/robotics/task3/ex01/install/fullname_interfaces/include/fullname_interfaces/fullname_interfaces/srv/detail
[0.740s] -- Up-to-date: /home/artem/Documents/3_course/robotics/task3/ex01/install/fullname_interfaces/include/fullname_interfaces/fullname_interfaces/srv/detail/full_name_sum_service__type_support.cpp
[0.740s] -- Up-to-date: /home/artem/Documents/3_course/robotics/task3/ex01/install/fullname_interfaces/include/fullname_interfaces/fullname_interfaces/srv/detail/full_name_sum_service__rosidl_typesupport_introspection_cpp.hpp
[0.741s] -- Up-to-date: /home/artem/Documents/3_course/robotics/task3/ex01/install/fullname_interfaces/include/fullname_interfaces/fullname_interfaces/msg
[0.741s] -- Up-to-date: /home/artem/Documents/3_course/robotics/task3/ex01/install/fullname_interfaces/include/fullname_interfaces/fullname_interfaces/msg/detail
[0.741s] -- Up-to-date: /home/artem/Documents/3_course/robotics/task3/ex01/install/fullname_interfaces/include/fullname_interfaces/fullname_interfaces/msg/detail/full_name_message__rosidl_typesupport_introspection_cpp.hpp
[0.741s] -- Up-to-date: /home/artem/Documents/3_course/robotics/task3/ex01/install/fullname_interfaces/include/fullname_interfaces/fullname_interfaces/msg/detail/full_name_message__type_support.cpp
[0.741s] -- Up-to-date: /home/artem/Documents/3_course/robotics/task3/ex01/install/fullname_interfaces/lib/libfullname_interfaces__rosidl_typesupport_introspection_cpp.so
[0.742s] -- Up-to-date: /home/artem/Documents/3_course/robotics/task3/ex01/install/fullname_interfaces/lib/libfullname_interfaces__rosidl_typesupport_cpp.so
[0.742s] -- Up-to-date: /home/artem/Documents/3_course/robotics/task3/ex01/install/fullname_interfaces/share/fullname_interfaces/environment/pythonpath.sh
[0.742s] -- Up-to-date: /home/artem/Documents/3_course/robotics/task3/ex01/install/fullname_interfaces/share/fullname_interfaces/environment/pythonpath.dsv
[0.742s] -- Up-to-date: /home/artem/Documents/3_course/robotics/task3/ex01/install/fullname_interfaces/lib/python3.12/site-packages/fullname_interfaces-0.0.0-py3.12.egg-info
[0.743s] -- Installing: /home/artem/Documents/3_course/robotics/task3/ex01/install/fullname_interfaces/lib/python3.12/site-packages/fullname_interfaces-0.0.0-py3.12.egg-info/PKG-INFO
[0.743s] -- Installing: /home/artem/Documents/3_course/robotics/task3/ex01/install/fullname_interfaces/lib/python3.12/site-packages/fullname_interfaces-0.0.0-py3.12.egg-info/top_level.txt
[0.743s] -- Installing: /home/artem/Documents/3_course/robotics/task3/ex01/install/fullname_interfaces/lib/python3.12/site-packages/fullname_interfaces-0.0.0-py3.12.egg-info/dependency_links.txt
[0.743s] -- Installing: /home/artem/Documents/3_course/robotics/task3/ex01/install/fullname_interfaces/lib/python3.12/site-packages/fullname_interfaces-0.0.0-py3.12.egg-info/SOURCES.txt
[0.743s] -- Up-to-date: /home/artem/Documents/3_course/robotics/task3/ex01/install/fullname_interfaces/lib/python3.12/site-packages/fullname_interfaces
[0.743s] -- Up-to-date: /home/artem/Documents/3_course/robotics/task3/ex01/install/fullname_interfaces/lib/python3.12/site-packages/fullname_interfaces/srv
[0.743s] -- Up-to-date: /home/artem/Documents/3_course/robotics/task3/ex01/install/fullname_interfaces/lib/python3.12/site-packages/fullname_interfaces/srv/_full_name_sum_service.py
[0.743s] -- Up-to-date: /home/artem/Documents/3_course/robotics/task3/ex01/install/fullname_interfaces/lib/python3.12/site-packages/fullname_interfaces/srv/__init__.py
[0.744s] -- Up-to-date: /home/artem/Documents/3_course/robotics/task3/ex01/install/fullname_interfaces/lib/python3.12/site-packages/fullname_interfaces/srv/_full_name_sum_service_s.c
[0.744s] -- Up-to-date: /home/artem/Documents/3_course/robotics/task3/ex01/install/fullname_interfaces/lib/python3.12/site-packages/fullname_interfaces/__init__.py
[0.744s] -- Up-to-date: /home/artem/Documents/3_course/robotics/task3/ex01/install/fullname_interfaces/lib/python3.12/site-packages/fullname_interfaces/_fullname_interfaces_s.ep.rosidl_typesupport_introspection_c.c
[0.744s] -- Up-to-date: /home/artem/Documents/3_course/robotics/task3/ex01/install/fullname_interfaces/lib/python3.12/site-packages/fullname_interfaces/fullname_interfaces_s__rosidl_typesupport_introspection_c.so
[0.744s] -- Up-to-date: /home/artem/Documents/3_course/robotics/task3/ex01/install/fullname_interfaces/lib/python3.12/site-packages/fullname_interfaces/fullname_interfaces_s__rosidl_typesupport_fastrtps_c.so
[0.744s] -- Up-to-date: /home/artem/Documents/3_course/robotics/task3/ex01/install/fullname_interfaces/lib/python3.12/site-packages/fullname_interfaces/msg
[0.744s] -- Up-to-date: /home/artem/Documents/3_course/robotics/task3/ex01/install/fullname_interfaces/lib/python3.12/site-packages/fullname_interfaces/msg/__init__.py
[0.744s] -- Up-to-date: /home/artem/Documents/3_course/robotics/task3/ex01/install/fullname_interfaces/lib/python3.12/site-packages/fullname_interfaces/msg/_full_name_message_s.c
[0.744s] -- Up-to-date: /home/artem/Documents/3_course/robotics/task3/ex01/install/fullname_interfaces/lib/python3.12/site-packages/fullname_interfaces/msg/_full_name_message.py
[0.744s] -- Up-to-date: /home/artem/Documents/3_course/robotics/task3/ex01/install/fullname_interfaces/lib/python3.12/site-packages/fullname_interfaces/_fullname_interfaces_s.ep.rosidl_typesupport_c.c
[0.745s] -- Up-to-date: /home/artem/Documents/3_course/robotics/task3/ex01/install/fullname_interfaces/lib/python3.12/site-packages/fullname_interfaces/fullname_interfaces_s__rosidl_typesupport_c.so
[0.745s] -- Up-to-date: /home/artem/Documents/3_course/robotics/task3/ex01/install/fullname_interfaces/lib/python3.12/site-packages/fullname_interfaces/_fullname_interfaces_s.ep.rosidl_typesupport_fastrtps_c.c
[0.800s] Listing '/home/artem/Documents/3_course/robotics/task3/ex01/install/fullname_interfaces/lib/python3.12/site-packages/fullname_interfaces'...
[0.801s] Listing '/home/artem/Documents/3_course/robotics/task3/ex01/install/fullname_interfaces/lib/python3.12/site-packages/fullname_interfaces/msg'...
[0.801s] Listing '/home/artem/Documents/3_course/robotics/task3/ex01/install/fullname_interfaces/lib/python3.12/site-packages/fullname_interfaces/srv'...
[0.812s] -- Up-to-date: /home/artem/Documents/3_course/robotics/task3/ex01/install/fullname_interfaces/lib/python3.12/site-packages/fullname_interfaces/fullname_interfaces_s__rosidl_typesupport_fastrtps_c.so
[0.813s] -- Up-to-date: /home/artem/Documents/3_course/robotics/task3/ex01/install/fullname_interfaces/lib/python3.12/site-packages/fullname_interfaces/fullname_interfaces_s__rosidl_typesupport_introspection_c.so
[0.813s] -- Up-to-date: /home/artem/Documents/3_course/robotics/task3/ex01/install/fullname_interfaces/lib/python3.12/site-packages/fullname_interfaces/fullname_interfaces_s__rosidl_typesupport_c.so
[0.813s] -- Up-to-date: /home/artem/Documents/3_course/robotics/task3/ex01/install/fullname_interfaces/lib/libfullname_interfaces__rosidl_generator_py.so
[0.814s] -- Up-to-date: /home/artem/Documents/3_course/robotics/task3/ex01/install/fullname_interfaces/share/fullname_interfaces/msg/FullNameMessage.idl
[0.814s] -- Up-to-date: /home/artem/Documents/3_course/robotics/task3/ex01/install/fullname_interfaces/share/fullname_interfaces/srv/FullNameSumService.idl
[0.814s] -- Up-to-date: /home/artem/Documents/3_course/robotics/task3/ex01/install/fullname_interfaces/share/fullname_interfaces/msg/FullNameMessage.msg
[0.814s] -- Up-to-date: /home/artem/Documents/3_course/robotics/task3/ex01/install/fullname_interfaces/share/fullname_interfaces/srv/FullNameSumService.srv
[0.815s] -- Up-to-date: /home/artem/Documents/3_course/robotics/task3/ex01/install/fullname_interfaces/share/ament_index/resource_index/package_run_dependencies/fullname_interfaces
[0.815s] -- Up-to-date: /home/artem/Documents/3_course/robotics/task3/ex01/install/fullname_interfaces/share/ament_index/resource_index/parent_prefix_path/fullname_interfaces
[0.815s] -- Up-to-date: /home/artem/Documents/3_course/robotics/task3/ex01/install/fullname_interfaces/share/fullname_interfaces/environment/ament_prefix_path.sh
[0.815s] -- Up-to-date: /home/artem/Documents/3_course/robotics/task3/ex01/install/fullname_interfaces/share/fullname_interfaces/environment/ament_prefix_path.dsv
[0.816s] -- Up-to-date: /home/artem/Documents/3_course/robotics/task3/ex01/install/fullname_interfaces/share/fullname_interfaces/environment/path.sh
[0.816s] -- Up-to-date: /home/artem/Documents/3_course/robotics/task3/ex01/install/fullname_interfaces/share/fullname_interfaces/environment/path.dsv
[0.816s] -- Up-to-date: /home/artem/Documents/3_course/robotics/task3/ex01/install/fullname_interfaces/share/fullname_interfaces/local_setup.bash
[0.816s] -- Up-to-date: /home/artem/Documents/3_course/robotics/task3/ex01/install/fullname_interfaces/share/fullname_interfaces/local_setup.sh
[0.817s] -- Up-to-date: /home/artem/Documents/3_course/robotics/task3/ex01/install/fullname_interfaces/share/fullname_interfaces/local_setup.zsh
[0.817s] -- Up-to-date: /home/artem/Documents/3_course/robotics/task3/ex01/install/fullname_interfaces/share/fullname_interfaces/local_setup.dsv
[0.817s] -- Installing: /home/artem/Documents/3_course/robotics/task3/ex01/install/fullname_interfaces/share/fullname_interfaces/package.dsv
[0.817s] -- Up-to-date: /home/artem/Documents/3_course/robotics/task3/ex01/install/fullname_interfaces/share/ament_index/resource_index/packages/fullname_interfaces
[0.817s] -- Up-to-date: /home/artem/Documents/3_course/robotics/task3/ex01/install/fullname_interfaces/share/fullname_interfaces/cmake/export_fullname_interfaces__rosidl_generator_cExport.cmake
[0.818s] -- Up-to-date: /home/artem/Documents/3_course/robotics/task3/ex01/install/fullname_interfaces/share/fullname_interfaces/cmake/export_fullname_interfaces__rosidl_generator_cExport-noconfig.cmake
[0.818s] -- Up-to-date: /home/artem/Documents/3_course/robotics/task3/ex01/install/fullname_interfaces/share/fullname_interfaces/cmake/export_fullname_interfaces__rosidl_typesupport_fastrtps_cExport.cmake
[0.818s] -- Up-to-date: /home/artem/Documents/3_course/robotics/task3/ex01/install/fullname_interfaces/share/fullname_interfaces/cmake/export_fullname_interfaces__rosidl_typesupport_fastrtps_cExport-noconfig.cmake
[0.818s] -- Up-to-date: /home/artem/Documents/3_course/robotics/task3/ex01/install/fullname_interfaces/share/fullname_interfaces/cmake/fullname_interfaces__rosidl_typesupport_introspection_cExport.cmake
[0.818s] -- Up-to-date: /home/artem/Documents/3_course/robotics/task3/ex01/install/fullname_interfaces/share/fullname_interfaces/cmake/fullname_interfaces__rosidl_typesupport_introspection_cExport-noconfig.cmake
[0.819s] -- Up-to-date: /home/artem/Documents/3_course/robotics/task3/ex01/install/fullname_interfaces/share/fullname_interfaces/cmake/fullname_interfaces__rosidl_typesupport_cExport.cmake
[0.819s] -- Up-to-date: /home/artem/Documents/3_course/robotics/task3/ex01/install/fullname_interfaces/share/fullname_interfaces/cmake/fullname_interfaces__rosidl_typesupport_cExport-noconfig.cmake
[0.819s] -- Up-to-date: /home/artem/Documents/3_course/robotics/task3/ex01/install/fullname_interfaces/share/fullname_interfaces/cmake/export_fullname_interfaces__rosidl_generator_cppExport.cmake
[0.819s] -- Up-to-date: /home/artem/Documents/3_course/robotics/task3/ex01/install/fullname_interfaces/share/fullname_interfaces/cmake/export_fullname_interfaces__rosidl_typesupport_fastrtps_cppExport.cmake
[0.819s] -- Up-to-date: /home/artem/Documents/3_course/robotics/task3/ex01/install/fullname_interfaces/share/fullname_interfaces/cmake/export_fullname_interfaces__rosidl_typesupport_fastrtps_cppExport-noconfig.cmake
[0.820s] -- Up-to-date: /home/artem/Documents/3_course/robotics/task3/ex01/install/fullname_interfaces/share/fullname_interfaces/cmake/fullname_interfaces__rosidl_typesupport_introspection_cppExport.cmake
[0.820s] -- Up-to-date: /home/artem/Documents/3_course/robotics/task3/ex01/install/fullname_interfaces/share/fullname_interfaces/cmake/fullname_interfaces__rosidl_typesupport_introspection_cppExport-noconfig.cmake
[0.820s] -- Up-to-date: /home/artem/Documents/3_course/robotics/task3/ex01/install/fullname_interfaces/share/fullname_interfaces/cmake/fullname_interfaces__rosidl_typesupport_cppExport.cmake
[0.821s] -- Up-to-date: /home/artem/Documents/3_course/robotics/task3/ex01/install/fullname_interfaces/share/fullname_interfaces/cmake/fullname_interfaces__rosidl_typesupport_cppExport-noconfig.cmake
[0.821s] -- Up-to-date: /home/artem/Documents/3_course/robotics/task3/ex01/install/fullname_interfaces/share/fullname_interfaces/cmake/export_fullname_interfaces__rosidl_generator_pyExport.cmake
[0.821s] -- Up-to-date: /home/artem/Documents/3_course/robotics/task3/ex01/install/fullname_interfaces/share/fullname_interfaces/cmake/export_fullname_interfaces__rosidl_generator_pyExport-noconfig.cmake
[0.822s] -- Up-to-date: /home/artem/Documents/3_course/robotics/task3/ex01/install/fullname_interfaces/share/fullname_interfaces/cmake/rosidl_cmake-extras.cmake
[0.823s] -- Up-to-date: /home/artem/Documents/3_course/robotics/task3/ex01/install/fullname_interfaces/share/fullname_interfaces/cmake/ament_cmake_export_dependencies-extras.cmake
[0.823s] -- Up-to-date: /home/artem/Documents/3_course/robotics/task3/ex01/install/fullname_interfaces/share/fullname_interfaces/cmake/ament_cmake_export_include_directories-extras.cmake
[0.824s] -- Up-to-date: /home/artem/Documents/3_course/robotics/task3/ex01/install/fullname_interfaces/share/fullname_interfaces/cmake/ament_cmake_export_libraries-extras.cmake
[0.824s] -- Up-to-date: /home/artem/Documents/3_course/robotics/task3/ex01/install/fullname_interfaces/share/fullname_interfaces/cmake/ament_cmake_export_targets-extras.cmake
[0.824s] -- Up-to-date: /home/artem/Documents/3_course/robotics/task3/ex01/install/fullname_interfaces/share/fullname_interfaces/cmake/rosidl_cmake_export_typesupport_targets-extras.cmake
[0.824s] -- Up-to-date: /home/artem/Documents/3_course/robotics/task3/ex01/install/fullname_interfaces/share/fullname_interfaces/cmake/rosidl_cmake_export_typesupport_libraries-extras.cmake
[0.824s] -- Up-to-date: /home/artem/Documents/3_course/robotics/task3/ex01/install/fullname_interfaces/share/fullname_interfaces/cmake/fullname_interfacesConfig.cmake
[0.824s] -- Up-to-date: /home/artem/Documents/3_course/robotics/task3/ex01/install/fullname_interfaces/share/fullname_interfaces/cmake/fullname_interfacesConfig-version.cmake
[0.824s] -- Up-to-date: /home/artem/Documents/3_course/robotics/task3/ex01/install/fullname_interfaces/share/fullname_interfaces/package.xml
[0.825s] Invoked command in '/home/artem/Documents/3_course/robotics/task3/ex01/build/fullname_interfaces' returned '0': CMAKE_PREFIX_PATH=${CMAKE_PREFIX_PATH}:/home/artem/Documents/3_course/robotics/task3/ex01/install/service_full_name:/opt/ros/jazzy DEBUGINFOD_URLS=https://debuginfod.ubuntu.com /usr/bin/cmake --install /home/artem/Documents/3_course/robotics/task3/ex01/build/fullname_interfaces
