[0.007s] Invoking command in '/home/artem/Documents/3_course/robotics/task5/ex03/build/robot_description': CMAKE_PREFIX_PATH=${CMAKE_PREFIX_PATH}:/opt/ros/jazzy DEBUGINFOD_URLS=https://debuginfod.ubuntu.com /usr/bin/cmake /home/artem/Documents/3_course/robotics/task5/ex03/robot_description -DCMAKE_INSTALL_PREFIX=/home/artem/Documents/3_course/robotics/task5/ex03/install/robot_description
[0.090s] -- The C compiler identification is GNU 13.3.0
[0.161s] -- The CXX compiler identification is GNU 13.3.0
[0.180s] -- Detecting C compiler ABI info
[0.258s] -- Detecting C compiler ABI info - done
[0.266s] -- Check for working C compiler: /usr/bin/cc - skipped
[0.266s] -- Detecting C compile features
[0.266s] -- Detecting C compile features - done
[0.274s] -- Detecting CXX compiler ABI info
[0.345s] -- Detecting CXX compiler ABI info - done
[0.352s] -- Check for working CXX compiler: /usr/bin/c++ - skipped
[0.352s] -- Detecting CXX compile features
[0.352s] -- Detecting CXX compile features - done
[0.363s] -- Found ament_cmake: 2.5.4 (/opt/ros/jazzy/share/ament_cmake/cmake)
[0.474s] -- Found Python3: /usr/bin/python3 (found version "3.12.3") found components: Interpreter 
[0.573s] -- Found ament_lint_auto: 0.17.3 (/opt/ros/jazzy/share/ament_lint_auto/cmake)
[0.655s] -- Added test 'copyright' to check source files copyright and LICENSE
[0.658s] -- Added test 'lint_cmake' to check CMake code style
[0.659s] -- Added test 'xmllint' to check XML markup files
[0.661s] -- Configuring done (0.6s)
[0.664s] -- Generating done (0.0s)
[0.666s] -- Build files have been written to: /home/artem/Documents/3_course/robotics/task5/ex03/build/robot_description
[0.671s] Invoked command in '/home/artem/Documents/3_course/robotics/task5/ex03/build/robot_description' returned '0': CMAKE_PREFIX_PATH=${CMAKE_PREFIX_PATH}:/opt/ros/jazzy DEBUGINFOD_URLS=https://debuginfod.ubuntu.com /usr/bin/cmake /home/artem/Documents/3_course/robotics/task5/ex03/robot_description -DCMAKE_INSTALL_PREFIX=/home/artem/Documents/3_course/robotics/task5/ex03/install/robot_description
[0.671s] Invoking command in '/home/artem/Documents/3_course/robotics/task5/ex03/build/robot_description': CMAKE_PREFIX_PATH=${CMAKE_PREFIX_PATH}:/opt/ros/jazzy DEBUGINFOD_URLS=https://debuginfod.ubuntu.com /usr/bin/cmake --build /home/artem/Documents/3_course/robotics/task5/ex03/build/robot_description -- -j12 -l12
[0.711s] Invoked command in '/home/artem/Documents/3_course/robotics/task5/ex03/build/robot_description' returned '0': CMAKE_PREFIX_PATH=${CMAKE_PREFIX_PATH}:/opt/ros/jazzy DEBUGINFOD_URLS=https://debuginfod.ubuntu.com /usr/bin/cmake --build /home/artem/Documents/3_course/robotics/task5/ex03/build/robot_description -- -j12 -l12
[0.712s] Invoking command in '/home/artem/Documents/3_course/robotics/task5/ex03/build/robot_description': CMAKE_PREFIX_PATH=${CMAKE_PREFIX_PATH}:/opt/ros/jazzy DEBUGINFOD_URLS=https://debuginfod.ubuntu.com /usr/bin/cmake --install /home/artem/Documents/3_course/robotics/task5/ex03/build/robot_description
[0.717s] -- Install configuration: ""
[0.717s] -- Installing: /home/artem/Documents/3_course/robotics/task5/ex03/install/robot_description/share/robot_description//urdf
[0.717s] -- Installing: /home/artem/Documents/3_course/robotics/task5/ex03/install/robot_description/share/robot_description//urdf/gazebo.urdf.xacro
[0.717s] -- Installing: /home/artem/Documents/3_course/robotics/task5/ex03/install/robot_description/share/robot_description//urdf/robot.urdf.xacro
[0.717s] -- Installing: /home/artem/Documents/3_course/robotics/task5/ex03/install/robot_description/share/ament_index/resource_index/package_run_dependencies/robot_description
[0.717s] -- Installing: /home/artem/Documents/3_course/robotics/task5/ex03/install/robot_description/share/ament_index/resource_index/parent_prefix_path/robot_description
[0.717s] -- Installing: /home/artem/Documents/3_course/robotics/task5/ex03/install/robot_description/share/robot_description/environment/ament_prefix_path.sh
[0.718s] -- Installing: /home/artem/Documents/3_course/robotics/task5/ex03/install/robot_description/share/robot_description/environment/ament_prefix_path.dsv
[0.718s] -- Installing: /home/artem/Documents/3_course/robotics/task5/ex03/install/robot_description/share/robot_description/environment/path.sh
[0.718s] -- Installing: /home/artem/Documents/3_course/robotics/task5/ex03/install/robot_description/share/robot_description/environment/path.dsv
[0.718s] -- Installing: /home/artem/Documents/3_course/robotics/task5/ex03/install/robot_description/share/robot_description/local_setup.bash
[0.718s] -- Installing: /home/artem/Documents/3_course/robotics/task5/ex03/install/robot_description/share/robot_description/local_setup.sh
[0.718s] -- Installing: /home/artem/Documents/3_course/robotics/task5/ex03/install/robot_description/share/robot_description/local_setup.zsh
[0.718s] -- Installing: /home/artem/Documents/3_course/robotics/task5/ex03/install/robot_description/share/robot_description/local_setup.dsv
[0.718s] -- Installing: /home/artem/Documents/3_course/robotics/task5/ex03/install/robot_description/share/robot_description/package.dsv
[0.718s] -- Installing: /home/artem/Documents/3_course/robotics/task5/ex03/install/robot_description/share/ament_index/resource_index/packages/robot_description
[0.718s] -- Installing: /home/artem/Documents/3_course/robotics/task5/ex03/install/robot_description/share/robot_description/cmake/robot_descriptionConfig.cmake
[0.718s] -- Installing: /home/artem/Documents/3_course/robotics/task5/ex03/install/robot_description/share/robot_description/cmake/robot_descriptionConfig-version.cmake
[0.718s] -- Installing: /home/artem/Documents/3_course/robotics/task5/ex03/install/robot_description/share/robot_description/package.xml
[0.719s] Invoked command in '/home/artem/Documents/3_course/robotics/task5/ex03/build/robot_description' returned '0': CMAKE_PREFIX_PATH=${CMAKE_PREFIX_PATH}:/opt/ros/jazzy DEBUGINFOD_URLS=https://debuginfod.ubuntu.com /usr/bin/cmake --install /home/artem/Documents/3_course/robotics/task5/ex03/build/robot_description
