[0.009s] Invoking command in '/home/artem/Documents/3_course/robotics/task6/build/robot_description': CMAKE_PREFIX_PATH=${CMAKE_PREFIX_PATH}:/opt/ros/jazzy DEBUGINFOD_URLS=https://debuginfod.ubuntu.com /usr/bin/cmake /home/artem/Documents/3_course/robotics/task6/robot_description -DCMAKE_INSTALL_PREFIX=/home/artem/Documents/3_course/robotics/task6/install/robot_description
[0.131s] -- The C compiler identification is GNU 13.3.0
[0.239s] -- The CXX compiler identification is GNU 13.3.0
[0.261s] -- Detecting C compiler ABI info
[0.370s] -- Detecting C compiler ABI info - done
[0.379s] -- Check for working C compiler: /usr/bin/cc - skipped
[0.379s] -- Detecting C compile features
[0.380s] -- Detecting C compile features - done
[0.392s] -- Detecting CXX compiler ABI info
[0.482s] -- Detecting CXX compiler ABI info - done
[0.488s] -- Check for working CXX compiler: /usr/bin/c++ - skipped
[0.488s] -- Detecting CXX compile features
[0.488s] -- Detecting CXX compile features - done
[0.500s] -- Found ament_cmake: 2.5.4 (/opt/ros/jazzy/share/ament_cmake/cmake)
[0.610s] -- Found Python3: /usr/bin/python3 (found version "3.12.3") found components: Interpreter 
[0.714s] -- Found ament_lint_auto: 0.17.3 (/opt/ros/jazzy/share/ament_lint_auto/cmake)
[0.796s] -- Added test 'flake8' to check Python code syntax and style conventions
[0.796s] -- Configured 'flake8' exclude dirs and/or files: 
[0.796s] -- Added test 'lint_cmake' to check CMake code style
[0.797s] -- Added test 'pep257' to check Python code against some of the docstring style conventions in PEP 257
[0.798s] -- Added test 'xmllint' to check XML markup files
[0.800s] -- Configuring done (0.8s)
[0.801s] -- Generating done (0.0s)
[0.803s] -- Build files have been written to: /home/artem/Documents/3_course/robotics/task6/build/robot_description
[0.806s] Invoked command in '/home/artem/Documents/3_course/robotics/task6/build/robot_description' returned '0': CMAKE_PREFIX_PATH=${CMAKE_PREFIX_PATH}:/opt/ros/jazzy DEBUGINFOD_URLS=https://debuginfod.ubuntu.com /usr/bin/cmake /home/artem/Documents/3_course/robotics/task6/robot_description -DCMAKE_INSTALL_PREFIX=/home/artem/Documents/3_course/robotics/task6/install/robot_description
[0.807s] Invoking command in '/home/artem/Documents/3_course/robotics/task6/build/robot_description': CMAKE_PREFIX_PATH=${CMAKE_PREFIX_PATH}:/opt/ros/jazzy DEBUGINFOD_URLS=https://debuginfod.ubuntu.com /usr/bin/cmake --build /home/artem/Documents/3_course/robotics/task6/build/robot_description -- -j12 -l12
[0.841s] Invoked command in '/home/artem/Documents/3_course/robotics/task6/build/robot_description' returned '0': CMAKE_PREFIX_PATH=${CMAKE_PREFIX_PATH}:/opt/ros/jazzy DEBUGINFOD_URLS=https://debuginfod.ubuntu.com /usr/bin/cmake --build /home/artem/Documents/3_course/robotics/task6/build/robot_description -- -j12 -l12
[0.848s] Invoking command in '/home/artem/Documents/3_course/robotics/task6/build/robot_description': CMAKE_PREFIX_PATH=${CMAKE_PREFIX_PATH}:/opt/ros/jazzy DEBUGINFOD_URLS=https://debuginfod.ubuntu.com /usr/bin/cmake --install /home/artem/Documents/3_course/robotics/task6/build/robot_description
[0.856s] -- Install configuration: ""
[0.856s] -- Installing: /home/artem/Documents/3_course/robotics/task6/install/robot_description/share/robot_description/src
[0.856s] -- Installing: /home/artem/Documents/3_course/robotics/task6/install/robot_description/share/robot_description/src/worlds
[0.856s] -- Installing: /home/artem/Documents/3_course/robotics/task6/install/robot_description/share/robot_description/src/worlds/ballbot_world.sdf
[0.856s] -- Installing: /home/artem/Documents/3_course/robotics/task6/install/robot_description/share/robot_description/src/worlds/default.sdf
[0.856s] -- Installing: /home/artem/Documents/3_course/robotics/task6/install/robot_description/share/robot_description/src/worlds/sensors.sdf
[0.856s] -- Installing: /home/artem/Documents/3_course/robotics/task6/install/robot_description/share/robot_description/src/models
[0.856s] -- Installing: /home/artem/Documents/3_course/robotics/task6/install/robot_description/share/robot_description/src/models/ballbot.sdf
[0.856s] -- Installing: /home/artem/Documents/3_course/robotics/task6/install/robot_description/share/robot_description/src/models/robot.sdf
[0.856s] -- Installing: /home/artem/Documents/3_course/robotics/task6/install/robot_description/share/robot_description/src/models/sensors.sdf
[0.856s] -- Installing: /home/artem/Documents/3_course/robotics/task6/install/robot_description/share/robot_description/src/description
[0.856s] -- Installing: /home/artem/Documents/3_course/robotics/task6/install/robot_description/share/robot_description/src/description/robot.urdf
[0.856s] -- Installing: /home/artem/Documents/3_course/robotics/task6/install/robot_description/share/robot_description/src/description/ballbot.urdf
[0.856s] -- Installing: /home/artem/Documents/3_course/robotics/task6/install/robot_description/share/robot_description/src/description/ballbot.sdf
[0.856s] -- Installing: /home/artem/Documents/3_course/robotics/task6/install/robot_description/share/robot_description/src/description/robot.sdf
[0.856s] -- Installing: /home/artem/Documents/3_course/robotics/task6/install/robot_description/share/robot_description/src/description/sensors.sdf
[0.856s] -- Installing: /home/artem/Documents/3_course/robotics/task6/install/robot_description/share/robot_description/launch
[0.856s] -- Installing: /home/artem/Documents/3_course/robotics/task6/install/robot_description/share/robot_description/launch/robot_display.launch.py
[0.856s] -- Installing: /home/artem/Documents/3_course/robotics/task6/install/robot_description/share/robot_description/launch/robot_sensors.launch.py
[0.856s] -- Installing: /home/artem/Documents/3_course/robotics/task6/install/robot_description/share/robot_description/launch/lidar_stop.launch.py
[0.856s] -- Installing: /home/artem/Documents/3_course/robotics/task6/install/robot_description/share/robot_description/launch/circle_movement.launch.py
[0.856s] -- Installing: /home/artem/Documents/3_course/robotics/task6/install/robot_description/share/robot_description/launch/ballbot_gazebo.launch.py
[0.857s] -- Installing: /home/artem/Documents/3_course/robotics/task6/install/robot_description/share/robot_description/launch/robot_gazebo.launch.py
[0.857s] -- Installing: /home/artem/Documents/3_course/robotics/task6/install/robot_description/share/robot_description/launch/balance.launch.py
[0.857s] -- Installing: /home/artem/Documents/3_course/robotics/task6/install/robot_description/share/robot_description/launch/depth_stop.launch.py
[0.857s] -- Installing: /home/artem/Documents/3_course/robotics/task6/install/robot_description/share/robot_description/launch/ballbot_display.launch.py
[0.857s] -- Installing: /home/artem/Documents/3_course/robotics/task6/install/robot_description/share/robot_description/rviz
[0.857s] -- Installing: /home/artem/Documents/3_course/robotics/task6/install/robot_description/share/robot_description/rviz/ballbot.rviz
[0.857s] -- Installing: /home/artem/Documents/3_course/robotics/task6/install/robot_description/share/robot_description/rviz/robot.rviz
[0.857s] -- Installing: /home/artem/Documents/3_course/robotics/task6/install/robot_description/share/robot_description/rviz/config.rviz
[0.857s] -- Installing: /home/artem/Documents/3_course/robotics/task6/install/robot_description/share/robot_description/rviz/sensors.rviz
[0.857s] -- Installing: /home/artem/Documents/3_course/robotics/task6/install/robot_description/lib/robot_description/circle_movement.py
[0.857s] -- Installing: /home/artem/Documents/3_course/robotics/task6/install/robot_description/lib/robot_description/balance.py
[0.857s] -- Installing: /home/artem/Documents/3_course/robotics/task6/install/robot_description/lib/robot_description/lidar_stop.py
[0.857s] -- Installing: /home/artem/Documents/3_course/robotics/task6/install/robot_description/lib/robot_description/depth_camera_stop.py
[0.857s] -- Installing: /home/artem/Documents/3_course/robotics/task6/install/robot_description/share/ament_index/resource_index/package_run_dependencies/robot_description
[0.857s] -- Installing: /home/artem/Documents/3_course/robotics/task6/install/robot_description/share/ament_index/resource_index/parent_prefix_path/robot_description
[0.857s] -- Installing: /home/artem/Documents/3_course/robotics/task6/install/robot_description/share/robot_description/environment/ament_prefix_path.sh
[0.857s] -- Installing: /home/artem/Documents/3_course/robotics/task6/install/robot_description/share/robot_description/environment/ament_prefix_path.dsv
[0.857s] -- Installing: /home/artem/Documents/3_course/robotics/task6/install/robot_description/share/robot_description/environment/path.sh
[0.857s] -- Installing: /home/artem/Documents/3_course/robotics/task6/install/robot_description/share/robot_description/environment/path.dsv
[0.857s] -- Installing: /home/artem/Documents/3_course/robotics/task6/install/robot_description/share/robot_description/local_setup.bash
[0.857s] -- Installing: /home/artem/Documents/3_course/robotics/task6/install/robot_description/share/robot_description/local_setup.sh
[0.857s] -- Installing: /home/artem/Documents/3_course/robotics/task6/install/robot_description/share/robot_description/local_setup.zsh
[0.857s] -- Installing: /home/artem/Documents/3_course/robotics/task6/install/robot_description/share/robot_description/local_setup.dsv
[0.857s] -- Installing: /home/artem/Documents/3_course/robotics/task6/install/robot_description/share/robot_description/package.dsv
[0.857s] -- Installing: /home/artem/Documents/3_course/robotics/task6/install/robot_description/share/ament_index/resource_index/packages/robot_description
[0.857s] -- Installing: /home/artem/Documents/3_course/robotics/task6/install/robot_description/share/robot_description/cmake/robot_descriptionConfig.cmake
[0.857s] -- Installing: /home/artem/Documents/3_course/robotics/task6/install/robot_description/share/robot_description/cmake/robot_descriptionConfig-version.cmake
[0.857s] -- Installing: /home/artem/Documents/3_course/robotics/task6/install/robot_description/share/robot_description/package.xml
[0.859s] Invoked command in '/home/artem/Documents/3_course/robotics/task6/build/robot_description' returned '0': CMAKE_PREFIX_PATH=${CMAKE_PREFIX_PATH}:/opt/ros/jazzy DEBUGINFOD_URLS=https://debuginfod.ubuntu.com /usr/bin/cmake --install /home/artem/Documents/3_course/robotics/task6/build/robot_description
