[0.006s] Invoking command in '/home/artem/Documents/3_course/robotics/task5/ex05/build/robot_description': CMAKE_PREFIX_PATH=${CMAKE_PREFIX_PATH}:/opt/ros/jazzy DEBUGINFOD_URLS=https://debuginfod.ubuntu.com /usr/bin/cmake /home/artem/Documents/3_course/robotics/task5/ex05/robot_description -DCMAKE_INSTALL_PREFIX=/home/artem/Documents/3_course/robotics/task5/ex05/install/robot_description
[0.108s] -- The C compiler identification is GNU 13.3.0
[0.190s] -- The CXX compiler identification is GNU 13.3.0
[0.207s] -- Detecting C compiler ABI info
[0.283s] -- Detecting C compiler ABI info - done
[0.290s] -- Check for working C compiler: /usr/bin/cc - skipped
[0.290s] -- Detecting C compile features
[0.290s] -- Detecting C compile features - done
[0.298s] -- Detecting CXX compiler ABI info
[0.375s] -- Detecting CXX compiler ABI info - done
[0.381s] -- Check for working CXX compiler: /usr/bin/c++ - skipped
[0.382s] -- Detecting CXX compile features
[0.382s] -- Detecting CXX compile features - done
[0.388s] -- Found ament_cmake: 2.5.4 (/opt/ros/jazzy/share/ament_cmake/cmake)
[0.505s] -- Found Python3: /usr/bin/python3 (found version "3.12.3") found components: Interpreter 
[0.617s] -- Found ament_lint_auto: 0.17.3 (/opt/ros/jazzy/share/ament_lint_auto/cmake)
[0.704s] -- Added test 'copyright' to check source files copyright and LICENSE
[0.705s] -- Added test 'lint_cmake' to check CMake code style
[0.706s] -- Added test 'xmllint' to check XML markup files
[0.708s] -- Configuring done (0.7s)
[0.711s] -- Generating done (0.0s)
[0.713s] -- Build files have been written to: /home/artem/Documents/3_course/robotics/task5/ex05/build/robot_description
[0.718s] Invoked command in '/home/artem/Documents/3_course/robotics/task5/ex05/build/robot_description' returned '0': CMAKE_PREFIX_PATH=${CMAKE_PREFIX_PATH}:/opt/ros/jazzy DEBUGINFOD_URLS=https://debuginfod.ubuntu.com /usr/bin/cmake /home/artem/Documents/3_course/robotics/task5/ex05/robot_description -DCMAKE_INSTALL_PREFIX=/home/artem/Documents/3_course/robotics/task5/ex05/install/robot_description
[0.719s] Invoking command in '/home/artem/Documents/3_course/robotics/task5/ex05/build/robot_description': CMAKE_PREFIX_PATH=${CMAKE_PREFIX_PATH}:/opt/ros/jazzy DEBUGINFOD_URLS=https://debuginfod.ubuntu.com /usr/bin/cmake --build /home/artem/Documents/3_course/robotics/task5/ex05/build/robot_description -- -j12 -l12
[0.756s] Invoked command in '/home/artem/Documents/3_course/robotics/task5/ex05/build/robot_description' returned '0': CMAKE_PREFIX_PATH=${CMAKE_PREFIX_PATH}:/opt/ros/jazzy DEBUGINFOD_URLS=https://debuginfod.ubuntu.com /usr/bin/cmake --build /home/artem/Documents/3_course/robotics/task5/ex05/build/robot_description -- -j12 -l12
[0.757s] Invoking command in '/home/artem/Documents/3_course/robotics/task5/ex05/build/robot_description': CMAKE_PREFIX_PATH=${CMAKE_PREFIX_PATH}:/opt/ros/jazzy DEBUGINFOD_URLS=https://debuginfod.ubuntu.com /usr/bin/cmake --install /home/artem/Documents/3_course/robotics/task5/ex05/build/robot_description
[0.765s] -- Install configuration: ""
[0.766s] -- Installing: /home/artem/Documents/3_course/robotics/task5/ex05/install/robot_description/share/robot_description//urdf
[0.766s] -- Installing: /home/artem/Documents/3_course/robotics/task5/ex05/install/robot_description/share/robot_description//urdf/gazebo.urdf.xacro
[0.766s] -- Installing: /home/artem/Documents/3_course/robotics/task5/ex05/install/robot_description/share/robot_description//urdf/robot.urdf.xacro
[0.766s] -- Installing: /home/artem/Documents/3_course/robotics/task5/ex05/install/robot_description/share/ament_index/resource_index/package_run_dependencies/robot_description
[0.766s] -- Installing: /home/artem/Documents/3_course/robotics/task5/ex05/install/robot_description/share/ament_index/resource_index/parent_prefix_path/robot_description
[0.766s] -- Installing: /home/artem/Documents/3_course/robotics/task5/ex05/install/robot_description/share/robot_description/environment/ament_prefix_path.sh
[0.766s] -- Installing: /home/artem/Documents/3_course/robotics/task5/ex05/install/robot_description/share/robot_description/environment/ament_prefix_path.dsv
[0.766s] -- Installing: /home/artem/Documents/3_course/robotics/task5/ex05/install/robot_description/share/robot_description/environment/path.sh
[0.766s] -- Installing: /home/artem/Documents/3_course/robotics/task5/ex05/install/robot_description/share/robot_description/environment/path.dsv
[0.766s] -- Installing: /home/artem/Documents/3_course/robotics/task5/ex05/install/robot_description/share/robot_description/local_setup.bash
[0.766s] -- Installing: /home/artem/Documents/3_course/robotics/task5/ex05/install/robot_description/share/robot_description/local_setup.sh
[0.766s] -- Installing: /home/artem/Documents/3_course/robotics/task5/ex05/install/robot_description/share/robot_description/local_setup.zsh
[0.766s] -- Installing: /home/artem/Documents/3_course/robotics/task5/ex05/install/robot_description/share/robot_description/local_setup.dsv
[0.766s] -- Installing: /home/artem/Documents/3_course/robotics/task5/ex05/install/robot_description/share/robot_description/package.dsv
[0.766s] -- Installing: /home/artem/Documents/3_course/robotics/task5/ex05/install/robot_description/share/ament_index/resource_index/packages/robot_description
[0.766s] -- Installing: /home/artem/Documents/3_course/robotics/task5/ex05/install/robot_description/share/robot_description/cmake/robot_descriptionConfig.cmake
[0.767s] -- Installing: /home/artem/Documents/3_course/robotics/task5/ex05/install/robot_description/share/robot_description/cmake/robot_descriptionConfig-version.cmake
[0.767s] -- Installing: /home/artem/Documents/3_course/robotics/task5/ex05/install/robot_description/share/robot_description/package.xml
[0.775s] Invoked command in '/home/artem/Documents/3_course/robotics/task5/ex05/build/robot_description' returned '0': CMAKE_PREFIX_PATH=${CMAKE_PREFIX_PATH}:/opt/ros/jazzy DEBUGINFOD_URLS=https://debuginfod.ubuntu.com /usr/bin/cmake --install /home/artem/Documents/3_course/robotics/task5/ex05/build/robot_description
