[  2%] Built target full_name_interfaces__rosidl_generator_type_description
[  2%] Built target ament_cmake_python_copy_full_name_interfaces
[ 11%] Built target full_name_interfaces__cpp
[ 22%] Built target full_name_interfaces__rosidl_generator_c
[ 34%] Built target full_name_interfaces__rosidl_typesupport_c
[ 40%] Built target full_name_interfaces__rosidl_typesupport_introspection_c
[ 50%] Built target full_name_interfaces__rosidl_typesupport_fastrtps_c
[ 59%] Built target full_name_interfaces__rosidl_typesupport_introspection_cpp
[ 68%] Built target full_name_interfaces__rosidl_typesupport_cpp
[ 77%] Built target full_name_interfaces__rosidl_typesupport_fastrtps_cpp
[ 77%] Built target full_name_interfaces
[ 79%] Built target full_name_interfaces__py
[ 86%] Built target full_name_interfaces__rosidl_generator_py
[ 90%] Built target full_name_interfaces_s__rosidl_typesupport_fastrtps_c
[ 95%] Built target full_name_interfaces_s__rosidl_typesupport_introspection_c
[100%] Built target full_name_interfaces_s__rosidl_typesupport_c
running egg_info
writing full_name_interfaces.egg-info/PKG-INFO
writing dependency_links to full_name_interfaces.egg-info/dependency_links.txt
writing top-level names to full_name_interfaces.egg-info/top_level.txt
reading manifest file 'full_name_interfaces.egg-info/SOURCES.txt'
writing manifest file 'full_name_interfaces.egg-info/SOURCES.txt'
[100%] Built target ament_cmake_python_build_full_name_interfaces_egg
-- Install configuration: ""
-- Up-to-date: /home/artem/Documents/3_course/robotics/task2/ex09/install/full_name_interfaces/share/ament_index/resource_index/rosidl_interfaces/full_name_interfaces
-- Up-to-date: /home/artem/Documents/3_course/robotics/task2/ex09/install/full_name_interfaces/share/full_name_interfaces/msg/FullNameMessage.json
-- Up-to-date: /home/artem/Documents/3_course/robotics/task2/ex09/install/full_name_interfaces/share/full_name_interfaces/srv/FullNameSumService.json
-- Up-to-date: /home/artem/Documents/3_course/robotics/task2/ex09/install/full_name_interfaces/include/full_name_interfaces/full_name_interfaces
-- Up-to-date: /home/artem/Documents/3_course/robotics/task2/ex09/install/full_name_interfaces/include/full_name_interfaces/full_name_interfaces/srv
-- Up-to-date: /home/artem/Documents/3_course/robotics/task2/ex09/install/full_name_interfaces/include/full_name_interfaces/full_name_interfaces/srv/full_name_sum_service.h
-- Up-to-date: /home/artem/Documents/3_course/robotics/task2/ex09/install/full_name_interfaces/include/full_name_interfaces/full_name_interfaces/srv/detail
-- Up-to-date: /home/artem/Documents/3_course/robotics/task2/ex09/install/full_name_interfaces/include/full_name_interfaces/full_name_interfaces/srv/detail/full_name_sum_service__functions.h
-- Up-to-date: /home/artem/Documents/3_course/robotics/task2/ex09/install/full_name_interfaces/include/full_name_interfaces/full_name_interfaces/srv/detail/full_name_sum_service__type_support.c
-- Up-to-date: /home/artem/Documents/3_course/robotics/task2/ex09/install/full_name_interfaces/include/full_name_interfaces/full_name_interfaces/srv/detail/full_name_sum_service__struct.h
-- Up-to-date: /home/artem/Documents/3_course/robotics/task2/ex09/install/full_name_interfaces/include/full_name_interfaces/full_name_interfaces/srv/detail/full_name_sum_service__type_support.h
-- Up-to-date: /home/artem/Documents/3_course/robotics/task2/ex09/install/full_name_interfaces/include/full_name_interfaces/full_name_interfaces/srv/detail/full_name_sum_service__functions.c
-- Up-to-date: /home/artem/Documents/3_course/robotics/task2/ex09/install/full_name_interfaces/include/full_name_interfaces/full_name_interfaces/srv/detail/full_name_sum_service__description.c
-- Up-to-date: /home/artem/Documents/3_course/robotics/task2/ex09/install/full_name_interfaces/include/full_name_interfaces/full_name_interfaces/msg
-- Up-to-date: /home/artem/Documents/3_course/robotics/task2/ex09/install/full_name_interfaces/include/full_name_interfaces/full_name_interfaces/msg/rosidl_generator_c__visibility_control.h
-- Up-to-date: /home/artem/Documents/3_course/robotics/task2/ex09/install/full_name_interfaces/include/full_name_interfaces/full_name_interfaces/msg/full_name_message.h
-- Up-to-date: /home/artem/Documents/3_course/robotics/task2/ex09/install/full_name_interfaces/include/full_name_interfaces/full_name_interfaces/msg/detail
-- Up-to-date: /home/artem/Documents/3_course/robotics/task2/ex09/install/full_name_interfaces/include/full_name_interfaces/full_name_interfaces/msg/detail/full_name_message__type_support.h
-- Up-to-date: /home/artem/Documents/3_course/robotics/task2/ex09/install/full_name_interfaces/include/full_name_interfaces/full_name_interfaces/msg/detail/full_name_message__functions.h
-- Up-to-date: /home/artem/Documents/3_course/robotics/task2/ex09/install/full_name_interfaces/include/full_name_interfaces/full_name_interfaces/msg/detail/full_name_message__functions.c
-- Up-to-date: /home/artem/Documents/3_course/robotics/task2/ex09/install/full_name_interfaces/include/full_name_interfaces/full_name_interfaces/msg/detail/full_name_message__struct.h
-- Up-to-date: /home/artem/Documents/3_course/robotics/task2/ex09/install/full_name_interfaces/include/full_name_interfaces/full_name_interfaces/msg/detail/full_name_message__description.c
-- Up-to-date: /home/artem/Documents/3_course/robotics/task2/ex09/install/full_name_interfaces/include/full_name_interfaces/full_name_interfaces/msg/detail/full_name_message__type_support.c
-- Up-to-date: /home/artem/Documents/3_course/robotics/task2/ex09/install/full_name_interfaces/share/full_name_interfaces/environment/library_path.sh
-- Up-to-date: /home/artem/Documents/3_course/robotics/task2/ex09/install/full_name_interfaces/share/full_name_interfaces/environment/library_path.dsv
-- Up-to-date: /home/artem/Documents/3_course/robotics/task2/ex09/install/full_name_interfaces/lib/libfull_name_interfaces__rosidl_generator_c.so
-- Up-to-date: /home/artem/Documents/3_course/robotics/task2/ex09/install/full_name_interfaces/include/full_name_interfaces/full_name_interfaces
-- Up-to-date: /home/artem/Documents/3_course/robotics/task2/ex09/install/full_name_interfaces/include/full_name_interfaces/full_name_interfaces/srv
-- Up-to-date: /home/artem/Documents/3_course/robotics/task2/ex09/install/full_name_interfaces/include/full_name_interfaces/full_name_interfaces/srv/detail
-- Up-to-date: /home/artem/Documents/3_course/robotics/task2/ex09/install/full_name_interfaces/include/full_name_interfaces/full_name_interfaces/srv/detail/full_name_sum_service__rosidl_typesupport_fastrtps_c.h
-- Up-to-date: /home/artem/Documents/3_course/robotics/task2/ex09/install/full_name_interfaces/include/full_name_interfaces/full_name_interfaces/msg
-- Up-to-date: /home/artem/Documents/3_course/robotics/task2/ex09/install/full_name_interfaces/include/full_name_interfaces/full_name_interfaces/msg/rosidl_typesupport_fastrtps_c__visibility_control.h
-- Up-to-date: /home/artem/Documents/3_course/robotics/task2/ex09/install/full_name_interfaces/include/full_name_interfaces/full_name_interfaces/msg/detail
-- Up-to-date: /home/artem/Documents/3_course/robotics/task2/ex09/install/full_name_interfaces/include/full_name_interfaces/full_name_interfaces/msg/detail/full_name_message__rosidl_typesupport_fastrtps_c.h
-- Up-to-date: /home/artem/Documents/3_course/robotics/task2/ex09/install/full_name_interfaces/lib/libfull_name_interfaces__rosidl_typesupport_fastrtps_c.so
-- Up-to-date: /home/artem/Documents/3_course/robotics/task2/ex09/install/full_name_interfaces/include/full_name_interfaces/full_name_interfaces
-- Up-to-date: /home/artem/Documents/3_course/robotics/task2/ex09/install/full_name_interfaces/include/full_name_interfaces/full_name_interfaces/srv
-- Up-to-date: /home/artem/Documents/3_course/robotics/task2/ex09/install/full_name_interfaces/include/full_name_interfaces/full_name_interfaces/srv/detail
-- Up-to-date: /home/artem/Documents/3_course/robotics/task2/ex09/install/full_name_interfaces/include/full_name_interfaces/full_name_interfaces/srv/detail/full_name_sum_service__type_support.c
-- Up-to-date: /home/artem/Documents/3_course/robotics/task2/ex09/install/full_name_interfaces/include/full_name_interfaces/full_name_interfaces/srv/detail/full_name_sum_service__rosidl_typesupport_introspection_c.h
-- Up-to-date: /home/artem/Documents/3_course/robotics/task2/ex09/install/full_name_interfaces/include/full_name_interfaces/full_name_interfaces/msg
-- Up-to-date: /home/artem/Documents/3_course/robotics/task2/ex09/install/full_name_interfaces/include/full_name_interfaces/full_name_interfaces/msg/rosidl_typesupport_introspection_c__visibility_control.h
-- Up-to-date: /home/artem/Documents/3_course/robotics/task2/ex09/install/full_name_interfaces/include/full_name_interfaces/full_name_interfaces/msg/detail
-- Up-to-date: /home/artem/Documents/3_course/robotics/task2/ex09/install/full_name_interfaces/include/full_name_interfaces/full_name_interfaces/msg/detail/full_name_message__rosidl_typesupport_introspection_c.h
-- Up-to-date: /home/artem/Documents/3_course/robotics/task2/ex09/install/full_name_interfaces/include/full_name_interfaces/full_name_interfaces/msg/detail/full_name_message__type_support.c
-- Up-to-date: /home/artem/Documents/3_course/robotics/task2/ex09/install/full_name_interfaces/lib/libfull_name_interfaces__rosidl_typesupport_introspection_c.so
-- Up-to-date: /home/artem/Documents/3_course/robotics/task2/ex09/install/full_name_interfaces/lib/libfull_name_interfaces__rosidl_typesupport_c.so
-- Up-to-date: /home/artem/Documents/3_course/robotics/task2/ex09/install/full_name_interfaces/include/full_name_interfaces/full_name_interfaces
-- Up-to-date: /home/artem/Documents/3_course/robotics/task2/ex09/install/full_name_interfaces/include/full_name_interfaces/full_name_interfaces/srv
-- Up-to-date: /home/artem/Documents/3_course/robotics/task2/ex09/install/full_name_interfaces/include/full_name_interfaces/full_name_interfaces/srv/full_name_sum_service.hpp
-- Up-to-date: /home/artem/Documents/3_course/robotics/task2/ex09/install/full_name_interfaces/include/full_name_interfaces/full_name_interfaces/srv/detail
-- Up-to-date: /home/artem/Documents/3_course/robotics/task2/ex09/install/full_name_interfaces/include/full_name_interfaces/full_name_interfaces/srv/detail/full_name_sum_service__type_support.hpp
-- Up-to-date: /home/artem/Documents/3_course/robotics/task2/ex09/install/full_name_interfaces/include/full_name_interfaces/full_name_interfaces/srv/detail/full_name_sum_service__traits.hpp
-- Up-to-date: /home/artem/Documents/3_course/robotics/task2/ex09/install/full_name_interfaces/include/full_name_interfaces/full_name_interfaces/srv/detail/full_name_sum_service__builder.hpp
-- Up-to-date: /home/artem/Documents/3_course/robotics/task2/ex09/install/full_name_interfaces/include/full_name_interfaces/full_name_interfaces/srv/detail/full_name_sum_service__struct.hpp
-- Up-to-date: /home/artem/Documents/3_course/robotics/task2/ex09/install/full_name_interfaces/include/full_name_interfaces/full_name_interfaces/msg
-- Up-to-date: /home/artem/Documents/3_course/robotics/task2/ex09/install/full_name_interfaces/include/full_name_interfaces/full_name_interfaces/msg/full_name_message.hpp
-- Up-to-date: /home/artem/Documents/3_course/robotics/task2/ex09/install/full_name_interfaces/include/full_name_interfaces/full_name_interfaces/msg/rosidl_generator_cpp__visibility_control.hpp
-- Up-to-date: /home/artem/Documents/3_course/robotics/task2/ex09/install/full_name_interfaces/include/full_name_interfaces/full_name_interfaces/msg/detail
-- Up-to-date: /home/artem/Documents/3_course/robotics/task2/ex09/install/full_name_interfaces/include/full_name_interfaces/full_name_interfaces/msg/detail/full_name_message__builder.hpp
-- Up-to-date: /home/artem/Documents/3_course/robotics/task2/ex09/install/full_name_interfaces/include/full_name_interfaces/full_name_interfaces/msg/detail/full_name_message__struct.hpp
-- Up-to-date: /home/artem/Documents/3_course/robotics/task2/ex09/install/full_name_interfaces/include/full_name_interfaces/full_name_interfaces/msg/detail/full_name_message__type_support.hpp
-- Up-to-date: /home/artem/Documents/3_course/robotics/task2/ex09/install/full_name_interfaces/include/full_name_interfaces/full_name_interfaces/msg/detail/full_name_message__traits.hpp
-- Up-to-date: /home/artem/Documents/3_course/robotics/task2/ex09/install/full_name_interfaces/include/full_name_interfaces/full_name_interfaces
-- Up-to-date: /home/artem/Documents/3_course/robotics/task2/ex09/install/full_name_interfaces/include/full_name_interfaces/full_name_interfaces/srv
-- Up-to-date: /home/artem/Documents/3_course/robotics/task2/ex09/install/full_name_interfaces/include/full_name_interfaces/full_name_interfaces/srv/detail
-- Up-to-date: /home/artem/Documents/3_course/robotics/task2/ex09/install/full_name_interfaces/include/full_name_interfaces/full_name_interfaces/srv/detail/full_name_sum_service__rosidl_typesupport_fastrtps_cpp.hpp
-- Up-to-date: /home/artem/Documents/3_course/robotics/task2/ex09/install/full_name_interfaces/include/full_name_interfaces/full_name_interfaces/srv/detail/dds_fastrtps
-- Up-to-date: /home/artem/Documents/3_course/robotics/task2/ex09/install/full_name_interfaces/include/full_name_interfaces/full_name_interfaces/msg
-- Up-to-date: /home/artem/Documents/3_course/robotics/task2/ex09/install/full_name_interfaces/include/full_name_interfaces/full_name_interfaces/msg/rosidl_typesupport_fastrtps_cpp__visibility_control.h
-- Up-to-date: /home/artem/Documents/3_course/robotics/task2/ex09/install/full_name_interfaces/include/full_name_interfaces/full_name_interfaces/msg/detail
-- Up-to-date: /home/artem/Documents/3_course/robotics/task2/ex09/install/full_name_interfaces/include/full_name_interfaces/full_name_interfaces/msg/detail/dds_fastrtps
-- Up-to-date: /home/artem/Documents/3_course/robotics/task2/ex09/install/full_name_interfaces/include/full_name_interfaces/full_name_interfaces/msg/detail/full_name_message__rosidl_typesupport_fastrtps_cpp.hpp
-- Up-to-date: /home/artem/Documents/3_course/robotics/task2/ex09/install/full_name_interfaces/lib/libfull_name_interfaces__rosidl_typesupport_fastrtps_cpp.so
-- Up-to-date: /home/artem/Documents/3_course/robotics/task2/ex09/install/full_name_interfaces/include/full_name_interfaces/full_name_interfaces
-- Up-to-date: /home/artem/Documents/3_course/robotics/task2/ex09/install/full_name_interfaces/include/full_name_interfaces/full_name_interfaces/srv
-- Up-to-date: /home/artem/Documents/3_course/robotics/task2/ex09/install/full_name_interfaces/include/full_name_interfaces/full_name_interfaces/srv/detail
-- Up-to-date: /home/artem/Documents/3_course/robotics/task2/ex09/install/full_name_interfaces/include/full_name_interfaces/full_name_interfaces/srv/detail/full_name_sum_service__type_support.cpp
-- Up-to-date: /home/artem/Documents/3_course/robotics/task2/ex09/install/full_name_interfaces/include/full_name_interfaces/full_name_interfaces/srv/detail/full_name_sum_service__rosidl_typesupport_introspection_cpp.hpp
-- Up-to-date: /home/artem/Documents/3_course/robotics/task2/ex09/install/full_name_interfaces/include/full_name_interfaces/full_name_interfaces/msg
-- Up-to-date: /home/artem/Documents/3_course/robotics/task2/ex09/install/full_name_interfaces/include/full_name_interfaces/full_name_interfaces/msg/detail
-- Up-to-date: /home/artem/Documents/3_course/robotics/task2/ex09/install/full_name_interfaces/include/full_name_interfaces/full_name_interfaces/msg/detail/full_name_message__rosidl_typesupport_introspection_cpp.hpp
-- Up-to-date: /home/artem/Documents/3_course/robotics/task2/ex09/install/full_name_interfaces/include/full_name_interfaces/full_name_interfaces/msg/detail/full_name_message__type_support.cpp
-- Up-to-date: /home/artem/Documents/3_course/robotics/task2/ex09/install/full_name_interfaces/lib/libfull_name_interfaces__rosidl_typesupport_introspection_cpp.so
-- Up-to-date: /home/artem/Documents/3_course/robotics/task2/ex09/install/full_name_interfaces/lib/libfull_name_interfaces__rosidl_typesupport_cpp.so
-- Up-to-date: /home/artem/Documents/3_course/robotics/task2/ex09/install/full_name_interfaces/share/full_name_interfaces/environment/pythonpath.sh
-- Up-to-date: /home/artem/Documents/3_course/robotics/task2/ex09/install/full_name_interfaces/share/full_name_interfaces/environment/pythonpath.dsv
-- Up-to-date: /home/artem/Documents/3_course/robotics/task2/ex09/install/full_name_interfaces/lib/python3.12/site-packages/full_name_interfaces-0.0.0-py3.12.egg-info
-- Installing: /home/artem/Documents/3_course/robotics/task2/ex09/install/full_name_interfaces/lib/python3.12/site-packages/full_name_interfaces-0.0.0-py3.12.egg-info/PKG-INFO
-- Installing: /home/artem/Documents/3_course/robotics/task2/ex09/install/full_name_interfaces/lib/python3.12/site-packages/full_name_interfaces-0.0.0-py3.12.egg-info/top_level.txt
-- Installing: /home/artem/Documents/3_course/robotics/task2/ex09/install/full_name_interfaces/lib/python3.12/site-packages/full_name_interfaces-0.0.0-py3.12.egg-info/dependency_links.txt
-- Installing: /home/artem/Documents/3_course/robotics/task2/ex09/install/full_name_interfaces/lib/python3.12/site-packages/full_name_interfaces-0.0.0-py3.12.egg-info/SOURCES.txt
-- Up-to-date: /home/artem/Documents/3_course/robotics/task2/ex09/install/full_name_interfaces/lib/python3.12/site-packages/full_name_interfaces
-- Up-to-date: /home/artem/Documents/3_course/robotics/task2/ex09/install/full_name_interfaces/lib/python3.12/site-packages/full_name_interfaces/full_name_interfaces_s__rosidl_typesupport_fastrtps_c.so
-- Up-to-date: /home/artem/Documents/3_course/robotics/task2/ex09/install/full_name_interfaces/lib/python3.12/site-packages/full_name_interfaces/full_name_interfaces_s__rosidl_typesupport_introspection_c.so
-- Up-to-date: /home/artem/Documents/3_course/robotics/task2/ex09/install/full_name_interfaces/lib/python3.12/site-packages/full_name_interfaces/srv
-- Up-to-date: /home/artem/Documents/3_course/robotics/task2/ex09/install/full_name_interfaces/lib/python3.12/site-packages/full_name_interfaces/srv/_full_name_sum_service.py
-- Up-to-date: /home/artem/Documents/3_course/robotics/task2/ex09/install/full_name_interfaces/lib/python3.12/site-packages/full_name_interfaces/srv/__init__.py
-- Up-to-date: /home/artem/Documents/3_course/robotics/task2/ex09/install/full_name_interfaces/lib/python3.12/site-packages/full_name_interfaces/srv/_full_name_sum_service_s.c
-- Up-to-date: /home/artem/Documents/3_course/robotics/task2/ex09/install/full_name_interfaces/lib/python3.12/site-packages/full_name_interfaces/__init__.py
-- Up-to-date: /home/artem/Documents/3_course/robotics/task2/ex09/install/full_name_interfaces/lib/python3.12/site-packages/full_name_interfaces/full_name_interfaces_s__rosidl_typesupport_c.so
-- Up-to-date: /home/artem/Documents/3_course/robotics/task2/ex09/install/full_name_interfaces/lib/python3.12/site-packages/full_name_interfaces/_full_name_interfaces_s.ep.rosidl_typesupport_c.c
-- Up-to-date: /home/artem/Documents/3_course/robotics/task2/ex09/install/full_name_interfaces/lib/python3.12/site-packages/full_name_interfaces/_full_name_interfaces_s.ep.rosidl_typesupport_fastrtps_c.c
-- Up-to-date: /home/artem/Documents/3_course/robotics/task2/ex09/install/full_name_interfaces/lib/python3.12/site-packages/full_name_interfaces/msg
-- Up-to-date: /home/artem/Documents/3_course/robotics/task2/ex09/install/full_name_interfaces/lib/python3.12/site-packages/full_name_interfaces/msg/__init__.py
-- Up-to-date: /home/artem/Documents/3_course/robotics/task2/ex09/install/full_name_interfaces/lib/python3.12/site-packages/full_name_interfaces/msg/_full_name_message_s.c
-- Up-to-date: /home/artem/Documents/3_course/robotics/task2/ex09/install/full_name_interfaces/lib/python3.12/site-packages/full_name_interfaces/msg/_full_name_message.py
-- Up-to-date: /home/artem/Documents/3_course/robotics/task2/ex09/install/full_name_interfaces/lib/python3.12/site-packages/full_name_interfaces/_full_name_interfaces_s.ep.rosidl_typesupport_introspection_c.c
Listing '/home/artem/Documents/3_course/robotics/task2/ex09/install/full_name_interfaces/lib/python3.12/site-packages/full_name_interfaces'...
Listing '/home/artem/Documents/3_course/robotics/task2/ex09/install/full_name_interfaces/lib/python3.12/site-packages/full_name_interfaces/msg'...
Listing '/home/artem/Documents/3_course/robotics/task2/ex09/install/full_name_interfaces/lib/python3.12/site-packages/full_name_interfaces/srv'...
-- Up-to-date: /home/artem/Documents/3_course/robotics/task2/ex09/install/full_name_interfaces/lib/python3.12/site-packages/full_name_interfaces/full_name_interfaces_s__rosidl_typesupport_fastrtps_c.so
-- Up-to-date: /home/artem/Documents/3_course/robotics/task2/ex09/install/full_name_interfaces/lib/python3.12/site-packages/full_name_interfaces/full_name_interfaces_s__rosidl_typesupport_introspection_c.so
-- Up-to-date: /home/artem/Documents/3_course/robotics/task2/ex09/install/full_name_interfaces/lib/python3.12/site-packages/full_name_interfaces/full_name_interfaces_s__rosidl_typesupport_c.so
-- Up-to-date: /home/artem/Documents/3_course/robotics/task2/ex09/install/full_name_interfaces/lib/libfull_name_interfaces__rosidl_generator_py.so
-- Up-to-date: /home/artem/Documents/3_course/robotics/task2/ex09/install/full_name_interfaces/share/full_name_interfaces/msg/FullNameMessage.idl
-- Up-to-date: /home/artem/Documents/3_course/robotics/task2/ex09/install/full_name_interfaces/share/full_name_interfaces/srv/FullNameSumService.idl
-- Up-to-date: /home/artem/Documents/3_course/robotics/task2/ex09/install/full_name_interfaces/share/full_name_interfaces/msg/FullNameMessage.msg
-- Up-to-date: /home/artem/Documents/3_course/robotics/task2/ex09/install/full_name_interfaces/share/full_name_interfaces/srv/FullNameSumService.srv
-- Up-to-date: /home/artem/Documents/3_course/robotics/task2/ex09/install/full_name_interfaces/share/ament_index/resource_index/package_run_dependencies/full_name_interfaces
-- Up-to-date: /home/artem/Documents/3_course/robotics/task2/ex09/install/full_name_interfaces/share/ament_index/resource_index/parent_prefix_path/full_name_interfaces
-- Up-to-date: /home/artem/Documents/3_course/robotics/task2/ex09/install/full_name_interfaces/share/full_name_interfaces/environment/ament_prefix_path.sh
-- Up-to-date: /home/artem/Documents/3_course/robotics/task2/ex09/install/full_name_interfaces/share/full_name_interfaces/environment/ament_prefix_path.dsv
-- Up-to-date: /home/artem/Documents/3_course/robotics/task2/ex09/install/full_name_interfaces/share/full_name_interfaces/environment/path.sh
-- Up-to-date: /home/artem/Documents/3_course/robotics/task2/ex09/install/full_name_interfaces/share/full_name_interfaces/environment/path.dsv
-- Up-to-date: /home/artem/Documents/3_course/robotics/task2/ex09/install/full_name_interfaces/share/full_name_interfaces/local_setup.bash
-- Up-to-date: /home/artem/Documents/3_course/robotics/task2/ex09/install/full_name_interfaces/share/full_name_interfaces/local_setup.sh
-- Up-to-date: /home/artem/Documents/3_course/robotics/task2/ex09/install/full_name_interfaces/share/full_name_interfaces/local_setup.zsh
-- Up-to-date: /home/artem/Documents/3_course/robotics/task2/ex09/install/full_name_interfaces/share/full_name_interfaces/local_setup.dsv
-- Installing: /home/artem/Documents/3_course/robotics/task2/ex09/install/full_name_interfaces/share/full_name_interfaces/package.dsv
-- Up-to-date: /home/artem/Documents/3_course/robotics/task2/ex09/install/full_name_interfaces/share/ament_index/resource_index/packages/full_name_interfaces
-- Up-to-date: /home/artem/Documents/3_course/robotics/task2/ex09/install/full_name_interfaces/share/full_name_interfaces/cmake/export_full_name_interfaces__rosidl_generator_cExport.cmake
-- Up-to-date: /home/artem/Documents/3_course/robotics/task2/ex09/install/full_name_interfaces/share/full_name_interfaces/cmake/export_full_name_interfaces__rosidl_generator_cExport-noconfig.cmake
-- Up-to-date: /home/artem/Documents/3_course/robotics/task2/ex09/install/full_name_interfaces/share/full_name_interfaces/cmake/export_full_name_interfaces__rosidl_typesupport_fastrtps_cExport.cmake
-- Up-to-date: /home/artem/Documents/3_course/robotics/task2/ex09/install/full_name_interfaces/share/full_name_interfaces/cmake/export_full_name_interfaces__rosidl_typesupport_fastrtps_cExport-noconfig.cmake
-- Up-to-date: /home/artem/Documents/3_course/robotics/task2/ex09/install/full_name_interfaces/share/full_name_interfaces/cmake/full_name_interfaces__rosidl_typesupport_introspection_cExport.cmake
-- Up-to-date: /home/artem/Documents/3_course/robotics/task2/ex09/install/full_name_interfaces/share/full_name_interfaces/cmake/full_name_interfaces__rosidl_typesupport_introspection_cExport-noconfig.cmake
-- Up-to-date: /home/artem/Documents/3_course/robotics/task2/ex09/install/full_name_interfaces/share/full_name_interfaces/cmake/full_name_interfaces__rosidl_typesupport_cExport.cmake
-- Up-to-date: /home/artem/Documents/3_course/robotics/task2/ex09/install/full_name_interfaces/share/full_name_interfaces/cmake/full_name_interfaces__rosidl_typesupport_cExport-noconfig.cmake
-- Up-to-date: /home/artem/Documents/3_course/robotics/task2/ex09/install/full_name_interfaces/share/full_name_interfaces/cmake/export_full_name_interfaces__rosidl_generator_cppExport.cmake
-- Up-to-date: /home/artem/Documents/3_course/robotics/task2/ex09/install/full_name_interfaces/share/full_name_interfaces/cmake/export_full_name_interfaces__rosidl_typesupport_fastrtps_cppExport.cmake
-- Up-to-date: /home/artem/Documents/3_course/robotics/task2/ex09/install/full_name_interfaces/share/full_name_interfaces/cmake/export_full_name_interfaces__rosidl_typesupport_fastrtps_cppExport-noconfig.cmake
-- Up-to-date: /home/artem/Documents/3_course/robotics/task2/ex09/install/full_name_interfaces/share/full_name_interfaces/cmake/full_name_interfaces__rosidl_typesupport_introspection_cppExport.cmake
-- Up-to-date: /home/artem/Documents/3_course/robotics/task2/ex09/install/full_name_interfaces/share/full_name_interfaces/cmake/full_name_interfaces__rosidl_typesupport_introspection_cppExport-noconfig.cmake
-- Up-to-date: /home/artem/Documents/3_course/robotics/task2/ex09/install/full_name_interfaces/share/full_name_interfaces/cmake/full_name_interfaces__rosidl_typesupport_cppExport.cmake
-- Up-to-date: /home/artem/Documents/3_course/robotics/task2/ex09/install/full_name_interfaces/share/full_name_interfaces/cmake/full_name_interfaces__rosidl_typesupport_cppExport-noconfig.cmake
-- Up-to-date: /home/artem/Documents/3_course/robotics/task2/ex09/install/full_name_interfaces/share/full_name_interfaces/cmake/export_full_name_interfaces__rosidl_generator_pyExport.cmake
-- Up-to-date: /home/artem/Documents/3_course/robotics/task2/ex09/install/full_name_interfaces/share/full_name_interfaces/cmake/export_full_name_interfaces__rosidl_generator_pyExport-noconfig.cmake
-- Up-to-date: /home/artem/Documents/3_course/robotics/task2/ex09/install/full_name_interfaces/share/full_name_interfaces/cmake/rosidl_cmake-extras.cmake
-- Up-to-date: /home/artem/Documents/3_course/robotics/task2/ex09/install/full_name_interfaces/share/full_name_interfaces/cmake/ament_cmake_export_dependencies-extras.cmake
-- Up-to-date: /home/artem/Documents/3_course/robotics/task2/ex09/install/full_name_interfaces/share/full_name_interfaces/cmake/ament_cmake_export_include_directories-extras.cmake
-- Up-to-date: /home/artem/Documents/3_course/robotics/task2/ex09/install/full_name_interfaces/share/full_name_interfaces/cmake/ament_cmake_export_libraries-extras.cmake
-- Up-to-date: /home/artem/Documents/3_course/robotics/task2/ex09/install/full_name_interfaces/share/full_name_interfaces/cmake/ament_cmake_export_targets-extras.cmake
-- Up-to-date: /home/artem/Documents/3_course/robotics/task2/ex09/install/full_name_interfaces/share/full_name_interfaces/cmake/rosidl_cmake_export_typesupport_targets-extras.cmake
-- Up-to-date: /home/artem/Documents/3_course/robotics/task2/ex09/install/full_name_interfaces/share/full_name_interfaces/cmake/rosidl_cmake_export_typesupport_libraries-extras.cmake
-- Up-to-date: /home/artem/Documents/3_course/robotics/task2/ex09/install/full_name_interfaces/share/full_name_interfaces/cmake/full_name_interfacesConfig.cmake
-- Up-to-date: /home/artem/Documents/3_course/robotics/task2/ex09/install/full_name_interfaces/share/full_name_interfaces/cmake/full_name_interfacesConfig-version.cmake
-- Up-to-date: /home/artem/Documents/3_course/robotics/task2/ex09/install/full_name_interfaces/share/full_name_interfaces/package.xml
