[0.007s] Invoking command in '/home/artem/Documents/3_course/robotics/task2/ex09/build/full_name_interfaces': CMAKE_PREFIX_PATH=${CMAKE_PREFIX_PATH}:/opt/ros/jazzy DEBUGINFOD_URLS=https://debuginfod.ubuntu.com /usr/bin/cmake --build /home/artem/Documents/3_course/robotics/task2/ex09/build/full_name_interfaces -- -j12 -l12
[0.046s] [  2%] Built target full_name_interfaces__rosidl_generator_type_description
[0.051s] [  2%] Built target ament_cmake_python_copy_full_name_interfaces
[0.061s] [ 11%] Built target full_name_interfaces__cpp
[0.062s] [ 22%] Built target full_name_interfaces__rosidl_generator_c
[0.076s] [ 34%] Built target full_name_interfaces__rosidl_typesupport_c
[0.076s] [ 40%] Built target full_name_interfaces__rosidl_typesupport_introspection_c
[0.076s] [ 50%] Built target full_name_interfaces__rosidl_typesupport_fastrtps_c
[0.077s] [ 59%] Built target full_name_interfaces__rosidl_typesupport_introspection_cpp
[0.082s] [ 68%] Built target full_name_interfaces__rosidl_typesupport_cpp
[0.083s] [ 77%] Built target full_name_interfaces__rosidl_typesupport_fastrtps_cpp
[0.099s] [ 77%] Built target full_name_interfaces
[0.117s] [ 79%] Built target full_name_interfaces__py
[0.136s] [ 86%] Built target full_name_interfaces__rosidl_generator_py
[0.152s] [ 90%] Built target full_name_interfaces_s__rosidl_typesupport_fastrtps_c
[0.156s] [ 95%] Built target full_name_interfaces_s__rosidl_typesupport_introspection_c
[0.156s] [100%] Built target full_name_interfaces_s__rosidl_typesupport_c
[0.200s] running egg_info
[0.211s] writing full_name_interfaces.egg-info/PKG-INFO
[0.211s] writing dependency_links to full_name_interfaces.egg-info/dependency_links.txt
[0.211s] writing top-level names to full_name_interfaces.egg-info/top_level.txt
[0.240s] reading manifest file 'full_name_interfaces.egg-info/SOURCES.txt'
[0.241s] writing manifest file 'full_name_interfaces.egg-info/SOURCES.txt'
[0.260s] [100%] Built target ament_cmake_python_build_full_name_interfaces_egg
[0.269s] Invoked command in '/home/artem/Documents/3_course/robotics/task2/ex09/build/full_name_interfaces' returned '0': CMAKE_PREFIX_PATH=${CMAKE_PREFIX_PATH}:/opt/ros/jazzy DEBUGINFOD_URLS=https://debuginfod.ubuntu.com /usr/bin/cmake --build /home/artem/Documents/3_course/robotics/task2/ex09/build/full_name_interfaces -- -j12 -l12
[0.276s] Invoking command in '/home/artem/Documents/3_course/robotics/task2/ex09/build/full_name_interfaces': CMAKE_PREFIX_PATH=${CMAKE_PREFIX_PATH}:/opt/ros/jazzy DEBUGINFOD_URLS=https://debuginfod.ubuntu.com /usr/bin/cmake --install /home/artem/Documents/3_course/robotics/task2/ex09/build/full_name_interfaces
[0.282s] -- Install configuration: ""
[0.282s] -- Up-to-date: /home/artem/Documents/3_course/robotics/task2/ex09/install/full_name_interfaces/share/ament_index/resource_index/rosidl_interfaces/full_name_interfaces
[0.282s] -- Up-to-date: /home/artem/Documents/3_course/robotics/task2/ex09/install/full_name_interfaces/share/full_name_interfaces/msg/FullNameMessage.json
[0.282s] -- Up-to-date: /home/artem/Documents/3_course/robotics/task2/ex09/install/full_name_interfaces/share/full_name_interfaces/srv/FullNameSumService.json
[0.282s] -- Up-to-date: /home/artem/Documents/3_course/robotics/task2/ex09/install/full_name_interfaces/include/full_name_interfaces/full_name_interfaces
[0.282s] -- Up-to-date: /home/artem/Documents/3_course/robotics/task2/ex09/install/full_name_interfaces/include/full_name_interfaces/full_name_interfaces/srv
[0.282s] -- Up-to-date: /home/artem/Documents/3_course/robotics/task2/ex09/install/full_name_interfaces/include/full_name_interfaces/full_name_interfaces/srv/full_name_sum_service.h
[0.282s] -- Up-to-date: /home/artem/Documents/3_course/robotics/task2/ex09/install/full_name_interfaces/include/full_name_interfaces/full_name_interfaces/srv/detail
[0.282s] -- Up-to-date: /home/artem/Documents/3_course/robotics/task2/ex09/install/full_name_interfaces/include/full_name_interfaces/full_name_interfaces/srv/detail/full_name_sum_service__functions.h
[0.282s] -- Up-to-date: /home/artem/Documents/3_course/robotics/task2/ex09/install/full_name_interfaces/include/full_name_interfaces/full_name_interfaces/srv/detail/full_name_sum_service__type_support.c
[0.282s] -- Up-to-date: /home/artem/Documents/3_course/robotics/task2/ex09/install/full_name_interfaces/include/full_name_interfaces/full_name_interfaces/srv/detail/full_name_sum_service__struct.h
[0.283s] -- Up-to-date: /home/artem/Documents/3_course/robotics/task2/ex09/install/full_name_interfaces/include/full_name_interfaces/full_name_interfaces/srv/detail/full_name_sum_service__type_support.h
[0.283s] -- Up-to-date: /home/artem/Documents/3_course/robotics/task2/ex09/install/full_name_interfaces/include/full_name_interfaces/full_name_interfaces/srv/detail/full_name_sum_service__functions.c
[0.283s] -- Up-to-date: /home/artem/Documents/3_course/robotics/task2/ex09/install/full_name_interfaces/include/full_name_interfaces/full_name_interfaces/srv/detail/full_name_sum_service__description.c
[0.283s] -- Up-to-date: /home/artem/Documents/3_course/robotics/task2/ex09/install/full_name_interfaces/include/full_name_interfaces/full_name_interfaces/msg
[0.283s] -- Up-to-date: /home/artem/Documents/3_course/robotics/task2/ex09/install/full_name_interfaces/include/full_name_interfaces/full_name_interfaces/msg/rosidl_generator_c__visibility_control.h
[0.283s] -- Up-to-date: /home/artem/Documents/3_course/robotics/task2/ex09/install/full_name_interfaces/include/full_name_interfaces/full_name_interfaces/msg/full_name_message.h
[0.283s] -- Up-to-date: /home/artem/Documents/3_course/robotics/task2/ex09/install/full_name_interfaces/include/full_name_interfaces/full_name_interfaces/msg/detail
[0.283s] -- Up-to-date: /home/artem/Documents/3_course/robotics/task2/ex09/install/full_name_interfaces/include/full_name_interfaces/full_name_interfaces/msg/detail/full_name_message__type_support.h
[0.283s] -- Up-to-date: /home/artem/Documents/3_course/robotics/task2/ex09/install/full_name_interfaces/include/full_name_interfaces/full_name_interfaces/msg/detail/full_name_message__functions.h
[0.283s] -- Up-to-date: /home/artem/Documents/3_course/robotics/task2/ex09/install/full_name_interfaces/include/full_name_interfaces/full_name_interfaces/msg/detail/full_name_message__functions.c
[0.283s] -- Up-to-date: /home/artem/Documents/3_course/robotics/task2/ex09/install/full_name_interfaces/include/full_name_interfaces/full_name_interfaces/msg/detail/full_name_message__struct.h
[0.283s] -- Up-to-date: /home/artem/Documents/3_course/robotics/task2/ex09/install/full_name_interfaces/include/full_name_interfaces/full_name_interfaces/msg/detail/full_name_message__description.c
[0.283s] -- Up-to-date: /home/artem/Documents/3_course/robotics/task2/ex09/install/full_name_interfaces/include/full_name_interfaces/full_name_interfaces/msg/detail/full_name_message__type_support.c
[0.283s] -- Up-to-date: /home/artem/Documents/3_course/robotics/task2/ex09/install/full_name_interfaces/share/full_name_interfaces/environment/library_path.sh
[0.283s] -- Up-to-date: /home/artem/Documents/3_course/robotics/task2/ex09/install/full_name_interfaces/share/full_name_interfaces/environment/library_path.dsv
[0.283s] -- Up-to-date: /home/artem/Documents/3_course/robotics/task2/ex09/install/full_name_interfaces/lib/libfull_name_interfaces__rosidl_generator_c.so
[0.283s] -- Up-to-date: /home/artem/Documents/3_course/robotics/task2/ex09/install/full_name_interfaces/include/full_name_interfaces/full_name_interfaces
[0.283s] -- Up-to-date: /home/artem/Documents/3_course/robotics/task2/ex09/install/full_name_interfaces/include/full_name_interfaces/full_name_interfaces/srv
[0.283s] -- Up-to-date: /home/artem/Documents/3_course/robotics/task2/ex09/install/full_name_interfaces/include/full_name_interfaces/full_name_interfaces/srv/detail
[0.283s] -- Up-to-date: /home/artem/Documents/3_course/robotics/task2/ex09/install/full_name_interfaces/include/full_name_interfaces/full_name_interfaces/srv/detail/full_name_sum_service__rosidl_typesupport_fastrtps_c.h
[0.283s] -- Up-to-date: /home/artem/Documents/3_course/robotics/task2/ex09/install/full_name_interfaces/include/full_name_interfaces/full_name_interfaces/msg
[0.284s] -- Up-to-date: /home/artem/Documents/3_course/robotics/task2/ex09/install/full_name_interfaces/include/full_name_interfaces/full_name_interfaces/msg/rosidl_typesupport_fastrtps_c__visibility_control.h
[0.284s] -- Up-to-date: /home/artem/Documents/3_course/robotics/task2/ex09/install/full_name_interfaces/include/full_name_interfaces/full_name_interfaces/msg/detail
[0.284s] -- Up-to-date: /home/artem/Documents/3_course/robotics/task2/ex09/install/full_name_interfaces/include/full_name_interfaces/full_name_interfaces/msg/detail/full_name_message__rosidl_typesupport_fastrtps_c.h
[0.284s] -- Up-to-date: /home/artem/Documents/3_course/robotics/task2/ex09/install/full_name_interfaces/lib/libfull_name_interfaces__rosidl_typesupport_fastrtps_c.so
[0.284s] -- Up-to-date: /home/artem/Documents/3_course/robotics/task2/ex09/install/full_name_interfaces/include/full_name_interfaces/full_name_interfaces
[0.284s] -- Up-to-date: /home/artem/Documents/3_course/robotics/task2/ex09/install/full_name_interfaces/include/full_name_interfaces/full_name_interfaces/srv
[0.284s] -- Up-to-date: /home/artem/Documents/3_course/robotics/task2/ex09/install/full_name_interfaces/include/full_name_interfaces/full_name_interfaces/srv/detail
[0.284s] -- Up-to-date: /home/artem/Documents/3_course/robotics/task2/ex09/install/full_name_interfaces/include/full_name_interfaces/full_name_interfaces/srv/detail/full_name_sum_service__type_support.c
[0.284s] -- Up-to-date: /home/artem/Documents/3_course/robotics/task2/ex09/install/full_name_interfaces/include/full_name_interfaces/full_name_interfaces/srv/detail/full_name_sum_service__rosidl_typesupport_introspection_c.h
[0.284s] -- Up-to-date: /home/artem/Documents/3_course/robotics/task2/ex09/install/full_name_interfaces/include/full_name_interfaces/full_name_interfaces/msg
[0.284s] -- Up-to-date: /home/artem/Documents/3_course/robotics/task2/ex09/install/full_name_interfaces/include/full_name_interfaces/full_name_interfaces/msg/rosidl_typesupport_introspection_c__visibility_control.h
[0.284s] -- Up-to-date: /home/artem/Documents/3_course/robotics/task2/ex09/install/full_name_interfaces/include/full_name_interfaces/full_name_interfaces/msg/detail
[0.284s] -- Up-to-date: /home/artem/Documents/3_course/robotics/task2/ex09/install/full_name_interfaces/include/full_name_interfaces/full_name_interfaces/msg/detail/full_name_message__rosidl_typesupport_introspection_c.h
[0.284s] -- Up-to-date: /home/artem/Documents/3_course/robotics/task2/ex09/install/full_name_interfaces/include/full_name_interfaces/full_name_interfaces/msg/detail/full_name_message__type_support.c
[0.284s] -- Up-to-date: /home/artem/Documents/3_course/robotics/task2/ex09/install/full_name_interfaces/lib/libfull_name_interfaces__rosidl_typesupport_introspection_c.so
[0.284s] -- Up-to-date: /home/artem/Documents/3_course/robotics/task2/ex09/install/full_name_interfaces/lib/libfull_name_interfaces__rosidl_typesupport_c.so
[0.284s] -- Up-to-date: /home/artem/Documents/3_course/robotics/task2/ex09/install/full_name_interfaces/include/full_name_interfaces/full_name_interfaces
[0.284s] -- Up-to-date: /home/artem/Documents/3_course/robotics/task2/ex09/install/full_name_interfaces/include/full_name_interfaces/full_name_interfaces/srv
[0.284s] -- Up-to-date: /home/artem/Documents/3_course/robotics/task2/ex09/install/full_name_interfaces/include/full_name_interfaces/full_name_interfaces/srv/full_name_sum_service.hpp
[0.284s] -- Up-to-date: /home/artem/Documents/3_course/robotics/task2/ex09/install/full_name_interfaces/include/full_name_interfaces/full_name_interfaces/srv/detail
[0.284s] -- Up-to-date: /home/artem/Documents/3_course/robotics/task2/ex09/install/full_name_interfaces/include/full_name_interfaces/full_name_interfaces/srv/detail/full_name_sum_service__type_support.hpp
[0.284s] -- Up-to-date: /home/artem/Documents/3_course/robotics/task2/ex09/install/full_name_interfaces/include/full_name_interfaces/full_name_interfaces/srv/detail/full_name_sum_service__traits.hpp
[0.285s] -- Up-to-date: /home/artem/Documents/3_course/robotics/task2/ex09/install/full_name_interfaces/include/full_name_interfaces/full_name_interfaces/srv/detail/full_name_sum_service__builder.hpp
[0.285s] -- Up-to-date: /home/artem/Documents/3_course/robotics/task2/ex09/install/full_name_interfaces/include/full_name_interfaces/full_name_interfaces/srv/detail/full_name_sum_service__struct.hpp
[0.285s] -- Up-to-date: /home/artem/Documents/3_course/robotics/task2/ex09/install/full_name_interfaces/include/full_name_interfaces/full_name_interfaces/msg
[0.285s] -- Up-to-date: /home/artem/Documents/3_course/robotics/task2/ex09/install/full_name_interfaces/include/full_name_interfaces/full_name_interfaces/msg/full_name_message.hpp
[0.285s] -- Up-to-date: /home/artem/Documents/3_course/robotics/task2/ex09/install/full_name_interfaces/include/full_name_interfaces/full_name_interfaces/msg/rosidl_generator_cpp__visibility_control.hpp
[0.285s] -- Up-to-date: /home/artem/Documents/3_course/robotics/task2/ex09/install/full_name_interfaces/include/full_name_interfaces/full_name_interfaces/msg/detail
[0.285s] -- Up-to-date: /home/artem/Documents/3_course/robotics/task2/ex09/install/full_name_interfaces/include/full_name_interfaces/full_name_interfaces/msg/detail/full_name_message__builder.hpp
[0.285s] -- Up-to-date: /home/artem/Documents/3_course/robotics/task2/ex09/install/full_name_interfaces/include/full_name_interfaces/full_name_interfaces/msg/detail/full_name_message__struct.hpp
[0.285s] -- Up-to-date: /home/artem/Documents/3_course/robotics/task2/ex09/install/full_name_interfaces/include/full_name_interfaces/full_name_interfaces/msg/detail/full_name_message__type_support.hpp
[0.285s] -- Up-to-date: /home/artem/Documents/3_course/robotics/task2/ex09/install/full_name_interfaces/include/full_name_interfaces/full_name_interfaces/msg/detail/full_name_message__traits.hpp
[0.285s] -- Up-to-date: /home/artem/Documents/3_course/robotics/task2/ex09/install/full_name_interfaces/include/full_name_interfaces/full_name_interfaces
[0.285s] -- Up-to-date: /home/artem/Documents/3_course/robotics/task2/ex09/install/full_name_interfaces/include/full_name_interfaces/full_name_interfaces/srv
[0.285s] -- Up-to-date: /home/artem/Documents/3_course/robotics/task2/ex09/install/full_name_interfaces/include/full_name_interfaces/full_name_interfaces/srv/detail
[0.285s] -- Up-to-date: /home/artem/Documents/3_course/robotics/task2/ex09/install/full_name_interfaces/include/full_name_interfaces/full_name_interfaces/srv/detail/full_name_sum_service__rosidl_typesupport_fastrtps_cpp.hpp
[0.285s] -- Up-to-date: /home/artem/Documents/3_course/robotics/task2/ex09/install/full_name_interfaces/include/full_name_interfaces/full_name_interfaces/srv/detail/dds_fastrtps
[0.285s] -- Up-to-date: /home/artem/Documents/3_course/robotics/task2/ex09/install/full_name_interfaces/include/full_name_interfaces/full_name_interfaces/msg
[0.285s] -- Up-to-date: /home/artem/Documents/3_course/robotics/task2/ex09/install/full_name_interfaces/include/full_name_interfaces/full_name_interfaces/msg/rosidl_typesupport_fastrtps_cpp__visibility_control.h
[0.285s] -- Up-to-date: /home/artem/Documents/3_course/robotics/task2/ex09/install/full_name_interfaces/include/full_name_interfaces/full_name_interfaces/msg/detail
[0.285s] -- Up-to-date: /home/artem/Documents/3_course/robotics/task2/ex09/install/full_name_interfaces/include/full_name_interfaces/full_name_interfaces/msg/detail/dds_fastrtps
[0.285s] -- Up-to-date: /home/artem/Documents/3_course/robotics/task2/ex09/install/full_name_interfaces/include/full_name_interfaces/full_name_interfaces/msg/detail/full_name_message__rosidl_typesupport_fastrtps_cpp.hpp
[0.285s] -- Up-to-date: /home/artem/Documents/3_course/robotics/task2/ex09/install/full_name_interfaces/lib/libfull_name_interfaces__rosidl_typesupport_fastrtps_cpp.so
[0.285s] -- Up-to-date: /home/artem/Documents/3_course/robotics/task2/ex09/install/full_name_interfaces/include/full_name_interfaces/full_name_interfaces
[0.285s] -- Up-to-date: /home/artem/Documents/3_course/robotics/task2/ex09/install/full_name_interfaces/include/full_name_interfaces/full_name_interfaces/srv
[0.285s] -- Up-to-date: /home/artem/Documents/3_course/robotics/task2/ex09/install/full_name_interfaces/include/full_name_interfaces/full_name_interfaces/srv/detail
[0.285s] -- Up-to-date: /home/artem/Documents/3_course/robotics/task2/ex09/install/full_name_interfaces/include/full_name_interfaces/full_name_interfaces/srv/detail/full_name_sum_service__type_support.cpp
[0.285s] -- Up-to-date: /home/artem/Documents/3_course/robotics/task2/ex09/install/full_name_interfaces/include/full_name_interfaces/full_name_interfaces/srv/detail/full_name_sum_service__rosidl_typesupport_introspection_cpp.hpp
[0.285s] -- Up-to-date: /home/artem/Documents/3_course/robotics/task2/ex09/install/full_name_interfaces/include/full_name_interfaces/full_name_interfaces/msg
[0.285s] -- Up-to-date: /home/artem/Documents/3_course/robotics/task2/ex09/install/full_name_interfaces/include/full_name_interfaces/full_name_interfaces/msg/detail
[0.285s] -- Up-to-date: /home/artem/Documents/3_course/robotics/task2/ex09/install/full_name_interfaces/include/full_name_interfaces/full_name_interfaces/msg/detail/full_name_message__rosidl_typesupport_introspection_cpp.hpp
[0.285s] -- Up-to-date: /home/artem/Documents/3_course/robotics/task2/ex09/install/full_name_interfaces/include/full_name_interfaces/full_name_interfaces/msg/detail/full_name_message__type_support.cpp
[0.286s] -- Up-to-date: /home/artem/Documents/3_course/robotics/task2/ex09/install/full_name_interfaces/lib/libfull_name_interfaces__rosidl_typesupport_introspection_cpp.so
[0.286s] -- Up-to-date: /home/artem/Documents/3_course/robotics/task2/ex09/install/full_name_interfaces/lib/libfull_name_interfaces__rosidl_typesupport_cpp.so
[0.286s] -- Up-to-date: /home/artem/Documents/3_course/robotics/task2/ex09/install/full_name_interfaces/share/full_name_interfaces/environment/pythonpath.sh
[0.286s] -- Up-to-date: /home/artem/Documents/3_course/robotics/task2/ex09/install/full_name_interfaces/share/full_name_interfaces/environment/pythonpath.dsv
[0.286s] -- Up-to-date: /home/artem/Documents/3_course/robotics/task2/ex09/install/full_name_interfaces/lib/python3.12/site-packages/full_name_interfaces-0.0.0-py3.12.egg-info
[0.286s] -- Installing: /home/artem/Documents/3_course/robotics/task2/ex09/install/full_name_interfaces/lib/python3.12/site-packages/full_name_interfaces-0.0.0-py3.12.egg-info/PKG-INFO
[0.286s] -- Installing: /home/artem/Documents/3_course/robotics/task2/ex09/install/full_name_interfaces/lib/python3.12/site-packages/full_name_interfaces-0.0.0-py3.12.egg-info/top_level.txt
[0.286s] -- Installing: /home/artem/Documents/3_course/robotics/task2/ex09/install/full_name_interfaces/lib/python3.12/site-packages/full_name_interfaces-0.0.0-py3.12.egg-info/dependency_links.txt
[0.286s] -- Installing: /home/artem/Documents/3_course/robotics/task2/ex09/install/full_name_interfaces/lib/python3.12/site-packages/full_name_interfaces-0.0.0-py3.12.egg-info/SOURCES.txt
[0.286s] -- Up-to-date: /home/artem/Documents/3_course/robotics/task2/ex09/install/full_name_interfaces/lib/python3.12/site-packages/full_name_interfaces
[0.286s] -- Up-to-date: /home/artem/Documents/3_course/robotics/task2/ex09/install/full_name_interfaces/lib/python3.12/site-packages/full_name_interfaces/full_name_interfaces_s__rosidl_typesupport_fastrtps_c.so
[0.286s] -- Up-to-date: /home/artem/Documents/3_course/robotics/task2/ex09/install/full_name_interfaces/lib/python3.12/site-packages/full_name_interfaces/full_name_interfaces_s__rosidl_typesupport_introspection_c.so
[0.286s] -- Up-to-date: /home/artem/Documents/3_course/robotics/task2/ex09/install/full_name_interfaces/lib/python3.12/site-packages/full_name_interfaces/srv
[0.286s] -- Up-to-date: /home/artem/Documents/3_course/robotics/task2/ex09/install/full_name_interfaces/lib/python3.12/site-packages/full_name_interfaces/srv/_full_name_sum_service.py
[0.286s] -- Up-to-date: /home/artem/Documents/3_course/robotics/task2/ex09/install/full_name_interfaces/lib/python3.12/site-packages/full_name_interfaces/srv/__init__.py
[0.286s] -- Up-to-date: /home/artem/Documents/3_course/robotics/task2/ex09/install/full_name_interfaces/lib/python3.12/site-packages/full_name_interfaces/srv/_full_name_sum_service_s.c
[0.286s] -- Up-to-date: /home/artem/Documents/3_course/robotics/task2/ex09/install/full_name_interfaces/lib/python3.12/site-packages/full_name_interfaces/__init__.py
[0.286s] -- Up-to-date: /home/artem/Documents/3_course/robotics/task2/ex09/install/full_name_interfaces/lib/python3.12/site-packages/full_name_interfaces/full_name_interfaces_s__rosidl_typesupport_c.so
[0.286s] -- Up-to-date: /home/artem/Documents/3_course/robotics/task2/ex09/install/full_name_interfaces/lib/python3.12/site-packages/full_name_interfaces/_full_name_interfaces_s.ep.rosidl_typesupport_c.c
[0.286s] -- Up-to-date: /home/artem/Documents/3_course/robotics/task2/ex09/install/full_name_interfaces/lib/python3.12/site-packages/full_name_interfaces/_full_name_interfaces_s.ep.rosidl_typesupport_fastrtps_c.c
[0.286s] -- Up-to-date: /home/artem/Documents/3_course/robotics/task2/ex09/install/full_name_interfaces/lib/python3.12/site-packages/full_name_interfaces/msg
[0.286s] -- Up-to-date: /home/artem/Documents/3_course/robotics/task2/ex09/install/full_name_interfaces/lib/python3.12/site-packages/full_name_interfaces/msg/__init__.py
[0.286s] -- Up-to-date: /home/artem/Documents/3_course/robotics/task2/ex09/install/full_name_interfaces/lib/python3.12/site-packages/full_name_interfaces/msg/_full_name_message_s.c
[0.286s] -- Up-to-date: /home/artem/Documents/3_course/robotics/task2/ex09/install/full_name_interfaces/lib/python3.12/site-packages/full_name_interfaces/msg/_full_name_message.py
[0.286s] -- Up-to-date: /home/artem/Documents/3_course/robotics/task2/ex09/install/full_name_interfaces/lib/python3.12/site-packages/full_name_interfaces/_full_name_interfaces_s.ep.rosidl_typesupport_introspection_c.c
[0.307s] Listing '/home/artem/Documents/3_course/robotics/task2/ex09/install/full_name_interfaces/lib/python3.12/site-packages/full_name_interfaces'...
[0.307s] Listing '/home/artem/Documents/3_course/robotics/task2/ex09/install/full_name_interfaces/lib/python3.12/site-packages/full_name_interfaces/msg'...
[0.307s] Listing '/home/artem/Documents/3_course/robotics/task2/ex09/install/full_name_interfaces/lib/python3.12/site-packages/full_name_interfaces/srv'...
[0.311s] -- Up-to-date: /home/artem/Documents/3_course/robotics/task2/ex09/install/full_name_interfaces/lib/python3.12/site-packages/full_name_interfaces/full_name_interfaces_s__rosidl_typesupport_fastrtps_c.so
[0.311s] -- Up-to-date: /home/artem/Documents/3_course/robotics/task2/ex09/install/full_name_interfaces/lib/python3.12/site-packages/full_name_interfaces/full_name_interfaces_s__rosidl_typesupport_introspection_c.so
[0.311s] -- Up-to-date: /home/artem/Documents/3_course/robotics/task2/ex09/install/full_name_interfaces/lib/python3.12/site-packages/full_name_interfaces/full_name_interfaces_s__rosidl_typesupport_c.so
[0.311s] -- Up-to-date: /home/artem/Documents/3_course/robotics/task2/ex09/install/full_name_interfaces/lib/libfull_name_interfaces__rosidl_generator_py.so
[0.311s] -- Up-to-date: /home/artem/Documents/3_course/robotics/task2/ex09/install/full_name_interfaces/share/full_name_interfaces/msg/FullNameMessage.idl
[0.311s] -- Up-to-date: /home/artem/Documents/3_course/robotics/task2/ex09/install/full_name_interfaces/share/full_name_interfaces/srv/FullNameSumService.idl
[0.311s] -- Up-to-date: /home/artem/Documents/3_course/robotics/task2/ex09/install/full_name_interfaces/share/full_name_interfaces/msg/FullNameMessage.msg
[0.312s] -- Up-to-date: /home/artem/Documents/3_course/robotics/task2/ex09/install/full_name_interfaces/share/full_name_interfaces/srv/FullNameSumService.srv
[0.312s] -- Up-to-date: /home/artem/Documents/3_course/robotics/task2/ex09/install/full_name_interfaces/share/ament_index/resource_index/package_run_dependencies/full_name_interfaces
[0.312s] -- Up-to-date: /home/artem/Documents/3_course/robotics/task2/ex09/install/full_name_interfaces/share/ament_index/resource_index/parent_prefix_path/full_name_interfaces
[0.312s] -- Up-to-date: /home/artem/Documents/3_course/robotics/task2/ex09/install/full_name_interfaces/share/full_name_interfaces/environment/ament_prefix_path.sh
[0.312s] -- Up-to-date: /home/artem/Documents/3_course/robotics/task2/ex09/install/full_name_interfaces/share/full_name_interfaces/environment/ament_prefix_path.dsv
[0.312s] -- Up-to-date: /home/artem/Documents/3_course/robotics/task2/ex09/install/full_name_interfaces/share/full_name_interfaces/environment/path.sh
[0.312s] -- Up-to-date: /home/artem/Documents/3_course/robotics/task2/ex09/install/full_name_interfaces/share/full_name_interfaces/environment/path.dsv
[0.312s] -- Up-to-date: /home/artem/Documents/3_course/robotics/task2/ex09/install/full_name_interfaces/share/full_name_interfaces/local_setup.bash
[0.312s] -- Up-to-date: /home/artem/Documents/3_course/robotics/task2/ex09/install/full_name_interfaces/share/full_name_interfaces/local_setup.sh
[0.312s] -- Up-to-date: /home/artem/Documents/3_course/robotics/task2/ex09/install/full_name_interfaces/share/full_name_interfaces/local_setup.zsh
[0.312s] -- Up-to-date: /home/artem/Documents/3_course/robotics/task2/ex09/install/full_name_interfaces/share/full_name_interfaces/local_setup.dsv
[0.312s] -- Installing: /home/artem/Documents/3_course/robotics/task2/ex09/install/full_name_interfaces/share/full_name_interfaces/package.dsv
[0.312s] -- Up-to-date: /home/artem/Documents/3_course/robotics/task2/ex09/install/full_name_interfaces/share/ament_index/resource_index/packages/full_name_interfaces
[0.312s] -- Up-to-date: /home/artem/Documents/3_course/robotics/task2/ex09/install/full_name_interfaces/share/full_name_interfaces/cmake/export_full_name_interfaces__rosidl_generator_cExport.cmake
[0.312s] -- Up-to-date: /home/artem/Documents/3_course/robotics/task2/ex09/install/full_name_interfaces/share/full_name_interfaces/cmake/export_full_name_interfaces__rosidl_generator_cExport-noconfig.cmake
[0.312s] -- Up-to-date: /home/artem/Documents/3_course/robotics/task2/ex09/install/full_name_interfaces/share/full_name_interfaces/cmake/export_full_name_interfaces__rosidl_typesupport_fastrtps_cExport.cmake
[0.312s] -- Up-to-date: /home/artem/Documents/3_course/robotics/task2/ex09/install/full_name_interfaces/share/full_name_interfaces/cmake/export_full_name_interfaces__rosidl_typesupport_fastrtps_cExport-noconfig.cmake
[0.312s] -- Up-to-date: /home/artem/Documents/3_course/robotics/task2/ex09/install/full_name_interfaces/share/full_name_interfaces/cmake/full_name_interfaces__rosidl_typesupport_introspection_cExport.cmake
[0.312s] -- Up-to-date: /home/artem/Documents/3_course/robotics/task2/ex09/install/full_name_interfaces/share/full_name_interfaces/cmake/full_name_interfaces__rosidl_typesupport_introspection_cExport-noconfig.cmake
[0.312s] -- Up-to-date: /home/artem/Documents/3_course/robotics/task2/ex09/install/full_name_interfaces/share/full_name_interfaces/cmake/full_name_interfaces__rosidl_typesupport_cExport.cmake
[0.312s] -- Up-to-date: /home/artem/Documents/3_course/robotics/task2/ex09/install/full_name_interfaces/share/full_name_interfaces/cmake/full_name_interfaces__rosidl_typesupport_cExport-noconfig.cmake
[0.312s] -- Up-to-date: /home/artem/Documents/3_course/robotics/task2/ex09/install/full_name_interfaces/share/full_name_interfaces/cmake/export_full_name_interfaces__rosidl_generator_cppExport.cmake
[0.312s] -- Up-to-date: /home/artem/Documents/3_course/robotics/task2/ex09/install/full_name_interfaces/share/full_name_interfaces/cmake/export_full_name_interfaces__rosidl_typesupport_fastrtps_cppExport.cmake
[0.312s] -- Up-to-date: /home/artem/Documents/3_course/robotics/task2/ex09/install/full_name_interfaces/share/full_name_interfaces/cmake/export_full_name_interfaces__rosidl_typesupport_fastrtps_cppExport-noconfig.cmake
[0.312s] -- Up-to-date: /home/artem/Documents/3_course/robotics/task2/ex09/install/full_name_interfaces/share/full_name_interfaces/cmake/full_name_interfaces__rosidl_typesupport_introspection_cppExport.cmake
[0.313s] -- Up-to-date: /home/artem/Documents/3_course/robotics/task2/ex09/install/full_name_interfaces/share/full_name_interfaces/cmake/full_name_interfaces__rosidl_typesupport_introspection_cppExport-noconfig.cmake
[0.313s] -- Up-to-date: /home/artem/Documents/3_course/robotics/task2/ex09/install/full_name_interfaces/share/full_name_interfaces/cmake/full_name_interfaces__rosidl_typesupport_cppExport.cmake
[0.313s] -- Up-to-date: /home/artem/Documents/3_course/robotics/task2/ex09/install/full_name_interfaces/share/full_name_interfaces/cmake/full_name_interfaces__rosidl_typesupport_cppExport-noconfig.cmake
[0.313s] -- Up-to-date: /home/artem/Documents/3_course/robotics/task2/ex09/install/full_name_interfaces/share/full_name_interfaces/cmake/export_full_name_interfaces__rosidl_generator_pyExport.cmake
[0.313s] -- Up-to-date: /home/artem/Documents/3_course/robotics/task2/ex09/install/full_name_interfaces/share/full_name_interfaces/cmake/export_full_name_interfaces__rosidl_generator_pyExport-noconfig.cmake
[0.313s] -- Up-to-date: /home/artem/Documents/3_course/robotics/task2/ex09/install/full_name_interfaces/share/full_name_interfaces/cmake/rosidl_cmake-extras.cmake
[0.313s] -- Up-to-date: /home/artem/Documents/3_course/robotics/task2/ex09/install/full_name_interfaces/share/full_name_interfaces/cmake/ament_cmake_export_dependencies-extras.cmake
[0.313s] -- Up-to-date: /home/artem/Documents/3_course/robotics/task2/ex09/install/full_name_interfaces/share/full_name_interfaces/cmake/ament_cmake_export_include_directories-extras.cmake
[0.313s] -- Up-to-date: /home/artem/Documents/3_course/robotics/task2/ex09/install/full_name_interfaces/share/full_name_interfaces/cmake/ament_cmake_export_libraries-extras.cmake
[0.313s] -- Up-to-date: /home/artem/Documents/3_course/robotics/task2/ex09/install/full_name_interfaces/share/full_name_interfaces/cmake/ament_cmake_export_targets-extras.cmake
[0.313s] -- Up-to-date: /home/artem/Documents/3_course/robotics/task2/ex09/install/full_name_interfaces/share/full_name_interfaces/cmake/rosidl_cmake_export_typesupport_targets-extras.cmake
[0.313s] -- Up-to-date: /home/artem/Documents/3_course/robotics/task2/ex09/install/full_name_interfaces/share/full_name_interfaces/cmake/rosidl_cmake_export_typesupport_libraries-extras.cmake
[0.313s] -- Up-to-date: /home/artem/Documents/3_course/robotics/task2/ex09/install/full_name_interfaces/share/full_name_interfaces/cmake/full_name_interfacesConfig.cmake
[0.313s] -- Up-to-date: /home/artem/Documents/3_course/robotics/task2/ex09/install/full_name_interfaces/share/full_name_interfaces/cmake/full_name_interfacesConfig-version.cmake
[0.313s] -- Up-to-date: /home/artem/Documents/3_course/robotics/task2/ex09/install/full_name_interfaces/share/full_name_interfaces/package.xml
[0.315s] Invoked command in '/home/artem/Documents/3_course/robotics/task2/ex09/build/full_name_interfaces' returned '0': CMAKE_PREFIX_PATH=${CMAKE_PREFIX_PATH}:/opt/ros/jazzy DEBUGINFOD_URLS=https://debuginfod.ubuntu.com /usr/bin/cmake --install /home/artem/Documents/3_course/robotics/task2/ex09/build/full_name_interfaces
