-- The C compiler identification is GNU 13.3.0
-- The CXX compiler identification is GNU 13.3.0
-- Detecting C compiler ABI info
-- Detecting C compiler ABI info - done
-- Check for working C compiler: /usr/bin/cc - skipped
-- Detecting C compile features
-- Detecting C compile features - done
-- Detecting CXX compiler ABI info
-- Detecting CXX compiler ABI info - done
-- Check for working CXX compiler: /usr/bin/c++ - skipped
-- Detecting CXX compile features
-- Detecting CXX compile features - done
-- Found ament_cmake: 2.5.4 (/opt/ros/jazzy/share/ament_cmake/cmake)
-- Found Python3: /usr/bin/python3 (found version "3.12.3") found components: Interpreter 
-- Found ament_lint_auto: 0.17.3 (/opt/ros/jazzy/share/ament_lint_auto/cmake)
-- Found rosidl_default_generators: 1.6.0 (/opt/ros/jazzy/share/rosidl_default_generators/cmake)
-- Using all available rosidl_typesupport_c: rosidl_typesupport_fastrtps_c;rosidl_typesupport_introspection_c
-- Using all available rosidl_typesupport_cpp: rosidl_typesupport_fastrtps_cpp;rosidl_typesupport_introspection_cpp
-- Found rosidl_adapter: 4.6.6 (/opt/ros/jazzy/share/rosidl_adapter/cmake)
-- Found ament_cmake_ros: 0.12.0 (/opt/ros/jazzy/share/ament_cmake_ros/cmake)
-- Using all available rosidl_typesupport_c: rosidl_typesupport_fastrtps_c;rosidl_typesupport_introspection_c
-- Using all available rosidl_typesupport_cpp: rosidl_typesupport_fastrtps_cpp;rosidl_typesupport_introspection_cpp
-- Found python_cmake_module: 0.11.1 (/opt/ros/jazzy/share/python_cmake_module/cmake)
-- Found PythonExtra: /usr/bin/python3  
-- Found Python3: /usr/bin/python3 (found version "3.12.3") found components: Interpreter Development NumPy Development.Module Development.Embed 
-- Added test 'lint_cmake' to check CMake code style
-- Added test 'xmllint' to check XML markup files
-- Configuring done (2.4s)
-- Generating done (0.0s)
-- Build files have been written to: /home/artem/Documents/3_course/robotics/task3/ex01/build/fullname_interfaces
[  2%] [34m[1mGenerating type hashes for ROS interfaces[0m
[  2%] Built target ament_cmake_python_copy_fullname_interfaces
running egg_info
creating fullname_interfaces.egg-info
[  2%] Built target fullname_interfaces__rosidl_generator_type_description
[  4%] [34m[1mGenerating C code for ROS interfaces[0m
writing fullname_interfaces.egg-info/PKG-INFO
writing dependency_links to fullname_interfaces.egg-info/dependency_links.txt
writing top-level names to fullname_interfaces.egg-info/top_level.txt
writing manifest file 'fullname_interfaces.egg-info/SOURCES.txt'
[  6%] [34m[1mGenerating C++ code for ROS interfaces[0m
reading manifest file 'fullname_interfaces.egg-info/SOURCES.txt'
writing manifest file 'fullname_interfaces.egg-info/SOURCES.txt'
[  6%] Built target ament_cmake_python_build_fullname_interfaces_egg
[  6%] Built target fullname_interfaces__cpp
[  9%] [32mBuilding C object CMakeFiles/fullname_interfaces__rosidl_generator_c.dir/rosidl_generator_c/fullname_interfaces/msg/detail/full_name_message__description.c.o[0m
[ 11%] [32mBuilding C object CMakeFiles/fullname_interfaces__rosidl_generator_c.dir/rosidl_generator_c/fullname_interfaces/srv/detail/full_name_sum_service__description.c.o[0m
[ 13%] [32mBuilding C object CMakeFiles/fullname_interfaces__rosidl_generator_c.dir/rosidl_generator_c/fullname_interfaces/srv/detail/full_name_sum_service__type_support.c.o[0m
[ 15%] [32mBuilding C object CMakeFiles/fullname_interfaces__rosidl_generator_c.dir/rosidl_generator_c/fullname_interfaces/msg/detail/full_name_message__type_support.c.o[0m
[ 18%] [32mBuilding C object CMakeFiles/fullname_interfaces__rosidl_generator_c.dir/rosidl_generator_c/fullname_interfaces/msg/detail/full_name_message__functions.c.o[0m
[ 20%] [32mBuilding C object CMakeFiles/fullname_interfaces__rosidl_generator_c.dir/rosidl_generator_c/fullname_interfaces/srv/detail/full_name_sum_service__functions.c.o[0m
[ 22%] [32m[1mLinking C shared library libfullname_interfaces__rosidl_generator_c.so[0m
[ 22%] Built target fullname_interfaces__rosidl_generator_c
[ 25%] [34m[1mGenerating C++ type support dispatch for ROS interfaces[0m
[ 29%] [34m[1mGenerating C type support dispatch for ROS interfaces[0m
[ 29%] [34m[1mGenerating C type support for eProsima Fast-RTPS[0m
[ 31%] [34m[1mGenerating C++ type support for eProsima Fast-RTPS[0m
[ 36%] [34m[1mGenerating C++ introspection for ROS interfaces[0m
[ 36%] [34m[1mGenerating C introspection for ROS interfaces[0m
[ 40%] [32mBuilding CXX object CMakeFiles/fullname_interfaces__rosidl_typesupport_c.dir/rosidl_typesupport_c/fullname_interfaces/msg/full_name_message__type_support.cpp.o[0m
[ 40%] [32mBuilding CXX object CMakeFiles/fullname_interfaces__rosidl_typesupport_c.dir/rosidl_typesupport_c/fullname_interfaces/srv/full_name_sum_service__type_support.cpp.o[0m
[ 43%] [32mBuilding CXX object CMakeFiles/fullname_interfaces__rosidl_typesupport_cpp.dir/rosidl_typesupport_cpp/fullname_interfaces/srv/full_name_sum_service__type_support.cpp.o[0m
[ 45%] [32mBuilding CXX object CMakeFiles/fullname_interfaces__rosidl_typesupport_cpp.dir/rosidl_typesupport_cpp/fullname_interfaces/msg/full_name_message__type_support.cpp.o[0m
[ 47%] [32m[1mLinking CXX shared library libfullname_interfaces__rosidl_typesupport_c.so[0m
[ 50%] [32mBuilding CXX object CMakeFiles/fullname_interfaces__rosidl_typesupport_introspection_cpp.dir/rosidl_typesupport_introspection_cpp/fullname_interfaces/msg/detail/full_name_message__type_support.cpp.o[0m
[ 52%] [32mBuilding CXX object CMakeFiles/fullname_interfaces__rosidl_typesupport_introspection_cpp.dir/rosidl_typesupport_introspection_cpp/fullname_interfaces/srv/detail/full_name_sum_service__type_support.cpp.o[0m
[ 54%] [32mBuilding CXX object CMakeFiles/fullname_interfaces__rosidl_typesupport_fastrtps_c.dir/rosidl_typesupport_fastrtps_c/fullname_interfaces/srv/detail/full_name_sum_service__type_support_c.cpp.o[0m
[ 56%] [32mBuilding CXX object CMakeFiles/fullname_interfaces__rosidl_typesupport_fastrtps_c.dir/rosidl_typesupport_fastrtps_c/fullname_interfaces/msg/detail/full_name_message__type_support_c.cpp.o[0m
[ 56%] Built target fullname_interfaces__rosidl_typesupport_c
[ 59%] [32mBuilding C object CMakeFiles/fullname_interfaces__rosidl_typesupport_introspection_c.dir/rosidl_typesupport_introspection_c/fullname_interfaces/srv/detail/full_name_sum_service__type_support.c.o[0m
[ 61%] [32mBuilding C object CMakeFiles/fullname_interfaces__rosidl_typesupport_introspection_c.dir/rosidl_typesupport_introspection_c/fullname_interfaces/msg/detail/full_name_message__type_support.c.o[0m
[ 63%] [32m[1mLinking C shared library libfullname_interfaces__rosidl_typesupport_introspection_c.so[0m
[ 63%] Built target fullname_interfaces__rosidl_typesupport_introspection_c
[ 65%] [32mBuilding CXX object CMakeFiles/fullname_interfaces__rosidl_typesupport_fastrtps_cpp.dir/rosidl_typesupport_fastrtps_cpp/fullname_interfaces/srv/detail/dds_fastrtps/full_name_sum_service__type_support.cpp.o[0m
[ 68%] [32mBuilding CXX object CMakeFiles/fullname_interfaces__rosidl_typesupport_fastrtps_cpp.dir/rosidl_typesupport_fastrtps_cpp/fullname_interfaces/msg/detail/dds_fastrtps/full_name_message__type_support.cpp.o[0m
[ 70%] [32m[1mLinking CXX shared library libfullname_interfaces__rosidl_typesupport_cpp.so[0m
[ 70%] Built target fullname_interfaces__rosidl_typesupport_cpp
[ 72%] [32m[1mLinking CXX shared library libfullname_interfaces__rosidl_typesupport_introspection_cpp.so[0m
[ 75%] [32m[1mLinking CXX shared library libfullname_interfaces__rosidl_typesupport_fastrtps_c.so[0m
[ 75%] Built target fullname_interfaces__rosidl_typesupport_introspection_cpp
[ 75%] Built target fullname_interfaces__rosidl_typesupport_fastrtps_c
[ 77%] [32m[1mLinking CXX shared library libfullname_interfaces__rosidl_typesupport_fastrtps_cpp.so[0m
[ 77%] Built target fullname_interfaces__rosidl_typesupport_fastrtps_cpp
[ 77%] Built target fullname_interfaces
[ 79%] [34m[1mGenerating Python code for ROS interfaces[0m
[ 79%] Built target fullname_interfaces__py
[ 84%] [32mBuilding C object CMakeFiles/fullname_interfaces__rosidl_generator_py.dir/rosidl_generator_py/fullname_interfaces/srv/_full_name_sum_service_s.c.o[0m
[ 84%] [32mBuilding C object CMakeFiles/fullname_interfaces__rosidl_generator_py.dir/rosidl_generator_py/fullname_interfaces/msg/_full_name_message_s.c.o[0m
[ 86%] [32m[1mLinking C shared library libfullname_interfaces__rosidl_generator_py.so[0m
[ 86%] Built target fullname_interfaces__rosidl_generator_py
[ 88%] [32mBuilding C object CMakeFiles/fullname_interfaces_s__rosidl_typesupport_fastrtps_c.dir/rosidl_generator_py/fullname_interfaces/_fullname_interfaces_s.ep.rosidl_typesupport_fastrtps_c.c.o[0m
[ 90%] [32mBuilding C object CMakeFiles/fullname_interfaces_s__rosidl_typesupport_introspection_c.dir/rosidl_generator_py/fullname_interfaces/_fullname_interfaces_s.ep.rosidl_typesupport_introspection_c.c.o[0m
[ 93%] [32mBuilding C object CMakeFiles/fullname_interfaces_s__rosidl_typesupport_c.dir/rosidl_generator_py/fullname_interfaces/_fullname_interfaces_s.ep.rosidl_typesupport_c.c.o[0m
[ 95%] [32m[1mLinking C shared module rosidl_generator_py/fullname_interfaces/fullname_interfaces_s__rosidl_typesupport_introspection_c.so[0m
[ 97%] [32m[1mLinking C shared module rosidl_generator_py/fullname_interfaces/fullname_interfaces_s__rosidl_typesupport_c.so[0m
[100%] [32m[1mLinking C shared module rosidl_generator_py/fullname_interfaces/fullname_interfaces_s__rosidl_typesupport_fastrtps_c.so[0m
[100%] Built target fullname_interfaces_s__rosidl_typesupport_introspection_c
[100%] Built target fullname_interfaces_s__rosidl_typesupport_c
[100%] Built target fullname_interfaces_s__rosidl_typesupport_fastrtps_c
-- Install configuration: ""
-- Installing: /home/artem/Documents/3_course/robotics/task3/ex01/install/fullname_interfaces/share/ament_index/resource_index/rosidl_interfaces/fullname_interfaces
-- Installing: /home/artem/Documents/3_course/robotics/task3/ex01/install/fullname_interfaces/share/fullname_interfaces/msg/FullNameMessage.json
-- Installing: /home/artem/Documents/3_course/robotics/task3/ex01/install/fullname_interfaces/share/fullname_interfaces/srv/FullNameSumService.json
-- Installing: /home/artem/Documents/3_course/robotics/task3/ex01/install/fullname_interfaces/include/fullname_interfaces/fullname_interfaces
-- Installing: /home/artem/Documents/3_course/robotics/task3/ex01/install/fullname_interfaces/include/fullname_interfaces/fullname_interfaces/srv
-- Installing: /home/artem/Documents/3_course/robotics/task3/ex01/install/fullname_interfaces/include/fullname_interfaces/fullname_interfaces/srv/full_name_sum_service.h
-- Installing: /home/artem/Documents/3_course/robotics/task3/ex01/install/fullname_interfaces/include/fullname_interfaces/fullname_interfaces/srv/detail
-- Installing: /home/artem/Documents/3_course/robotics/task3/ex01/install/fullname_interfaces/include/fullname_interfaces/fullname_interfaces/srv/detail/full_name_sum_service__functions.h
-- Installing: /home/artem/Documents/3_course/robotics/task3/ex01/install/fullname_interfaces/include/fullname_interfaces/fullname_interfaces/srv/detail/full_name_sum_service__type_support.c
-- Installing: /home/artem/Documents/3_course/robotics/task3/ex01/install/fullname_interfaces/include/fullname_interfaces/fullname_interfaces/srv/detail/full_name_sum_service__struct.h
-- Installing: /home/artem/Documents/3_course/robotics/task3/ex01/install/fullname_interfaces/include/fullname_interfaces/fullname_interfaces/srv/detail/full_name_sum_service__type_support.h
-- Installing: /home/artem/Documents/3_course/robotics/task3/ex01/install/fullname_interfaces/include/fullname_interfaces/fullname_interfaces/srv/detail/full_name_sum_service__functions.c
-- Installing: /home/artem/Documents/3_course/robotics/task3/ex01/install/fullname_interfaces/include/fullname_interfaces/fullname_interfaces/srv/detail/full_name_sum_service__description.c
-- Installing: /home/artem/Documents/3_course/robotics/task3/ex01/install/fullname_interfaces/include/fullname_interfaces/fullname_interfaces/msg
-- Installing: /home/artem/Documents/3_course/robotics/task3/ex01/install/fullname_interfaces/include/fullname_interfaces/fullname_interfaces/msg/rosidl_generator_c__visibility_control.h
-- Installing: /home/artem/Documents/3_course/robotics/task3/ex01/install/fullname_interfaces/include/fullname_interfaces/fullname_interfaces/msg/full_name_message.h
-- Installing: /home/artem/Documents/3_course/robotics/task3/ex01/install/fullname_interfaces/include/fullname_interfaces/fullname_interfaces/msg/detail
-- Installing: /home/artem/Documents/3_course/robotics/task3/ex01/install/fullname_interfaces/include/fullname_interfaces/fullname_interfaces/msg/detail/full_name_message__type_support.h
-- Installing: /home/artem/Documents/3_course/robotics/task3/ex01/install/fullname_interfaces/include/fullname_interfaces/fullname_interfaces/msg/detail/full_name_message__functions.h
-- Installing: /home/artem/Documents/3_course/robotics/task3/ex01/install/fullname_interfaces/include/fullname_interfaces/fullname_interfaces/msg/detail/full_name_message__functions.c
-- Installing: /home/artem/Documents/3_course/robotics/task3/ex01/install/fullname_interfaces/include/fullname_interfaces/fullname_interfaces/msg/detail/full_name_message__struct.h
-- Installing: /home/artem/Documents/3_course/robotics/task3/ex01/install/fullname_interfaces/include/fullname_interfaces/fullname_interfaces/msg/detail/full_name_message__description.c
-- Installing: /home/artem/Documents/3_course/robotics/task3/ex01/install/fullname_interfaces/include/fullname_interfaces/fullname_interfaces/msg/detail/full_name_message__type_support.c
-- Installing: /home/artem/Documents/3_course/robotics/task3/ex01/install/fullname_interfaces/share/fullname_interfaces/environment/library_path.sh
-- Installing: /home/artem/Documents/3_course/robotics/task3/ex01/install/fullname_interfaces/share/fullname_interfaces/environment/library_path.dsv
-- Installing: /home/artem/Documents/3_course/robotics/task3/ex01/install/fullname_interfaces/lib/libfullname_interfaces__rosidl_generator_c.so
-- Set non-toolchain portion of runtime path of "/home/artem/Documents/3_course/robotics/task3/ex01/install/fullname_interfaces/lib/libfullname_interfaces__rosidl_generator_c.so" to ""
-- Up-to-date: /home/artem/Documents/3_course/robotics/task3/ex01/install/fullname_interfaces/include/fullname_interfaces/fullname_interfaces
-- Up-to-date: /home/artem/Documents/3_course/robotics/task3/ex01/install/fullname_interfaces/include/fullname_interfaces/fullname_interfaces/srv
-- Up-to-date: /home/artem/Documents/3_course/robotics/task3/ex01/install/fullname_interfaces/include/fullname_interfaces/fullname_interfaces/srv/detail
-- Installing: /home/artem/Documents/3_course/robotics/task3/ex01/install/fullname_interfaces/include/fullname_interfaces/fullname_interfaces/srv/detail/full_name_sum_service__rosidl_typesupport_fastrtps_c.h
-- Up-to-date: /home/artem/Documents/3_course/robotics/task3/ex01/install/fullname_interfaces/include/fullname_interfaces/fullname_interfaces/msg
-- Installing: /home/artem/Documents/3_course/robotics/task3/ex01/install/fullname_interfaces/include/fullname_interfaces/fullname_interfaces/msg/rosidl_typesupport_fastrtps_c__visibility_control.h
-- Up-to-date: /home/artem/Documents/3_course/robotics/task3/ex01/install/fullname_interfaces/include/fullname_interfaces/fullname_interfaces/msg/detail
-- Installing: /home/artem/Documents/3_course/robotics/task3/ex01/install/fullname_interfaces/include/fullname_interfaces/fullname_interfaces/msg/detail/full_name_message__rosidl_typesupport_fastrtps_c.h
-- Installing: /home/artem/Documents/3_course/robotics/task3/ex01/install/fullname_interfaces/lib/libfullname_interfaces__rosidl_typesupport_fastrtps_c.so
-- Set non-toolchain portion of runtime path of "/home/artem/Documents/3_course/robotics/task3/ex01/install/fullname_interfaces/lib/libfullname_interfaces__rosidl_typesupport_fastrtps_c.so" to ""
-- Up-to-date: /home/artem/Documents/3_course/robotics/task3/ex01/install/fullname_interfaces/include/fullname_interfaces/fullname_interfaces
-- Up-to-date: /home/artem/Documents/3_course/robotics/task3/ex01/install/fullname_interfaces/include/fullname_interfaces/fullname_interfaces/srv
-- Up-to-date: /home/artem/Documents/3_course/robotics/task3/ex01/install/fullname_interfaces/include/fullname_interfaces/fullname_interfaces/srv/detail
-- Installing: /home/artem/Documents/3_course/robotics/task3/ex01/install/fullname_interfaces/include/fullname_interfaces/fullname_interfaces/srv/detail/full_name_sum_service__type_support.c
-- Installing: /home/artem/Documents/3_course/robotics/task3/ex01/install/fullname_interfaces/include/fullname_interfaces/fullname_interfaces/srv/detail/full_name_sum_service__rosidl_typesupport_introspection_c.h
-- Up-to-date: /home/artem/Documents/3_course/robotics/task3/ex01/install/fullname_interfaces/include/fullname_interfaces/fullname_interfaces/msg
-- Installing: /home/artem/Documents/3_course/robotics/task3/ex01/install/fullname_interfaces/include/fullname_interfaces/fullname_interfaces/msg/rosidl_typesupport_introspection_c__visibility_control.h
-- Up-to-date: /home/artem/Documents/3_course/robotics/task3/ex01/install/fullname_interfaces/include/fullname_interfaces/fullname_interfaces/msg/detail
-- Installing: /home/artem/Documents/3_course/robotics/task3/ex01/install/fullname_interfaces/include/fullname_interfaces/fullname_interfaces/msg/detail/full_name_message__rosidl_typesupport_introspection_c.h
-- Installing: /home/artem/Documents/3_course/robotics/task3/ex01/install/fullname_interfaces/include/fullname_interfaces/fullname_interfaces/msg/detail/full_name_message__type_support.c
-- Installing: /home/artem/Documents/3_course/robotics/task3/ex01/install/fullname_interfaces/lib/libfullname_interfaces__rosidl_typesupport_introspection_c.so
-- Set non-toolchain portion of runtime path of "/home/artem/Documents/3_course/robotics/task3/ex01/install/fullname_interfaces/lib/libfullname_interfaces__rosidl_typesupport_introspection_c.so" to ""
-- Installing: /home/artem/Documents/3_course/robotics/task3/ex01/install/fullname_interfaces/lib/libfullname_interfaces__rosidl_typesupport_c.so
-- Set non-toolchain portion of runtime path of "/home/artem/Documents/3_course/robotics/task3/ex01/install/fullname_interfaces/lib/libfullname_interfaces__rosidl_typesupport_c.so" to ""
-- Up-to-date: /home/artem/Documents/3_course/robotics/task3/ex01/install/fullname_interfaces/include/fullname_interfaces/fullname_interfaces
-- Up-to-date: /home/artem/Documents/3_course/robotics/task3/ex01/install/fullname_interfaces/include/fullname_interfaces/fullname_interfaces/srv
-- Installing: /home/artem/Documents/3_course/robotics/task3/ex01/install/fullname_interfaces/include/fullname_interfaces/fullname_interfaces/srv/full_name_sum_service.hpp
-- Up-to-date: /home/artem/Documents/3_course/robotics/task3/ex01/install/fullname_interfaces/include/fullname_interfaces/fullname_interfaces/srv/detail
-- Installing: /home/artem/Documents/3_course/robotics/task3/ex01/install/fullname_interfaces/include/fullname_interfaces/fullname_interfaces/srv/detail/full_name_sum_service__type_support.hpp
-- Installing: /home/artem/Documents/3_course/robotics/task3/ex01/install/fullname_interfaces/include/fullname_interfaces/fullname_interfaces/srv/detail/full_name_sum_service__traits.hpp
-- Installing: /home/artem/Documents/3_course/robotics/task3/ex01/install/fullname_interfaces/include/fullname_interfaces/fullname_interfaces/srv/detail/full_name_sum_service__builder.hpp
-- Installing: /home/artem/Documents/3_course/robotics/task3/ex01/install/fullname_interfaces/include/fullname_interfaces/fullname_interfaces/srv/detail/full_name_sum_service__struct.hpp
-- Up-to-date: /home/artem/Documents/3_course/robotics/task3/ex01/install/fullname_interfaces/include/fullname_interfaces/fullname_interfaces/msg
-- Installing: /home/artem/Documents/3_course/robotics/task3/ex01/install/fullname_interfaces/include/fullname_interfaces/fullname_interfaces/msg/full_name_message.hpp
-- Installing: /home/artem/Documents/3_course/robotics/task3/ex01/install/fullname_interfaces/include/fullname_interfaces/fullname_interfaces/msg/rosidl_generator_cpp__visibility_control.hpp
-- Up-to-date: /home/artem/Documents/3_course/robotics/task3/ex01/install/fullname_interfaces/include/fullname_interfaces/fullname_interfaces/msg/detail
-- Installing: /home/artem/Documents/3_course/robotics/task3/ex01/install/fullname_interfaces/include/fullname_interfaces/fullname_interfaces/msg/detail/full_name_message__builder.hpp
-- Installing: /home/artem/Documents/3_course/robotics/task3/ex01/install/fullname_interfaces/include/fullname_interfaces/fullname_interfaces/msg/detail/full_name_message__struct.hpp
-- Installing: /home/artem/Documents/3_course/robotics/task3/ex01/install/fullname_interfaces/include/fullname_interfaces/fullname_interfaces/msg/detail/full_name_message__type_support.hpp
-- Installing: /home/artem/Documents/3_course/robotics/task3/ex01/install/fullname_interfaces/include/fullname_interfaces/fullname_interfaces/msg/detail/full_name_message__traits.hpp
-- Up-to-date: /home/artem/Documents/3_course/robotics/task3/ex01/install/fullname_interfaces/include/fullname_interfaces/fullname_interfaces
-- Up-to-date: /home/artem/Documents/3_course/robotics/task3/ex01/install/fullname_interfaces/include/fullname_interfaces/fullname_interfaces/srv
-- Up-to-date: /home/artem/Documents/3_course/robotics/task3/ex01/install/fullname_interfaces/include/fullname_interfaces/fullname_interfaces/srv/detail
-- Installing: /home/artem/Documents/3_course/robotics/task3/ex01/install/fullname_interfaces/include/fullname_interfaces/fullname_interfaces/srv/detail/full_name_sum_service__rosidl_typesupport_fastrtps_cpp.hpp
-- Installing: /home/artem/Documents/3_course/robotics/task3/ex01/install/fullname_interfaces/include/fullname_interfaces/fullname_interfaces/srv/detail/dds_fastrtps
-- Up-to-date: /home/artem/Documents/3_course/robotics/task3/ex01/install/fullname_interfaces/include/fullname_interfaces/fullname_interfaces/msg
-- Installing: /home/artem/Documents/3_course/robotics/task3/ex01/install/fullname_interfaces/include/fullname_interfaces/fullname_interfaces/msg/rosidl_typesupport_fastrtps_cpp__visibility_control.h
-- Up-to-date: /home/artem/Documents/3_course/robotics/task3/ex01/install/fullname_interfaces/include/fullname_interfaces/fullname_interfaces/msg/detail
-- Installing: /home/artem/Documents/3_course/robotics/task3/ex01/install/fullname_interfaces/include/fullname_interfaces/fullname_interfaces/msg/detail/dds_fastrtps
-- Installing: /home/artem/Documents/3_course/robotics/task3/ex01/install/fullname_interfaces/include/fullname_interfaces/fullname_interfaces/msg/detail/full_name_message__rosidl_typesupport_fastrtps_cpp.hpp
-- Installing: /home/artem/Documents/3_course/robotics/task3/ex01/install/fullname_interfaces/lib/libfullname_interfaces__rosidl_typesupport_fastrtps_cpp.so
-- Set non-toolchain portion of runtime path of "/home/artem/Documents/3_course/robotics/task3/ex01/install/fullname_interfaces/lib/libfullname_interfaces__rosidl_typesupport_fastrtps_cpp.so" to ""
-- Up-to-date: /home/artem/Documents/3_course/robotics/task3/ex01/install/fullname_interfaces/include/fullname_interfaces/fullname_interfaces
-- Up-to-date: /home/artem/Documents/3_course/robotics/task3/ex01/install/fullname_interfaces/include/fullname_interfaces/fullname_interfaces/srv
-- Up-to-date: /home/artem/Documents/3_course/robotics/task3/ex01/install/fullname_interfaces/include/fullname_interfaces/fullname_interfaces/srv/detail
-- Installing: /home/artem/Documents/3_course/robotics/task3/ex01/install/fullname_interfaces/include/fullname_interfaces/fullname_interfaces/srv/detail/full_name_sum_service__type_support.cpp
-- Installing: /home/artem/Documents/3_course/robotics/task3/ex01/install/fullname_interfaces/include/fullname_interfaces/fullname_interfaces/srv/detail/full_name_sum_service__rosidl_typesupport_introspection_cpp.hpp
-- Up-to-date: /home/artem/Documents/3_course/robotics/task3/ex01/install/fullname_interfaces/include/fullname_interfaces/fullname_interfaces/msg
-- Up-to-date: /home/artem/Documents/3_course/robotics/task3/ex01/install/fullname_interfaces/include/fullname_interfaces/fullname_interfaces/msg/detail
-- Installing: /home/artem/Documents/3_course/robotics/task3/ex01/install/fullname_interfaces/include/fullname_interfaces/fullname_interfaces/msg/detail/full_name_message__rosidl_typesupport_introspection_cpp.hpp
-- Installing: /home/artem/Documents/3_course/robotics/task3/ex01/install/fullname_interfaces/include/fullname_interfaces/fullname_interfaces/msg/detail/full_name_message__type_support.cpp
-- Installing: /home/artem/Documents/3_course/robotics/task3/ex01/install/fullname_interfaces/lib/libfullname_interfaces__rosidl_typesupport_introspection_cpp.so
-- Set non-toolchain portion of runtime path of "/home/artem/Documents/3_course/robotics/task3/ex01/install/fullname_interfaces/lib/libfullname_interfaces__rosidl_typesupport_introspection_cpp.so" to ""
-- Installing: /home/artem/Documents/3_course/robotics/task3/ex01/install/fullname_interfaces/lib/libfullname_interfaces__rosidl_typesupport_cpp.so
-- Set non-toolchain portion of runtime path of "/home/artem/Documents/3_course/robotics/task3/ex01/install/fullname_interfaces/lib/libfullname_interfaces__rosidl_typesupport_cpp.so" to ""
-- Installing: /home/artem/Documents/3_course/robotics/task3/ex01/install/fullname_interfaces/share/fullname_interfaces/environment/pythonpath.sh
-- Installing: /home/artem/Documents/3_course/robotics/task3/ex01/install/fullname_interfaces/share/fullname_interfaces/environment/pythonpath.dsv
-- Installing: /home/artem/Documents/3_course/robotics/task3/ex01/install/fullname_interfaces/lib/python3.12/site-packages/fullname_interfaces-0.0.0-py3.12.egg-info
-- Installing: /home/artem/Documents/3_course/robotics/task3/ex01/install/fullname_interfaces/lib/python3.12/site-packages/fullname_interfaces-0.0.0-py3.12.egg-info/PKG-INFO
-- Installing: /home/artem/Documents/3_course/robotics/task3/ex01/install/fullname_interfaces/lib/python3.12/site-packages/fullname_interfaces-0.0.0-py3.12.egg-info/top_level.txt
-- Installing: /home/artem/Documents/3_course/robotics/task3/ex01/install/fullname_interfaces/lib/python3.12/site-packages/fullname_interfaces-0.0.0-py3.12.egg-info/dependency_links.txt
-- Installing: /home/artem/Documents/3_course/robotics/task3/ex01/install/fullname_interfaces/lib/python3.12/site-packages/fullname_interfaces-0.0.0-py3.12.egg-info/SOURCES.txt
-- Installing: /home/artem/Documents/3_course/robotics/task3/ex01/install/fullname_interfaces/lib/python3.12/site-packages/fullname_interfaces
-- Installing: /home/artem/Documents/3_course/robotics/task3/ex01/install/fullname_interfaces/lib/python3.12/site-packages/fullname_interfaces/srv
-- Installing: /home/artem/Documents/3_course/robotics/task3/ex01/install/fullname_interfaces/lib/python3.12/site-packages/fullname_interfaces/srv/_full_name_sum_service.py
-- Installing: /home/artem/Documents/3_course/robotics/task3/ex01/install/fullname_interfaces/lib/python3.12/site-packages/fullname_interfaces/srv/__init__.py
-- Installing: /home/artem/Documents/3_course/robotics/task3/ex01/install/fullname_interfaces/lib/python3.12/site-packages/fullname_interfaces/srv/_full_name_sum_service_s.c
-- Installing: /home/artem/Documents/3_course/robotics/task3/ex01/install/fullname_interfaces/lib/python3.12/site-packages/fullname_interfaces/__init__.py
-- Installing: /home/artem/Documents/3_course/robotics/task3/ex01/install/fullname_interfaces/lib/python3.12/site-packages/fullname_interfaces/_fullname_interfaces_s.ep.rosidl_typesupport_introspection_c.c
-- Installing: /home/artem/Documents/3_course/robotics/task3/ex01/install/fullname_interfaces/lib/python3.12/site-packages/fullname_interfaces/fullname_interfaces_s__rosidl_typesupport_introspection_c.so
-- Installing: /home/artem/Documents/3_course/robotics/task3/ex01/install/fullname_interfaces/lib/python3.12/site-packages/fullname_interfaces/fullname_interfaces_s__rosidl_typesupport_fastrtps_c.so
-- Installing: /home/artem/Documents/3_course/robotics/task3/ex01/install/fullname_interfaces/lib/python3.12/site-packages/fullname_interfaces/msg
-- Installing: /home/artem/Documents/3_course/robotics/task3/ex01/install/fullname_interfaces/lib/python3.12/site-packages/fullname_interfaces/msg/__init__.py
-- Installing: /home/artem/Documents/3_course/robotics/task3/ex01/install/fullname_interfaces/lib/python3.12/site-packages/fullname_interfaces/msg/_full_name_message_s.c
-- Installing: /home/artem/Documents/3_course/robotics/task3/ex01/install/fullname_interfaces/lib/python3.12/site-packages/fullname_interfaces/msg/_full_name_message.py
-- Installing: /home/artem/Documents/3_course/robotics/task3/ex01/install/fullname_interfaces/lib/python3.12/site-packages/fullname_interfaces/_fullname_interfaces_s.ep.rosidl_typesupport_c.c
-- Installing: /home/artem/Documents/3_course/robotics/task3/ex01/install/fullname_interfaces/lib/python3.12/site-packages/fullname_interfaces/fullname_interfaces_s__rosidl_typesupport_c.so
-- Installing: /home/artem/Documents/3_course/robotics/task3/ex01/install/fullname_interfaces/lib/python3.12/site-packages/fullname_interfaces/_fullname_interfaces_s.ep.rosidl_typesupport_fastrtps_c.c
Listing '/home/artem/Documents/3_course/robotics/task3/ex01/install/fullname_interfaces/lib/python3.12/site-packages/fullname_interfaces'...
Compiling '/home/artem/Documents/3_course/robotics/task3/ex01/install/fullname_interfaces/lib/python3.12/site-packages/fullname_interfaces/__init__.py'...
Listing '/home/artem/Documents/3_course/robotics/task3/ex01/install/fullname_interfaces/lib/python3.12/site-packages/fullname_interfaces/msg'...
Compiling '/home/artem/Documents/3_course/robotics/task3/ex01/install/fullname_interfaces/lib/python3.12/site-packages/fullname_interfaces/msg/__init__.py'...
Compiling '/home/artem/Documents/3_course/robotics/task3/ex01/install/fullname_interfaces/lib/python3.12/site-packages/fullname_interfaces/msg/_full_name_message.py'...
Listing '/home/artem/Documents/3_course/robotics/task3/ex01/install/fullname_interfaces/lib/python3.12/site-packages/fullname_interfaces/srv'...
Compiling '/home/artem/Documents/3_course/robotics/task3/ex01/install/fullname_interfaces/lib/python3.12/site-packages/fullname_interfaces/srv/__init__.py'...
Compiling '/home/artem/Documents/3_course/robotics/task3/ex01/install/fullname_interfaces/lib/python3.12/site-packages/fullname_interfaces/srv/_full_name_sum_service.py'...
-- Installing: /home/artem/Documents/3_course/robotics/task3/ex01/install/fullname_interfaces/lib/python3.12/site-packages/fullname_interfaces/fullname_interfaces_s__rosidl_typesupport_fastrtps_c.so
-- Set non-toolchain portion of runtime path of "/home/artem/Documents/3_course/robotics/task3/ex01/install/fullname_interfaces/lib/python3.12/site-packages/fullname_interfaces/fullname_interfaces_s__rosidl_typesupport_fastrtps_c.so" to ""
-- Installing: /home/artem/Documents/3_course/robotics/task3/ex01/install/fullname_interfaces/lib/python3.12/site-packages/fullname_interfaces/fullname_interfaces_s__rosidl_typesupport_introspection_c.so
-- Set non-toolchain portion of runtime path of "/home/artem/Documents/3_course/robotics/task3/ex01/install/fullname_interfaces/lib/python3.12/site-packages/fullname_interfaces/fullname_interfaces_s__rosidl_typesupport_introspection_c.so" to ""
-- Installing: /home/artem/Documents/3_course/robotics/task3/ex01/install/fullname_interfaces/lib/python3.12/site-packages/fullname_interfaces/fullname_interfaces_s__rosidl_typesupport_c.so
-- Set non-toolchain portion of runtime path of "/home/artem/Documents/3_course/robotics/task3/ex01/install/fullname_interfaces/lib/python3.12/site-packages/fullname_interfaces/fullname_interfaces_s__rosidl_typesupport_c.so" to ""
-- Installing: /home/artem/Documents/3_course/robotics/task3/ex01/install/fullname_interfaces/lib/libfullname_interfaces__rosidl_generator_py.so
-- Set non-toolchain portion of runtime path of "/home/artem/Documents/3_course/robotics/task3/ex01/install/fullname_interfaces/lib/libfullname_interfaces__rosidl_generator_py.so" to ""
-- Installing: /home/artem/Documents/3_course/robotics/task3/ex01/install/fullname_interfaces/share/fullname_interfaces/msg/FullNameMessage.idl
-- Installing: /home/artem/Documents/3_course/robotics/task3/ex01/install/fullname_interfaces/share/fullname_interfaces/srv/FullNameSumService.idl
-- Installing: /home/artem/Documents/3_course/robotics/task3/ex01/install/fullname_interfaces/share/fullname_interfaces/msg/FullNameMessage.msg
-- Installing: /home/artem/Documents/3_course/robotics/task3/ex01/install/fullname_interfaces/share/fullname_interfaces/srv/FullNameSumService.srv
-- Installing: /home/artem/Documents/3_course/robotics/task3/ex01/install/fullname_interfaces/share/ament_index/resource_index/package_run_dependencies/fullname_interfaces
-- Installing: /home/artem/Documents/3_course/robotics/task3/ex01/install/fullname_interfaces/share/ament_index/resource_index/parent_prefix_path/fullname_interfaces
-- Installing: /home/artem/Documents/3_course/robotics/task3/ex01/install/fullname_interfaces/share/fullname_interfaces/environment/ament_prefix_path.sh
-- Installing: /home/artem/Documents/3_course/robotics/task3/ex01/install/fullname_interfaces/share/fullname_interfaces/environment/ament_prefix_path.dsv
-- Installing: /home/artem/Documents/3_course/robotics/task3/ex01/install/fullname_interfaces/share/fullname_interfaces/environment/path.sh
-- Installing: /home/artem/Documents/3_course/robotics/task3/ex01/install/fullname_interfaces/share/fullname_interfaces/environment/path.dsv
-- Installing: /home/artem/Documents/3_course/robotics/task3/ex01/install/fullname_interfaces/share/fullname_interfaces/local_setup.bash
-- Installing: /home/artem/Documents/3_course/robotics/task3/ex01/install/fullname_interfaces/share/fullname_interfaces/local_setup.sh
-- Installing: /home/artem/Documents/3_course/robotics/task3/ex01/install/fullname_interfaces/share/fullname_interfaces/local_setup.zsh
-- Installing: /home/artem/Documents/3_course/robotics/task3/ex01/install/fullname_interfaces/share/fullname_interfaces/local_setup.dsv
-- Installing: /home/artem/Documents/3_course/robotics/task3/ex01/install/fullname_interfaces/share/fullname_interfaces/package.dsv
-- Installing: /home/artem/Documents/3_course/robotics/task3/ex01/install/fullname_interfaces/share/ament_index/resource_index/packages/fullname_interfaces
-- Installing: /home/artem/Documents/3_course/robotics/task3/ex01/install/fullname_interfaces/share/fullname_interfaces/cmake/export_fullname_interfaces__rosidl_generator_cExport.cmake
-- Installing: /home/artem/Documents/3_course/robotics/task3/ex01/install/fullname_interfaces/share/fullname_interfaces/cmake/export_fullname_interfaces__rosidl_generator_cExport-noconfig.cmake
-- Installing: /home/artem/Documents/3_course/robotics/task3/ex01/install/fullname_interfaces/share/fullname_interfaces/cmake/export_fullname_interfaces__rosidl_typesupport_fastrtps_cExport.cmake
-- Installing: /home/artem/Documents/3_course/robotics/task3/ex01/install/fullname_interfaces/share/fullname_interfaces/cmake/export_fullname_interfaces__rosidl_typesupport_fastrtps_cExport-noconfig.cmake
-- Installing: /home/artem/Documents/3_course/robotics/task3/ex01/install/fullname_interfaces/share/fullname_interfaces/cmake/fullname_interfaces__rosidl_typesupport_introspection_cExport.cmake
-- Installing: /home/artem/Documents/3_course/robotics/task3/ex01/install/fullname_interfaces/share/fullname_interfaces/cmake/fullname_interfaces__rosidl_typesupport_introspection_cExport-noconfig.cmake
-- Installing: /home/artem/Documents/3_course/robotics/task3/ex01/install/fullname_interfaces/share/fullname_interfaces/cmake/fullname_interfaces__rosidl_typesupport_cExport.cmake
-- Installing: /home/artem/Documents/3_course/robotics/task3/ex01/install/fullname_interfaces/share/fullname_interfaces/cmake/fullname_interfaces__rosidl_typesupport_cExport-noconfig.cmake
-- Installing: /home/artem/Documents/3_course/robotics/task3/ex01/install/fullname_interfaces/share/fullname_interfaces/cmake/export_fullname_interfaces__rosidl_generator_cppExport.cmake
-- Installing: /home/artem/Documents/3_course/robotics/task3/ex01/install/fullname_interfaces/share/fullname_interfaces/cmake/export_fullname_interfaces__rosidl_typesupport_fastrtps_cppExport.cmake
-- Installing: /home/artem/Documents/3_course/robotics/task3/ex01/install/fullname_interfaces/share/fullname_interfaces/cmake/export_fullname_interfaces__rosidl_typesupport_fastrtps_cppExport-noconfig.cmake
-- Installing: /home/artem/Documents/3_course/robotics/task3/ex01/install/fullname_interfaces/share/fullname_interfaces/cmake/fullname_interfaces__rosidl_typesupport_introspection_cppExport.cmake
-- Installing: /home/artem/Documents/3_course/robotics/task3/ex01/install/fullname_interfaces/share/fullname_interfaces/cmake/fullname_interfaces__rosidl_typesupport_introspection_cppExport-noconfig.cmake
-- Installing: /home/artem/Documents/3_course/robotics/task3/ex01/install/fullname_interfaces/share/fullname_interfaces/cmake/fullname_interfaces__rosidl_typesupport_cppExport.cmake
-- Installing: /home/artem/Documents/3_course/robotics/task3/ex01/install/fullname_interfaces/share/fullname_interfaces/cmake/fullname_interfaces__rosidl_typesupport_cppExport-noconfig.cmake
-- Installing: /home/artem/Documents/3_course/robotics/task3/ex01/install/fullname_interfaces/share/fullname_interfaces/cmake/export_fullname_interfaces__rosidl_generator_pyExport.cmake
-- Installing: /home/artem/Documents/3_course/robotics/task3/ex01/install/fullname_interfaces/share/fullname_interfaces/cmake/export_fullname_interfaces__rosidl_generator_pyExport-noconfig.cmake
-- Installing: /home/artem/Documents/3_course/robotics/task3/ex01/install/fullname_interfaces/share/fullname_interfaces/cmake/rosidl_cmake-extras.cmake
-- Installing: /home/artem/Documents/3_course/robotics/task3/ex01/install/fullname_interfaces/share/fullname_interfaces/cmake/ament_cmake_export_dependencies-extras.cmake
-- Installing: /home/artem/Documents/3_course/robotics/task3/ex01/install/fullname_interfaces/share/fullname_interfaces/cmake/ament_cmake_export_include_directories-extras.cmake
-- Installing: /home/artem/Documents/3_course/robotics/task3/ex01/install/fullname_interfaces/share/fullname_interfaces/cmake/ament_cmake_export_libraries-extras.cmake
-- Installing: /home/artem/Documents/3_course/robotics/task3/ex01/install/fullname_interfaces/share/fullname_interfaces/cmake/ament_cmake_export_targets-extras.cmake
-- Installing: /home/artem/Documents/3_course/robotics/task3/ex01/install/fullname_interfaces/share/fullname_interfaces/cmake/rosidl_cmake_export_typesupport_targets-extras.cmake
-- Installing: /home/artem/Documents/3_course/robotics/task3/ex01/install/fullname_interfaces/share/fullname_interfaces/cmake/rosidl_cmake_export_typesupport_libraries-extras.cmake
-- Installing: /home/artem/Documents/3_course/robotics/task3/ex01/install/fullname_interfaces/share/fullname_interfaces/cmake/fullname_interfacesConfig.cmake
-- Installing: /home/artem/Documents/3_course/robotics/task3/ex01/install/fullname_interfaces/share/fullname_interfaces/cmake/fullname_interfacesConfig-version.cmake
-- Installing: /home/artem/Documents/3_course/robotics/task3/ex01/install/fullname_interfaces/share/fullname_interfaces/package.xml
