[0.008s] Invoking command in '/home/artem/Documents/3_course/robotics/task3/ex01/build/fullname_interfaces': CMAKE_PREFIX_PATH=${CMAKE_PREFIX_PATH}:/opt/ros/jazzy DEBUGINFOD_URLS=https://debuginfod.ubuntu.com /usr/bin/cmake /home/artem/Documents/3_course/robotics/task3/ex01/fullname_interfaces -DCMAKE_INSTALL_PREFIX=/home/artem/Documents/3_course/robotics/task3/ex01/install/fullname_interfaces
[0.124s] -- The C compiler identification is GNU 13.3.0
[0.219s] -- The CXX compiler identification is GNU 13.3.0
[0.238s] -- Detecting C compiler ABI info
[0.308s] -- Detecting C compiler ABI info - done
[0.313s] -- Check for working C compiler: /usr/bin/cc - skipped
[0.314s] -- Detecting C compile features
[0.315s] -- Detecting C compile features - done
[0.324s] -- Detecting CXX compiler ABI info
[0.397s] -- Detecting CXX compiler ABI info - done
[0.404s] -- Check for working CXX compiler: /usr/bin/c++ - skipped
[0.404s] -- Detecting CXX compile features
[0.404s] -- Detecting CXX compile features - done
[0.410s] -- Found ament_cmake: 2.5.4 (/opt/ros/jazzy/share/ament_cmake/cmake)
[0.523s] -- Found Python3: /usr/bin/python3 (found version "3.12.3") found components: Interpreter 
[0.614s] -- Found ament_lint_auto: 0.17.3 (/opt/ros/jazzy/share/ament_lint_auto/cmake)
[0.689s] -- Found rosidl_default_generators: 1.6.0 (/opt/ros/jazzy/share/rosidl_default_generators/cmake)
[0.696s] -- Using all available rosidl_typesupport_c: rosidl_typesupport_fastrtps_c;rosidl_typesupport_introspection_c
[0.742s] -- Using all available rosidl_typesupport_cpp: rosidl_typesupport_fastrtps_cpp;rosidl_typesupport_introspection_cpp
[0.777s] -- Found rosidl_adapter: 4.6.6 (/opt/ros/jazzy/share/rosidl_adapter/cmake)
[1.178s] -- Found ament_cmake_ros: 0.12.0 (/opt/ros/jazzy/share/ament_cmake_ros/cmake)
[1.494s] -- Using all available rosidl_typesupport_c: rosidl_typesupport_fastrtps_c;rosidl_typesupport_introspection_c
[1.919s] -- Using all available rosidl_typesupport_cpp: rosidl_typesupport_fastrtps_cpp;rosidl_typesupport_introspection_cpp
[1.923s] -- Found python_cmake_module: 0.11.1 (/opt/ros/jazzy/share/python_cmake_module/cmake)
[2.020s] -- Found PythonExtra: /usr/bin/python3  
[2.391s] -- Found Python3: /usr/bin/python3 (found version "3.12.3") found components: Interpreter Development NumPy Development.Module Development.Embed 
[2.423s] -- Added test 'lint_cmake' to check CMake code style
[2.424s] -- Added test 'xmllint' to check XML markup files
[2.429s] -- Configuring done (2.4s)
[2.454s] -- Generating done (0.0s)
[2.461s] -- Build files have been written to: /home/artem/Documents/3_course/robotics/task3/ex01/build/fullname_interfaces
[2.468s] Invoked command in '/home/artem/Documents/3_course/robotics/task3/ex01/build/fullname_interfaces' returned '0': CMAKE_PREFIX_PATH=${CMAKE_PREFIX_PATH}:/opt/ros/jazzy DEBUGINFOD_URLS=https://debuginfod.ubuntu.com /usr/bin/cmake /home/artem/Documents/3_course/robotics/task3/ex01/fullname_interfaces -DCMAKE_INSTALL_PREFIX=/home/artem/Documents/3_course/robotics/task3/ex01/install/fullname_interfaces
[2.469s] Invoking command in '/home/artem/Documents/3_course/robotics/task3/ex01/build/fullname_interfaces': CMAKE_PREFIX_PATH=${CMAKE_PREFIX_PATH}:/opt/ros/jazzy DEBUGINFOD_URLS=https://debuginfod.ubuntu.com /usr/bin/cmake --build /home/artem/Documents/3_course/robotics/task3/ex01/build/fullname_interfaces -- -j12 -l12
[2.509s] [  2%] [34m[1mGenerating type hashes for ROS interfaces[0m
[2.516s] [  2%] Built target ament_cmake_python_copy_fullname_interfaces
[2.652s] running egg_info
[2.653s] creating fullname_interfaces.egg-info
[2.655s] [  2%] Built target fullname_interfaces__rosidl_generator_type_description
[2.663s] [  4%] [34m[1mGenerating C code for ROS interfaces[0m
[2.664s] writing fullname_interfaces.egg-info/PKG-INFO
[2.664s] writing dependency_links to fullname_interfaces.egg-info/dependency_links.txt
[2.664s] writing top-level names to fullname_interfaces.egg-info/top_level.txt
[2.664s] writing manifest file 'fullname_interfaces.egg-info/SOURCES.txt'
[2.669s] [  6%] [34m[1mGenerating C++ code for ROS interfaces[0m
[2.697s] reading manifest file 'fullname_interfaces.egg-info/SOURCES.txt'
[2.697s] writing manifest file 'fullname_interfaces.egg-info/SOURCES.txt'
[2.720s] [  6%] Built target ament_cmake_python_build_fullname_interfaces_egg
[2.861s] [  6%] Built target fullname_interfaces__cpp
[2.886s] [  9%] [32mBuilding C object CMakeFiles/fullname_interfaces__rosidl_generator_c.dir/rosidl_generator_c/fullname_interfaces/msg/detail/full_name_message__description.c.o[0m
[2.886s] [ 11%] [32mBuilding C object CMakeFiles/fullname_interfaces__rosidl_generator_c.dir/rosidl_generator_c/fullname_interfaces/srv/detail/full_name_sum_service__description.c.o[0m
[2.886s] [ 13%] [32mBuilding C object CMakeFiles/fullname_interfaces__rosidl_generator_c.dir/rosidl_generator_c/fullname_interfaces/srv/detail/full_name_sum_service__type_support.c.o[0m
[2.887s] [ 15%] [32mBuilding C object CMakeFiles/fullname_interfaces__rosidl_generator_c.dir/rosidl_generator_c/fullname_interfaces/msg/detail/full_name_message__type_support.c.o[0m
[2.888s] [ 18%] [32mBuilding C object CMakeFiles/fullname_interfaces__rosidl_generator_c.dir/rosidl_generator_c/fullname_interfaces/msg/detail/full_name_message__functions.c.o[0m
[2.889s] [ 20%] [32mBuilding C object CMakeFiles/fullname_interfaces__rosidl_generator_c.dir/rosidl_generator_c/fullname_interfaces/srv/detail/full_name_sum_service__functions.c.o[0m
[2.951s] [ 22%] [32m[1mLinking C shared library libfullname_interfaces__rosidl_generator_c.so[0m
[2.980s] [ 22%] Built target fullname_interfaces__rosidl_generator_c
[2.986s] [ 25%] [34m[1mGenerating C++ type support dispatch for ROS interfaces[0m
[2.986s] [ 29%] [34m[1mGenerating C type support dispatch for ROS interfaces[0m
[2.986s] [ 29%] [34m[1mGenerating C type support for eProsima Fast-RTPS[0m
[2.986s] [ 31%] [34m[1mGenerating C++ type support for eProsima Fast-RTPS[0m
[2.988s] [ 36%] [34m[1mGenerating C++ introspection for ROS interfaces[0m
[2.988s] [ 36%] [34m[1mGenerating C introspection for ROS interfaces[0m
[3.152s] [ 40%] [32mBuilding CXX object CMakeFiles/fullname_interfaces__rosidl_typesupport_c.dir/rosidl_typesupport_c/fullname_interfaces/msg/full_name_message__type_support.cpp.o[0m
[3.152s] [ 40%] [32mBuilding CXX object CMakeFiles/fullname_interfaces__rosidl_typesupport_c.dir/rosidl_typesupport_c/fullname_interfaces/srv/full_name_sum_service__type_support.cpp.o[0m
[3.157s] [ 43%] [32mBuilding CXX object CMakeFiles/fullname_interfaces__rosidl_typesupport_cpp.dir/rosidl_typesupport_cpp/fullname_interfaces/srv/full_name_sum_service__type_support.cpp.o[0m
[3.158s] [ 45%] [32mBuilding CXX object CMakeFiles/fullname_interfaces__rosidl_typesupport_cpp.dir/rosidl_typesupport_cpp/fullname_interfaces/msg/full_name_message__type_support.cpp.o[0m
[3.194s] [ 47%] [32m[1mLinking CXX shared library libfullname_interfaces__rosidl_typesupport_c.so[0m
[3.200s] [ 50%] [32mBuilding CXX object CMakeFiles/fullname_interfaces__rosidl_typesupport_introspection_cpp.dir/rosidl_typesupport_introspection_cpp/fullname_interfaces/msg/detail/full_name_message__type_support.cpp.o[0m
[3.201s] [ 52%] [32mBuilding CXX object CMakeFiles/fullname_interfaces__rosidl_typesupport_introspection_cpp.dir/rosidl_typesupport_introspection_cpp/fullname_interfaces/srv/detail/full_name_sum_service__type_support.cpp.o[0m
[3.219s] [ 54%] [32mBuilding CXX object CMakeFiles/fullname_interfaces__rosidl_typesupport_fastrtps_c.dir/rosidl_typesupport_fastrtps_c/fullname_interfaces/srv/detail/full_name_sum_service__type_support_c.cpp.o[0m
[3.219s] [ 56%] [32mBuilding CXX object CMakeFiles/fullname_interfaces__rosidl_typesupport_fastrtps_c.dir/rosidl_typesupport_fastrtps_c/fullname_interfaces/msg/detail/full_name_message__type_support_c.cpp.o[0m
[3.231s] [ 56%] Built target fullname_interfaces__rosidl_typesupport_c
[3.232s] [ 59%] [32mBuilding C object CMakeFiles/fullname_interfaces__rosidl_typesupport_introspection_c.dir/rosidl_typesupport_introspection_c/fullname_interfaces/srv/detail/full_name_sum_service__type_support.c.o[0m
[3.232s] [ 61%] [32mBuilding C object CMakeFiles/fullname_interfaces__rosidl_typesupport_introspection_c.dir/rosidl_typesupport_introspection_c/fullname_interfaces/msg/detail/full_name_message__type_support.c.o[0m
[3.270s] [ 63%] [32m[1mLinking C shared library libfullname_interfaces__rosidl_typesupport_introspection_c.so[0m
[3.294s] [ 63%] Built target fullname_interfaces__rosidl_typesupport_introspection_c
[3.338s] [ 65%] [32mBuilding CXX object CMakeFiles/fullname_interfaces__rosidl_typesupport_fastrtps_cpp.dir/rosidl_typesupport_fastrtps_cpp/fullname_interfaces/srv/detail/dds_fastrtps/full_name_sum_service__type_support.cpp.o[0m
[3.339s] [ 68%] [32mBuilding CXX object CMakeFiles/fullname_interfaces__rosidl_typesupport_fastrtps_cpp.dir/rosidl_typesupport_fastrtps_cpp/fullname_interfaces/msg/detail/dds_fastrtps/full_name_message__type_support.cpp.o[0m
[3.544s] [ 70%] [32m[1mLinking CXX shared library libfullname_interfaces__rosidl_typesupport_cpp.so[0m
[3.604s] [ 70%] Built target fullname_interfaces__rosidl_typesupport_cpp
[3.670s] [ 72%] [32m[1mLinking CXX shared library libfullname_interfaces__rosidl_typesupport_introspection_cpp.so[0m
[3.706s] [ 75%] [32m[1mLinking CXX shared library libfullname_interfaces__rosidl_typesupport_fastrtps_c.so[0m
[3.728s] [ 75%] Built target fullname_interfaces__rosidl_typesupport_introspection_cpp
[3.765s] [ 75%] Built target fullname_interfaces__rosidl_typesupport_fastrtps_c
[3.794s] [ 77%] [32m[1mLinking CXX shared library libfullname_interfaces__rosidl_typesupport_fastrtps_cpp.so[0m
[3.844s] [ 77%] Built target fullname_interfaces__rosidl_typesupport_fastrtps_cpp
[3.857s] [ 77%] Built target fullname_interfaces
[3.872s] [ 79%] [34m[1mGenerating Python code for ROS interfaces[0m
[4.106s] [ 79%] Built target fullname_interfaces__py
[4.124s] [ 84%] [32mBuilding C object CMakeFiles/fullname_interfaces__rosidl_generator_py.dir/rosidl_generator_py/fullname_interfaces/srv/_full_name_sum_service_s.c.o[0m
[4.124s] [ 84%] [32mBuilding C object CMakeFiles/fullname_interfaces__rosidl_generator_py.dir/rosidl_generator_py/fullname_interfaces/msg/_full_name_message_s.c.o[0m
[4.236s] [ 86%] [32m[1mLinking C shared library libfullname_interfaces__rosidl_generator_py.so[0m
[4.268s] [ 86%] Built target fullname_interfaces__rosidl_generator_py
[4.281s] [ 88%] [32mBuilding C object CMakeFiles/fullname_interfaces_s__rosidl_typesupport_fastrtps_c.dir/rosidl_generator_py/fullname_interfaces/_fullname_interfaces_s.ep.rosidl_typesupport_fastrtps_c.c.o[0m
[4.282s] [ 90%] [32mBuilding C object CMakeFiles/fullname_interfaces_s__rosidl_typesupport_introspection_c.dir/rosidl_generator_py/fullname_interfaces/_fullname_interfaces_s.ep.rosidl_typesupport_introspection_c.c.o[0m
[4.283s] [ 93%] [32mBuilding C object CMakeFiles/fullname_interfaces_s__rosidl_typesupport_c.dir/rosidl_generator_py/fullname_interfaces/_fullname_interfaces_s.ep.rosidl_typesupport_c.c.o[0m
[4.351s] [ 95%] [32m[1mLinking C shared module rosidl_generator_py/fullname_interfaces/fullname_interfaces_s__rosidl_typesupport_introspection_c.so[0m
[4.352s] [ 97%] [32m[1mLinking C shared module rosidl_generator_py/fullname_interfaces/fullname_interfaces_s__rosidl_typesupport_c.so[0m
[4.358s] [100%] [32m[1mLinking C shared module rosidl_generator_py/fullname_interfaces/fullname_interfaces_s__rosidl_typesupport_fastrtps_c.so[0m
[4.373s] [100%] Built target fullname_interfaces_s__rosidl_typesupport_introspection_c
[4.378s] [100%] Built target fullname_interfaces_s__rosidl_typesupport_c
[4.379s] [100%] Built target fullname_interfaces_s__rosidl_typesupport_fastrtps_c
[4.386s] Invoked command in '/home/artem/Documents/3_course/robotics/task3/ex01/build/fullname_interfaces' returned '0': CMAKE_PREFIX_PATH=${CMAKE_PREFIX_PATH}:/opt/ros/jazzy DEBUGINFOD_URLS=https://debuginfod.ubuntu.com /usr/bin/cmake --build /home/artem/Documents/3_course/robotics/task3/ex01/build/fullname_interfaces -- -j12 -l12
[4.394s] Invoking command in '/home/artem/Documents/3_course/robotics/task3/ex01/build/fullname_interfaces': CMAKE_PREFIX_PATH=${CMAKE_PREFIX_PATH}:/opt/ros/jazzy DEBUGINFOD_URLS=https://debuginfod.ubuntu.com /usr/bin/cmake --install /home/artem/Documents/3_course/robotics/task3/ex01/build/fullname_interfaces
[4.401s] -- Install configuration: ""
[4.401s] -- Installing: /home/artem/Documents/3_course/robotics/task3/ex01/install/fullname_interfaces/share/ament_index/resource_index/rosidl_interfaces/fullname_interfaces
[4.401s] -- Installing: /home/artem/Documents/3_course/robotics/task3/ex01/install/fullname_interfaces/share/fullname_interfaces/msg/FullNameMessage.json
[4.401s] -- Installing: /home/artem/Documents/3_course/robotics/task3/ex01/install/fullname_interfaces/share/fullname_interfaces/srv/FullNameSumService.json
[4.401s] -- Installing: /home/artem/Documents/3_course/robotics/task3/ex01/install/fullname_interfaces/include/fullname_interfaces/fullname_interfaces
[4.401s] -- Installing: /home/artem/Documents/3_course/robotics/task3/ex01/install/fullname_interfaces/include/fullname_interfaces/fullname_interfaces/srv
[4.402s] -- Installing: /home/artem/Documents/3_course/robotics/task3/ex01/install/fullname_interfaces/include/fullname_interfaces/fullname_interfaces/srv/full_name_sum_service.h
[4.402s] -- Installing: /home/artem/Documents/3_course/robotics/task3/ex01/install/fullname_interfaces/include/fullname_interfaces/fullname_interfaces/srv/detail
[4.402s] -- Installing: /home/artem/Documents/3_course/robotics/task3/ex01/install/fullname_interfaces/include/fullname_interfaces/fullname_interfaces/srv/detail/full_name_sum_service__functions.h
[4.402s] -- Installing: /home/artem/Documents/3_course/robotics/task3/ex01/install/fullname_interfaces/include/fullname_interfaces/fullname_interfaces/srv/detail/full_name_sum_service__type_support.c
[4.402s] -- Installing: /home/artem/Documents/3_course/robotics/task3/ex01/install/fullname_interfaces/include/fullname_interfaces/fullname_interfaces/srv/detail/full_name_sum_service__struct.h
[4.402s] -- Installing: /home/artem/Documents/3_course/robotics/task3/ex01/install/fullname_interfaces/include/fullname_interfaces/fullname_interfaces/srv/detail/full_name_sum_service__type_support.h
[4.402s] -- Installing: /home/artem/Documents/3_course/robotics/task3/ex01/install/fullname_interfaces/include/fullname_interfaces/fullname_interfaces/srv/detail/full_name_sum_service__functions.c
[4.402s] -- Installing: /home/artem/Documents/3_course/robotics/task3/ex01/install/fullname_interfaces/include/fullname_interfaces/fullname_interfaces/srv/detail/full_name_sum_service__description.c
[4.402s] -- Installing: /home/artem/Documents/3_course/robotics/task3/ex01/install/fullname_interfaces/include/fullname_interfaces/fullname_interfaces/msg
[4.402s] -- Installing: /home/artem/Documents/3_course/robotics/task3/ex01/install/fullname_interfaces/include/fullname_interfaces/fullname_interfaces/msg/rosidl_generator_c__visibility_control.h
[4.402s] -- Installing: /home/artem/Documents/3_course/robotics/task3/ex01/install/fullname_interfaces/include/fullname_interfaces/fullname_interfaces/msg/full_name_message.h
[4.402s] -- Installing: /home/artem/Documents/3_course/robotics/task3/ex01/install/fullname_interfaces/include/fullname_interfaces/fullname_interfaces/msg/detail
[4.402s] -- Installing: /home/artem/Documents/3_course/robotics/task3/ex01/install/fullname_interfaces/include/fullname_interfaces/fullname_interfaces/msg/detail/full_name_message__type_support.h
[4.402s] -- Installing: /home/artem/Documents/3_course/robotics/task3/ex01/install/fullname_interfaces/include/fullname_interfaces/fullname_interfaces/msg/detail/full_name_message__functions.h
[4.403s] -- Installing: /home/artem/Documents/3_course/robotics/task3/ex01/install/fullname_interfaces/include/fullname_interfaces/fullname_interfaces/msg/detail/full_name_message__functions.c
[4.403s] -- Installing: /home/artem/Documents/3_course/robotics/task3/ex01/install/fullname_interfaces/include/fullname_interfaces/fullname_interfaces/msg/detail/full_name_message__struct.h
[4.403s] -- Installing: /home/artem/Documents/3_course/robotics/task3/ex01/install/fullname_interfaces/include/fullname_interfaces/fullname_interfaces/msg/detail/full_name_message__description.c
[4.403s] -- Installing: /home/artem/Documents/3_course/robotics/task3/ex01/install/fullname_interfaces/include/fullname_interfaces/fullname_interfaces/msg/detail/full_name_message__type_support.c
[4.403s] -- Installing: /home/artem/Documents/3_course/robotics/task3/ex01/install/fullname_interfaces/share/fullname_interfaces/environment/library_path.sh
[4.403s] -- Installing: /home/artem/Documents/3_course/robotics/task3/ex01/install/fullname_interfaces/share/fullname_interfaces/environment/library_path.dsv
[4.403s] -- Installing: /home/artem/Documents/3_course/robotics/task3/ex01/install/fullname_interfaces/lib/libfullname_interfaces__rosidl_generator_c.so
[4.403s] -- Set non-toolchain portion of runtime path of "/home/artem/Documents/3_course/robotics/task3/ex01/install/fullname_interfaces/lib/libfullname_interfaces__rosidl_generator_c.so" to ""
[4.403s] -- Up-to-date: /home/artem/Documents/3_course/robotics/task3/ex01/install/fullname_interfaces/include/fullname_interfaces/fullname_interfaces
[4.403s] -- Up-to-date: /home/artem/Documents/3_course/robotics/task3/ex01/install/fullname_interfaces/include/fullname_interfaces/fullname_interfaces/srv
[4.403s] -- Up-to-date: /home/artem/Documents/3_course/robotics/task3/ex01/install/fullname_interfaces/include/fullname_interfaces/fullname_interfaces/srv/detail
[4.403s] -- Installing: /home/artem/Documents/3_course/robotics/task3/ex01/install/fullname_interfaces/include/fullname_interfaces/fullname_interfaces/srv/detail/full_name_sum_service__rosidl_typesupport_fastrtps_c.h
[4.403s] -- Up-to-date: /home/artem/Documents/3_course/robotics/task3/ex01/install/fullname_interfaces/include/fullname_interfaces/fullname_interfaces/msg
[4.403s] -- Installing: /home/artem/Documents/3_course/robotics/task3/ex01/install/fullname_interfaces/include/fullname_interfaces/fullname_interfaces/msg/rosidl_typesupport_fastrtps_c__visibility_control.h
[4.403s] -- Up-to-date: /home/artem/Documents/3_course/robotics/task3/ex01/install/fullname_interfaces/include/fullname_interfaces/fullname_interfaces/msg/detail
[4.404s] -- Installing: /home/artem/Documents/3_course/robotics/task3/ex01/install/fullname_interfaces/include/fullname_interfaces/fullname_interfaces/msg/detail/full_name_message__rosidl_typesupport_fastrtps_c.h
[4.404s] -- Installing: /home/artem/Documents/3_course/robotics/task3/ex01/install/fullname_interfaces/lib/libfullname_interfaces__rosidl_typesupport_fastrtps_c.so
[4.404s] -- Set non-toolchain portion of runtime path of "/home/artem/Documents/3_course/robotics/task3/ex01/install/fullname_interfaces/lib/libfullname_interfaces__rosidl_typesupport_fastrtps_c.so" to ""
[4.404s] -- Up-to-date: /home/artem/Documents/3_course/robotics/task3/ex01/install/fullname_interfaces/include/fullname_interfaces/fullname_interfaces
[4.404s] -- Up-to-date: /home/artem/Documents/3_course/robotics/task3/ex01/install/fullname_interfaces/include/fullname_interfaces/fullname_interfaces/srv
[4.404s] -- Up-to-date: /home/artem/Documents/3_course/robotics/task3/ex01/install/fullname_interfaces/include/fullname_interfaces/fullname_interfaces/srv/detail
[4.404s] -- Installing: /home/artem/Documents/3_course/robotics/task3/ex01/install/fullname_interfaces/include/fullname_interfaces/fullname_interfaces/srv/detail/full_name_sum_service__type_support.c
[4.404s] -- Installing: /home/artem/Documents/3_course/robotics/task3/ex01/install/fullname_interfaces/include/fullname_interfaces/fullname_interfaces/srv/detail/full_name_sum_service__rosidl_typesupport_introspection_c.h
[4.404s] -- Up-to-date: /home/artem/Documents/3_course/robotics/task3/ex01/install/fullname_interfaces/include/fullname_interfaces/fullname_interfaces/msg
[4.404s] -- Installing: /home/artem/Documents/3_course/robotics/task3/ex01/install/fullname_interfaces/include/fullname_interfaces/fullname_interfaces/msg/rosidl_typesupport_introspection_c__visibility_control.h
[4.404s] -- Up-to-date: /home/artem/Documents/3_course/robotics/task3/ex01/install/fullname_interfaces/include/fullname_interfaces/fullname_interfaces/msg/detail
[4.404s] -- Installing: /home/artem/Documents/3_course/robotics/task3/ex01/install/fullname_interfaces/include/fullname_interfaces/fullname_interfaces/msg/detail/full_name_message__rosidl_typesupport_introspection_c.h
[4.404s] -- Installing: /home/artem/Documents/3_course/robotics/task3/ex01/install/fullname_interfaces/include/fullname_interfaces/fullname_interfaces/msg/detail/full_name_message__type_support.c
[4.404s] -- Installing: /home/artem/Documents/3_course/robotics/task3/ex01/install/fullname_interfaces/lib/libfullname_interfaces__rosidl_typesupport_introspection_c.so
[4.405s] -- Set non-toolchain portion of runtime path of "/home/artem/Documents/3_course/robotics/task3/ex01/install/fullname_interfaces/lib/libfullname_interfaces__rosidl_typesupport_introspection_c.so" to ""
[4.405s] -- Installing: /home/artem/Documents/3_course/robotics/task3/ex01/install/fullname_interfaces/lib/libfullname_interfaces__rosidl_typesupport_c.so
[4.405s] -- Set non-toolchain portion of runtime path of "/home/artem/Documents/3_course/robotics/task3/ex01/install/fullname_interfaces/lib/libfullname_interfaces__rosidl_typesupport_c.so" to ""
[4.405s] -- Up-to-date: /home/artem/Documents/3_course/robotics/task3/ex01/install/fullname_interfaces/include/fullname_interfaces/fullname_interfaces
[4.405s] -- Up-to-date: /home/artem/Documents/3_course/robotics/task3/ex01/install/fullname_interfaces/include/fullname_interfaces/fullname_interfaces/srv
[4.405s] -- Installing: /home/artem/Documents/3_course/robotics/task3/ex01/install/fullname_interfaces/include/fullname_interfaces/fullname_interfaces/srv/full_name_sum_service.hpp
[4.405s] -- Up-to-date: /home/artem/Documents/3_course/robotics/task3/ex01/install/fullname_interfaces/include/fullname_interfaces/fullname_interfaces/srv/detail
[4.405s] -- Installing: /home/artem/Documents/3_course/robotics/task3/ex01/install/fullname_interfaces/include/fullname_interfaces/fullname_interfaces/srv/detail/full_name_sum_service__type_support.hpp
[4.405s] -- Installing: /home/artem/Documents/3_course/robotics/task3/ex01/install/fullname_interfaces/include/fullname_interfaces/fullname_interfaces/srv/detail/full_name_sum_service__traits.hpp
[4.405s] -- Installing: /home/artem/Documents/3_course/robotics/task3/ex01/install/fullname_interfaces/include/fullname_interfaces/fullname_interfaces/srv/detail/full_name_sum_service__builder.hpp
[4.405s] -- Installing: /home/artem/Documents/3_course/robotics/task3/ex01/install/fullname_interfaces/include/fullname_interfaces/fullname_interfaces/srv/detail/full_name_sum_service__struct.hpp
[4.405s] -- Up-to-date: /home/artem/Documents/3_course/robotics/task3/ex01/install/fullname_interfaces/include/fullname_interfaces/fullname_interfaces/msg
[4.405s] -- Installing: /home/artem/Documents/3_course/robotics/task3/ex01/install/fullname_interfaces/include/fullname_interfaces/fullname_interfaces/msg/full_name_message.hpp
[4.405s] -- Installing: /home/artem/Documents/3_course/robotics/task3/ex01/install/fullname_interfaces/include/fullname_interfaces/fullname_interfaces/msg/rosidl_generator_cpp__visibility_control.hpp
[4.405s] -- Up-to-date: /home/artem/Documents/3_course/robotics/task3/ex01/install/fullname_interfaces/include/fullname_interfaces/fullname_interfaces/msg/detail
[4.405s] -- Installing: /home/artem/Documents/3_course/robotics/task3/ex01/install/fullname_interfaces/include/fullname_interfaces/fullname_interfaces/msg/detail/full_name_message__builder.hpp
[4.406s] -- Installing: /home/artem/Documents/3_course/robotics/task3/ex01/install/fullname_interfaces/include/fullname_interfaces/fullname_interfaces/msg/detail/full_name_message__struct.hpp
[4.406s] -- Installing: /home/artem/Documents/3_course/robotics/task3/ex01/install/fullname_interfaces/include/fullname_interfaces/fullname_interfaces/msg/detail/full_name_message__type_support.hpp
[4.406s] -- Installing: /home/artem/Documents/3_course/robotics/task3/ex01/install/fullname_interfaces/include/fullname_interfaces/fullname_interfaces/msg/detail/full_name_message__traits.hpp
[4.406s] -- Up-to-date: /home/artem/Documents/3_course/robotics/task3/ex01/install/fullname_interfaces/include/fullname_interfaces/fullname_interfaces
[4.406s] -- Up-to-date: /home/artem/Documents/3_course/robotics/task3/ex01/install/fullname_interfaces/include/fullname_interfaces/fullname_interfaces/srv
[4.406s] -- Up-to-date: /home/artem/Documents/3_course/robotics/task3/ex01/install/fullname_interfaces/include/fullname_interfaces/fullname_interfaces/srv/detail
[4.406s] -- Installing: /home/artem/Documents/3_course/robotics/task3/ex01/install/fullname_interfaces/include/fullname_interfaces/fullname_interfaces/srv/detail/full_name_sum_service__rosidl_typesupport_fastrtps_cpp.hpp
[4.406s] -- Installing: /home/artem/Documents/3_course/robotics/task3/ex01/install/fullname_interfaces/include/fullname_interfaces/fullname_interfaces/srv/detail/dds_fastrtps
[4.406s] -- Up-to-date: /home/artem/Documents/3_course/robotics/task3/ex01/install/fullname_interfaces/include/fullname_interfaces/fullname_interfaces/msg
[4.406s] -- Installing: /home/artem/Documents/3_course/robotics/task3/ex01/install/fullname_interfaces/include/fullname_interfaces/fullname_interfaces/msg/rosidl_typesupport_fastrtps_cpp__visibility_control.h
[4.406s] -- Up-to-date: /home/artem/Documents/3_course/robotics/task3/ex01/install/fullname_interfaces/include/fullname_interfaces/fullname_interfaces/msg/detail
[4.406s] -- Installing: /home/artem/Documents/3_course/robotics/task3/ex01/install/fullname_interfaces/include/fullname_interfaces/fullname_interfaces/msg/detail/dds_fastrtps
[4.406s] -- Installing: /home/artem/Documents/3_course/robotics/task3/ex01/install/fullname_interfaces/include/fullname_interfaces/fullname_interfaces/msg/detail/full_name_message__rosidl_typesupport_fastrtps_cpp.hpp
[4.406s] -- Installing: /home/artem/Documents/3_course/robotics/task3/ex01/install/fullname_interfaces/lib/libfullname_interfaces__rosidl_typesupport_fastrtps_cpp.so
[4.406s] -- Set non-toolchain portion of runtime path of "/home/artem/Documents/3_course/robotics/task3/ex01/install/fullname_interfaces/lib/libfullname_interfaces__rosidl_typesupport_fastrtps_cpp.so" to ""
[4.406s] -- Up-to-date: /home/artem/Documents/3_course/robotics/task3/ex01/install/fullname_interfaces/include/fullname_interfaces/fullname_interfaces
[4.407s] -- Up-to-date: /home/artem/Documents/3_course/robotics/task3/ex01/install/fullname_interfaces/include/fullname_interfaces/fullname_interfaces/srv
[4.407s] -- Up-to-date: /home/artem/Documents/3_course/robotics/task3/ex01/install/fullname_interfaces/include/fullname_interfaces/fullname_interfaces/srv/detail
[4.407s] -- Installing: /home/artem/Documents/3_course/robotics/task3/ex01/install/fullname_interfaces/include/fullname_interfaces/fullname_interfaces/srv/detail/full_name_sum_service__type_support.cpp
[4.407s] -- Installing: /home/artem/Documents/3_course/robotics/task3/ex01/install/fullname_interfaces/include/fullname_interfaces/fullname_interfaces/srv/detail/full_name_sum_service__rosidl_typesupport_introspection_cpp.hpp
[4.407s] -- Up-to-date: /home/artem/Documents/3_course/robotics/task3/ex01/install/fullname_interfaces/include/fullname_interfaces/fullname_interfaces/msg
[4.407s] -- Up-to-date: /home/artem/Documents/3_course/robotics/task3/ex01/install/fullname_interfaces/include/fullname_interfaces/fullname_interfaces/msg/detail
[4.407s] -- Installing: /home/artem/Documents/3_course/robotics/task3/ex01/install/fullname_interfaces/include/fullname_interfaces/fullname_interfaces/msg/detail/full_name_message__rosidl_typesupport_introspection_cpp.hpp
[4.407s] -- Installing: /home/artem/Documents/3_course/robotics/task3/ex01/install/fullname_interfaces/include/fullname_interfaces/fullname_interfaces/msg/detail/full_name_message__type_support.cpp
[4.407s] -- Installing: /home/artem/Documents/3_course/robotics/task3/ex01/install/fullname_interfaces/lib/libfullname_interfaces__rosidl_typesupport_introspection_cpp.so
[4.407s] -- Set non-toolchain portion of runtime path of "/home/artem/Documents/3_course/robotics/task3/ex01/install/fullname_interfaces/lib/libfullname_interfaces__rosidl_typesupport_introspection_cpp.so" to ""
[4.407s] -- Installing: /home/artem/Documents/3_course/robotics/task3/ex01/install/fullname_interfaces/lib/libfullname_interfaces__rosidl_typesupport_cpp.so
[4.407s] -- Set non-toolchain portion of runtime path of "/home/artem/Documents/3_course/robotics/task3/ex01/install/fullname_interfaces/lib/libfullname_interfaces__rosidl_typesupport_cpp.so" to ""
[4.407s] -- Installing: /home/artem/Documents/3_course/robotics/task3/ex01/install/fullname_interfaces/share/fullname_interfaces/environment/pythonpath.sh
[4.407s] -- Installing: /home/artem/Documents/3_course/robotics/task3/ex01/install/fullname_interfaces/share/fullname_interfaces/environment/pythonpath.dsv
[4.407s] -- Installing: /home/artem/Documents/3_course/robotics/task3/ex01/install/fullname_interfaces/lib/python3.12/site-packages/fullname_interfaces-0.0.0-py3.12.egg-info
[4.407s] -- Installing: /home/artem/Documents/3_course/robotics/task3/ex01/install/fullname_interfaces/lib/python3.12/site-packages/fullname_interfaces-0.0.0-py3.12.egg-info/PKG-INFO
[4.407s] -- Installing: /home/artem/Documents/3_course/robotics/task3/ex01/install/fullname_interfaces/lib/python3.12/site-packages/fullname_interfaces-0.0.0-py3.12.egg-info/top_level.txt
[4.407s] -- Installing: /home/artem/Documents/3_course/robotics/task3/ex01/install/fullname_interfaces/lib/python3.12/site-packages/fullname_interfaces-0.0.0-py3.12.egg-info/dependency_links.txt
[4.407s] -- Installing: /home/artem/Documents/3_course/robotics/task3/ex01/install/fullname_interfaces/lib/python3.12/site-packages/fullname_interfaces-0.0.0-py3.12.egg-info/SOURCES.txt
[4.407s] -- Installing: /home/artem/Documents/3_course/robotics/task3/ex01/install/fullname_interfaces/lib/python3.12/site-packages/fullname_interfaces
[4.407s] -- Installing: /home/artem/Documents/3_course/robotics/task3/ex01/install/fullname_interfaces/lib/python3.12/site-packages/fullname_interfaces/srv
[4.407s] -- Installing: /home/artem/Documents/3_course/robotics/task3/ex01/install/fullname_interfaces/lib/python3.12/site-packages/fullname_interfaces/srv/_full_name_sum_service.py
[4.407s] -- Installing: /home/artem/Documents/3_course/robotics/task3/ex01/install/fullname_interfaces/lib/python3.12/site-packages/fullname_interfaces/srv/__init__.py
[4.407s] -- Installing: /home/artem/Documents/3_course/robotics/task3/ex01/install/fullname_interfaces/lib/python3.12/site-packages/fullname_interfaces/srv/_full_name_sum_service_s.c
[4.407s] -- Installing: /home/artem/Documents/3_course/robotics/task3/ex01/install/fullname_interfaces/lib/python3.12/site-packages/fullname_interfaces/__init__.py
[4.407s] -- Installing: /home/artem/Documents/3_course/robotics/task3/ex01/install/fullname_interfaces/lib/python3.12/site-packages/fullname_interfaces/_fullname_interfaces_s.ep.rosidl_typesupport_introspection_c.c
[4.407s] -- Installing: /home/artem/Documents/3_course/robotics/task3/ex01/install/fullname_interfaces/lib/python3.12/site-packages/fullname_interfaces/fullname_interfaces_s__rosidl_typesupport_introspection_c.so
[4.408s] -- Installing: /home/artem/Documents/3_course/robotics/task3/ex01/install/fullname_interfaces/lib/python3.12/site-packages/fullname_interfaces/fullname_interfaces_s__rosidl_typesupport_fastrtps_c.so
[4.408s] -- Installing: /home/artem/Documents/3_course/robotics/task3/ex01/install/fullname_interfaces/lib/python3.12/site-packages/fullname_interfaces/msg
[4.408s] -- Installing: /home/artem/Documents/3_course/robotics/task3/ex01/install/fullname_interfaces/lib/python3.12/site-packages/fullname_interfaces/msg/__init__.py
[4.408s] -- Installing: /home/artem/Documents/3_course/robotics/task3/ex01/install/fullname_interfaces/lib/python3.12/site-packages/fullname_interfaces/msg/_full_name_message_s.c
[4.408s] -- Installing: /home/artem/Documents/3_course/robotics/task3/ex01/install/fullname_interfaces/lib/python3.12/site-packages/fullname_interfaces/msg/_full_name_message.py
[4.408s] -- Installing: /home/artem/Documents/3_course/robotics/task3/ex01/install/fullname_interfaces/lib/python3.12/site-packages/fullname_interfaces/_fullname_interfaces_s.ep.rosidl_typesupport_c.c
[4.408s] -- Installing: /home/artem/Documents/3_course/robotics/task3/ex01/install/fullname_interfaces/lib/python3.12/site-packages/fullname_interfaces/fullname_interfaces_s__rosidl_typesupport_c.so
[4.408s] -- Installing: /home/artem/Documents/3_course/robotics/task3/ex01/install/fullname_interfaces/lib/python3.12/site-packages/fullname_interfaces/_fullname_interfaces_s.ep.rosidl_typesupport_fastrtps_c.c
[4.436s] Listing '/home/artem/Documents/3_course/robotics/task3/ex01/install/fullname_interfaces/lib/python3.12/site-packages/fullname_interfaces'...
[4.436s] Compiling '/home/artem/Documents/3_course/robotics/task3/ex01/install/fullname_interfaces/lib/python3.12/site-packages/fullname_interfaces/__init__.py'...
[4.437s] Listing '/home/artem/Documents/3_course/robotics/task3/ex01/install/fullname_interfaces/lib/python3.12/site-packages/fullname_interfaces/msg'...
[4.437s] Compiling '/home/artem/Documents/3_course/robotics/task3/ex01/install/fullname_interfaces/lib/python3.12/site-packages/fullname_interfaces/msg/__init__.py'...
[4.437s] Compiling '/home/artem/Documents/3_course/robotics/task3/ex01/install/fullname_interfaces/lib/python3.12/site-packages/fullname_interfaces/msg/_full_name_message.py'...
[4.437s] Listing '/home/artem/Documents/3_course/robotics/task3/ex01/install/fullname_interfaces/lib/python3.12/site-packages/fullname_interfaces/srv'...
[4.437s] Compiling '/home/artem/Documents/3_course/robotics/task3/ex01/install/fullname_interfaces/lib/python3.12/site-packages/fullname_interfaces/srv/__init__.py'...
[4.437s] Compiling '/home/artem/Documents/3_course/robotics/task3/ex01/install/fullname_interfaces/lib/python3.12/site-packages/fullname_interfaces/srv/_full_name_sum_service.py'...
[4.441s] -- Installing: /home/artem/Documents/3_course/robotics/task3/ex01/install/fullname_interfaces/lib/python3.12/site-packages/fullname_interfaces/fullname_interfaces_s__rosidl_typesupport_fastrtps_c.so
[4.441s] -- Set non-toolchain portion of runtime path of "/home/artem/Documents/3_course/robotics/task3/ex01/install/fullname_interfaces/lib/python3.12/site-packages/fullname_interfaces/fullname_interfaces_s__rosidl_typesupport_fastrtps_c.so" to ""
[4.441s] -- Installing: /home/artem/Documents/3_course/robotics/task3/ex01/install/fullname_interfaces/lib/python3.12/site-packages/fullname_interfaces/fullname_interfaces_s__rosidl_typesupport_introspection_c.so
[4.441s] -- Set non-toolchain portion of runtime path of "/home/artem/Documents/3_course/robotics/task3/ex01/install/fullname_interfaces/lib/python3.12/site-packages/fullname_interfaces/fullname_interfaces_s__rosidl_typesupport_introspection_c.so" to ""
[4.441s] -- Installing: /home/artem/Documents/3_course/robotics/task3/ex01/install/fullname_interfaces/lib/python3.12/site-packages/fullname_interfaces/fullname_interfaces_s__rosidl_typesupport_c.so
[4.441s] -- Set non-toolchain portion of runtime path of "/home/artem/Documents/3_course/robotics/task3/ex01/install/fullname_interfaces/lib/python3.12/site-packages/fullname_interfaces/fullname_interfaces_s__rosidl_typesupport_c.so" to ""
[4.441s] -- Installing: /home/artem/Documents/3_course/robotics/task3/ex01/install/fullname_interfaces/lib/libfullname_interfaces__rosidl_generator_py.so
[4.442s] -- Set non-toolchain portion of runtime path of "/home/artem/Documents/3_course/robotics/task3/ex01/install/fullname_interfaces/lib/libfullname_interfaces__rosidl_generator_py.so" to ""
[4.442s] -- Installing: /home/artem/Documents/3_course/robotics/task3/ex01/install/fullname_interfaces/share/fullname_interfaces/msg/FullNameMessage.idl
[4.442s] -- Installing: /home/artem/Documents/3_course/robotics/task3/ex01/install/fullname_interfaces/share/fullname_interfaces/srv/FullNameSumService.idl
[4.442s] -- Installing: /home/artem/Documents/3_course/robotics/task3/ex01/install/fullname_interfaces/share/fullname_interfaces/msg/FullNameMessage.msg
[4.442s] -- Installing: /home/artem/Documents/3_course/robotics/task3/ex01/install/fullname_interfaces/share/fullname_interfaces/srv/FullNameSumService.srv
[4.442s] -- Installing: /home/artem/Documents/3_course/robotics/task3/ex01/install/fullname_interfaces/share/ament_index/resource_index/package_run_dependencies/fullname_interfaces
[4.442s] -- Installing: /home/artem/Documents/3_course/robotics/task3/ex01/install/fullname_interfaces/share/ament_index/resource_index/parent_prefix_path/fullname_interfaces
[4.442s] -- Installing: /home/artem/Documents/3_course/robotics/task3/ex01/install/fullname_interfaces/share/fullname_interfaces/environment/ament_prefix_path.sh
[4.442s] -- Installing: /home/artem/Documents/3_course/robotics/task3/ex01/install/fullname_interfaces/share/fullname_interfaces/environment/ament_prefix_path.dsv
[4.442s] -- Installing: /home/artem/Documents/3_course/robotics/task3/ex01/install/fullname_interfaces/share/fullname_interfaces/environment/path.sh
[4.442s] -- Installing: /home/artem/Documents/3_course/robotics/task3/ex01/install/fullname_interfaces/share/fullname_interfaces/environment/path.dsv
[4.442s] -- Installing: /home/artem/Documents/3_course/robotics/task3/ex01/install/fullname_interfaces/share/fullname_interfaces/local_setup.bash
[4.442s] -- Installing: /home/artem/Documents/3_course/robotics/task3/ex01/install/fullname_interfaces/share/fullname_interfaces/local_setup.sh
[4.442s] -- Installing: /home/artem/Documents/3_course/robotics/task3/ex01/install/fullname_interfaces/share/fullname_interfaces/local_setup.zsh
[4.442s] -- Installing: /home/artem/Documents/3_course/robotics/task3/ex01/install/fullname_interfaces/share/fullname_interfaces/local_setup.dsv
[4.442s] -- Installing: /home/artem/Documents/3_course/robotics/task3/ex01/install/fullname_interfaces/share/fullname_interfaces/package.dsv
[4.442s] -- Installing: /home/artem/Documents/3_course/robotics/task3/ex01/install/fullname_interfaces/share/ament_index/resource_index/packages/fullname_interfaces
[4.442s] -- Installing: /home/artem/Documents/3_course/robotics/task3/ex01/install/fullname_interfaces/share/fullname_interfaces/cmake/export_fullname_interfaces__rosidl_generator_cExport.cmake
[4.443s] -- Installing: /home/artem/Documents/3_course/robotics/task3/ex01/install/fullname_interfaces/share/fullname_interfaces/cmake/export_fullname_interfaces__rosidl_generator_cExport-noconfig.cmake
[4.443s] -- Installing: /home/artem/Documents/3_course/robotics/task3/ex01/install/fullname_interfaces/share/fullname_interfaces/cmake/export_fullname_interfaces__rosidl_typesupport_fastrtps_cExport.cmake
[4.443s] -- Installing: /home/artem/Documents/3_course/robotics/task3/ex01/install/fullname_interfaces/share/fullname_interfaces/cmake/export_fullname_interfaces__rosidl_typesupport_fastrtps_cExport-noconfig.cmake
[4.443s] -- Installing: /home/artem/Documents/3_course/robotics/task3/ex01/install/fullname_interfaces/share/fullname_interfaces/cmake/fullname_interfaces__rosidl_typesupport_introspection_cExport.cmake
[4.443s] -- Installing: /home/artem/Documents/3_course/robotics/task3/ex01/install/fullname_interfaces/share/fullname_interfaces/cmake/fullname_interfaces__rosidl_typesupport_introspection_cExport-noconfig.cmake
[4.443s] -- Installing: /home/artem/Documents/3_course/robotics/task3/ex01/install/fullname_interfaces/share/fullname_interfaces/cmake/fullname_interfaces__rosidl_typesupport_cExport.cmake
[4.443s] -- Installing: /home/artem/Documents/3_course/robotics/task3/ex01/install/fullname_interfaces/share/fullname_interfaces/cmake/fullname_interfaces__rosidl_typesupport_cExport-noconfig.cmake
[4.443s] -- Installing: /home/artem/Documents/3_course/robotics/task3/ex01/install/fullname_interfaces/share/fullname_interfaces/cmake/export_fullname_interfaces__rosidl_generator_cppExport.cmake
[4.443s] -- Installing: /home/artem/Documents/3_course/robotics/task3/ex01/install/fullname_interfaces/share/fullname_interfaces/cmake/export_fullname_interfaces__rosidl_typesupport_fastrtps_cppExport.cmake
[4.443s] -- Installing: /home/artem/Documents/3_course/robotics/task3/ex01/install/fullname_interfaces/share/fullname_interfaces/cmake/export_fullname_interfaces__rosidl_typesupport_fastrtps_cppExport-noconfig.cmake
[4.443s] -- Installing: /home/artem/Documents/3_course/robotics/task3/ex01/install/fullname_interfaces/share/fullname_interfaces/cmake/fullname_interfaces__rosidl_typesupport_introspection_cppExport.cmake
[4.443s] -- Installing: /home/artem/Documents/3_course/robotics/task3/ex01/install/fullname_interfaces/share/fullname_interfaces/cmake/fullname_interfaces__rosidl_typesupport_introspection_cppExport-noconfig.cmake
[4.443s] -- Installing: /home/artem/Documents/3_course/robotics/task3/ex01/install/fullname_interfaces/share/fullname_interfaces/cmake/fullname_interfaces__rosidl_typesupport_cppExport.cmake
[4.443s] -- Installing: /home/artem/Documents/3_course/robotics/task3/ex01/install/fullname_interfaces/share/fullname_interfaces/cmake/fullname_interfaces__rosidl_typesupport_cppExport-noconfig.cmake
[4.443s] -- Installing: /home/artem/Documents/3_course/robotics/task3/ex01/install/fullname_interfaces/share/fullname_interfaces/cmake/export_fullname_interfaces__rosidl_generator_pyExport.cmake
[4.443s] -- Installing: /home/artem/Documents/3_course/robotics/task3/ex01/install/fullname_interfaces/share/fullname_interfaces/cmake/export_fullname_interfaces__rosidl_generator_pyExport-noconfig.cmake
[4.443s] -- Installing: /home/artem/Documents/3_course/robotics/task3/ex01/install/fullname_interfaces/share/fullname_interfaces/cmake/rosidl_cmake-extras.cmake
[4.443s] -- Installing: /home/artem/Documents/3_course/robotics/task3/ex01/install/fullname_interfaces/share/fullname_interfaces/cmake/ament_cmake_export_dependencies-extras.cmake
[4.444s] -- Installing: /home/artem/Documents/3_course/robotics/task3/ex01/install/fullname_interfaces/share/fullname_interfaces/cmake/ament_cmake_export_include_directories-extras.cmake
[4.444s] -- Installing: /home/artem/Documents/3_course/robotics/task3/ex01/install/fullname_interfaces/share/fullname_interfaces/cmake/ament_cmake_export_libraries-extras.cmake
[4.444s] -- Installing: /home/artem/Documents/3_course/robotics/task3/ex01/install/fullname_interfaces/share/fullname_interfaces/cmake/ament_cmake_export_targets-extras.cmake
[4.444s] -- Installing: /home/artem/Documents/3_course/robotics/task3/ex01/install/fullname_interfaces/share/fullname_interfaces/cmake/rosidl_cmake_export_typesupport_targets-extras.cmake
[4.444s] -- Installing: /home/artem/Documents/3_course/robotics/task3/ex01/install/fullname_interfaces/share/fullname_interfaces/cmake/rosidl_cmake_export_typesupport_libraries-extras.cmake
[4.444s] -- Installing: /home/artem/Documents/3_course/robotics/task3/ex01/install/fullname_interfaces/share/fullname_interfaces/cmake/fullname_interfacesConfig.cmake
[4.444s] -- Installing: /home/artem/Documents/3_course/robotics/task3/ex01/install/fullname_interfaces/share/fullname_interfaces/cmake/fullname_interfacesConfig-version.cmake
[4.444s] -- Installing: /home/artem/Documents/3_course/robotics/task3/ex01/install/fullname_interfaces/share/fullname_interfaces/package.xml
[4.446s] Invoked command in '/home/artem/Documents/3_course/robotics/task3/ex01/build/fullname_interfaces' returned '0': CMAKE_PREFIX_PATH=${CMAKE_PREFIX_PATH}:/opt/ros/jazzy DEBUGINFOD_URLS=https://debuginfod.ubuntu.com /usr/bin/cmake --install /home/artem/Documents/3_course/robotics/task3/ex01/build/fullname_interfaces
