[  2%] Built target action_cleaning_robot__rosidl_generator_type_description
[  2%] Built target ament_cmake_python_copy_action_cleaning_robot
[  5%] Built target action_cleaning_robot__cpp
[ 20%] Built target action_cleaning_robot__rosidl_generator_c
[ 29%] Built target action_cleaning_robot__rosidl_typesupport_c
[ 44%] Built target action_cleaning_robot__rosidl_typesupport_introspection_c
[ 47%] Built target action_cleaning_robot__rosidl_typesupport_introspection_cpp
[ 61%] Built target action_cleaning_robot__rosidl_typesupport_fastrtps_cpp
[ 64%] Built target action_cleaning_robot__rosidl_typesupport_fastrtps_c
[ 73%] Built target action_cleaning_robot__rosidl_typesupport_cpp
[ 73%] Built target action_cleaning_robot
[ 76%] Built target action_cleaning_robot__py
[ 82%] Built target action_cleaning_robot__rosidl_generator_py
[ 88%] Built target action_cleaning_robot_s__rosidl_typesupport_fastrtps_c
[100%] Built target action_cleaning_robot_s__rosidl_typesupport_introspection_c
[100%] Built target action_cleaning_robot_s__rosidl_typesupport_c
running egg_info
writing action_cleaning_robot.egg-info/PKG-INFO
writing dependency_links to action_cleaning_robot.egg-info/dependency_links.txt
writing top-level names to action_cleaning_robot.egg-info/top_level.txt
reading manifest file 'action_cleaning_robot.egg-info/SOURCES.txt'
writing manifest file 'action_cleaning_robot.egg-info/SOURCES.txt'
[100%] Built target ament_cmake_python_build_action_cleaning_robot_egg
-- Install configuration: ""
-- Up-to-date: /home/artem/Documents/3_course/robotics/task3/ex05/install/action_cleaning_robot/share/ament_index/resource_index/rosidl_interfaces/action_cleaning_robot
-- Up-to-date: /home/artem/Documents/3_course/robotics/task3/ex05/install/action_cleaning_robot/share/action_cleaning_robot/action/CleaningTask.json
-- Up-to-date: /home/artem/Documents/3_course/robotics/task3/ex05/install/action_cleaning_robot/include/action_cleaning_robot/action_cleaning_robot
-- Up-to-date: /home/artem/Documents/3_course/robotics/task3/ex05/install/action_cleaning_robot/include/action_cleaning_robot/action_cleaning_robot/msg
-- Up-to-date: /home/artem/Documents/3_course/robotics/task3/ex05/install/action_cleaning_robot/include/action_cleaning_robot/action_cleaning_robot/msg/rosidl_generator_c__visibility_control.h
-- Up-to-date: /home/artem/Documents/3_course/robotics/task3/ex05/install/action_cleaning_robot/include/action_cleaning_robot/action_cleaning_robot/action
-- Up-to-date: /home/artem/Documents/3_course/robotics/task3/ex05/install/action_cleaning_robot/include/action_cleaning_robot/action_cleaning_robot/action/cleaning_task.h
-- Up-to-date: /home/artem/Documents/3_course/robotics/task3/ex05/install/action_cleaning_robot/include/action_cleaning_robot/action_cleaning_robot/action/detail
-- Up-to-date: /home/artem/Documents/3_course/robotics/task3/ex05/install/action_cleaning_robot/include/action_cleaning_robot/action_cleaning_robot/action/detail/cleaning_task__type_support.h
-- Up-to-date: /home/artem/Documents/3_course/robotics/task3/ex05/install/action_cleaning_robot/include/action_cleaning_robot/action_cleaning_robot/action/detail/cleaning_task__description.c
-- Up-to-date: /home/artem/Documents/3_course/robotics/task3/ex05/install/action_cleaning_robot/include/action_cleaning_robot/action_cleaning_robot/action/detail/cleaning_task__type_support.c
-- Up-to-date: /home/artem/Documents/3_course/robotics/task3/ex05/install/action_cleaning_robot/include/action_cleaning_robot/action_cleaning_robot/action/detail/cleaning_task__functions.c
-- Up-to-date: /home/artem/Documents/3_course/robotics/task3/ex05/install/action_cleaning_robot/include/action_cleaning_robot/action_cleaning_robot/action/detail/cleaning_task__struct.h
-- Up-to-date: /home/artem/Documents/3_course/robotics/task3/ex05/install/action_cleaning_robot/include/action_cleaning_robot/action_cleaning_robot/action/detail/cleaning_task__functions.h
-- Up-to-date: /home/artem/Documents/3_course/robotics/task3/ex05/install/action_cleaning_robot/share/action_cleaning_robot/environment/library_path.sh
-- Up-to-date: /home/artem/Documents/3_course/robotics/task3/ex05/install/action_cleaning_robot/share/action_cleaning_robot/environment/library_path.dsv
-- Up-to-date: /home/artem/Documents/3_course/robotics/task3/ex05/install/action_cleaning_robot/lib/libaction_cleaning_robot__rosidl_generator_c.so
-- Up-to-date: /home/artem/Documents/3_course/robotics/task3/ex05/install/action_cleaning_robot/include/action_cleaning_robot/action_cleaning_robot
-- Up-to-date: /home/artem/Documents/3_course/robotics/task3/ex05/install/action_cleaning_robot/include/action_cleaning_robot/action_cleaning_robot/msg
-- Up-to-date: /home/artem/Documents/3_course/robotics/task3/ex05/install/action_cleaning_robot/include/action_cleaning_robot/action_cleaning_robot/msg/rosidl_typesupport_fastrtps_c__visibility_control.h
-- Up-to-date: /home/artem/Documents/3_course/robotics/task3/ex05/install/action_cleaning_robot/include/action_cleaning_robot/action_cleaning_robot/action
-- Up-to-date: /home/artem/Documents/3_course/robotics/task3/ex05/install/action_cleaning_robot/include/action_cleaning_robot/action_cleaning_robot/action/detail
-- Up-to-date: /home/artem/Documents/3_course/robotics/task3/ex05/install/action_cleaning_robot/include/action_cleaning_robot/action_cleaning_robot/action/detail/cleaning_task__rosidl_typesupport_fastrtps_c.h
-- Up-to-date: /home/artem/Documents/3_course/robotics/task3/ex05/install/action_cleaning_robot/lib/libaction_cleaning_robot__rosidl_typesupport_fastrtps_c.so
-- Up-to-date: /home/artem/Documents/3_course/robotics/task3/ex05/install/action_cleaning_robot/include/action_cleaning_robot/action_cleaning_robot
-- Up-to-date: /home/artem/Documents/3_course/robotics/task3/ex05/install/action_cleaning_robot/include/action_cleaning_robot/action_cleaning_robot/msg
-- Up-to-date: /home/artem/Documents/3_course/robotics/task3/ex05/install/action_cleaning_robot/include/action_cleaning_robot/action_cleaning_robot/msg/rosidl_typesupport_introspection_c__visibility_control.h
-- Up-to-date: /home/artem/Documents/3_course/robotics/task3/ex05/install/action_cleaning_robot/include/action_cleaning_robot/action_cleaning_robot/action
-- Up-to-date: /home/artem/Documents/3_course/robotics/task3/ex05/install/action_cleaning_robot/include/action_cleaning_robot/action_cleaning_robot/action/detail
-- Up-to-date: /home/artem/Documents/3_course/robotics/task3/ex05/install/action_cleaning_robot/include/action_cleaning_robot/action_cleaning_robot/action/detail/cleaning_task__type_support.c
-- Up-to-date: /home/artem/Documents/3_course/robotics/task3/ex05/install/action_cleaning_robot/include/action_cleaning_robot/action_cleaning_robot/action/detail/cleaning_task__rosidl_typesupport_introspection_c.h
-- Up-to-date: /home/artem/Documents/3_course/robotics/task3/ex05/install/action_cleaning_robot/lib/libaction_cleaning_robot__rosidl_typesupport_introspection_c.so
-- Up-to-date: /home/artem/Documents/3_course/robotics/task3/ex05/install/action_cleaning_robot/lib/libaction_cleaning_robot__rosidl_typesupport_c.so
-- Up-to-date: /home/artem/Documents/3_course/robotics/task3/ex05/install/action_cleaning_robot/include/action_cleaning_robot/action_cleaning_robot
-- Up-to-date: /home/artem/Documents/3_course/robotics/task3/ex05/install/action_cleaning_robot/include/action_cleaning_robot/action_cleaning_robot/msg
-- Up-to-date: /home/artem/Documents/3_course/robotics/task3/ex05/install/action_cleaning_robot/include/action_cleaning_robot/action_cleaning_robot/msg/rosidl_generator_cpp__visibility_control.hpp
-- Up-to-date: /home/artem/Documents/3_course/robotics/task3/ex05/install/action_cleaning_robot/include/action_cleaning_robot/action_cleaning_robot/action
-- Up-to-date: /home/artem/Documents/3_course/robotics/task3/ex05/install/action_cleaning_robot/include/action_cleaning_robot/action_cleaning_robot/action/cleaning_task.hpp
-- Up-to-date: /home/artem/Documents/3_course/robotics/task3/ex05/install/action_cleaning_robot/include/action_cleaning_robot/action_cleaning_robot/action/detail
-- Up-to-date: /home/artem/Documents/3_course/robotics/task3/ex05/install/action_cleaning_robot/include/action_cleaning_robot/action_cleaning_robot/action/detail/cleaning_task__struct.hpp
-- Up-to-date: /home/artem/Documents/3_course/robotics/task3/ex05/install/action_cleaning_robot/include/action_cleaning_robot/action_cleaning_robot/action/detail/cleaning_task__builder.hpp
-- Up-to-date: /home/artem/Documents/3_course/robotics/task3/ex05/install/action_cleaning_robot/include/action_cleaning_robot/action_cleaning_robot/action/detail/cleaning_task__type_support.hpp
-- Up-to-date: /home/artem/Documents/3_course/robotics/task3/ex05/install/action_cleaning_robot/include/action_cleaning_robot/action_cleaning_robot/action/detail/cleaning_task__traits.hpp
-- Up-to-date: /home/artem/Documents/3_course/robotics/task3/ex05/install/action_cleaning_robot/include/action_cleaning_robot/action_cleaning_robot
-- Up-to-date: /home/artem/Documents/3_course/robotics/task3/ex05/install/action_cleaning_robot/include/action_cleaning_robot/action_cleaning_robot/msg
-- Up-to-date: /home/artem/Documents/3_course/robotics/task3/ex05/install/action_cleaning_robot/include/action_cleaning_robot/action_cleaning_robot/msg/rosidl_typesupport_fastrtps_cpp__visibility_control.h
-- Up-to-date: /home/artem/Documents/3_course/robotics/task3/ex05/install/action_cleaning_robot/include/action_cleaning_robot/action_cleaning_robot/action
-- Up-to-date: /home/artem/Documents/3_course/robotics/task3/ex05/install/action_cleaning_robot/include/action_cleaning_robot/action_cleaning_robot/action/detail
-- Up-to-date: /home/artem/Documents/3_course/robotics/task3/ex05/install/action_cleaning_robot/include/action_cleaning_robot/action_cleaning_robot/action/detail/cleaning_task__rosidl_typesupport_fastrtps_cpp.hpp
-- Up-to-date: /home/artem/Documents/3_course/robotics/task3/ex05/install/action_cleaning_robot/include/action_cleaning_robot/action_cleaning_robot/action/detail/dds_fastrtps
-- Up-to-date: /home/artem/Documents/3_course/robotics/task3/ex05/install/action_cleaning_robot/lib/libaction_cleaning_robot__rosidl_typesupport_fastrtps_cpp.so
-- Up-to-date: /home/artem/Documents/3_course/robotics/task3/ex05/install/action_cleaning_robot/include/action_cleaning_robot/action_cleaning_robot
-- Up-to-date: /home/artem/Documents/3_course/robotics/task3/ex05/install/action_cleaning_robot/include/action_cleaning_robot/action_cleaning_robot/action
-- Up-to-date: /home/artem/Documents/3_course/robotics/task3/ex05/install/action_cleaning_robot/include/action_cleaning_robot/action_cleaning_robot/action/detail
-- Up-to-date: /home/artem/Documents/3_course/robotics/task3/ex05/install/action_cleaning_robot/include/action_cleaning_robot/action_cleaning_robot/action/detail/cleaning_task__rosidl_typesupport_introspection_cpp.hpp
-- Up-to-date: /home/artem/Documents/3_course/robotics/task3/ex05/install/action_cleaning_robot/include/action_cleaning_robot/action_cleaning_robot/action/detail/cleaning_task__type_support.cpp
-- Up-to-date: /home/artem/Documents/3_course/robotics/task3/ex05/install/action_cleaning_robot/lib/libaction_cleaning_robot__rosidl_typesupport_introspection_cpp.so
-- Up-to-date: /home/artem/Documents/3_course/robotics/task3/ex05/install/action_cleaning_robot/lib/libaction_cleaning_robot__rosidl_typesupport_cpp.so
-- Up-to-date: /home/artem/Documents/3_course/robotics/task3/ex05/install/action_cleaning_robot/share/action_cleaning_robot/environment/pythonpath.sh
-- Up-to-date: /home/artem/Documents/3_course/robotics/task3/ex05/install/action_cleaning_robot/share/action_cleaning_robot/environment/pythonpath.dsv
-- Up-to-date: /home/artem/Documents/3_course/robotics/task3/ex05/install/action_cleaning_robot/lib/python3.12/site-packages/action_cleaning_robot-0.0.0-py3.12.egg-info
-- Installing: /home/artem/Documents/3_course/robotics/task3/ex05/install/action_cleaning_robot/lib/python3.12/site-packages/action_cleaning_robot-0.0.0-py3.12.egg-info/PKG-INFO
-- Installing: /home/artem/Documents/3_course/robotics/task3/ex05/install/action_cleaning_robot/lib/python3.12/site-packages/action_cleaning_robot-0.0.0-py3.12.egg-info/top_level.txt
-- Installing: /home/artem/Documents/3_course/robotics/task3/ex05/install/action_cleaning_robot/lib/python3.12/site-packages/action_cleaning_robot-0.0.0-py3.12.egg-info/dependency_links.txt
-- Installing: /home/artem/Documents/3_course/robotics/task3/ex05/install/action_cleaning_robot/lib/python3.12/site-packages/action_cleaning_robot-0.0.0-py3.12.egg-info/SOURCES.txt
-- Up-to-date: /home/artem/Documents/3_course/robotics/task3/ex05/install/action_cleaning_robot/lib/python3.12/site-packages/action_cleaning_robot
-- Up-to-date: /home/artem/Documents/3_course/robotics/task3/ex05/install/action_cleaning_robot/lib/python3.12/site-packages/action_cleaning_robot/_action_cleaning_robot_s.ep.rosidl_typesupport_c.c
-- Up-to-date: /home/artem/Documents/3_course/robotics/task3/ex05/install/action_cleaning_robot/lib/python3.12/site-packages/action_cleaning_robot/__init__.py
-- Up-to-date: /home/artem/Documents/3_course/robotics/task3/ex05/install/action_cleaning_robot/lib/python3.12/site-packages/action_cleaning_robot/action_cleaning_robot_s__rosidl_typesupport_introspection_c.so
-- Up-to-date: /home/artem/Documents/3_course/robotics/task3/ex05/install/action_cleaning_robot/lib/python3.12/site-packages/action_cleaning_robot/action_cleaning_robot_s__rosidl_typesupport_c.so
-- Up-to-date: /home/artem/Documents/3_course/robotics/task3/ex05/install/action_cleaning_robot/lib/python3.12/site-packages/action_cleaning_robot/action_cleaning_robot_s__rosidl_typesupport_fastrtps_c.so
-- Up-to-date: /home/artem/Documents/3_course/robotics/task3/ex05/install/action_cleaning_robot/lib/python3.12/site-packages/action_cleaning_robot/_action_cleaning_robot_s.ep.rosidl_typesupport_fastrtps_c.c
-- Up-to-date: /home/artem/Documents/3_course/robotics/task3/ex05/install/action_cleaning_robot/lib/python3.12/site-packages/action_cleaning_robot/_action_cleaning_robot_s.ep.rosidl_typesupport_introspection_c.c
-- Up-to-date: /home/artem/Documents/3_course/robotics/task3/ex05/install/action_cleaning_robot/lib/python3.12/site-packages/action_cleaning_robot/action
-- Up-to-date: /home/artem/Documents/3_course/robotics/task3/ex05/install/action_cleaning_robot/lib/python3.12/site-packages/action_cleaning_robot/action/__init__.py
-- Up-to-date: /home/artem/Documents/3_course/robotics/task3/ex05/install/action_cleaning_robot/lib/python3.12/site-packages/action_cleaning_robot/action/_cleaning_task.py
-- Up-to-date: /home/artem/Documents/3_course/robotics/task3/ex05/install/action_cleaning_robot/lib/python3.12/site-packages/action_cleaning_robot/action/_cleaning_task_s.c
Listing '/home/artem/Documents/3_course/robotics/task3/ex05/install/action_cleaning_robot/lib/python3.12/site-packages/action_cleaning_robot'...
Listing '/home/artem/Documents/3_course/robotics/task3/ex05/install/action_cleaning_robot/lib/python3.12/site-packages/action_cleaning_robot/action'...
-- Up-to-date: /home/artem/Documents/3_course/robotics/task3/ex05/install/action_cleaning_robot/lib/python3.12/site-packages/action_cleaning_robot/action_cleaning_robot_s__rosidl_typesupport_fastrtps_c.so
-- Up-to-date: /home/artem/Documents/3_course/robotics/task3/ex05/install/action_cleaning_robot/lib/python3.12/site-packages/action_cleaning_robot/action_cleaning_robot_s__rosidl_typesupport_introspection_c.so
-- Up-to-date: /home/artem/Documents/3_course/robotics/task3/ex05/install/action_cleaning_robot/lib/python3.12/site-packages/action_cleaning_robot/action_cleaning_robot_s__rosidl_typesupport_c.so
-- Up-to-date: /home/artem/Documents/3_course/robotics/task3/ex05/install/action_cleaning_robot/lib/libaction_cleaning_robot__rosidl_generator_py.so
-- Up-to-date: /home/artem/Documents/3_course/robotics/task3/ex05/install/action_cleaning_robot/share/action_cleaning_robot/action/CleaningTask.idl
-- Up-to-date: /home/artem/Documents/3_course/robotics/task3/ex05/install/action_cleaning_robot/share/action_cleaning_robot/action/CleaningTask.action
-- Installing: /home/artem/Documents/3_course/robotics/task3/ex05/install/action_cleaning_robot/lib/action_cleaning_robot/cleaning_action_server
-- Up-to-date: /home/artem/Documents/3_course/robotics/task3/ex05/install/action_cleaning_robot/lib/action_cleaning_robot/cleaning_action_client
-- Up-to-date: /home/artem/Documents/3_course/robotics/task3/ex05/install/action_cleaning_robot/share/ament_index/resource_index/package_run_dependencies/action_cleaning_robot
-- Up-to-date: /home/artem/Documents/3_course/robotics/task3/ex05/install/action_cleaning_robot/share/ament_index/resource_index/parent_prefix_path/action_cleaning_robot
-- Up-to-date: /home/artem/Documents/3_course/robotics/task3/ex05/install/action_cleaning_robot/share/action_cleaning_robot/environment/ament_prefix_path.sh
-- Up-to-date: /home/artem/Documents/3_course/robotics/task3/ex05/install/action_cleaning_robot/share/action_cleaning_robot/environment/ament_prefix_path.dsv
-- Up-to-date: /home/artem/Documents/3_course/robotics/task3/ex05/install/action_cleaning_robot/share/action_cleaning_robot/environment/path.sh
-- Up-to-date: /home/artem/Documents/3_course/robotics/task3/ex05/install/action_cleaning_robot/share/action_cleaning_robot/environment/path.dsv
-- Up-to-date: /home/artem/Documents/3_course/robotics/task3/ex05/install/action_cleaning_robot/share/action_cleaning_robot/local_setup.bash
-- Up-to-date: /home/artem/Documents/3_course/robotics/task3/ex05/install/action_cleaning_robot/share/action_cleaning_robot/local_setup.sh
-- Up-to-date: /home/artem/Documents/3_course/robotics/task3/ex05/install/action_cleaning_robot/share/action_cleaning_robot/local_setup.zsh
-- Up-to-date: /home/artem/Documents/3_course/robotics/task3/ex05/install/action_cleaning_robot/share/action_cleaning_robot/local_setup.dsv
-- Installing: /home/artem/Documents/3_course/robotics/task3/ex05/install/action_cleaning_robot/share/action_cleaning_robot/package.dsv
-- Up-to-date: /home/artem/Documents/3_course/robotics/task3/ex05/install/action_cleaning_robot/share/ament_index/resource_index/packages/action_cleaning_robot
-- Up-to-date: /home/artem/Documents/3_course/robotics/task3/ex05/install/action_cleaning_robot/share/action_cleaning_robot/cmake/export_action_cleaning_robot__rosidl_generator_cExport.cmake
-- Up-to-date: /home/artem/Documents/3_course/robotics/task3/ex05/install/action_cleaning_robot/share/action_cleaning_robot/cmake/export_action_cleaning_robot__rosidl_generator_cExport-noconfig.cmake
-- Up-to-date: /home/artem/Documents/3_course/robotics/task3/ex05/install/action_cleaning_robot/share/action_cleaning_robot/cmake/export_action_cleaning_robot__rosidl_typesupport_fastrtps_cExport.cmake
-- Up-to-date: /home/artem/Documents/3_course/robotics/task3/ex05/install/action_cleaning_robot/share/action_cleaning_robot/cmake/export_action_cleaning_robot__rosidl_typesupport_fastrtps_cExport-noconfig.cmake
-- Up-to-date: /home/artem/Documents/3_course/robotics/task3/ex05/install/action_cleaning_robot/share/action_cleaning_robot/cmake/action_cleaning_robot__rosidl_typesupport_introspection_cExport.cmake
-- Up-to-date: /home/artem/Documents/3_course/robotics/task3/ex05/install/action_cleaning_robot/share/action_cleaning_robot/cmake/action_cleaning_robot__rosidl_typesupport_introspection_cExport-noconfig.cmake
-- Up-to-date: /home/artem/Documents/3_course/robotics/task3/ex05/install/action_cleaning_robot/share/action_cleaning_robot/cmake/action_cleaning_robot__rosidl_typesupport_cExport.cmake
-- Up-to-date: /home/artem/Documents/3_course/robotics/task3/ex05/install/action_cleaning_robot/share/action_cleaning_robot/cmake/action_cleaning_robot__rosidl_typesupport_cExport-noconfig.cmake
-- Up-to-date: /home/artem/Documents/3_course/robotics/task3/ex05/install/action_cleaning_robot/share/action_cleaning_robot/cmake/export_action_cleaning_robot__rosidl_generator_cppExport.cmake
-- Up-to-date: /home/artem/Documents/3_course/robotics/task3/ex05/install/action_cleaning_robot/share/action_cleaning_robot/cmake/export_action_cleaning_robot__rosidl_typesupport_fastrtps_cppExport.cmake
-- Up-to-date: /home/artem/Documents/3_course/robotics/task3/ex05/install/action_cleaning_robot/share/action_cleaning_robot/cmake/export_action_cleaning_robot__rosidl_typesupport_fastrtps_cppExport-noconfig.cmake
-- Up-to-date: /home/artem/Documents/3_course/robotics/task3/ex05/install/action_cleaning_robot/share/action_cleaning_robot/cmake/action_cleaning_robot__rosidl_typesupport_introspection_cppExport.cmake
-- Up-to-date: /home/artem/Documents/3_course/robotics/task3/ex05/install/action_cleaning_robot/share/action_cleaning_robot/cmake/action_cleaning_robot__rosidl_typesupport_introspection_cppExport-noconfig.cmake
-- Up-to-date: /home/artem/Documents/3_course/robotics/task3/ex05/install/action_cleaning_robot/share/action_cleaning_robot/cmake/action_cleaning_robot__rosidl_typesupport_cppExport.cmake
-- Up-to-date: /home/artem/Documents/3_course/robotics/task3/ex05/install/action_cleaning_robot/share/action_cleaning_robot/cmake/action_cleaning_robot__rosidl_typesupport_cppExport-noconfig.cmake
-- Up-to-date: /home/artem/Documents/3_course/robotics/task3/ex05/install/action_cleaning_robot/share/action_cleaning_robot/cmake/export_action_cleaning_robot__rosidl_generator_pyExport.cmake
-- Up-to-date: /home/artem/Documents/3_course/robotics/task3/ex05/install/action_cleaning_robot/share/action_cleaning_robot/cmake/export_action_cleaning_robot__rosidl_generator_pyExport-noconfig.cmake
-- Up-to-date: /home/artem/Documents/3_course/robotics/task3/ex05/install/action_cleaning_robot/share/action_cleaning_robot/cmake/rosidl_cmake-extras.cmake
-- Up-to-date: /home/artem/Documents/3_course/robotics/task3/ex05/install/action_cleaning_robot/share/action_cleaning_robot/cmake/ament_cmake_export_dependencies-extras.cmake
-- Up-to-date: /home/artem/Documents/3_course/robotics/task3/ex05/install/action_cleaning_robot/share/action_cleaning_robot/cmake/ament_cmake_export_include_directories-extras.cmake
-- Up-to-date: /home/artem/Documents/3_course/robotics/task3/ex05/install/action_cleaning_robot/share/action_cleaning_robot/cmake/ament_cmake_export_libraries-extras.cmake
-- Up-to-date: /home/artem/Documents/3_course/robotics/task3/ex05/install/action_cleaning_robot/share/action_cleaning_robot/cmake/ament_cmake_export_targets-extras.cmake
-- Up-to-date: /home/artem/Documents/3_course/robotics/task3/ex05/install/action_cleaning_robot/share/action_cleaning_robot/cmake/rosidl_cmake_export_typesupport_targets-extras.cmake
-- Up-to-date: /home/artem/Documents/3_course/robotics/task3/ex05/install/action_cleaning_robot/share/action_cleaning_robot/cmake/rosidl_cmake_export_typesupport_libraries-extras.cmake
-- Up-to-date: /home/artem/Documents/3_course/robotics/task3/ex05/install/action_cleaning_robot/share/action_cleaning_robot/cmake/action_cleaning_robotConfig.cmake
-- Up-to-date: /home/artem/Documents/3_course/robotics/task3/ex05/install/action_cleaning_robot/share/action_cleaning_robot/cmake/action_cleaning_robotConfig-version.cmake
-- Up-to-date: /home/artem/Documents/3_course/robotics/task3/ex05/install/action_cleaning_robot/share/action_cleaning_robot/package.xml
