[0.018s] Invoking command in '/home/artem/Documents/3_course/robotics/task3/ex05/build/action_cleaning_robot': CMAKE_PREFIX_PATH=${CMAKE_PREFIX_PATH}:/opt/ros/jazzy DEBUGINFOD_URLS=https://debuginfod.ubuntu.com /usr/bin/cmake --build /home/artem/Documents/3_course/robotics/task3/ex05/build/action_cleaning_robot -- -j12 -l12
[0.109s] [  2%] Built target action_cleaning_robot__rosidl_generator_type_description
[0.128s] [  2%] Built target ament_cmake_python_copy_action_cleaning_robot
[0.150s] [  5%] Built target action_cleaning_robot__cpp
[0.152s] [ 20%] Built target action_cleaning_robot__rosidl_generator_c
[0.197s] [ 29%] Built target action_cleaning_robot__rosidl_typesupport_c
[0.201s] [ 44%] Built target action_cleaning_robot__rosidl_typesupport_introspection_c
[0.202s] [ 47%] Built target action_cleaning_robot__rosidl_typesupport_introspection_cpp
[0.202s] [ 61%] Built target action_cleaning_robot__rosidl_typesupport_fastrtps_cpp
[0.203s] [ 64%] Built target action_cleaning_robot__rosidl_typesupport_fastrtps_c
[0.205s] [ 73%] Built target action_cleaning_robot__rosidl_typesupport_cpp
[0.246s] [ 73%] Built target action_cleaning_robot
[0.286s] [ 76%] Built target action_cleaning_robot__py
[0.332s] [ 82%] Built target action_cleaning_robot__rosidl_generator_py
[0.375s] [ 88%] Built target action_cleaning_robot_s__rosidl_typesupport_fastrtps_c
[0.375s] [100%] Built target action_cleaning_robot_s__rosidl_typesupport_introspection_c
[0.376s] [100%] Built target action_cleaning_robot_s__rosidl_typesupport_c
[0.526s] running egg_info
[0.561s] writing action_cleaning_robot.egg-info/PKG-INFO
[0.562s] writing dependency_links to action_cleaning_robot.egg-info/dependency_links.txt
[0.562s] writing top-level names to action_cleaning_robot.egg-info/top_level.txt
[0.634s] reading manifest file 'action_cleaning_robot.egg-info/SOURCES.txt'
[0.634s] writing manifest file 'action_cleaning_robot.egg-info/SOURCES.txt'
[0.677s] [100%] Built target ament_cmake_python_build_action_cleaning_robot_egg
[0.697s] Invoked command in '/home/artem/Documents/3_course/robotics/task3/ex05/build/action_cleaning_robot' returned '0': CMAKE_PREFIX_PATH=${CMAKE_PREFIX_PATH}:/opt/ros/jazzy DEBUGINFOD_URLS=https://debuginfod.ubuntu.com /usr/bin/cmake --build /home/artem/Documents/3_course/robotics/task3/ex05/build/action_cleaning_robot -- -j12 -l12
[0.718s] Invoking command in '/home/artem/Documents/3_course/robotics/task3/ex05/build/action_cleaning_robot': CMAKE_PREFIX_PATH=${CMAKE_PREFIX_PATH}:/opt/ros/jazzy DEBUGINFOD_URLS=https://debuginfod.ubuntu.com /usr/bin/cmake --install /home/artem/Documents/3_course/robotics/task3/ex05/build/action_cleaning_robot
[0.737s] -- Install configuration: ""
[0.737s] -- Up-to-date: /home/artem/Documents/3_course/robotics/task3/ex05/install/action_cleaning_robot/share/ament_index/resource_index/rosidl_interfaces/action_cleaning_robot
[0.737s] -- Up-to-date: /home/artem/Documents/3_course/robotics/task3/ex05/install/action_cleaning_robot/share/action_cleaning_robot/action/CleaningTask.json
[0.738s] -- Up-to-date: /home/artem/Documents/3_course/robotics/task3/ex05/install/action_cleaning_robot/include/action_cleaning_robot/action_cleaning_robot
[0.738s] -- Up-to-date: /home/artem/Documents/3_course/robotics/task3/ex05/install/action_cleaning_robot/include/action_cleaning_robot/action_cleaning_robot/msg
[0.738s] -- Up-to-date: /home/artem/Documents/3_course/robotics/task3/ex05/install/action_cleaning_robot/include/action_cleaning_robot/action_cleaning_robot/msg/rosidl_generator_c__visibility_control.h
[0.738s] -- Up-to-date: /home/artem/Documents/3_course/robotics/task3/ex05/install/action_cleaning_robot/include/action_cleaning_robot/action_cleaning_robot/action
[0.739s] -- Up-to-date: /home/artem/Documents/3_course/robotics/task3/ex05/install/action_cleaning_robot/include/action_cleaning_robot/action_cleaning_robot/action/cleaning_task.h
[0.739s] -- Up-to-date: /home/artem/Documents/3_course/robotics/task3/ex05/install/action_cleaning_robot/include/action_cleaning_robot/action_cleaning_robot/action/detail
[0.739s] -- Up-to-date: /home/artem/Documents/3_course/robotics/task3/ex05/install/action_cleaning_robot/include/action_cleaning_robot/action_cleaning_robot/action/detail/cleaning_task__type_support.h
[0.740s] -- Up-to-date: /home/artem/Documents/3_course/robotics/task3/ex05/install/action_cleaning_robot/include/action_cleaning_robot/action_cleaning_robot/action/detail/cleaning_task__description.c
[0.740s] -- Up-to-date: /home/artem/Documents/3_course/robotics/task3/ex05/install/action_cleaning_robot/include/action_cleaning_robot/action_cleaning_robot/action/detail/cleaning_task__type_support.c
[0.740s] -- Up-to-date: /home/artem/Documents/3_course/robotics/task3/ex05/install/action_cleaning_robot/include/action_cleaning_robot/action_cleaning_robot/action/detail/cleaning_task__functions.c
[0.740s] -- Up-to-date: /home/artem/Documents/3_course/robotics/task3/ex05/install/action_cleaning_robot/include/action_cleaning_robot/action_cleaning_robot/action/detail/cleaning_task__struct.h
[0.740s] -- Up-to-date: /home/artem/Documents/3_course/robotics/task3/ex05/install/action_cleaning_robot/include/action_cleaning_robot/action_cleaning_robot/action/detail/cleaning_task__functions.h
[0.741s] -- Up-to-date: /home/artem/Documents/3_course/robotics/task3/ex05/install/action_cleaning_robot/share/action_cleaning_robot/environment/library_path.sh
[0.741s] -- Up-to-date: /home/artem/Documents/3_course/robotics/task3/ex05/install/action_cleaning_robot/share/action_cleaning_robot/environment/library_path.dsv
[0.741s] -- Up-to-date: /home/artem/Documents/3_course/robotics/task3/ex05/install/action_cleaning_robot/lib/libaction_cleaning_robot__rosidl_generator_c.so
[0.741s] -- Up-to-date: /home/artem/Documents/3_course/robotics/task3/ex05/install/action_cleaning_robot/include/action_cleaning_robot/action_cleaning_robot
[0.742s] -- Up-to-date: /home/artem/Documents/3_course/robotics/task3/ex05/install/action_cleaning_robot/include/action_cleaning_robot/action_cleaning_robot/msg
[0.742s] -- Up-to-date: /home/artem/Documents/3_course/robotics/task3/ex05/install/action_cleaning_robot/include/action_cleaning_robot/action_cleaning_robot/msg/rosidl_typesupport_fastrtps_c__visibility_control.h
[0.742s] -- Up-to-date: /home/artem/Documents/3_course/robotics/task3/ex05/install/action_cleaning_robot/include/action_cleaning_robot/action_cleaning_robot/action
[0.742s] -- Up-to-date: /home/artem/Documents/3_course/robotics/task3/ex05/install/action_cleaning_robot/include/action_cleaning_robot/action_cleaning_robot/action/detail
[0.743s] -- Up-to-date: /home/artem/Documents/3_course/robotics/task3/ex05/install/action_cleaning_robot/include/action_cleaning_robot/action_cleaning_robot/action/detail/cleaning_task__rosidl_typesupport_fastrtps_c.h
[0.743s] -- Up-to-date: /home/artem/Documents/3_course/robotics/task3/ex05/install/action_cleaning_robot/lib/libaction_cleaning_robot__rosidl_typesupport_fastrtps_c.so
[0.743s] -- Up-to-date: /home/artem/Documents/3_course/robotics/task3/ex05/install/action_cleaning_robot/include/action_cleaning_robot/action_cleaning_robot
[0.743s] -- Up-to-date: /home/artem/Documents/3_course/robotics/task3/ex05/install/action_cleaning_robot/include/action_cleaning_robot/action_cleaning_robot/msg
[0.743s] -- Up-to-date: /home/artem/Documents/3_course/robotics/task3/ex05/install/action_cleaning_robot/include/action_cleaning_robot/action_cleaning_robot/msg/rosidl_typesupport_introspection_c__visibility_control.h
[0.744s] -- Up-to-date: /home/artem/Documents/3_course/robotics/task3/ex05/install/action_cleaning_robot/include/action_cleaning_robot/action_cleaning_robot/action
[0.744s] -- Up-to-date: /home/artem/Documents/3_course/robotics/task3/ex05/install/action_cleaning_robot/include/action_cleaning_robot/action_cleaning_robot/action/detail
[0.744s] -- Up-to-date: /home/artem/Documents/3_course/robotics/task3/ex05/install/action_cleaning_robot/include/action_cleaning_robot/action_cleaning_robot/action/detail/cleaning_task__type_support.c
[0.744s] -- Up-to-date: /home/artem/Documents/3_course/robotics/task3/ex05/install/action_cleaning_robot/include/action_cleaning_robot/action_cleaning_robot/action/detail/cleaning_task__rosidl_typesupport_introspection_c.h
[0.744s] -- Up-to-date: /home/artem/Documents/3_course/robotics/task3/ex05/install/action_cleaning_robot/lib/libaction_cleaning_robot__rosidl_typesupport_introspection_c.so
[0.744s] -- Up-to-date: /home/artem/Documents/3_course/robotics/task3/ex05/install/action_cleaning_robot/lib/libaction_cleaning_robot__rosidl_typesupport_c.so
[0.745s] -- Up-to-date: /home/artem/Documents/3_course/robotics/task3/ex05/install/action_cleaning_robot/include/action_cleaning_robot/action_cleaning_robot
[0.745s] -- Up-to-date: /home/artem/Documents/3_course/robotics/task3/ex05/install/action_cleaning_robot/include/action_cleaning_robot/action_cleaning_robot/msg
[0.745s] -- Up-to-date: /home/artem/Documents/3_course/robotics/task3/ex05/install/action_cleaning_robot/include/action_cleaning_robot/action_cleaning_robot/msg/rosidl_generator_cpp__visibility_control.hpp
[0.745s] -- Up-to-date: /home/artem/Documents/3_course/robotics/task3/ex05/install/action_cleaning_robot/include/action_cleaning_robot/action_cleaning_robot/action
[0.745s] -- Up-to-date: /home/artem/Documents/3_course/robotics/task3/ex05/install/action_cleaning_robot/include/action_cleaning_robot/action_cleaning_robot/action/cleaning_task.hpp
[0.746s] -- Up-to-date: /home/artem/Documents/3_course/robotics/task3/ex05/install/action_cleaning_robot/include/action_cleaning_robot/action_cleaning_robot/action/detail
[0.746s] -- Up-to-date: /home/artem/Documents/3_course/robotics/task3/ex05/install/action_cleaning_robot/include/action_cleaning_robot/action_cleaning_robot/action/detail/cleaning_task__struct.hpp
[0.746s] -- Up-to-date: /home/artem/Documents/3_course/robotics/task3/ex05/install/action_cleaning_robot/include/action_cleaning_robot/action_cleaning_robot/action/detail/cleaning_task__builder.hpp
[0.746s] -- Up-to-date: /home/artem/Documents/3_course/robotics/task3/ex05/install/action_cleaning_robot/include/action_cleaning_robot/action_cleaning_robot/action/detail/cleaning_task__type_support.hpp
[0.746s] -- Up-to-date: /home/artem/Documents/3_course/robotics/task3/ex05/install/action_cleaning_robot/include/action_cleaning_robot/action_cleaning_robot/action/detail/cleaning_task__traits.hpp
[0.747s] -- Up-to-date: /home/artem/Documents/3_course/robotics/task3/ex05/install/action_cleaning_robot/include/action_cleaning_robot/action_cleaning_robot
[0.747s] -- Up-to-date: /home/artem/Documents/3_course/robotics/task3/ex05/install/action_cleaning_robot/include/action_cleaning_robot/action_cleaning_robot/msg
[0.747s] -- Up-to-date: /home/artem/Documents/3_course/robotics/task3/ex05/install/action_cleaning_robot/include/action_cleaning_robot/action_cleaning_robot/msg/rosidl_typesupport_fastrtps_cpp__visibility_control.h
[0.747s] -- Up-to-date: /home/artem/Documents/3_course/robotics/task3/ex05/install/action_cleaning_robot/include/action_cleaning_robot/action_cleaning_robot/action
[0.747s] -- Up-to-date: /home/artem/Documents/3_course/robotics/task3/ex05/install/action_cleaning_robot/include/action_cleaning_robot/action_cleaning_robot/action/detail
[0.748s] -- Up-to-date: /home/artem/Documents/3_course/robotics/task3/ex05/install/action_cleaning_robot/include/action_cleaning_robot/action_cleaning_robot/action/detail/cleaning_task__rosidl_typesupport_fastrtps_cpp.hpp
[0.748s] -- Up-to-date: /home/artem/Documents/3_course/robotics/task3/ex05/install/action_cleaning_robot/include/action_cleaning_robot/action_cleaning_robot/action/detail/dds_fastrtps
[0.748s] -- Up-to-date: /home/artem/Documents/3_course/robotics/task3/ex05/install/action_cleaning_robot/lib/libaction_cleaning_robot__rosidl_typesupport_fastrtps_cpp.so
[0.748s] -- Up-to-date: /home/artem/Documents/3_course/robotics/task3/ex05/install/action_cleaning_robot/include/action_cleaning_robot/action_cleaning_robot
[0.748s] -- Up-to-date: /home/artem/Documents/3_course/robotics/task3/ex05/install/action_cleaning_robot/include/action_cleaning_robot/action_cleaning_robot/action
[0.749s] -- Up-to-date: /home/artem/Documents/3_course/robotics/task3/ex05/install/action_cleaning_robot/include/action_cleaning_robot/action_cleaning_robot/action/detail
[0.749s] -- Up-to-date: /home/artem/Documents/3_course/robotics/task3/ex05/install/action_cleaning_robot/include/action_cleaning_robot/action_cleaning_robot/action/detail/cleaning_task__rosidl_typesupport_introspection_cpp.hpp
[0.749s] -- Up-to-date: /home/artem/Documents/3_course/robotics/task3/ex05/install/action_cleaning_robot/include/action_cleaning_robot/action_cleaning_robot/action/detail/cleaning_task__type_support.cpp
[0.749s] -- Up-to-date: /home/artem/Documents/3_course/robotics/task3/ex05/install/action_cleaning_robot/lib/libaction_cleaning_robot__rosidl_typesupport_introspection_cpp.so
[0.749s] -- Up-to-date: /home/artem/Documents/3_course/robotics/task3/ex05/install/action_cleaning_robot/lib/libaction_cleaning_robot__rosidl_typesupport_cpp.so
[0.749s] -- Up-to-date: /home/artem/Documents/3_course/robotics/task3/ex05/install/action_cleaning_robot/share/action_cleaning_robot/environment/pythonpath.sh
[0.750s] -- Up-to-date: /home/artem/Documents/3_course/robotics/task3/ex05/install/action_cleaning_robot/share/action_cleaning_robot/environment/pythonpath.dsv
[0.750s] -- Up-to-date: /home/artem/Documents/3_course/robotics/task3/ex05/install/action_cleaning_robot/lib/python3.12/site-packages/action_cleaning_robot-0.0.0-py3.12.egg-info
[0.750s] -- Installing: /home/artem/Documents/3_course/robotics/task3/ex05/install/action_cleaning_robot/lib/python3.12/site-packages/action_cleaning_robot-0.0.0-py3.12.egg-info/PKG-INFO
[0.750s] -- Installing: /home/artem/Documents/3_course/robotics/task3/ex05/install/action_cleaning_robot/lib/python3.12/site-packages/action_cleaning_robot-0.0.0-py3.12.egg-info/top_level.txt
[0.750s] -- Installing: /home/artem/Documents/3_course/robotics/task3/ex05/install/action_cleaning_robot/lib/python3.12/site-packages/action_cleaning_robot-0.0.0-py3.12.egg-info/dependency_links.txt
[0.750s] -- Installing: /home/artem/Documents/3_course/robotics/task3/ex05/install/action_cleaning_robot/lib/python3.12/site-packages/action_cleaning_robot-0.0.0-py3.12.egg-info/SOURCES.txt
[0.750s] -- Up-to-date: /home/artem/Documents/3_course/robotics/task3/ex05/install/action_cleaning_robot/lib/python3.12/site-packages/action_cleaning_robot
[0.750s] -- Up-to-date: /home/artem/Documents/3_course/robotics/task3/ex05/install/action_cleaning_robot/lib/python3.12/site-packages/action_cleaning_robot/_action_cleaning_robot_s.ep.rosidl_typesupport_c.c
[0.750s] -- Up-to-date: /home/artem/Documents/3_course/robotics/task3/ex05/install/action_cleaning_robot/lib/python3.12/site-packages/action_cleaning_robot/__init__.py
[0.750s] -- Up-to-date: /home/artem/Documents/3_course/robotics/task3/ex05/install/action_cleaning_robot/lib/python3.12/site-packages/action_cleaning_robot/action_cleaning_robot_s__rosidl_typesupport_introspection_c.so
[0.751s] -- Up-to-date: /home/artem/Documents/3_course/robotics/task3/ex05/install/action_cleaning_robot/lib/python3.12/site-packages/action_cleaning_robot/action_cleaning_robot_s__rosidl_typesupport_c.so
[0.751s] -- Up-to-date: /home/artem/Documents/3_course/robotics/task3/ex05/install/action_cleaning_robot/lib/python3.12/site-packages/action_cleaning_robot/action_cleaning_robot_s__rosidl_typesupport_fastrtps_c.so
[0.751s] -- Up-to-date: /home/artem/Documents/3_course/robotics/task3/ex05/install/action_cleaning_robot/lib/python3.12/site-packages/action_cleaning_robot/_action_cleaning_robot_s.ep.rosidl_typesupport_fastrtps_c.c
[0.751s] -- Up-to-date: /home/artem/Documents/3_course/robotics/task3/ex05/install/action_cleaning_robot/lib/python3.12/site-packages/action_cleaning_robot/_action_cleaning_robot_s.ep.rosidl_typesupport_introspection_c.c
[0.751s] -- Up-to-date: /home/artem/Documents/3_course/robotics/task3/ex05/install/action_cleaning_robot/lib/python3.12/site-packages/action_cleaning_robot/action
[0.751s] -- Up-to-date: /home/artem/Documents/3_course/robotics/task3/ex05/install/action_cleaning_robot/lib/python3.12/site-packages/action_cleaning_robot/action/__init__.py
[0.751s] -- Up-to-date: /home/artem/Documents/3_course/robotics/task3/ex05/install/action_cleaning_robot/lib/python3.12/site-packages/action_cleaning_robot/action/_cleaning_task.py
[0.751s] -- Up-to-date: /home/artem/Documents/3_course/robotics/task3/ex05/install/action_cleaning_robot/lib/python3.12/site-packages/action_cleaning_robot/action/_cleaning_task_s.c
[0.819s] Listing '/home/artem/Documents/3_course/robotics/task3/ex05/install/action_cleaning_robot/lib/python3.12/site-packages/action_cleaning_robot'...
[0.819s] Listing '/home/artem/Documents/3_course/robotics/task3/ex05/install/action_cleaning_robot/lib/python3.12/site-packages/action_cleaning_robot/action'...
[0.832s] -- Up-to-date: /home/artem/Documents/3_course/robotics/task3/ex05/install/action_cleaning_robot/lib/python3.12/site-packages/action_cleaning_robot/action_cleaning_robot_s__rosidl_typesupport_fastrtps_c.so
[0.832s] -- Up-to-date: /home/artem/Documents/3_course/robotics/task3/ex05/install/action_cleaning_robot/lib/python3.12/site-packages/action_cleaning_robot/action_cleaning_robot_s__rosidl_typesupport_introspection_c.so
[0.832s] -- Up-to-date: /home/artem/Documents/3_course/robotics/task3/ex05/install/action_cleaning_robot/lib/python3.12/site-packages/action_cleaning_robot/action_cleaning_robot_s__rosidl_typesupport_c.so
[0.833s] -- Up-to-date: /home/artem/Documents/3_course/robotics/task3/ex05/install/action_cleaning_robot/lib/libaction_cleaning_robot__rosidl_generator_py.so
[0.833s] -- Up-to-date: /home/artem/Documents/3_course/robotics/task3/ex05/install/action_cleaning_robot/share/action_cleaning_robot/action/CleaningTask.idl
[0.833s] -- Up-to-date: /home/artem/Documents/3_course/robotics/task3/ex05/install/action_cleaning_robot/share/action_cleaning_robot/action/CleaningTask.action
[0.833s] -- Installing: /home/artem/Documents/3_course/robotics/task3/ex05/install/action_cleaning_robot/lib/action_cleaning_robot/cleaning_action_server
[0.834s] -- Up-to-date: /home/artem/Documents/3_course/robotics/task3/ex05/install/action_cleaning_robot/lib/action_cleaning_robot/cleaning_action_client
[0.834s] -- Up-to-date: /home/artem/Documents/3_course/robotics/task3/ex05/install/action_cleaning_robot/share/ament_index/resource_index/package_run_dependencies/action_cleaning_robot
[0.834s] -- Up-to-date: /home/artem/Documents/3_course/robotics/task3/ex05/install/action_cleaning_robot/share/ament_index/resource_index/parent_prefix_path/action_cleaning_robot
[0.835s] -- Up-to-date: /home/artem/Documents/3_course/robotics/task3/ex05/install/action_cleaning_robot/share/action_cleaning_robot/environment/ament_prefix_path.sh
[0.835s] -- Up-to-date: /home/artem/Documents/3_course/robotics/task3/ex05/install/action_cleaning_robot/share/action_cleaning_robot/environment/ament_prefix_path.dsv
[0.835s] -- Up-to-date: /home/artem/Documents/3_course/robotics/task3/ex05/install/action_cleaning_robot/share/action_cleaning_robot/environment/path.sh
[0.835s] -- Up-to-date: /home/artem/Documents/3_course/robotics/task3/ex05/install/action_cleaning_robot/share/action_cleaning_robot/environment/path.dsv
[0.835s] -- Up-to-date: /home/artem/Documents/3_course/robotics/task3/ex05/install/action_cleaning_robot/share/action_cleaning_robot/local_setup.bash
[0.836s] -- Up-to-date: /home/artem/Documents/3_course/robotics/task3/ex05/install/action_cleaning_robot/share/action_cleaning_robot/local_setup.sh
[0.836s] -- Up-to-date: /home/artem/Documents/3_course/robotics/task3/ex05/install/action_cleaning_robot/share/action_cleaning_robot/local_setup.zsh
[0.836s] -- Up-to-date: /home/artem/Documents/3_course/robotics/task3/ex05/install/action_cleaning_robot/share/action_cleaning_robot/local_setup.dsv
[0.836s] -- Installing: /home/artem/Documents/3_course/robotics/task3/ex05/install/action_cleaning_robot/share/action_cleaning_robot/package.dsv
[0.836s] -- Up-to-date: /home/artem/Documents/3_course/robotics/task3/ex05/install/action_cleaning_robot/share/ament_index/resource_index/packages/action_cleaning_robot
[0.837s] -- Up-to-date: /home/artem/Documents/3_course/robotics/task3/ex05/install/action_cleaning_robot/share/action_cleaning_robot/cmake/export_action_cleaning_robot__rosidl_generator_cExport.cmake
[0.837s] -- Up-to-date: /home/artem/Documents/3_course/robotics/task3/ex05/install/action_cleaning_robot/share/action_cleaning_robot/cmake/export_action_cleaning_robot__rosidl_generator_cExport-noconfig.cmake
[0.837s] -- Up-to-date: /home/artem/Documents/3_course/robotics/task3/ex05/install/action_cleaning_robot/share/action_cleaning_robot/cmake/export_action_cleaning_robot__rosidl_typesupport_fastrtps_cExport.cmake
[0.837s] -- Up-to-date: /home/artem/Documents/3_course/robotics/task3/ex05/install/action_cleaning_robot/share/action_cleaning_robot/cmake/export_action_cleaning_robot__rosidl_typesupport_fastrtps_cExport-noconfig.cmake
[0.837s] -- Up-to-date: /home/artem/Documents/3_course/robotics/task3/ex05/install/action_cleaning_robot/share/action_cleaning_robot/cmake/action_cleaning_robot__rosidl_typesupport_introspection_cExport.cmake
[0.838s] -- Up-to-date: /home/artem/Documents/3_course/robotics/task3/ex05/install/action_cleaning_robot/share/action_cleaning_robot/cmake/action_cleaning_robot__rosidl_typesupport_introspection_cExport-noconfig.cmake
[0.838s] -- Up-to-date: /home/artem/Documents/3_course/robotics/task3/ex05/install/action_cleaning_robot/share/action_cleaning_robot/cmake/action_cleaning_robot__rosidl_typesupport_cExport.cmake
[0.838s] -- Up-to-date: /home/artem/Documents/3_course/robotics/task3/ex05/install/action_cleaning_robot/share/action_cleaning_robot/cmake/action_cleaning_robot__rosidl_typesupport_cExport-noconfig.cmake
[0.838s] -- Up-to-date: /home/artem/Documents/3_course/robotics/task3/ex05/install/action_cleaning_robot/share/action_cleaning_robot/cmake/export_action_cleaning_robot__rosidl_generator_cppExport.cmake
[0.839s] -- Up-to-date: /home/artem/Documents/3_course/robotics/task3/ex05/install/action_cleaning_robot/share/action_cleaning_robot/cmake/export_action_cleaning_robot__rosidl_typesupport_fastrtps_cppExport.cmake
[0.839s] -- Up-to-date: /home/artem/Documents/3_course/robotics/task3/ex05/install/action_cleaning_robot/share/action_cleaning_robot/cmake/export_action_cleaning_robot__rosidl_typesupport_fastrtps_cppExport-noconfig.cmake
[0.839s] -- Up-to-date: /home/artem/Documents/3_course/robotics/task3/ex05/install/action_cleaning_robot/share/action_cleaning_robot/cmake/action_cleaning_robot__rosidl_typesupport_introspection_cppExport.cmake
[0.839s] -- Up-to-date: /home/artem/Documents/3_course/robotics/task3/ex05/install/action_cleaning_robot/share/action_cleaning_robot/cmake/action_cleaning_robot__rosidl_typesupport_introspection_cppExport-noconfig.cmake
[0.840s] -- Up-to-date: /home/artem/Documents/3_course/robotics/task3/ex05/install/action_cleaning_robot/share/action_cleaning_robot/cmake/action_cleaning_robot__rosidl_typesupport_cppExport.cmake
[0.840s] -- Up-to-date: /home/artem/Documents/3_course/robotics/task3/ex05/install/action_cleaning_robot/share/action_cleaning_robot/cmake/action_cleaning_robot__rosidl_typesupport_cppExport-noconfig.cmake
[0.840s] -- Up-to-date: /home/artem/Documents/3_course/robotics/task3/ex05/install/action_cleaning_robot/share/action_cleaning_robot/cmake/export_action_cleaning_robot__rosidl_generator_pyExport.cmake
[0.840s] -- Up-to-date: /home/artem/Documents/3_course/robotics/task3/ex05/install/action_cleaning_robot/share/action_cleaning_robot/cmake/export_action_cleaning_robot__rosidl_generator_pyExport-noconfig.cmake
[0.840s] -- Up-to-date: /home/artem/Documents/3_course/robotics/task3/ex05/install/action_cleaning_robot/share/action_cleaning_robot/cmake/rosidl_cmake-extras.cmake
[0.841s] -- Up-to-date: /home/artem/Documents/3_course/robotics/task3/ex05/install/action_cleaning_robot/share/action_cleaning_robot/cmake/ament_cmake_export_dependencies-extras.cmake
[0.842s] -- Up-to-date: /home/artem/Documents/3_course/robotics/task3/ex05/install/action_cleaning_robot/share/action_cleaning_robot/cmake/ament_cmake_export_include_directories-extras.cmake
[0.843s] -- Up-to-date: /home/artem/Documents/3_course/robotics/task3/ex05/install/action_cleaning_robot/share/action_cleaning_robot/cmake/ament_cmake_export_libraries-extras.cmake
[0.843s] -- Up-to-date: /home/artem/Documents/3_course/robotics/task3/ex05/install/action_cleaning_robot/share/action_cleaning_robot/cmake/ament_cmake_export_targets-extras.cmake
[0.843s] -- Up-to-date: /home/artem/Documents/3_course/robotics/task3/ex05/install/action_cleaning_robot/share/action_cleaning_robot/cmake/rosidl_cmake_export_typesupport_targets-extras.cmake
[0.843s] -- Up-to-date: /home/artem/Documents/3_course/robotics/task3/ex05/install/action_cleaning_robot/share/action_cleaning_robot/cmake/rosidl_cmake_export_typesupport_libraries-extras.cmake
[0.843s] -- Up-to-date: /home/artem/Documents/3_course/robotics/task3/ex05/install/action_cleaning_robot/share/action_cleaning_robot/cmake/action_cleaning_robotConfig.cmake
[0.844s] -- Up-to-date: /home/artem/Documents/3_course/robotics/task3/ex05/install/action_cleaning_robot/share/action_cleaning_robot/cmake/action_cleaning_robotConfig-version.cmake
[0.844s] -- Up-to-date: /home/artem/Documents/3_course/robotics/task3/ex05/install/action_cleaning_robot/share/action_cleaning_robot/package.xml
[0.844s] Invoked command in '/home/artem/Documents/3_course/robotics/task3/ex05/build/action_cleaning_robot' returned '0': CMAKE_PREFIX_PATH=${CMAKE_PREFIX_PATH}:/opt/ros/jazzy DEBUGINFOD_URLS=https://debuginfod.ubuntu.com /usr/bin/cmake --install /home/artem/Documents/3_course/robotics/task3/ex05/build/action_cleaning_robot
