-- Install configuration: ""
-- Up-to-date: /home/artem/Documents/3_course/robotics/task5/ex01/install/sam_bot_description/share/sam_bot_description/launch
-- Installing: /home/artem/Documents/3_course/robotics/task5/ex01/install/sam_bot_description/share/sam_bot_description/launch/display.launch.py
-- Up-to-date: /home/artem/Documents/3_course/robotics/task5/ex01/install/sam_bot_description/share/sam_bot_description/urdf
-- Installing: /home/artem/Documents/3_course/robotics/task5/ex01/install/sam_bot_description/share/sam_bot_description/urdf/install
-- Installing: /home/artem/Documents/3_course/robotics/task5/ex01/install/sam_bot_description/share/sam_bot_description/urdf/install/local_setup.ps1
-- Installing: /home/artem/Documents/3_course/robotics/task5/ex01/install/sam_bot_description/share/sam_bot_description/urdf/install/setup.zsh
-- Installing: /home/artem/Documents/3_course/robotics/task5/ex01/install/sam_bot_description/share/sam_bot_description/urdf/install/local_setup.sh
-- Installing: /home/artem/Documents/3_course/robotics/task5/ex01/install/sam_bot_description/share/sam_bot_description/urdf/install/COLCON_IGNORE
-- Installing: /home/artem/Documents/3_course/robotics/task5/ex01/install/sam_bot_description/share/sam_bot_description/urdf/install/setup.bash
-- Installing: /home/artem/Documents/3_course/robotics/task5/ex01/install/sam_bot_description/share/sam_bot_description/urdf/install/_local_setup_util_sh.py
-- Installing: /home/artem/Documents/3_course/robotics/task5/ex01/install/sam_bot_description/share/sam_bot_description/urdf/install/_local_setup_util_ps1.py
-- Installing: /home/artem/Documents/3_course/robotics/task5/ex01/install/sam_bot_description/share/sam_bot_description/urdf/install/local_setup.zsh
-- Installing: /home/artem/Documents/3_course/robotics/task5/ex01/install/sam_bot_description/share/sam_bot_description/urdf/install/.colcon_install_layout
-- Installing: /home/artem/Documents/3_course/robotics/task5/ex01/install/sam_bot_description/share/sam_bot_description/urdf/install/setup.ps1
-- Installing: /home/artem/Documents/3_course/robotics/task5/ex01/install/sam_bot_description/share/sam_bot_description/urdf/install/local_setup.bash
-- Installing: /home/artem/Documents/3_course/robotics/task5/ex01/install/sam_bot_description/share/sam_bot_description/urdf/install/setup.sh
-- Installing: /home/artem/Documents/3_course/robotics/task5/ex01/install/sam_bot_description/share/sam_bot_description/urdf/build
-- Installing: /home/artem/Documents/3_course/robotics/task5/ex01/install/sam_bot_description/share/sam_bot_description/urdf/build/COLCON_IGNORE
-- Installing: /home/artem/Documents/3_course/robotics/task5/ex01/install/sam_bot_description/share/sam_bot_description/urdf/build/.built_by
-- Installing: /home/artem/Documents/3_course/robotics/task5/ex01/install/sam_bot_description/share/sam_bot_description/urdf/robot.urdf
-- Installing: /home/artem/Documents/3_course/robotics/task5/ex01/install/sam_bot_description/share/sam_bot_description/urdf/log
-- Installing: /home/artem/Documents/3_course/robotics/task5/ex01/install/sam_bot_description/share/sam_bot_description/urdf/log/COLCON_IGNORE
-- Installing: /home/artem/Documents/3_course/robotics/task5/ex01/install/sam_bot_description/share/sam_bot_description/urdf/log/latest_build
-- Installing: /home/artem/Documents/3_course/robotics/task5/ex01/install/sam_bot_description/share/sam_bot_description/urdf/log/latest
-- Installing: /home/artem/Documents/3_course/robotics/task5/ex01/install/sam_bot_description/share/sam_bot_description/urdf/log/build_2025-11-18_18-59-54
-- Installing: /home/artem/Documents/3_course/robotics/task5/ex01/install/sam_bot_description/share/sam_bot_description/urdf/log/build_2025-11-18_18-59-54/events.log
-- Installing: /home/artem/Documents/3_course/robotics/task5/ex01/install/sam_bot_description/share/sam_bot_description/urdf/log/build_2025-11-18_18-59-54/logger_all.log
-- Installing: /home/artem/Documents/3_course/robotics/task5/ex01/install/sam_bot_description/share/sam_bot_description/urdf/robot.urdf.xacro
-- Up-to-date: /home/artem/Documents/3_course/robotics/task5/ex01/install/sam_bot_description/share/sam_bot_description/rviz
-- Up-to-date: /home/artem/Documents/3_course/robotics/task5/ex01/install/sam_bot_description/share/sam_bot_description/rviz/urdf_config.rviz
-- Up-to-date: /home/artem/Documents/3_course/robotics/task5/ex01/install/sam_bot_description/share/ament_index/resource_index/package_run_dependencies/sam_bot_description
-- Up-to-date: /home/artem/Documents/3_course/robotics/task5/ex01/install/sam_bot_description/share/ament_index/resource_index/parent_prefix_path/sam_bot_description
-- Up-to-date: /home/artem/Documents/3_course/robotics/task5/ex01/install/sam_bot_description/share/sam_bot_description/environment/ament_prefix_path.sh
-- Up-to-date: /home/artem/Documents/3_course/robotics/task5/ex01/install/sam_bot_description/share/sam_bot_description/environment/ament_prefix_path.dsv
-- Up-to-date: /home/artem/Documents/3_course/robotics/task5/ex01/install/sam_bot_description/share/sam_bot_description/environment/path.sh
-- Up-to-date: /home/artem/Documents/3_course/robotics/task5/ex01/install/sam_bot_description/share/sam_bot_description/environment/path.dsv
-- Up-to-date: /home/artem/Documents/3_course/robotics/task5/ex01/install/sam_bot_description/share/sam_bot_description/local_setup.bash
-- Up-to-date: /home/artem/Documents/3_course/robotics/task5/ex01/install/sam_bot_description/share/sam_bot_description/local_setup.sh
-- Up-to-date: /home/artem/Documents/3_course/robotics/task5/ex01/install/sam_bot_description/share/sam_bot_description/local_setup.zsh
-- Up-to-date: /home/artem/Documents/3_course/robotics/task5/ex01/install/sam_bot_description/share/sam_bot_description/local_setup.dsv
-- Installing: /home/artem/Documents/3_course/robotics/task5/ex01/install/sam_bot_description/share/sam_bot_description/package.dsv
-- Up-to-date: /home/artem/Documents/3_course/robotics/task5/ex01/install/sam_bot_description/share/ament_index/resource_index/packages/sam_bot_description
-- Up-to-date: /home/artem/Documents/3_course/robotics/task5/ex01/install/sam_bot_description/share/sam_bot_description/cmake/sam_bot_descriptionConfig.cmake
-- Up-to-date: /home/artem/Documents/3_course/robotics/task5/ex01/install/sam_bot_description/share/sam_bot_description/cmake/sam_bot_descriptionConfig-version.cmake
-- Up-to-date: /home/artem/Documents/3_course/robotics/task5/ex01/install/sam_bot_description/share/sam_bot_description/package.xml
