[0.009s] Invoking command in '/home/artem/Documents/3_course/robotics/task5/ex01/build/sam_bot_description': CMAKE_PREFIX_PATH=${CMAKE_PREFIX_PATH}:/opt/ros/jazzy DEBUGINFOD_URLS=https://debuginfod.ubuntu.com /usr/bin/cmake --build /home/artem/Documents/3_course/robotics/task5/ex01/build/sam_bot_description -- -j12 -l12
[0.042s] Invoked command in '/home/artem/Documents/3_course/robotics/task5/ex01/build/sam_bot_description' returned '0': CMAKE_PREFIX_PATH=${CMAKE_PREFIX_PATH}:/opt/ros/jazzy DEBUGINFOD_URLS=https://debuginfod.ubuntu.com /usr/bin/cmake --build /home/artem/Documents/3_course/robotics/task5/ex01/build/sam_bot_description -- -j12 -l12
[0.051s] Invoking command in '/home/artem/Documents/3_course/robotics/task5/ex01/build/sam_bot_description': CMAKE_PREFIX_PATH=${CMAKE_PREFIX_PATH}:/opt/ros/jazzy DEBUGINFOD_URLS=https://debuginfod.ubuntu.com /usr/bin/cmake --install /home/artem/Documents/3_course/robotics/task5/ex01/build/sam_bot_description
[0.059s] -- Install configuration: ""
[0.059s] -- Up-to-date: /home/artem/Documents/3_course/robotics/task5/ex01/install/sam_bot_description/share/sam_bot_description/launch
[0.059s] -- Installing: /home/artem/Documents/3_course/robotics/task5/ex01/install/sam_bot_description/share/sam_bot_description/launch/display.launch.py
[0.059s] -- Up-to-date: /home/artem/Documents/3_course/robotics/task5/ex01/install/sam_bot_description/share/sam_bot_description/urdf
[0.059s] -- Installing: /home/artem/Documents/3_course/robotics/task5/ex01/install/sam_bot_description/share/sam_bot_description/urdf/install
[0.059s] -- Installing: /home/artem/Documents/3_course/robotics/task5/ex01/install/sam_bot_description/share/sam_bot_description/urdf/install/local_setup.ps1
[0.059s] -- Installing: /home/artem/Documents/3_course/robotics/task5/ex01/install/sam_bot_description/share/sam_bot_description/urdf/install/setup.zsh
[0.059s] -- Installing: /home/artem/Documents/3_course/robotics/task5/ex01/install/sam_bot_description/share/sam_bot_description/urdf/install/local_setup.sh
[0.059s] -- Installing: /home/artem/Documents/3_course/robotics/task5/ex01/install/sam_bot_description/share/sam_bot_description/urdf/install/COLCON_IGNORE
[0.060s] -- Installing: /home/artem/Documents/3_course/robotics/task5/ex01/install/sam_bot_description/share/sam_bot_description/urdf/install/setup.bash
[0.060s] -- Installing: /home/artem/Documents/3_course/robotics/task5/ex01/install/sam_bot_description/share/sam_bot_description/urdf/install/_local_setup_util_sh.py
[0.060s] -- Installing: /home/artem/Documents/3_course/robotics/task5/ex01/install/sam_bot_description/share/sam_bot_description/urdf/install/_local_setup_util_ps1.py
[0.060s] -- Installing: /home/artem/Documents/3_course/robotics/task5/ex01/install/sam_bot_description/share/sam_bot_description/urdf/install/local_setup.zsh
[0.060s] -- Installing: /home/artem/Documents/3_course/robotics/task5/ex01/install/sam_bot_description/share/sam_bot_description/urdf/install/.colcon_install_layout
[0.060s] -- Installing: /home/artem/Documents/3_course/robotics/task5/ex01/install/sam_bot_description/share/sam_bot_description/urdf/install/setup.ps1
[0.060s] -- Installing: /home/artem/Documents/3_course/robotics/task5/ex01/install/sam_bot_description/share/sam_bot_description/urdf/install/local_setup.bash
[0.060s] -- Installing: /home/artem/Documents/3_course/robotics/task5/ex01/install/sam_bot_description/share/sam_bot_description/urdf/install/setup.sh
[0.060s] -- Installing: /home/artem/Documents/3_course/robotics/task5/ex01/install/sam_bot_description/share/sam_bot_description/urdf/build
[0.060s] -- Installing: /home/artem/Documents/3_course/robotics/task5/ex01/install/sam_bot_description/share/sam_bot_description/urdf/build/COLCON_IGNORE
[0.061s] -- Installing: /home/artem/Documents/3_course/robotics/task5/ex01/install/sam_bot_description/share/sam_bot_description/urdf/build/.built_by
[0.061s] -- Installing: /home/artem/Documents/3_course/robotics/task5/ex01/install/sam_bot_description/share/sam_bot_description/urdf/robot.urdf
[0.061s] -- Installing: /home/artem/Documents/3_course/robotics/task5/ex01/install/sam_bot_description/share/sam_bot_description/urdf/log
[0.061s] -- Installing: /home/artem/Documents/3_course/robotics/task5/ex01/install/sam_bot_description/share/sam_bot_description/urdf/log/COLCON_IGNORE
[0.061s] -- Installing: /home/artem/Documents/3_course/robotics/task5/ex01/install/sam_bot_description/share/sam_bot_description/urdf/log/latest_build
[0.061s] -- Installing: /home/artem/Documents/3_course/robotics/task5/ex01/install/sam_bot_description/share/sam_bot_description/urdf/log/latest
[0.061s] -- Installing: /home/artem/Documents/3_course/robotics/task5/ex01/install/sam_bot_description/share/sam_bot_description/urdf/log/build_2025-11-18_18-59-54
[0.061s] -- Installing: /home/artem/Documents/3_course/robotics/task5/ex01/install/sam_bot_description/share/sam_bot_description/urdf/log/build_2025-11-18_18-59-54/events.log
[0.061s] -- Installing: /home/artem/Documents/3_course/robotics/task5/ex01/install/sam_bot_description/share/sam_bot_description/urdf/log/build_2025-11-18_18-59-54/logger_all.log
[0.061s] -- Installing: /home/artem/Documents/3_course/robotics/task5/ex01/install/sam_bot_description/share/sam_bot_description/urdf/robot.urdf.xacro
[0.062s] -- Up-to-date: /home/artem/Documents/3_course/robotics/task5/ex01/install/sam_bot_description/share/sam_bot_description/rviz
[0.062s] -- Up-to-date: /home/artem/Documents/3_course/robotics/task5/ex01/install/sam_bot_description/share/sam_bot_description/rviz/urdf_config.rviz
[0.062s] -- Up-to-date: /home/artem/Documents/3_course/robotics/task5/ex01/install/sam_bot_description/share/ament_index/resource_index/package_run_dependencies/sam_bot_description
[0.062s] -- Up-to-date: /home/artem/Documents/3_course/robotics/task5/ex01/install/sam_bot_description/share/ament_index/resource_index/parent_prefix_path/sam_bot_description
[0.062s] -- Up-to-date: /home/artem/Documents/3_course/robotics/task5/ex01/install/sam_bot_description/share/sam_bot_description/environment/ament_prefix_path.sh
[0.062s] -- Up-to-date: /home/artem/Documents/3_course/robotics/task5/ex01/install/sam_bot_description/share/sam_bot_description/environment/ament_prefix_path.dsv
[0.062s] -- Up-to-date: /home/artem/Documents/3_course/robotics/task5/ex01/install/sam_bot_description/share/sam_bot_description/environment/path.sh
[0.062s] -- Up-to-date: /home/artem/Documents/3_course/robotics/task5/ex01/install/sam_bot_description/share/sam_bot_description/environment/path.dsv
[0.062s] -- Up-to-date: /home/artem/Documents/3_course/robotics/task5/ex01/install/sam_bot_description/share/sam_bot_description/local_setup.bash
[0.062s] -- Up-to-date: /home/artem/Documents/3_course/robotics/task5/ex01/install/sam_bot_description/share/sam_bot_description/local_setup.sh
[0.062s] -- Up-to-date: /home/artem/Documents/3_course/robotics/task5/ex01/install/sam_bot_description/share/sam_bot_description/local_setup.zsh
[0.062s] -- Up-to-date: /home/artem/Documents/3_course/robotics/task5/ex01/install/sam_bot_description/share/sam_bot_description/local_setup.dsv
[0.062s] -- Installing: /home/artem/Documents/3_course/robotics/task5/ex01/install/sam_bot_description/share/sam_bot_description/package.dsv
[0.062s] -- Up-to-date: /home/artem/Documents/3_course/robotics/task5/ex01/install/sam_bot_description/share/ament_index/resource_index/packages/sam_bot_description
[0.062s] -- Up-to-date: /home/artem/Documents/3_course/robotics/task5/ex01/install/sam_bot_description/share/sam_bot_description/cmake/sam_bot_descriptionConfig.cmake
[0.063s] -- Up-to-date: /home/artem/Documents/3_course/robotics/task5/ex01/install/sam_bot_description/share/sam_bot_description/cmake/sam_bot_descriptionConfig-version.cmake
[0.063s] -- Up-to-date: /home/artem/Documents/3_course/robotics/task5/ex01/install/sam_bot_description/share/sam_bot_description/package.xml
[0.063s] Invoked command in '/home/artem/Documents/3_course/robotics/task5/ex01/build/sam_bot_description' returned '0': CMAKE_PREFIX_PATH=${CMAKE_PREFIX_PATH}:/opt/ros/jazzy DEBUGINFOD_URLS=https://debuginfod.ubuntu.com /usr/bin/cmake --install /home/artem/Documents/3_course/robotics/task5/ex01/build/sam_bot_description
