[0.007s] Invoking command in '/home/artem/Documents/3_course/robotics/task5/ex05/build/robot_bringup': CMAKE_PREFIX_PATH=${CMAKE_PREFIX_PATH}:/opt/ros/jazzy DEBUGINFOD_URLS=https://debuginfod.ubuntu.com /usr/bin/cmake /home/artem/Documents/3_course/robotics/task5/ex05/robot_bringup -DCMAKE_INSTALL_PREFIX=/home/artem/Documents/3_course/robotics/task5/ex05/install/robot_bringup
[0.111s] -- The C compiler identification is GNU 13.3.0
[0.193s] -- The CXX compiler identification is GNU 13.3.0
[0.211s] -- Detecting C compiler ABI info
[0.286s] -- Detecting C compiler ABI info - done
[0.292s] -- Check for working C compiler: /usr/bin/cc - skipped
[0.293s] -- Detecting C compile features
[0.293s] -- Detecting C compile features - done
[0.301s] -- Detecting CXX compiler ABI info
[0.379s] -- Detecting CXX compiler ABI info - done
[0.385s] -- Check for working CXX compiler: /usr/bin/c++ - skipped
[0.385s] -- Detecting CXX compile features
[0.385s] -- Detecting CXX compile features - done
[0.392s] -- Found ament_cmake: 2.5.4 (/opt/ros/jazzy/share/ament_cmake/cmake)
[0.511s] -- Found Python3: /usr/bin/python3 (found version "3.12.3") found components: Interpreter 
[0.620s] -- Found ament_lint_auto: 0.17.3 (/opt/ros/jazzy/share/ament_lint_auto/cmake)
[0.708s] -- Added test 'copyright' to check source files copyright and LICENSE
[0.710s] -- Added test 'flake8' to check Python code syntax and style conventions
[0.710s] -- Configured 'flake8' exclude dirs and/or files: 
[0.710s] -- Added test 'lint_cmake' to check CMake code style
[0.711s] -- Added test 'pep257' to check Python code against some of the docstring style conventions in PEP 257
[0.712s] -- Added test 'xmllint' to check XML markup files
[0.712s] -- Configuring done (0.7s)
[0.714s] -- Generating done (0.0s)
[0.715s] -- Build files have been written to: /home/artem/Documents/3_course/robotics/task5/ex05/build/robot_bringup
[0.720s] Invoked command in '/home/artem/Documents/3_course/robotics/task5/ex05/build/robot_bringup' returned '0': CMAKE_PREFIX_PATH=${CMAKE_PREFIX_PATH}:/opt/ros/jazzy DEBUGINFOD_URLS=https://debuginfod.ubuntu.com /usr/bin/cmake /home/artem/Documents/3_course/robotics/task5/ex05/robot_bringup -DCMAKE_INSTALL_PREFIX=/home/artem/Documents/3_course/robotics/task5/ex05/install/robot_bringup
[0.720s] Invoking command in '/home/artem/Documents/3_course/robotics/task5/ex05/build/robot_bringup': CMAKE_PREFIX_PATH=${CMAKE_PREFIX_PATH}:/opt/ros/jazzy DEBUGINFOD_URLS=https://debuginfod.ubuntu.com /usr/bin/cmake --build /home/artem/Documents/3_course/robotics/task5/ex05/build/robot_bringup -- -j12 -l12
[0.751s] Invoked command in '/home/artem/Documents/3_course/robotics/task5/ex05/build/robot_bringup' returned '0': CMAKE_PREFIX_PATH=${CMAKE_PREFIX_PATH}:/opt/ros/jazzy DEBUGINFOD_URLS=https://debuginfod.ubuntu.com /usr/bin/cmake --build /home/artem/Documents/3_course/robotics/task5/ex05/build/robot_bringup -- -j12 -l12
[0.759s] Invoking command in '/home/artem/Documents/3_course/robotics/task5/ex05/build/robot_bringup': CMAKE_PREFIX_PATH=${CMAKE_PREFIX_PATH}:/opt/ros/jazzy DEBUGINFOD_URLS=https://debuginfod.ubuntu.com /usr/bin/cmake --install /home/artem/Documents/3_course/robotics/task5/ex05/build/robot_bringup
[0.765s] -- Install configuration: ""
[0.765s] -- Installing: /home/artem/Documents/3_course/robotics/task5/ex05/install/robot_bringup/share/robot_bringup/launch
[0.765s] -- Installing: /home/artem/Documents/3_course/robotics/task5/ex05/install/robot_bringup/share/robot_bringup/launch/diff_drive.launch.py
[0.765s] -- Installing: /home/artem/Documents/3_course/robotics/task5/ex05/install/robot_bringup/share/robot_bringup/config
[0.765s] -- Installing: /home/artem/Documents/3_course/robotics/task5/ex05/install/robot_bringup/share/robot_bringup/config/robot_bridge.yaml
[0.765s] -- Installing: /home/artem/Documents/3_course/robotics/task5/ex05/install/robot_bringup/share/robot_bringup/config/diff_drive.rviz
[0.765s] -- Installing: /home/artem/Documents/3_course/robotics/task5/ex05/install/robot_bringup/share/ament_index/resource_index/package_run_dependencies/robot_bringup
[0.765s] -- Installing: /home/artem/Documents/3_course/robotics/task5/ex05/install/robot_bringup/share/ament_index/resource_index/parent_prefix_path/robot_bringup
[0.765s] -- Installing: /home/artem/Documents/3_course/robotics/task5/ex05/install/robot_bringup/share/robot_bringup/environment/ament_prefix_path.sh
[0.765s] -- Installing: /home/artem/Documents/3_course/robotics/task5/ex05/install/robot_bringup/share/robot_bringup/environment/ament_prefix_path.dsv
[0.765s] -- Installing: /home/artem/Documents/3_course/robotics/task5/ex05/install/robot_bringup/share/robot_bringup/environment/path.sh
[0.765s] -- Installing: /home/artem/Documents/3_course/robotics/task5/ex05/install/robot_bringup/share/robot_bringup/environment/path.dsv
[0.765s] -- Installing: /home/artem/Documents/3_course/robotics/task5/ex05/install/robot_bringup/share/robot_bringup/local_setup.bash
[0.765s] -- Installing: /home/artem/Documents/3_course/robotics/task5/ex05/install/robot_bringup/share/robot_bringup/local_setup.sh
[0.765s] -- Installing: /home/artem/Documents/3_course/robotics/task5/ex05/install/robot_bringup/share/robot_bringup/local_setup.zsh
[0.765s] -- Installing: /home/artem/Documents/3_course/robotics/task5/ex05/install/robot_bringup/share/robot_bringup/local_setup.dsv
[0.765s] -- Installing: /home/artem/Documents/3_course/robotics/task5/ex05/install/robot_bringup/share/robot_bringup/package.dsv
[0.766s] -- Installing: /home/artem/Documents/3_course/robotics/task5/ex05/install/robot_bringup/share/ament_index/resource_index/packages/robot_bringup
[0.766s] -- Installing: /home/artem/Documents/3_course/robotics/task5/ex05/install/robot_bringup/share/robot_bringup/cmake/robot_bringupConfig.cmake
[0.766s] -- Installing: /home/artem/Documents/3_course/robotics/task5/ex05/install/robot_bringup/share/robot_bringup/cmake/robot_bringupConfig-version.cmake
[0.766s] -- Installing: /home/artem/Documents/3_course/robotics/task5/ex05/install/robot_bringup/share/robot_bringup/package.xml
[0.767s] Invoked command in '/home/artem/Documents/3_course/robotics/task5/ex05/build/robot_bringup' returned '0': CMAKE_PREFIX_PATH=${CMAKE_PREFIX_PATH}:/opt/ros/jazzy DEBUGINFOD_URLS=https://debuginfod.ubuntu.com /usr/bin/cmake --install /home/artem/Documents/3_course/robotics/task5/ex05/build/robot_bringup
