[0.018s] Invoking command in '/home/artem/Documents/3_course/robotics/task2/ex03/build/my_package': CMAKE_PREFIX_PATH=${CMAKE_PREFIX_PATH}:/opt/ros/jazzy CONDA_PROMPT_MODIFIER=(base) DEBUGINFOD_URLS=https://debuginfod.ubuntu.com /usr/bin/cmake --build /home/artem/Documents/3_course/robotics/task2/ex03/build/my_package -- -j12 -l12
[0.148s] [100%] Built target first_node
[0.180s] Invoked command in '/home/artem/Documents/3_course/robotics/task2/ex03/build/my_package' returned '0': CMAKE_PREFIX_PATH=${CMAKE_PREFIX_PATH}:/opt/ros/jazzy CONDA_PROMPT_MODIFIER=(base) DEBUGINFOD_URLS=https://debuginfod.ubuntu.com /usr/bin/cmake --build /home/artem/Documents/3_course/robotics/task2/ex03/build/my_package -- -j12 -l12
[0.202s] Invoking command in '/home/artem/Documents/3_course/robotics/task2/ex03/build/my_package': CMAKE_PREFIX_PATH=${CMAKE_PREFIX_PATH}:/opt/ros/jazzy CONDA_PROMPT_MODIFIER=(base) DEBUGINFOD_URLS=https://debuginfod.ubuntu.com /usr/bin/cmake --install /home/artem/Documents/3_course/robotics/task2/ex03/build/my_package
[0.221s] -- Install configuration: ""
[0.221s] -- Up-to-date: /home/artem/Documents/3_course/robotics/task2/ex03/install/my_package/lib/my_package/first_node
[0.221s] -- Up-to-date: /home/artem/Documents/3_course/robotics/task2/ex03/install/my_package/share/ament_index/resource_index/package_run_dependencies/my_package
[0.221s] -- Up-to-date: /home/artem/Documents/3_course/robotics/task2/ex03/install/my_package/share/ament_index/resource_index/parent_prefix_path/my_package
[0.222s] -- Up-to-date: /home/artem/Documents/3_course/robotics/task2/ex03/install/my_package/share/my_package/environment/ament_prefix_path.sh
[0.222s] -- Up-to-date: /home/artem/Documents/3_course/robotics/task2/ex03/install/my_package/share/my_package/environment/ament_prefix_path.dsv
[0.222s] -- Up-to-date: /home/artem/Documents/3_course/robotics/task2/ex03/install/my_package/share/my_package/environment/path.sh
[0.222s] -- Up-to-date: /home/artem/Documents/3_course/robotics/task2/ex03/install/my_package/share/my_package/environment/path.dsv
[0.223s] -- Up-to-date: /home/artem/Documents/3_course/robotics/task2/ex03/install/my_package/share/my_package/local_setup.bash
[0.224s] -- Up-to-date: /home/artem/Documents/3_course/robotics/task2/ex03/install/my_package/share/my_package/local_setup.sh
[0.224s] -- Up-to-date: /home/artem/Documents/3_course/robotics/task2/ex03/install/my_package/share/my_package/local_setup.zsh
[0.224s] -- Up-to-date: /home/artem/Documents/3_course/robotics/task2/ex03/install/my_package/share/my_package/local_setup.dsv
[0.224s] -- Up-to-date: /home/artem/Documents/3_course/robotics/task2/ex03/install/my_package/share/my_package/package.dsv
[0.224s] -- Up-to-date: /home/artem/Documents/3_course/robotics/task2/ex03/install/my_package/share/ament_index/resource_index/packages/my_package
[0.224s] -- Up-to-date: /home/artem/Documents/3_course/robotics/task2/ex03/install/my_package/share/my_package/cmake/my_packageConfig.cmake
[0.225s] -- Up-to-date: /home/artem/Documents/3_course/robotics/task2/ex03/install/my_package/share/my_package/cmake/my_packageConfig-version.cmake
[0.225s] -- Up-to-date: /home/artem/Documents/3_course/robotics/task2/ex03/install/my_package/share/my_package/package.xml
[0.228s] Invoked command in '/home/artem/Documents/3_course/robotics/task2/ex03/build/my_package' returned '0': CMAKE_PREFIX_PATH=${CMAKE_PREFIX_PATH}:/opt/ros/jazzy CONDA_PROMPT_MODIFIER=(base) DEBUGINFOD_URLS=https://debuginfod.ubuntu.com /usr/bin/cmake --install /home/artem/Documents/3_course/robotics/task2/ex03/build/my_package
