-- Install configuration: ""
-- Up-to-date: /home/artem/Documents/3_course/robotics/task6/install/robot_description/share/robot_description/src
-- Up-to-date: /home/artem/Documents/3_course/robotics/task6/install/robot_description/share/robot_description/src/worlds
-- Up-to-date: /home/artem/Documents/3_course/robotics/task6/install/robot_description/share/robot_description/src/worlds/ballbot_world.sdf
-- Up-to-date: /home/artem/Documents/3_course/robotics/task6/install/robot_description/share/robot_description/src/worlds/default.sdf
-- Installing: /home/artem/Documents/3_course/robotics/task6/install/robot_description/share/robot_description/src/worlds/sensors.sdf
-- Up-to-date: /home/artem/Documents/3_course/robotics/task6/install/robot_description/share/robot_description/src/models
-- Up-to-date: /home/artem/Documents/3_course/robotics/task6/install/robot_description/share/robot_description/src/models/ballbot.sdf
-- Up-to-date: /home/artem/Documents/3_course/robotics/task6/install/robot_description/share/robot_description/src/models/robot.sdf
-- Up-to-date: /home/artem/Documents/3_course/robotics/task6/install/robot_description/share/robot_description/src/models/sensors.sdf
-- Up-to-date: /home/artem/Documents/3_course/robotics/task6/install/robot_description/share/robot_description/src/description
-- Up-to-date: /home/artem/Documents/3_course/robotics/task6/install/robot_description/share/robot_description/src/description/robot.urdf
-- Up-to-date: /home/artem/Documents/3_course/robotics/task6/install/robot_description/share/robot_description/src/description/ballbot.urdf
-- Up-to-date: /home/artem/Documents/3_course/robotics/task6/install/robot_description/share/robot_description/src/description/ballbot.sdf
-- Up-to-date: /home/artem/Documents/3_course/robotics/task6/install/robot_description/share/robot_description/src/description/robot.sdf
-- Up-to-date: /home/artem/Documents/3_course/robotics/task6/install/robot_description/share/robot_description/src/description/sensors.sdf
-- Up-to-date: /home/artem/Documents/3_course/robotics/task6/install/robot_description/share/robot_description/launch
-- Up-to-date: /home/artem/Documents/3_course/robotics/task6/install/robot_description/share/robot_description/launch/robot_display.launch.py
-- Up-to-date: /home/artem/Documents/3_course/robotics/task6/install/robot_description/share/robot_description/launch/robot_sensors.launch.py
-- Up-to-date: /home/artem/Documents/3_course/robotics/task6/install/robot_description/share/robot_description/launch/lidar_stop.launch.py
-- Up-to-date: /home/artem/Documents/3_course/robotics/task6/install/robot_description/share/robot_description/launch/circle_movement.launch.py
-- Up-to-date: /home/artem/Documents/3_course/robotics/task6/install/robot_description/share/robot_description/launch/ballbot_gazebo.launch.py
-- Up-to-date: /home/artem/Documents/3_course/robotics/task6/install/robot_description/share/robot_description/launch/robot_gazebo.launch.py
-- Up-to-date: /home/artem/Documents/3_course/robotics/task6/install/robot_description/share/robot_description/launch/balance.launch.py
-- Up-to-date: /home/artem/Documents/3_course/robotics/task6/install/robot_description/share/robot_description/launch/depth_stop.launch.py
-- Up-to-date: /home/artem/Documents/3_course/robotics/task6/install/robot_description/share/robot_description/launch/ballbot_display.launch.py
-- Up-to-date: /home/artem/Documents/3_course/robotics/task6/install/robot_description/share/robot_description/rviz
-- Up-to-date: /home/artem/Documents/3_course/robotics/task6/install/robot_description/share/robot_description/rviz/ballbot.rviz
-- Up-to-date: /home/artem/Documents/3_course/robotics/task6/install/robot_description/share/robot_description/rviz/robot.rviz
-- Up-to-date: /home/artem/Documents/3_course/robotics/task6/install/robot_description/share/robot_description/rviz/config.rviz
-- Up-to-date: /home/artem/Documents/3_course/robotics/task6/install/robot_description/share/robot_description/rviz/sensors.rviz
-- Up-to-date: /home/artem/Documents/3_course/robotics/task6/install/robot_description/lib/robot_description/circle_movement.py
-- Up-to-date: /home/artem/Documents/3_course/robotics/task6/install/robot_description/lib/robot_description/balance.py
-- Up-to-date: /home/artem/Documents/3_course/robotics/task6/install/robot_description/lib/robot_description/lidar_stop.py
-- Up-to-date: /home/artem/Documents/3_course/robotics/task6/install/robot_description/lib/robot_description/depth_camera_stop.py
-- Up-to-date: /home/artem/Documents/3_course/robotics/task6/install/robot_description/share/ament_index/resource_index/package_run_dependencies/robot_description
-- Up-to-date: /home/artem/Documents/3_course/robotics/task6/install/robot_description/share/ament_index/resource_index/parent_prefix_path/robot_description
-- Up-to-date: /home/artem/Documents/3_course/robotics/task6/install/robot_description/share/robot_description/environment/ament_prefix_path.sh
-- Up-to-date: /home/artem/Documents/3_course/robotics/task6/install/robot_description/share/robot_description/environment/ament_prefix_path.dsv
-- Up-to-date: /home/artem/Documents/3_course/robotics/task6/install/robot_description/share/robot_description/environment/path.sh
-- Up-to-date: /home/artem/Documents/3_course/robotics/task6/install/robot_description/share/robot_description/environment/path.dsv
-- Up-to-date: /home/artem/Documents/3_course/robotics/task6/install/robot_description/share/robot_description/local_setup.bash
-- Up-to-date: /home/artem/Documents/3_course/robotics/task6/install/robot_description/share/robot_description/local_setup.sh
-- Up-to-date: /home/artem/Documents/3_course/robotics/task6/install/robot_description/share/robot_description/local_setup.zsh
-- Up-to-date: /home/artem/Documents/3_course/robotics/task6/install/robot_description/share/robot_description/local_setup.dsv
-- Installing: /home/artem/Documents/3_course/robotics/task6/install/robot_description/share/robot_description/package.dsv
-- Up-to-date: /home/artem/Documents/3_course/robotics/task6/install/robot_description/share/ament_index/resource_index/packages/robot_description
-- Up-to-date: /home/artem/Documents/3_course/robotics/task6/install/robot_description/share/robot_description/cmake/robot_descriptionConfig.cmake
-- Up-to-date: /home/artem/Documents/3_course/robotics/task6/install/robot_description/share/robot_description/cmake/robot_descriptionConfig-version.cmake
-- Up-to-date: /home/artem/Documents/3_course/robotics/task6/install/robot_description/share/robot_description/package.xml
