[0.507s] Invoking command in '/home/artem/Documents/3_course/robotics/task5/ex05/circle_moving': DEBUGINFOD_URLS=https://debuginfod.ubuntu.com PYTHONPATH=/home/artem/Documents/3_course/robotics/task5/ex05/build/circle_moving/prefix_override:/usr/lib/python3/dist-packages/colcon_core/task/python/colcon_distutils_commands:/home/artem/Documents/3_course/robotics/task5/ex05/install/circle_moving/lib/python3.12/site-packages:${PYTHONPATH} /usr/bin/python3 -W ignore:setup.py install is deprecated -W ignore:easy_install command is deprecated setup.py egg_info --egg-base ../build/circle_moving build --build-base /home/artem/Documents/3_course/robotics/task5/ex05/build/circle_moving/build install --record /home/artem/Documents/3_course/robotics/task5/ex05/build/circle_moving/install.log --single-version-externally-managed install_data
[0.681s] running egg_info
[0.691s] writing ../build/circle_moving/circle_moving.egg-info/PKG-INFO
[0.692s] writing dependency_links to ../build/circle_moving/circle_moving.egg-info/dependency_links.txt
[0.692s] writing entry points to ../build/circle_moving/circle_moving.egg-info/entry_points.txt
[0.692s] writing requirements to ../build/circle_moving/circle_moving.egg-info/requires.txt
[0.692s] writing top-level names to ../build/circle_moving/circle_moving.egg-info/top_level.txt
[0.715s] reading manifest file '../build/circle_moving/circle_moving.egg-info/SOURCES.txt'
[0.715s] writing manifest file '../build/circle_moving/circle_moving.egg-info/SOURCES.txt'
[0.716s] running build
[0.716s] running build_py
[0.716s] running install
[0.720s] running install_lib
[0.732s] running install_data
[0.732s] running install_egg_info
[0.744s] removing '/home/artem/Documents/3_course/robotics/task5/ex05/install/circle_moving/lib/python3.12/site-packages/circle_moving-0.0.0-py3.12.egg-info' (and everything under it)
[0.744s] Copying ../build/circle_moving/circle_moving.egg-info to /home/artem/Documents/3_course/robotics/task5/ex05/install/circle_moving/lib/python3.12/site-packages/circle_moving-0.0.0-py3.12.egg-info
[0.745s] running install_scripts
[0.823s] Installing circle_moving script to /home/artem/Documents/3_course/robotics/task5/ex05/install/circle_moving/lib/circle_moving
[0.823s] writing list of installed files to '/home/artem/Documents/3_course/robotics/task5/ex05/build/circle_moving/install.log'
[0.841s] Invoked command in '/home/artem/Documents/3_course/robotics/task5/ex05/circle_moving' returned '0': DEBUGINFOD_URLS=https://debuginfod.ubuntu.com PYTHONPATH=/home/artem/Documents/3_course/robotics/task5/ex05/build/circle_moving/prefix_override:/usr/lib/python3/dist-packages/colcon_core/task/python/colcon_distutils_commands:/home/artem/Documents/3_course/robotics/task5/ex05/install/circle_moving/lib/python3.12/site-packages:${PYTHONPATH} /usr/bin/python3 -W ignore:setup.py install is deprecated -W ignore:easy_install command is deprecated setup.py egg_info --egg-base ../build/circle_moving build --build-base /home/artem/Documents/3_course/robotics/task5/ex05/build/circle_moving/build install --record /home/artem/Documents/3_course/robotics/task5/ex05/build/circle_moving/install.log --single-version-externally-managed install_data
