[0.007s] Invoking command in '/home/artem/Documents/3_course/robotics/task2/ex09/build/full_name_interfaces': CMAKE_PREFIX_PATH=${CMAKE_PREFIX_PATH}:/opt/ros/jazzy DEBUGINFOD_URLS=https://debuginfod.ubuntu.com /usr/bin/cmake --build /home/artem/Documents/3_course/robotics/task2/ex09/build/full_name_interfaces -- -j12 -l12
[0.049s] [  2%] Built target full_name_interfaces__rosidl_generator_type_description
[0.056s] [  2%] Built target ament_cmake_python_copy_full_name_interfaces
[0.063s] [  4%] Built target full_name_interfaces__cpp
[0.068s] [ 22%] Built target full_name_interfaces__rosidl_generator_c
[0.083s] [ 31%] Built target full_name_interfaces__rosidl_typesupport_c
[0.084s] [ 40%] Built target full_name_interfaces__rosidl_typesupport_introspection_c
[0.086s] [ 50%] Built target full_name_interfaces__rosidl_typesupport_introspection_cpp
[0.087s] [ 59%] Built target full_name_interfaces__rosidl_typesupport_fastrtps_c
[0.089s] [ 68%] Built target full_name_interfaces__rosidl_typesupport_cpp
[0.089s] [ 77%] Built target full_name_interfaces__rosidl_typesupport_fastrtps_cpp
[0.106s] [ 77%] Built target full_name_interfaces
[0.122s] [ 79%] Built target full_name_interfaces__py
[0.141s] [ 86%] Built target full_name_interfaces__rosidl_generator_py
[0.155s] [ 90%] Built target full_name_interfaces_s__rosidl_typesupport_c
[0.158s] [ 95%] Built target full_name_interfaces_s__rosidl_typesupport_fastrtps_c
[0.158s] [100%] Built target full_name_interfaces_s__rosidl_typesupport_introspection_c
[0.189s] running egg_info
[0.199s] writing full_name_interfaces.egg-info/PKG-INFO
[0.200s] writing dependency_links to full_name_interfaces.egg-info/dependency_links.txt
[0.200s] writing top-level names to full_name_interfaces.egg-info/top_level.txt
[0.230s] reading manifest file 'full_name_interfaces.egg-info/SOURCES.txt'
[0.230s] writing manifest file 'full_name_interfaces.egg-info/SOURCES.txt'
[0.251s] [100%] Built target ament_cmake_python_build_full_name_interfaces_egg
[0.260s] Invoked command in '/home/artem/Documents/3_course/robotics/task2/ex09/build/full_name_interfaces' returned '0': CMAKE_PREFIX_PATH=${CMAKE_PREFIX_PATH}:/opt/ros/jazzy DEBUGINFOD_URLS=https://debuginfod.ubuntu.com /usr/bin/cmake --build /home/artem/Documents/3_course/robotics/task2/ex09/build/full_name_interfaces -- -j12 -l12
[0.268s] Invoking command in '/home/artem/Documents/3_course/robotics/task2/ex09/build/full_name_interfaces': CMAKE_PREFIX_PATH=${CMAKE_PREFIX_PATH}:/opt/ros/jazzy DEBUGINFOD_URLS=https://debuginfod.ubuntu.com /usr/bin/cmake --install /home/artem/Documents/3_course/robotics/task2/ex09/build/full_name_interfaces
[0.275s] -- Install configuration: ""
[0.275s] -- Up-to-date: /home/artem/Documents/3_course/robotics/task2/ex09/install/full_name_interfaces/share/ament_index/resource_index/rosidl_interfaces/full_name_interfaces
[0.275s] -- Up-to-date: /home/artem/Documents/3_course/robotics/task2/ex09/install/full_name_interfaces/share/full_name_interfaces/msg/FullNameMessage.json
[0.275s] -- Up-to-date: /home/artem/Documents/3_course/robotics/task2/ex09/install/full_name_interfaces/share/full_name_interfaces/srv/FullNameSumService.json
[0.275s] -- Up-to-date: /home/artem/Documents/3_course/robotics/task2/ex09/install/full_name_interfaces/include/full_name_interfaces/full_name_interfaces
[0.275s] -- Up-to-date: /home/artem/Documents/3_course/robotics/task2/ex09/install/full_name_interfaces/include/full_name_interfaces/full_name_interfaces/srv
[0.275s] -- Up-to-date: /home/artem/Documents/3_course/robotics/task2/ex09/install/full_name_interfaces/include/full_name_interfaces/full_name_interfaces/srv/full_name_sum_service.h
[0.275s] -- Up-to-date: /home/artem/Documents/3_course/robotics/task2/ex09/install/full_name_interfaces/include/full_name_interfaces/full_name_interfaces/srv/detail
[0.275s] -- Up-to-date: /home/artem/Documents/3_course/robotics/task2/ex09/install/full_name_interfaces/include/full_name_interfaces/full_name_interfaces/srv/detail/full_name_sum_service__functions.h
[0.275s] -- Up-to-date: /home/artem/Documents/3_course/robotics/task2/ex09/install/full_name_interfaces/include/full_name_interfaces/full_name_interfaces/srv/detail/full_name_sum_service__type_support.c
[0.275s] -- Up-to-date: /home/artem/Documents/3_course/robotics/task2/ex09/install/full_name_interfaces/include/full_name_interfaces/full_name_interfaces/srv/detail/full_name_sum_service__struct.h
[0.275s] -- Up-to-date: /home/artem/Documents/3_course/robotics/task2/ex09/install/full_name_interfaces/include/full_name_interfaces/full_name_interfaces/srv/detail/full_name_sum_service__type_support.h
[0.275s] -- Up-to-date: /home/artem/Documents/3_course/robotics/task2/ex09/install/full_name_interfaces/include/full_name_interfaces/full_name_interfaces/srv/detail/full_name_sum_service__functions.c
[0.275s] -- Up-to-date: /home/artem/Documents/3_course/robotics/task2/ex09/install/full_name_interfaces/include/full_name_interfaces/full_name_interfaces/srv/detail/full_name_sum_service__description.c
[0.275s] -- Up-to-date: /home/artem/Documents/3_course/robotics/task2/ex09/install/full_name_interfaces/include/full_name_interfaces/full_name_interfaces/msg
[0.275s] -- Up-to-date: /home/artem/Documents/3_course/robotics/task2/ex09/install/full_name_interfaces/include/full_name_interfaces/full_name_interfaces/msg/rosidl_generator_c__visibility_control.h
[0.275s] -- Up-to-date: /home/artem/Documents/3_course/robotics/task2/ex09/install/full_name_interfaces/include/full_name_interfaces/full_name_interfaces/msg/full_name_message.h
[0.275s] -- Up-to-date: /home/artem/Documents/3_course/robotics/task2/ex09/install/full_name_interfaces/include/full_name_interfaces/full_name_interfaces/msg/detail
[0.275s] -- Up-to-date: /home/artem/Documents/3_course/robotics/task2/ex09/install/full_name_interfaces/include/full_name_interfaces/full_name_interfaces/msg/detail/full_name_message__type_support.h
[0.275s] -- Up-to-date: /home/artem/Documents/3_course/robotics/task2/ex09/install/full_name_interfaces/include/full_name_interfaces/full_name_interfaces/msg/detail/full_name_message__functions.h
[0.275s] -- Up-to-date: /home/artem/Documents/3_course/robotics/task2/ex09/install/full_name_interfaces/include/full_name_interfaces/full_name_interfaces/msg/detail/full_name_message__functions.c
[0.275s] -- Up-to-date: /home/artem/Documents/3_course/robotics/task2/ex09/install/full_name_interfaces/include/full_name_interfaces/full_name_interfaces/msg/detail/full_name_message__struct.h
[0.276s] -- Up-to-date: /home/artem/Documents/3_course/robotics/task2/ex09/install/full_name_interfaces/include/full_name_interfaces/full_name_interfaces/msg/detail/full_name_message__description.c
[0.276s] -- Up-to-date: /home/artem/Documents/3_course/robotics/task2/ex09/install/full_name_interfaces/include/full_name_interfaces/full_name_interfaces/msg/detail/full_name_message__type_support.c
[0.276s] -- Up-to-date: /home/artem/Documents/3_course/robotics/task2/ex09/install/full_name_interfaces/share/full_name_interfaces/environment/library_path.sh
[0.276s] -- Up-to-date: /home/artem/Documents/3_course/robotics/task2/ex09/install/full_name_interfaces/share/full_name_interfaces/environment/library_path.dsv
[0.276s] -- Up-to-date: /home/artem/Documents/3_course/robotics/task2/ex09/install/full_name_interfaces/lib/libfull_name_interfaces__rosidl_generator_c.so
[0.276s] -- Up-to-date: /home/artem/Documents/3_course/robotics/task2/ex09/install/full_name_interfaces/include/full_name_interfaces/full_name_interfaces
[0.276s] -- Up-to-date: /home/artem/Documents/3_course/robotics/task2/ex09/install/full_name_interfaces/include/full_name_interfaces/full_name_interfaces/srv
[0.276s] -- Up-to-date: /home/artem/Documents/3_course/robotics/task2/ex09/install/full_name_interfaces/include/full_name_interfaces/full_name_interfaces/srv/detail
[0.276s] -- Up-to-date: /home/artem/Documents/3_course/robotics/task2/ex09/install/full_name_interfaces/include/full_name_interfaces/full_name_interfaces/srv/detail/full_name_sum_service__rosidl_typesupport_fastrtps_c.h
[0.276s] -- Up-to-date: /home/artem/Documents/3_course/robotics/task2/ex09/install/full_name_interfaces/include/full_name_interfaces/full_name_interfaces/msg
[0.276s] -- Up-to-date: /home/artem/Documents/3_course/robotics/task2/ex09/install/full_name_interfaces/include/full_name_interfaces/full_name_interfaces/msg/rosidl_typesupport_fastrtps_c__visibility_control.h
[0.276s] -- Up-to-date: /home/artem/Documents/3_course/robotics/task2/ex09/install/full_name_interfaces/include/full_name_interfaces/full_name_interfaces/msg/detail
[0.276s] -- Up-to-date: /home/artem/Documents/3_course/robotics/task2/ex09/install/full_name_interfaces/include/full_name_interfaces/full_name_interfaces/msg/detail/full_name_message__rosidl_typesupport_fastrtps_c.h
[0.276s] -- Up-to-date: /home/artem/Documents/3_course/robotics/task2/ex09/install/full_name_interfaces/lib/libfull_name_interfaces__rosidl_typesupport_fastrtps_c.so
[0.276s] -- Up-to-date: /home/artem/Documents/3_course/robotics/task2/ex09/install/full_name_interfaces/include/full_name_interfaces/full_name_interfaces
[0.276s] -- Up-to-date: /home/artem/Documents/3_course/robotics/task2/ex09/install/full_name_interfaces/include/full_name_interfaces/full_name_interfaces/srv
[0.276s] -- Up-to-date: /home/artem/Documents/3_course/robotics/task2/ex09/install/full_name_interfaces/include/full_name_interfaces/full_name_interfaces/srv/detail
[0.276s] -- Up-to-date: /home/artem/Documents/3_course/robotics/task2/ex09/install/full_name_interfaces/include/full_name_interfaces/full_name_interfaces/srv/detail/full_name_sum_service__type_support.c
[0.276s] -- Up-to-date: /home/artem/Documents/3_course/robotics/task2/ex09/install/full_name_interfaces/include/full_name_interfaces/full_name_interfaces/srv/detail/full_name_sum_service__rosidl_typesupport_introspection_c.h
[0.276s] -- Up-to-date: /home/artem/Documents/3_course/robotics/task2/ex09/install/full_name_interfaces/include/full_name_interfaces/full_name_interfaces/msg
[0.276s] -- Up-to-date: /home/artem/Documents/3_course/robotics/task2/ex09/install/full_name_interfaces/include/full_name_interfaces/full_name_interfaces/msg/rosidl_typesupport_introspection_c__visibility_control.h
[0.276s] -- Up-to-date: /home/artem/Documents/3_course/robotics/task2/ex09/install/full_name_interfaces/include/full_name_interfaces/full_name_interfaces/msg/detail
[0.276s] -- Up-to-date: /home/artem/Documents/3_course/robotics/task2/ex09/install/full_name_interfaces/include/full_name_interfaces/full_name_interfaces/msg/detail/full_name_message__rosidl_typesupport_introspection_c.h
[0.276s] -- Up-to-date: /home/artem/Documents/3_course/robotics/task2/ex09/install/full_name_interfaces/include/full_name_interfaces/full_name_interfaces/msg/detail/full_name_message__type_support.c
[0.276s] -- Up-to-date: /home/artem/Documents/3_course/robotics/task2/ex09/install/full_name_interfaces/lib/libfull_name_interfaces__rosidl_typesupport_introspection_c.so
[0.277s] -- Up-to-date: /home/artem/Documents/3_course/robotics/task2/ex09/install/full_name_interfaces/lib/libfull_name_interfaces__rosidl_typesupport_c.so
[0.277s] -- Up-to-date: /home/artem/Documents/3_course/robotics/task2/ex09/install/full_name_interfaces/include/full_name_interfaces/full_name_interfaces
[0.277s] -- Up-to-date: /home/artem/Documents/3_course/robotics/task2/ex09/install/full_name_interfaces/include/full_name_interfaces/full_name_interfaces/srv
[0.277s] -- Up-to-date: /home/artem/Documents/3_course/robotics/task2/ex09/install/full_name_interfaces/include/full_name_interfaces/full_name_interfaces/srv/full_name_sum_service.hpp
[0.277s] -- Up-to-date: /home/artem/Documents/3_course/robotics/task2/ex09/install/full_name_interfaces/include/full_name_interfaces/full_name_interfaces/srv/detail
[0.277s] -- Up-to-date: /home/artem/Documents/3_course/robotics/task2/ex09/install/full_name_interfaces/include/full_name_interfaces/full_name_interfaces/srv/detail/full_name_sum_service__type_support.hpp
[0.277s] -- Up-to-date: /home/artem/Documents/3_course/robotics/task2/ex09/install/full_name_interfaces/include/full_name_interfaces/full_name_interfaces/srv/detail/full_name_sum_service__traits.hpp
[0.277s] -- Up-to-date: /home/artem/Documents/3_course/robotics/task2/ex09/install/full_name_interfaces/include/full_name_interfaces/full_name_interfaces/srv/detail/full_name_sum_service__builder.hpp
[0.277s] -- Up-to-date: /home/artem/Documents/3_course/robotics/task2/ex09/install/full_name_interfaces/include/full_name_interfaces/full_name_interfaces/srv/detail/full_name_sum_service__struct.hpp
[0.277s] -- Up-to-date: /home/artem/Documents/3_course/robotics/task2/ex09/install/full_name_interfaces/include/full_name_interfaces/full_name_interfaces/msg
[0.277s] -- Up-to-date: /home/artem/Documents/3_course/robotics/task2/ex09/install/full_name_interfaces/include/full_name_interfaces/full_name_interfaces/msg/full_name_message.hpp
[0.277s] -- Up-to-date: /home/artem/Documents/3_course/robotics/task2/ex09/install/full_name_interfaces/include/full_name_interfaces/full_name_interfaces/msg/rosidl_generator_cpp__visibility_control.hpp
[0.277s] -- Up-to-date: /home/artem/Documents/3_course/robotics/task2/ex09/install/full_name_interfaces/include/full_name_interfaces/full_name_interfaces/msg/detail
[0.277s] -- Up-to-date: /home/artem/Documents/3_course/robotics/task2/ex09/install/full_name_interfaces/include/full_name_interfaces/full_name_interfaces/msg/detail/full_name_message__builder.hpp
[0.277s] -- Up-to-date: /home/artem/Documents/3_course/robotics/task2/ex09/install/full_name_interfaces/include/full_name_interfaces/full_name_interfaces/msg/detail/full_name_message__struct.hpp
[0.277s] -- Up-to-date: /home/artem/Documents/3_course/robotics/task2/ex09/install/full_name_interfaces/include/full_name_interfaces/full_name_interfaces/msg/detail/full_name_message__type_support.hpp
[0.277s] -- Up-to-date: /home/artem/Documents/3_course/robotics/task2/ex09/install/full_name_interfaces/include/full_name_interfaces/full_name_interfaces/msg/detail/full_name_message__traits.hpp
[0.277s] -- Up-to-date: /home/artem/Documents/3_course/robotics/task2/ex09/install/full_name_interfaces/include/full_name_interfaces/full_name_interfaces
[0.277s] -- Up-to-date: /home/artem/Documents/3_course/robotics/task2/ex09/install/full_name_interfaces/include/full_name_interfaces/full_name_interfaces/srv
[0.277s] -- Up-to-date: /home/artem/Documents/3_course/robotics/task2/ex09/install/full_name_interfaces/include/full_name_interfaces/full_name_interfaces/srv/detail
[0.277s] -- Up-to-date: /home/artem/Documents/3_course/robotics/task2/ex09/install/full_name_interfaces/include/full_name_interfaces/full_name_interfaces/srv/detail/full_name_sum_service__rosidl_typesupport_fastrtps_cpp.hpp
[0.277s] -- Up-to-date: /home/artem/Documents/3_course/robotics/task2/ex09/install/full_name_interfaces/include/full_name_interfaces/full_name_interfaces/srv/detail/dds_fastrtps
[0.277s] -- Up-to-date: /home/artem/Documents/3_course/robotics/task2/ex09/install/full_name_interfaces/include/full_name_interfaces/full_name_interfaces/msg
[0.277s] -- Up-to-date: /home/artem/Documents/3_course/robotics/task2/ex09/install/full_name_interfaces/include/full_name_interfaces/full_name_interfaces/msg/rosidl_typesupport_fastrtps_cpp__visibility_control.h
[0.277s] -- Up-to-date: /home/artem/Documents/3_course/robotics/task2/ex09/install/full_name_interfaces/include/full_name_interfaces/full_name_interfaces/msg/detail
[0.277s] -- Up-to-date: /home/artem/Documents/3_course/robotics/task2/ex09/install/full_name_interfaces/include/full_name_interfaces/full_name_interfaces/msg/detail/dds_fastrtps
[0.277s] -- Up-to-date: /home/artem/Documents/3_course/robotics/task2/ex09/install/full_name_interfaces/include/full_name_interfaces/full_name_interfaces/msg/detail/full_name_message__rosidl_typesupport_fastrtps_cpp.hpp
[0.277s] -- Up-to-date: /home/artem/Documents/3_course/robotics/task2/ex09/install/full_name_interfaces/lib/libfull_name_interfaces__rosidl_typesupport_fastrtps_cpp.so
[0.278s] -- Up-to-date: /home/artem/Documents/3_course/robotics/task2/ex09/install/full_name_interfaces/include/full_name_interfaces/full_name_interfaces
[0.278s] -- Up-to-date: /home/artem/Documents/3_course/robotics/task2/ex09/install/full_name_interfaces/include/full_name_interfaces/full_name_interfaces/srv
[0.278s] -- Up-to-date: /home/artem/Documents/3_course/robotics/task2/ex09/install/full_name_interfaces/include/full_name_interfaces/full_name_interfaces/srv/detail
[0.278s] -- Up-to-date: /home/artem/Documents/3_course/robotics/task2/ex09/install/full_name_interfaces/include/full_name_interfaces/full_name_interfaces/srv/detail/full_name_sum_service__type_support.cpp
[0.278s] -- Up-to-date: /home/artem/Documents/3_course/robotics/task2/ex09/install/full_name_interfaces/include/full_name_interfaces/full_name_interfaces/srv/detail/full_name_sum_service__rosidl_typesupport_introspection_cpp.hpp
[0.278s] -- Up-to-date: /home/artem/Documents/3_course/robotics/task2/ex09/install/full_name_interfaces/include/full_name_interfaces/full_name_interfaces/msg
[0.278s] -- Up-to-date: /home/artem/Documents/3_course/robotics/task2/ex09/install/full_name_interfaces/include/full_name_interfaces/full_name_interfaces/msg/detail
[0.278s] -- Up-to-date: /home/artem/Documents/3_course/robotics/task2/ex09/install/full_name_interfaces/include/full_name_interfaces/full_name_interfaces/msg/detail/full_name_message__rosidl_typesupport_introspection_cpp.hpp
[0.278s] -- Up-to-date: /home/artem/Documents/3_course/robotics/task2/ex09/install/full_name_interfaces/include/full_name_interfaces/full_name_interfaces/msg/detail/full_name_message__type_support.cpp
[0.278s] -- Up-to-date: /home/artem/Documents/3_course/robotics/task2/ex09/install/full_name_interfaces/lib/libfull_name_interfaces__rosidl_typesupport_introspection_cpp.so
[0.278s] -- Up-to-date: /home/artem/Documents/3_course/robotics/task2/ex09/install/full_name_interfaces/lib/libfull_name_interfaces__rosidl_typesupport_cpp.so
[0.278s] -- Up-to-date: /home/artem/Documents/3_course/robotics/task2/ex09/install/full_name_interfaces/share/full_name_interfaces/environment/pythonpath.sh
[0.278s] -- Up-to-date: /home/artem/Documents/3_course/robotics/task2/ex09/install/full_name_interfaces/share/full_name_interfaces/environment/pythonpath.dsv
[0.278s] -- Up-to-date: /home/artem/Documents/3_course/robotics/task2/ex09/install/full_name_interfaces/lib/python3.12/site-packages/full_name_interfaces-0.0.0-py3.12.egg-info
[0.278s] -- Installing: /home/artem/Documents/3_course/robotics/task2/ex09/install/full_name_interfaces/lib/python3.12/site-packages/full_name_interfaces-0.0.0-py3.12.egg-info/PKG-INFO
[0.278s] -- Installing: /home/artem/Documents/3_course/robotics/task2/ex09/install/full_name_interfaces/lib/python3.12/site-packages/full_name_interfaces-0.0.0-py3.12.egg-info/top_level.txt
[0.278s] -- Installing: /home/artem/Documents/3_course/robotics/task2/ex09/install/full_name_interfaces/lib/python3.12/site-packages/full_name_interfaces-0.0.0-py3.12.egg-info/dependency_links.txt
[0.278s] -- Installing: /home/artem/Documents/3_course/robotics/task2/ex09/install/full_name_interfaces/lib/python3.12/site-packages/full_name_interfaces-0.0.0-py3.12.egg-info/SOURCES.txt
[0.278s] -- Up-to-date: /home/artem/Documents/3_course/robotics/task2/ex09/install/full_name_interfaces/lib/python3.12/site-packages/full_name_interfaces
[0.278s] -- Up-to-date: /home/artem/Documents/3_course/robotics/task2/ex09/install/full_name_interfaces/lib/python3.12/site-packages/full_name_interfaces/full_name_interfaces_s__rosidl_typesupport_fastrtps_c.so
[0.278s] -- Up-to-date: /home/artem/Documents/3_course/robotics/task2/ex09/install/full_name_interfaces/lib/python3.12/site-packages/full_name_interfaces/full_name_interfaces_s__rosidl_typesupport_introspection_c.so
[0.278s] -- Up-to-date: /home/artem/Documents/3_course/robotics/task2/ex09/install/full_name_interfaces/lib/python3.12/site-packages/full_name_interfaces/srv
[0.278s] -- Up-to-date: /home/artem/Documents/3_course/robotics/task2/ex09/install/full_name_interfaces/lib/python3.12/site-packages/full_name_interfaces/srv/_full_name_sum_service.py
[0.278s] -- Up-to-date: /home/artem/Documents/3_course/robotics/task2/ex09/install/full_name_interfaces/lib/python3.12/site-packages/full_name_interfaces/srv/__init__.py
[0.278s] -- Up-to-date: /home/artem/Documents/3_course/robotics/task2/ex09/install/full_name_interfaces/lib/python3.12/site-packages/full_name_interfaces/srv/_full_name_sum_service_s.c
[0.278s] -- Up-to-date: /home/artem/Documents/3_course/robotics/task2/ex09/install/full_name_interfaces/lib/python3.12/site-packages/full_name_interfaces/__init__.py
[0.278s] -- Up-to-date: /home/artem/Documents/3_course/robotics/task2/ex09/install/full_name_interfaces/lib/python3.12/site-packages/full_name_interfaces/full_name_interfaces_s__rosidl_typesupport_c.so
[0.278s] -- Up-to-date: /home/artem/Documents/3_course/robotics/task2/ex09/install/full_name_interfaces/lib/python3.12/site-packages/full_name_interfaces/_full_name_interfaces_s.ep.rosidl_typesupport_c.c
[0.279s] -- Up-to-date: /home/artem/Documents/3_course/robotics/task2/ex09/install/full_name_interfaces/lib/python3.12/site-packages/full_name_interfaces/_full_name_interfaces_s.ep.rosidl_typesupport_fastrtps_c.c
[0.279s] -- Up-to-date: /home/artem/Documents/3_course/robotics/task2/ex09/install/full_name_interfaces/lib/python3.12/site-packages/full_name_interfaces/msg
[0.279s] -- Up-to-date: /home/artem/Documents/3_course/robotics/task2/ex09/install/full_name_interfaces/lib/python3.12/site-packages/full_name_interfaces/msg/__init__.py
[0.279s] -- Up-to-date: /home/artem/Documents/3_course/robotics/task2/ex09/install/full_name_interfaces/lib/python3.12/site-packages/full_name_interfaces/msg/_full_name_message_s.c
[0.279s] -- Up-to-date: /home/artem/Documents/3_course/robotics/task2/ex09/install/full_name_interfaces/lib/python3.12/site-packages/full_name_interfaces/msg/_full_name_message.py
[0.279s] -- Up-to-date: /home/artem/Documents/3_course/robotics/task2/ex09/install/full_name_interfaces/lib/python3.12/site-packages/full_name_interfaces/_full_name_interfaces_s.ep.rosidl_typesupport_introspection_c.c
[0.308s] Listing '/home/artem/Documents/3_course/robotics/task2/ex09/install/full_name_interfaces/lib/python3.12/site-packages/full_name_interfaces'...
[0.308s] Listing '/home/artem/Documents/3_course/robotics/task2/ex09/install/full_name_interfaces/lib/python3.12/site-packages/full_name_interfaces/msg'...
[0.308s] Listing '/home/artem/Documents/3_course/robotics/task2/ex09/install/full_name_interfaces/lib/python3.12/site-packages/full_name_interfaces/srv'...
[0.312s] -- Up-to-date: /home/artem/Documents/3_course/robotics/task2/ex09/install/full_name_interfaces/lib/python3.12/site-packages/full_name_interfaces/full_name_interfaces_s__rosidl_typesupport_fastrtps_c.so
[0.312s] -- Up-to-date: /home/artem/Documents/3_course/robotics/task2/ex09/install/full_name_interfaces/lib/python3.12/site-packages/full_name_interfaces/full_name_interfaces_s__rosidl_typesupport_introspection_c.so
[0.312s] -- Up-to-date: /home/artem/Documents/3_course/robotics/task2/ex09/install/full_name_interfaces/lib/python3.12/site-packages/full_name_interfaces/full_name_interfaces_s__rosidl_typesupport_c.so
[0.312s] -- Up-to-date: /home/artem/Documents/3_course/robotics/task2/ex09/install/full_name_interfaces/lib/libfull_name_interfaces__rosidl_generator_py.so
[0.312s] -- Up-to-date: /home/artem/Documents/3_course/robotics/task2/ex09/install/full_name_interfaces/share/full_name_interfaces/msg/FullNameMessage.idl
[0.312s] -- Up-to-date: /home/artem/Documents/3_course/robotics/task2/ex09/install/full_name_interfaces/share/full_name_interfaces/srv/FullNameSumService.idl
[0.312s] -- Up-to-date: /home/artem/Documents/3_course/robotics/task2/ex09/install/full_name_interfaces/share/full_name_interfaces/msg/FullNameMessage.msg
[0.312s] -- Up-to-date: /home/artem/Documents/3_course/robotics/task2/ex09/install/full_name_interfaces/share/full_name_interfaces/srv/FullNameSumService.srv
[0.312s] -- Up-to-date: /home/artem/Documents/3_course/robotics/task2/ex09/install/full_name_interfaces/share/ament_index/resource_index/package_run_dependencies/full_name_interfaces
[0.312s] -- Up-to-date: /home/artem/Documents/3_course/robotics/task2/ex09/install/full_name_interfaces/share/ament_index/resource_index/parent_prefix_path/full_name_interfaces
[0.312s] -- Up-to-date: /home/artem/Documents/3_course/robotics/task2/ex09/install/full_name_interfaces/share/full_name_interfaces/environment/ament_prefix_path.sh
[0.312s] -- Up-to-date: /home/artem/Documents/3_course/robotics/task2/ex09/install/full_name_interfaces/share/full_name_interfaces/environment/ament_prefix_path.dsv
[0.312s] -- Up-to-date: /home/artem/Documents/3_course/robotics/task2/ex09/install/full_name_interfaces/share/full_name_interfaces/environment/path.sh
[0.312s] -- Up-to-date: /home/artem/Documents/3_course/robotics/task2/ex09/install/full_name_interfaces/share/full_name_interfaces/environment/path.dsv
[0.312s] -- Up-to-date: /home/artem/Documents/3_course/robotics/task2/ex09/install/full_name_interfaces/share/full_name_interfaces/local_setup.bash
[0.312s] -- Up-to-date: /home/artem/Documents/3_course/robotics/task2/ex09/install/full_name_interfaces/share/full_name_interfaces/local_setup.sh
[0.312s] -- Up-to-date: /home/artem/Documents/3_course/robotics/task2/ex09/install/full_name_interfaces/share/full_name_interfaces/local_setup.zsh
[0.312s] -- Up-to-date: /home/artem/Documents/3_course/robotics/task2/ex09/install/full_name_interfaces/share/full_name_interfaces/local_setup.dsv
[0.312s] -- Installing: /home/artem/Documents/3_course/robotics/task2/ex09/install/full_name_interfaces/share/full_name_interfaces/package.dsv
[0.312s] -- Up-to-date: /home/artem/Documents/3_course/robotics/task2/ex09/install/full_name_interfaces/share/ament_index/resource_index/packages/full_name_interfaces
[0.312s] -- Up-to-date: /home/artem/Documents/3_course/robotics/task2/ex09/install/full_name_interfaces/share/full_name_interfaces/cmake/export_full_name_interfaces__rosidl_generator_cExport.cmake
[0.313s] -- Up-to-date: /home/artem/Documents/3_course/robotics/task2/ex09/install/full_name_interfaces/share/full_name_interfaces/cmake/export_full_name_interfaces__rosidl_generator_cExport-noconfig.cmake
[0.313s] -- Up-to-date: /home/artem/Documents/3_course/robotics/task2/ex09/install/full_name_interfaces/share/full_name_interfaces/cmake/export_full_name_interfaces__rosidl_typesupport_fastrtps_cExport.cmake
[0.313s] -- Up-to-date: /home/artem/Documents/3_course/robotics/task2/ex09/install/full_name_interfaces/share/full_name_interfaces/cmake/export_full_name_interfaces__rosidl_typesupport_fastrtps_cExport-noconfig.cmake
[0.313s] -- Up-to-date: /home/artem/Documents/3_course/robotics/task2/ex09/install/full_name_interfaces/share/full_name_interfaces/cmake/full_name_interfaces__rosidl_typesupport_introspection_cExport.cmake
[0.313s] -- Up-to-date: /home/artem/Documents/3_course/robotics/task2/ex09/install/full_name_interfaces/share/full_name_interfaces/cmake/full_name_interfaces__rosidl_typesupport_introspection_cExport-noconfig.cmake
[0.313s] -- Up-to-date: /home/artem/Documents/3_course/robotics/task2/ex09/install/full_name_interfaces/share/full_name_interfaces/cmake/full_name_interfaces__rosidl_typesupport_cExport.cmake
[0.313s] -- Up-to-date: /home/artem/Documents/3_course/robotics/task2/ex09/install/full_name_interfaces/share/full_name_interfaces/cmake/full_name_interfaces__rosidl_typesupport_cExport-noconfig.cmake
[0.313s] -- Up-to-date: /home/artem/Documents/3_course/robotics/task2/ex09/install/full_name_interfaces/share/full_name_interfaces/cmake/export_full_name_interfaces__rosidl_generator_cppExport.cmake
[0.313s] -- Up-to-date: /home/artem/Documents/3_course/robotics/task2/ex09/install/full_name_interfaces/share/full_name_interfaces/cmake/export_full_name_interfaces__rosidl_typesupport_fastrtps_cppExport.cmake
[0.313s] -- Up-to-date: /home/artem/Documents/3_course/robotics/task2/ex09/install/full_name_interfaces/share/full_name_interfaces/cmake/export_full_name_interfaces__rosidl_typesupport_fastrtps_cppExport-noconfig.cmake
[0.313s] -- Up-to-date: /home/artem/Documents/3_course/robotics/task2/ex09/install/full_name_interfaces/share/full_name_interfaces/cmake/full_name_interfaces__rosidl_typesupport_introspection_cppExport.cmake
[0.313s] -- Up-to-date: /home/artem/Documents/3_course/robotics/task2/ex09/install/full_name_interfaces/share/full_name_interfaces/cmake/full_name_interfaces__rosidl_typesupport_introspection_cppExport-noconfig.cmake
[0.313s] -- Up-to-date: /home/artem/Documents/3_course/robotics/task2/ex09/install/full_name_interfaces/share/full_name_interfaces/cmake/full_name_interfaces__rosidl_typesupport_cppExport.cmake
[0.313s] -- Up-to-date: /home/artem/Documents/3_course/robotics/task2/ex09/install/full_name_interfaces/share/full_name_interfaces/cmake/full_name_interfaces__rosidl_typesupport_cppExport-noconfig.cmake
[0.313s] -- Up-to-date: /home/artem/Documents/3_course/robotics/task2/ex09/install/full_name_interfaces/share/full_name_interfaces/cmake/export_full_name_interfaces__rosidl_generator_pyExport.cmake
[0.313s] -- Up-to-date: /home/artem/Documents/3_course/robotics/task2/ex09/install/full_name_interfaces/share/full_name_interfaces/cmake/export_full_name_interfaces__rosidl_generator_pyExport-noconfig.cmake
[0.313s] -- Up-to-date: /home/artem/Documents/3_course/robotics/task2/ex09/install/full_name_interfaces/share/full_name_interfaces/cmake/rosidl_cmake-extras.cmake
[0.313s] -- Up-to-date: /home/artem/Documents/3_course/robotics/task2/ex09/install/full_name_interfaces/share/full_name_interfaces/cmake/ament_cmake_export_dependencies-extras.cmake
[0.313s] -- Up-to-date: /home/artem/Documents/3_course/robotics/task2/ex09/install/full_name_interfaces/share/full_name_interfaces/cmake/ament_cmake_export_include_directories-extras.cmake
[0.313s] -- Up-to-date: /home/artem/Documents/3_course/robotics/task2/ex09/install/full_name_interfaces/share/full_name_interfaces/cmake/ament_cmake_export_libraries-extras.cmake
[0.313s] -- Up-to-date: /home/artem/Documents/3_course/robotics/task2/ex09/install/full_name_interfaces/share/full_name_interfaces/cmake/ament_cmake_export_targets-extras.cmake
[0.313s] -- Up-to-date: /home/artem/Documents/3_course/robotics/task2/ex09/install/full_name_interfaces/share/full_name_interfaces/cmake/rosidl_cmake_export_typesupport_targets-extras.cmake
[0.313s] -- Up-to-date: /home/artem/Documents/3_course/robotics/task2/ex09/install/full_name_interfaces/share/full_name_interfaces/cmake/rosidl_cmake_export_typesupport_libraries-extras.cmake
[0.313s] -- Up-to-date: /home/artem/Documents/3_course/robotics/task2/ex09/install/full_name_interfaces/share/full_name_interfaces/cmake/full_name_interfacesConfig.cmake
[0.313s] -- Up-to-date: /home/artem/Documents/3_course/robotics/task2/ex09/install/full_name_interfaces/share/full_name_interfaces/cmake/full_name_interfacesConfig-version.cmake
[0.313s] -- Up-to-date: /home/artem/Documents/3_course/robotics/task2/ex09/install/full_name_interfaces/share/full_name_interfaces/package.xml
[0.314s] Invoked command in '/home/artem/Documents/3_course/robotics/task2/ex09/build/full_name_interfaces' returned '0': CMAKE_PREFIX_PATH=${CMAKE_PREFIX_PATH}:/opt/ros/jazzy DEBUGINFOD_URLS=https://debuginfod.ubuntu.com /usr/bin/cmake --install /home/artem/Documents/3_course/robotics/task2/ex09/build/full_name_interfaces
