[0.016s] Invoking command in '/home/artem/Documents/3_course/robotics/task2/ex03/build/my_package': CMAKE_PREFIX_PATH=${CMAKE_PREFIX_PATH}:/opt/ros/jazzy CONDA_PROMPT_MODIFIER=(base) DEBUGINFOD_URLS=https://debuginfod.ubuntu.com /usr/bin/cmake /home/artem/Documents/3_course/robotics/task2/ex03/my_package -DCMAKE_INSTALL_PREFIX=/home/artem/Documents/3_course/robotics/task2/ex03/install/my_package
[0.132s] -- The C compiler identification is GNU 13.3.0
[0.247s] -- The CXX compiler identification is GNU 13.3.0
[0.276s] -- Detecting C compiler ABI info
[0.449s] -- Detecting C compiler ABI info - done
[0.466s] -- Check for working C compiler: /usr/bin/cc - skipped
[0.466s] -- Detecting C compile features
[0.467s] -- Detecting C compile features - done
[0.483s] -- Detecting CXX compiler ABI info
[0.681s] -- Detecting CXX compiler ABI info - done
[0.703s] -- Check for working CXX compiler: /usr/bin/c++ - skipped
[0.703s] -- Detecting CXX compile features
[0.705s] -- Detecting CXX compile features - done
[0.713s] -- Found ament_cmake: 2.5.4 (/opt/ros/jazzy/share/ament_cmake/cmake)
[1.013s] -- Found Python3: /home/artem/miniconda3/bin/python3 (found version "3.12.9") found components: Interpreter 
[1.268s] -- Found std_msgs: 5.3.6 (/opt/ros/jazzy/share/std_msgs/cmake)
[1.344s] -- Found rosidl_generator_c: 4.6.6 (/opt/ros/jazzy/share/rosidl_generator_c/cmake)
[1.373s] -- Found rosidl_generator_cpp: 4.6.6 (/opt/ros/jazzy/share/rosidl_generator_cpp/cmake)
[1.404s] -- Using all available rosidl_typesupport_c: rosidl_typesupport_fastrtps_c;rosidl_typesupport_introspection_c
[1.442s] -- Using all available rosidl_typesupport_cpp: rosidl_typesupport_fastrtps_cpp;rosidl_typesupport_introspection_cpp
[1.512s] -- Found rclpy: 7.1.5 (/opt/ros/jazzy/share/rclpy/cmake)
[1.514s] -- Found rclcpp: 28.1.11 (/opt/ros/jazzy/share/rclcpp/cmake)
[1.667s] -- Found rmw_implementation_cmake: 7.3.2 (/opt/ros/jazzy/share/rmw_implementation_cmake/cmake)
[1.670s] -- Found rmw_fastrtps_cpp: 8.4.3 (/opt/ros/jazzy/share/rmw_fastrtps_cpp/cmake)
[1.823s] -- Found OpenSSL: /usr/lib/x86_64-linux-gnu/libcrypto.so (found version "3.0.13")  
[1.873s] -- Found FastRTPS: /opt/ros/jazzy/include (Required is at least version "2.13") 
[1.925s] -- Using RMW implementation 'rmw_fastrtps_cpp' as default
[2.114s] -- Found ament_lint_auto: 0.17.3 (/opt/ros/jazzy/share/ament_lint_auto/cmake)
[2.389s] -- Added test 'cppcheck' to perform static code analysis on C / C++ code
[2.389s] -- Configured cppcheck include dirs: $<BUILD_INTERFACE:/home/artem/Documents/3_course/robotics/task2/ex03/my_package/include>
[2.389s] -- Configured cppcheck exclude dirs and/or files: 
[2.391s] -- Added test 'lint_cmake' to check CMake code style
[2.393s] -- Added test 'uncrustify' to check C / C++ code style
[2.393s] -- Configured uncrustify additional arguments: 
[2.394s] -- Added test 'xmllint' to check XML markup files
[2.397s] -- Configuring done (2.4s)
[2.420s] -- Generating done (0.0s)
[2.432s] -- Build files have been written to: /home/artem/Documents/3_course/robotics/task2/ex03/build/my_package
[2.464s] Invoked command in '/home/artem/Documents/3_course/robotics/task2/ex03/build/my_package' returned '0': CMAKE_PREFIX_PATH=${CMAKE_PREFIX_PATH}:/opt/ros/jazzy CONDA_PROMPT_MODIFIER=(base) DEBUGINFOD_URLS=https://debuginfod.ubuntu.com /usr/bin/cmake /home/artem/Documents/3_course/robotics/task2/ex03/my_package -DCMAKE_INSTALL_PREFIX=/home/artem/Documents/3_course/robotics/task2/ex03/install/my_package
[2.466s] Invoking command in '/home/artem/Documents/3_course/robotics/task2/ex03/build/my_package': CMAKE_PREFIX_PATH=${CMAKE_PREFIX_PATH}:/opt/ros/jazzy CONDA_PROMPT_MODIFIER=(base) DEBUGINFOD_URLS=https://debuginfod.ubuntu.com /usr/bin/cmake --build /home/artem/Documents/3_course/robotics/task2/ex03/build/my_package -- -j12 -l12
[2.589s] [ 50%] [32mBuilding CXX object CMakeFiles/first_node.dir/src/first_node.cpp.o[0m
[2.667s] [100%] [32m[1mLinking CXX executable first_node[0m
[2.877s] [100%] Built target first_node
[2.905s] Invoked command in '/home/artem/Documents/3_course/robotics/task2/ex03/build/my_package' returned '0': CMAKE_PREFIX_PATH=${CMAKE_PREFIX_PATH}:/opt/ros/jazzy CONDA_PROMPT_MODIFIER=(base) DEBUGINFOD_URLS=https://debuginfod.ubuntu.com /usr/bin/cmake --build /home/artem/Documents/3_course/robotics/task2/ex03/build/my_package -- -j12 -l12
[2.936s] Invoking command in '/home/artem/Documents/3_course/robotics/task2/ex03/build/my_package': CMAKE_PREFIX_PATH=${CMAKE_PREFIX_PATH}:/opt/ros/jazzy CONDA_PROMPT_MODIFIER=(base) DEBUGINFOD_URLS=https://debuginfod.ubuntu.com /usr/bin/cmake --install /home/artem/Documents/3_course/robotics/task2/ex03/build/my_package
[2.957s] -- Install configuration: ""
[2.957s] -- Installing: /home/artem/Documents/3_course/robotics/task2/ex03/install/my_package/lib/my_package/first_node
[2.958s] -- Set non-toolchain portion of runtime path of "/home/artem/Documents/3_course/robotics/task2/ex03/install/my_package/lib/my_package/first_node" to ""
[2.958s] -- Installing: /home/artem/Documents/3_course/robotics/task2/ex03/install/my_package/share/ament_index/resource_index/package_run_dependencies/my_package
[2.958s] -- Installing: /home/artem/Documents/3_course/robotics/task2/ex03/install/my_package/share/ament_index/resource_index/parent_prefix_path/my_package
[2.963s] -- Installing: /home/artem/Documents/3_course/robotics/task2/ex03/install/my_package/share/my_package/environment/ament_prefix_path.sh
[2.964s] -- Installing: /home/artem/Documents/3_course/robotics/task2/ex03/install/my_package/share/my_package/environment/ament_prefix_path.dsv
[2.964s] -- Installing: /home/artem/Documents/3_course/robotics/task2/ex03/install/my_package/share/my_package/environment/path.sh
[2.964s] -- Installing: /home/artem/Documents/3_course/robotics/task2/ex03/install/my_package/share/my_package/environment/path.dsv
[2.964s] -- Installing: /home/artem/Documents/3_course/robotics/task2/ex03/install/my_package/share/my_package/local_setup.bash
[2.964s] -- Installing: /home/artem/Documents/3_course/robotics/task2/ex03/install/my_package/share/my_package/local_setup.sh
[2.965s] -- Installing: /home/artem/Documents/3_course/robotics/task2/ex03/install/my_package/share/my_package/local_setup.zsh
[2.965s] -- Installing: /home/artem/Documents/3_course/robotics/task2/ex03/install/my_package/share/my_package/local_setup.dsv
[2.966s] -- Installing: /home/artem/Documents/3_course/robotics/task2/ex03/install/my_package/share/my_package/package.dsv
[2.967s] -- Installing: /home/artem/Documents/3_course/robotics/task2/ex03/install/my_package/share/ament_index/resource_index/packages/my_package
[2.967s] -- Installing: /home/artem/Documents/3_course/robotics/task2/ex03/install/my_package/share/my_package/cmake/my_packageConfig.cmake
[2.968s] -- Installing: /home/artem/Documents/3_course/robotics/task2/ex03/install/my_package/share/my_package/cmake/my_packageConfig-version.cmake
[2.970s] -- Installing: /home/artem/Documents/3_course/robotics/task2/ex03/install/my_package/share/my_package/package.xml
[2.970s] Invoked command in '/home/artem/Documents/3_course/robotics/task2/ex03/build/my_package' returned '0': CMAKE_PREFIX_PATH=${CMAKE_PREFIX_PATH}:/opt/ros/jazzy CONDA_PROMPT_MODIFIER=(base) DEBUGINFOD_URLS=https://debuginfod.ubuntu.com /usr/bin/cmake --install /home/artem/Documents/3_course/robotics/task2/ex03/build/my_package
