[0.009s] Invoking command in '/home/artem/Documents/3_course/robotics/task5/ex01/build/sam_bot_description': CMAKE_PREFIX_PATH=${CMAKE_PREFIX_PATH}:/opt/ros/jazzy DEBUGINFOD_URLS=https://debuginfod.ubuntu.com /usr/bin/cmake --build /home/artem/Documents/3_course/robotics/task5/ex01/build/sam_bot_description -- -j12 -l12
[0.039s] Invoked command in '/home/artem/Documents/3_course/robotics/task5/ex01/build/sam_bot_description' returned '0': CMAKE_PREFIX_PATH=${CMAKE_PREFIX_PATH}:/opt/ros/jazzy DEBUGINFOD_URLS=https://debuginfod.ubuntu.com /usr/bin/cmake --build /home/artem/Documents/3_course/robotics/task5/ex01/build/sam_bot_description -- -j12 -l12
[0.047s] Invoking command in '/home/artem/Documents/3_course/robotics/task5/ex01/build/sam_bot_description': CMAKE_PREFIX_PATH=${CMAKE_PREFIX_PATH}:/opt/ros/jazzy DEBUGINFOD_URLS=https://debuginfod.ubuntu.com /usr/bin/cmake --install /home/artem/Documents/3_course/robotics/task5/ex01/build/sam_bot_description
[0.054s] -- Install configuration: ""
[0.054s] -- Up-to-date: /home/artem/Documents/3_course/robotics/task5/ex01/install/sam_bot_description/share/sam_bot_description/launch
[0.054s] -- Up-to-date: /home/artem/Documents/3_course/robotics/task5/ex01/install/sam_bot_description/share/sam_bot_description/launch/display.launch.py
[0.054s] -- Up-to-date: /home/artem/Documents/3_course/robotics/task5/ex01/install/sam_bot_description/share/sam_bot_description/urdf
[0.054s] -- Up-to-date: /home/artem/Documents/3_course/robotics/task5/ex01/install/sam_bot_description/share/sam_bot_description/urdf/robot.urdf
[0.054s] -- Up-to-date: /home/artem/Documents/3_course/robotics/task5/ex01/install/sam_bot_description/share/sam_bot_description/rviz
[0.055s] -- Installing: /home/artem/Documents/3_course/robotics/task5/ex01/install/sam_bot_description/share/sam_bot_description/rviz/urdf_config.rviz
[0.055s] -- Up-to-date: /home/artem/Documents/3_course/robotics/task5/ex01/install/sam_bot_description/share/ament_index/resource_index/package_run_dependencies/sam_bot_description
[0.055s] -- Up-to-date: /home/artem/Documents/3_course/robotics/task5/ex01/install/sam_bot_description/share/ament_index/resource_index/parent_prefix_path/sam_bot_description
[0.055s] -- Up-to-date: /home/artem/Documents/3_course/robotics/task5/ex01/install/sam_bot_description/share/sam_bot_description/environment/ament_prefix_path.sh
[0.055s] -- Up-to-date: /home/artem/Documents/3_course/robotics/task5/ex01/install/sam_bot_description/share/sam_bot_description/environment/ament_prefix_path.dsv
[0.055s] -- Up-to-date: /home/artem/Documents/3_course/robotics/task5/ex01/install/sam_bot_description/share/sam_bot_description/environment/path.sh
[0.055s] -- Up-to-date: /home/artem/Documents/3_course/robotics/task5/ex01/install/sam_bot_description/share/sam_bot_description/environment/path.dsv
[0.055s] -- Up-to-date: /home/artem/Documents/3_course/robotics/task5/ex01/install/sam_bot_description/share/sam_bot_description/local_setup.bash
[0.055s] -- Up-to-date: /home/artem/Documents/3_course/robotics/task5/ex01/install/sam_bot_description/share/sam_bot_description/local_setup.sh
[0.055s] -- Up-to-date: /home/artem/Documents/3_course/robotics/task5/ex01/install/sam_bot_description/share/sam_bot_description/local_setup.zsh
[0.055s] -- Up-to-date: /home/artem/Documents/3_course/robotics/task5/ex01/install/sam_bot_description/share/sam_bot_description/local_setup.dsv
[0.055s] -- Installing: /home/artem/Documents/3_course/robotics/task5/ex01/install/sam_bot_description/share/sam_bot_description/package.dsv
[0.055s] -- Up-to-date: /home/artem/Documents/3_course/robotics/task5/ex01/install/sam_bot_description/share/ament_index/resource_index/packages/sam_bot_description
[0.055s] -- Up-to-date: /home/artem/Documents/3_course/robotics/task5/ex01/install/sam_bot_description/share/sam_bot_description/cmake/sam_bot_descriptionConfig.cmake
[0.055s] -- Up-to-date: /home/artem/Documents/3_course/robotics/task5/ex01/install/sam_bot_description/share/sam_bot_description/cmake/sam_bot_descriptionConfig-version.cmake
[0.055s] -- Up-to-date: /home/artem/Documents/3_course/robotics/task5/ex01/install/sam_bot_description/share/sam_bot_description/package.xml
[0.056s] Invoked command in '/home/artem/Documents/3_course/robotics/task5/ex01/build/sam_bot_description' returned '0': CMAKE_PREFIX_PATH=${CMAKE_PREFIX_PATH}:/opt/ros/jazzy DEBUGINFOD_URLS=https://debuginfod.ubuntu.com /usr/bin/cmake --install /home/artem/Documents/3_course/robotics/task5/ex01/build/sam_bot_description
