[0.007s] Invoking command in '/home/artem/Documents/3_course/robotics/task3/ex05/build/action_cleaning_robot': CMAKE_PREFIX_PATH=${CMAKE_PREFIX_PATH}:/home/artem/Documents/3_course/robotics/task3/ex05/install/action_cleaning_robot:/opt/ros/jazzy DEBUGINFOD_URLS=https://debuginfod.ubuntu.com /usr/bin/cmake /home/artem/Documents/3_course/robotics/task3/ex05/action_cleaning_robot -DCMAKE_INSTALL_PREFIX=/home/artem/Documents/3_course/robotics/task3/ex05/install/action_cleaning_robot
[0.048s] -- The C compiler identification is GNU 13.3.0
[0.088s] -- The CXX compiler identification is GNU 13.3.0
[0.101s] -- Detecting C compiler ABI info
[0.170s] -- Detecting C compiler ABI info - done
[0.180s] -- Check for working C compiler: /usr/bin/cc - skipped
[0.180s] -- Detecting C compile features
[0.180s] -- Detecting C compile features - done
[0.189s] -- Detecting CXX compiler ABI info
[0.265s] -- Detecting CXX compiler ABI info - done
[0.277s] -- Check for working CXX compiler: /usr/bin/c++ - skipped
[0.277s] -- Detecting CXX compile features
[0.277s] -- Detecting CXX compile features - done
[0.280s] -- Found ament_cmake: 2.5.4 (/opt/ros/jazzy/share/ament_cmake/cmake)
[0.408s] -- Found Python3: /usr/bin/python3 (found version "3.12.3") found components: Interpreter 
[0.479s] -- Found rclpy: 7.1.5 (/opt/ros/jazzy/share/rclpy/cmake)
[0.481s] -- Found rosidl_default_generators: 1.6.0 (/opt/ros/jazzy/share/rosidl_default_generators/cmake)
[0.487s] -- Using all available rosidl_typesupport_c: rosidl_typesupport_fastrtps_c;rosidl_typesupport_introspection_c
[0.518s] -- Using all available rosidl_typesupport_cpp: rosidl_typesupport_fastrtps_cpp;rosidl_typesupport_introspection_cpp
[0.543s] -- Found rosidl_adapter: 4.6.6 (/opt/ros/jazzy/share/rosidl_adapter/cmake)
[0.544s] -- Found geometry_msgs: 5.3.6 (/opt/ros/jazzy/share/geometry_msgs/cmake)
[0.575s] -- Found turtlesim: 1.8.3 (/home/artem/ros2_ws/install/turtlesim/share/turtlesim/cmake)
[1.037s] -- Found ament_cmake_ros: 0.12.0 (/opt/ros/jazzy/share/ament_cmake_ros/cmake)
[1.393s] -- Using all available rosidl_typesupport_c: rosidl_typesupport_fastrtps_c;rosidl_typesupport_introspection_c
[1.863s] -- Using all available rosidl_typesupport_cpp: rosidl_typesupport_fastrtps_cpp;rosidl_typesupport_introspection_cpp
[1.864s] -- Found python_cmake_module: 0.11.1 (/opt/ros/jazzy/share/python_cmake_module/cmake)
[1.959s] -- Found PythonExtra: /usr/bin/python3  
[2.282s] -- Found Python3: /usr/bin/python3 (found version "3.12.3") found components: Interpreter Development NumPy Development.Module Development.Embed 
[2.322s] -- Found ament_lint_auto: 0.17.3 (/opt/ros/jazzy/share/ament_lint_auto/cmake)
[2.348s] -- Configuring done (2.3s)
[2.373s] -- Generating done (0.0s)
[2.382s] -- Build files have been written to: /home/artem/Documents/3_course/robotics/task3/ex05/build/action_cleaning_robot
[2.389s] Invoked command in '/home/artem/Documents/3_course/robotics/task3/ex05/build/action_cleaning_robot' returned '0': CMAKE_PREFIX_PATH=${CMAKE_PREFIX_PATH}:/home/artem/Documents/3_course/robotics/task3/ex05/install/action_cleaning_robot:/opt/ros/jazzy DEBUGINFOD_URLS=https://debuginfod.ubuntu.com /usr/bin/cmake /home/artem/Documents/3_course/robotics/task3/ex05/action_cleaning_robot -DCMAKE_INSTALL_PREFIX=/home/artem/Documents/3_course/robotics/task3/ex05/install/action_cleaning_robot
[2.390s] Invoking command in '/home/artem/Documents/3_course/robotics/task3/ex05/build/action_cleaning_robot': CMAKE_PREFIX_PATH=${CMAKE_PREFIX_PATH}:/home/artem/Documents/3_course/robotics/task3/ex05/install/action_cleaning_robot:/opt/ros/jazzy DEBUGINFOD_URLS=https://debuginfod.ubuntu.com /usr/bin/cmake --build /home/artem/Documents/3_course/robotics/task3/ex05/build/action_cleaning_robot -- -j12 -l12
[2.428s] [  2%] [34m[1mGenerating type hashes for ROS interfaces[0m
[2.435s] [  2%] Built target ament_cmake_python_copy_action_cleaning_robot
[2.566s] running egg_info
[2.566s] creating action_cleaning_robot.egg-info
[2.578s] writing action_cleaning_robot.egg-info/PKG-INFO
[2.578s] writing dependency_links to action_cleaning_robot.egg-info/dependency_links.txt
[2.578s] writing top-level names to action_cleaning_robot.egg-info/top_level.txt
[2.578s] writing manifest file 'action_cleaning_robot.egg-info/SOURCES.txt'
[2.585s] [  2%] Built target action_cleaning_robot__rosidl_generator_type_description
[2.594s] [  5%] [34m[1mGenerating C code for ROS interfaces[0m
[2.603s] [  8%] [34m[1mGenerating C++ code for ROS interfaces[0m
[2.609s] reading manifest file 'action_cleaning_robot.egg-info/SOURCES.txt'
[2.609s] writing manifest file 'action_cleaning_robot.egg-info/SOURCES.txt'
[2.630s] [  8%] Built target ament_cmake_python_build_action_cleaning_robot_egg
[2.890s] [  8%] Built target action_cleaning_robot__cpp
[2.899s] [ 14%] [32mBuilding C object CMakeFiles/action_cleaning_robot__rosidl_generator_c.dir/rosidl_generator_c/action_cleaning_robot/action/detail/cleaning_task__functions.c.o[0m
[2.900s] [ 14%] [32mBuilding C object CMakeFiles/action_cleaning_robot__rosidl_generator_c.dir/rosidl_generator_c/action_cleaning_robot/action/detail/cleaning_task__description.c.o[0m
[2.902s] [ 17%] [32mBuilding C object CMakeFiles/action_cleaning_robot__rosidl_generator_c.dir/rosidl_generator_c/action_cleaning_robot/action/detail/cleaning_task__type_support.c.o[0m
[3.005s] [ 20%] [32m[1mLinking C shared library libaction_cleaning_robot__rosidl_generator_c.so[0m
[3.032s] [ 20%] Built target action_cleaning_robot__rosidl_generator_c
[3.038s] [ 32%] [34m[1mGenerating C type support dispatch for ROS interfaces[0m
[3.039s] [ 32%] [34m[1mGenerating C type support for eProsima Fast-RTPS[0m
[3.039s] [ 32%] [34m[1mGenerating C++ type support for eProsima Fast-RTPS[0m
[3.039s] [ 32%] [34m[1mGenerating C++ introspection for ROS interfaces[0m
[3.040s] [ 35%] [34m[1mGenerating C introspection for ROS interfaces[0m
[3.040s] [ 38%] [34m[1mGenerating C++ type support dispatch for ROS interfaces[0m
[3.317s] [ 41%] [32mBuilding C object CMakeFiles/action_cleaning_robot__rosidl_typesupport_introspection_c.dir/rosidl_typesupport_introspection_c/action_cleaning_robot/action/detail/cleaning_task__type_support.c.o[0m
[3.321s] [ 44%] [32mBuilding CXX object CMakeFiles/action_cleaning_robot__rosidl_typesupport_introspection_cpp.dir/rosidl_typesupport_introspection_cpp/action_cleaning_robot/action/detail/cleaning_task__type_support.cpp.o[0m
[3.364s] [ 47%] [32m[1mLinking C shared library libaction_cleaning_robot__rosidl_typesupport_introspection_c.so[0m
[3.374s] [ 50%] [32mBuilding CXX object CMakeFiles/action_cleaning_robot__rosidl_typesupport_cpp.dir/rosidl_typesupport_cpp/action_cleaning_robot/action/cleaning_task__type_support.cpp.o[0m
[3.386s] [ 50%] Built target action_cleaning_robot__rosidl_typesupport_introspection_c
[3.390s] [ 52%] [32mBuilding CXX object CMakeFiles/action_cleaning_robot__rosidl_typesupport_c.dir/rosidl_typesupport_c/action_cleaning_robot/action/cleaning_task__type_support.cpp.o[0m
[3.392s] [ 55%] [32mBuilding CXX object CMakeFiles/action_cleaning_robot__rosidl_typesupport_fastrtps_cpp.dir/rosidl_typesupport_fastrtps_cpp/action_cleaning_robot/action/detail/dds_fastrtps/cleaning_task__type_support.cpp.o[0m
[3.396s] [ 58%] [32mBuilding CXX object CMakeFiles/action_cleaning_robot__rosidl_typesupport_fastrtps_c.dir/rosidl_typesupport_fastrtps_c/action_cleaning_robot/action/detail/cleaning_task__type_support_c.cpp.o[0m
[3.429s] [ 61%] [32m[1mLinking CXX shared library libaction_cleaning_robot__rosidl_typesupport_c.so[0m
[3.464s] [ 61%] Built target action_cleaning_robot__rosidl_typesupport_c
[3.783s] [ 64%] [32m[1mLinking CXX shared library libaction_cleaning_robot__rosidl_typesupport_fastrtps_c.so[0m
[3.795s] [ 67%] [32m[1mLinking CXX shared library libaction_cleaning_robot__rosidl_typesupport_introspection_cpp.so[0m
[3.805s] [ 70%] [32m[1mLinking CXX shared library libaction_cleaning_robot__rosidl_typesupport_cpp.so[0m
[3.842s] [ 70%] Built target action_cleaning_robot__rosidl_typesupport_fastrtps_c
[3.855s] [ 70%] Built target action_cleaning_robot__rosidl_typesupport_introspection_cpp
[3.864s] [ 70%] Built target action_cleaning_robot__rosidl_typesupport_cpp
[4.068s] [ 73%] [32m[1mLinking CXX shared library libaction_cleaning_robot__rosidl_typesupport_fastrtps_cpp.so[0m
[4.121s] [ 73%] Built target action_cleaning_robot__rosidl_typesupport_fastrtps_cpp
[4.136s] [ 73%] Built target action_cleaning_robot
[4.152s] [ 76%] [34m[1mGenerating Python code for ROS interfaces[0m
[4.602s] [ 76%] Built target action_cleaning_robot__py
[4.617s] [ 79%] [32mBuilding C object CMakeFiles/action_cleaning_robot__rosidl_generator_py.dir/rosidl_generator_py/action_cleaning_robot/action/_cleaning_task_s.c.o[0m
[4.747s] [ 82%] [32m[1mLinking C shared library libaction_cleaning_robot__rosidl_generator_py.so[0m
[4.784s] [ 82%] Built target action_cleaning_robot__rosidl_generator_py
[4.798s] [ 85%] [32mBuilding C object CMakeFiles/action_cleaning_robot_s__rosidl_typesupport_c.dir/rosidl_generator_py/action_cleaning_robot/_action_cleaning_robot_s.ep.rosidl_typesupport_c.c.o[0m
[4.798s] [ 88%] [32mBuilding C object CMakeFiles/action_cleaning_robot_s__rosidl_typesupport_fastrtps_c.dir/rosidl_generator_py/action_cleaning_robot/_action_cleaning_robot_s.ep.rosidl_typesupport_fastrtps_c.c.o[0m
[4.802s] [ 91%] [32mBuilding C object CMakeFiles/action_cleaning_robot_s__rosidl_typesupport_introspection_c.dir/rosidl_generator_py/action_cleaning_robot/_action_cleaning_robot_s.ep.rosidl_typesupport_introspection_c.c.o[0m
[4.884s] [ 94%] [32m[1mLinking C shared module rosidl_generator_py/action_cleaning_robot/action_cleaning_robot_s__rosidl_typesupport_c.so[0m
[4.888s] [ 97%] [32m[1mLinking C shared module rosidl_generator_py/action_cleaning_robot/action_cleaning_robot_s__rosidl_typesupport_fastrtps_c.so[0m
[4.890s] [100%] [32m[1mLinking C shared module rosidl_generator_py/action_cleaning_robot/action_cleaning_robot_s__rosidl_typesupport_introspection_c.so[0m
[4.908s] [100%] Built target action_cleaning_robot_s__rosidl_typesupport_c
[4.910s] [100%] Built target action_cleaning_robot_s__rosidl_typesupport_fastrtps_c
[4.912s] [100%] Built target action_cleaning_robot_s__rosidl_typesupport_introspection_c
[4.920s] Invoked command in '/home/artem/Documents/3_course/robotics/task3/ex05/build/action_cleaning_robot' returned '0': CMAKE_PREFIX_PATH=${CMAKE_PREFIX_PATH}:/home/artem/Documents/3_course/robotics/task3/ex05/install/action_cleaning_robot:/opt/ros/jazzy DEBUGINFOD_URLS=https://debuginfod.ubuntu.com /usr/bin/cmake --build /home/artem/Documents/3_course/robotics/task3/ex05/build/action_cleaning_robot -- -j12 -l12
[4.929s] Invoking command in '/home/artem/Documents/3_course/robotics/task3/ex05/build/action_cleaning_robot': CMAKE_PREFIX_PATH=${CMAKE_PREFIX_PATH}:/home/artem/Documents/3_course/robotics/task3/ex05/install/action_cleaning_robot:/opt/ros/jazzy DEBUGINFOD_URLS=https://debuginfod.ubuntu.com /usr/bin/cmake --install /home/artem/Documents/3_course/robotics/task3/ex05/build/action_cleaning_robot
[4.935s] -- Install configuration: ""
[4.935s] -- Installing: /home/artem/Documents/3_course/robotics/task3/ex05/install/action_cleaning_robot/share/ament_index/resource_index/rosidl_interfaces/action_cleaning_robot
[4.935s] -- Installing: /home/artem/Documents/3_course/robotics/task3/ex05/install/action_cleaning_robot/share/action_cleaning_robot/action/CleaningTask.json
[4.935s] -- Installing: /home/artem/Documents/3_course/robotics/task3/ex05/install/action_cleaning_robot/include/action_cleaning_robot/action_cleaning_robot
[4.935s] -- Installing: /home/artem/Documents/3_course/robotics/task3/ex05/install/action_cleaning_robot/include/action_cleaning_robot/action_cleaning_robot/msg
[4.935s] -- Installing: /home/artem/Documents/3_course/robotics/task3/ex05/install/action_cleaning_robot/include/action_cleaning_robot/action_cleaning_robot/msg/rosidl_generator_c__visibility_control.h
[4.935s] -- Installing: /home/artem/Documents/3_course/robotics/task3/ex05/install/action_cleaning_robot/include/action_cleaning_robot/action_cleaning_robot/action
[4.935s] -- Installing: /home/artem/Documents/3_course/robotics/task3/ex05/install/action_cleaning_robot/include/action_cleaning_robot/action_cleaning_robot/action/cleaning_task.h
[4.935s] -- Installing: /home/artem/Documents/3_course/robotics/task3/ex05/install/action_cleaning_robot/include/action_cleaning_robot/action_cleaning_robot/action/detail
[4.935s] -- Installing: /home/artem/Documents/3_course/robotics/task3/ex05/install/action_cleaning_robot/include/action_cleaning_robot/action_cleaning_robot/action/detail/cleaning_task__type_support.h
[4.935s] -- Installing: /home/artem/Documents/3_course/robotics/task3/ex05/install/action_cleaning_robot/include/action_cleaning_robot/action_cleaning_robot/action/detail/cleaning_task__description.c
[4.935s] -- Installing: /home/artem/Documents/3_course/robotics/task3/ex05/install/action_cleaning_robot/include/action_cleaning_robot/action_cleaning_robot/action/detail/cleaning_task__type_support.c
[4.935s] -- Installing: /home/artem/Documents/3_course/robotics/task3/ex05/install/action_cleaning_robot/include/action_cleaning_robot/action_cleaning_robot/action/detail/cleaning_task__functions.c
[4.935s] -- Installing: /home/artem/Documents/3_course/robotics/task3/ex05/install/action_cleaning_robot/include/action_cleaning_robot/action_cleaning_robot/action/detail/cleaning_task__struct.h
[4.935s] -- Installing: /home/artem/Documents/3_course/robotics/task3/ex05/install/action_cleaning_robot/include/action_cleaning_robot/action_cleaning_robot/action/detail/cleaning_task__functions.h
[4.935s] -- Installing: /home/artem/Documents/3_course/robotics/task3/ex05/install/action_cleaning_robot/share/action_cleaning_robot/environment/library_path.sh
[4.935s] -- Installing: /home/artem/Documents/3_course/robotics/task3/ex05/install/action_cleaning_robot/share/action_cleaning_robot/environment/library_path.dsv
[4.935s] -- Installing: /home/artem/Documents/3_course/robotics/task3/ex05/install/action_cleaning_robot/lib/libaction_cleaning_robot__rosidl_generator_c.so
[4.936s] -- Set non-toolchain portion of runtime path of "/home/artem/Documents/3_course/robotics/task3/ex05/install/action_cleaning_robot/lib/libaction_cleaning_robot__rosidl_generator_c.so" to ""
[4.936s] -- Up-to-date: /home/artem/Documents/3_course/robotics/task3/ex05/install/action_cleaning_robot/include/action_cleaning_robot/action_cleaning_robot
[4.936s] -- Up-to-date: /home/artem/Documents/3_course/robotics/task3/ex05/install/action_cleaning_robot/include/action_cleaning_robot/action_cleaning_robot/msg
[4.936s] -- Installing: /home/artem/Documents/3_course/robotics/task3/ex05/install/action_cleaning_robot/include/action_cleaning_robot/action_cleaning_robot/msg/rosidl_typesupport_fastrtps_c__visibility_control.h
[4.936s] -- Up-to-date: /home/artem/Documents/3_course/robotics/task3/ex05/install/action_cleaning_robot/include/action_cleaning_robot/action_cleaning_robot/action
[4.936s] -- Up-to-date: /home/artem/Documents/3_course/robotics/task3/ex05/install/action_cleaning_robot/include/action_cleaning_robot/action_cleaning_robot/action/detail
[4.936s] -- Installing: /home/artem/Documents/3_course/robotics/task3/ex05/install/action_cleaning_robot/include/action_cleaning_robot/action_cleaning_robot/action/detail/cleaning_task__rosidl_typesupport_fastrtps_c.h
[4.936s] -- Installing: /home/artem/Documents/3_course/robotics/task3/ex05/install/action_cleaning_robot/lib/libaction_cleaning_robot__rosidl_typesupport_fastrtps_c.so
[4.936s] -- Set non-toolchain portion of runtime path of "/home/artem/Documents/3_course/robotics/task3/ex05/install/action_cleaning_robot/lib/libaction_cleaning_robot__rosidl_typesupport_fastrtps_c.so" to ""
[4.936s] -- Up-to-date: /home/artem/Documents/3_course/robotics/task3/ex05/install/action_cleaning_robot/include/action_cleaning_robot/action_cleaning_robot
[4.936s] -- Up-to-date: /home/artem/Documents/3_course/robotics/task3/ex05/install/action_cleaning_robot/include/action_cleaning_robot/action_cleaning_robot/msg
[4.936s] -- Installing: /home/artem/Documents/3_course/robotics/task3/ex05/install/action_cleaning_robot/include/action_cleaning_robot/action_cleaning_robot/msg/rosidl_typesupport_introspection_c__visibility_control.h
[4.936s] -- Up-to-date: /home/artem/Documents/3_course/robotics/task3/ex05/install/action_cleaning_robot/include/action_cleaning_robot/action_cleaning_robot/action
[4.936s] -- Up-to-date: /home/artem/Documents/3_course/robotics/task3/ex05/install/action_cleaning_robot/include/action_cleaning_robot/action_cleaning_robot/action/detail
[4.936s] -- Installing: /home/artem/Documents/3_course/robotics/task3/ex05/install/action_cleaning_robot/include/action_cleaning_robot/action_cleaning_robot/action/detail/cleaning_task__type_support.c
[4.936s] -- Installing: /home/artem/Documents/3_course/robotics/task3/ex05/install/action_cleaning_robot/include/action_cleaning_robot/action_cleaning_robot/action/detail/cleaning_task__rosidl_typesupport_introspection_c.h
[4.936s] -- Installing: /home/artem/Documents/3_course/robotics/task3/ex05/install/action_cleaning_robot/lib/libaction_cleaning_robot__rosidl_typesupport_introspection_c.so
[4.936s] -- Set non-toolchain portion of runtime path of "/home/artem/Documents/3_course/robotics/task3/ex05/install/action_cleaning_robot/lib/libaction_cleaning_robot__rosidl_typesupport_introspection_c.so" to ""
[4.936s] -- Installing: /home/artem/Documents/3_course/robotics/task3/ex05/install/action_cleaning_robot/lib/libaction_cleaning_robot__rosidl_typesupport_c.so
[4.937s] -- Set non-toolchain portion of runtime path of "/home/artem/Documents/3_course/robotics/task3/ex05/install/action_cleaning_robot/lib/libaction_cleaning_robot__rosidl_typesupport_c.so" to ""
[4.937s] -- Up-to-date: /home/artem/Documents/3_course/robotics/task3/ex05/install/action_cleaning_robot/include/action_cleaning_robot/action_cleaning_robot
[4.937s] -- Up-to-date: /home/artem/Documents/3_course/robotics/task3/ex05/install/action_cleaning_robot/include/action_cleaning_robot/action_cleaning_robot/msg
[4.937s] -- Installing: /home/artem/Documents/3_course/robotics/task3/ex05/install/action_cleaning_robot/include/action_cleaning_robot/action_cleaning_robot/msg/rosidl_generator_cpp__visibility_control.hpp
[4.937s] -- Up-to-date: /home/artem/Documents/3_course/robotics/task3/ex05/install/action_cleaning_robot/include/action_cleaning_robot/action_cleaning_robot/action
[4.937s] -- Installing: /home/artem/Documents/3_course/robotics/task3/ex05/install/action_cleaning_robot/include/action_cleaning_robot/action_cleaning_robot/action/cleaning_task.hpp
[4.937s] -- Up-to-date: /home/artem/Documents/3_course/robotics/task3/ex05/install/action_cleaning_robot/include/action_cleaning_robot/action_cleaning_robot/action/detail
[4.937s] -- Installing: /home/artem/Documents/3_course/robotics/task3/ex05/install/action_cleaning_robot/include/action_cleaning_robot/action_cleaning_robot/action/detail/cleaning_task__struct.hpp
[4.937s] -- Installing: /home/artem/Documents/3_course/robotics/task3/ex05/install/action_cleaning_robot/include/action_cleaning_robot/action_cleaning_robot/action/detail/cleaning_task__builder.hpp
[4.937s] -- Installing: /home/artem/Documents/3_course/robotics/task3/ex05/install/action_cleaning_robot/include/action_cleaning_robot/action_cleaning_robot/action/detail/cleaning_task__type_support.hpp
[4.937s] -- Installing: /home/artem/Documents/3_course/robotics/task3/ex05/install/action_cleaning_robot/include/action_cleaning_robot/action_cleaning_robot/action/detail/cleaning_task__traits.hpp
[4.937s] -- Up-to-date: /home/artem/Documents/3_course/robotics/task3/ex05/install/action_cleaning_robot/include/action_cleaning_robot/action_cleaning_robot
[4.937s] -- Up-to-date: /home/artem/Documents/3_course/robotics/task3/ex05/install/action_cleaning_robot/include/action_cleaning_robot/action_cleaning_robot/msg
[4.937s] -- Installing: /home/artem/Documents/3_course/robotics/task3/ex05/install/action_cleaning_robot/include/action_cleaning_robot/action_cleaning_robot/msg/rosidl_typesupport_fastrtps_cpp__visibility_control.h
[4.937s] -- Up-to-date: /home/artem/Documents/3_course/robotics/task3/ex05/install/action_cleaning_robot/include/action_cleaning_robot/action_cleaning_robot/action
[4.937s] -- Up-to-date: /home/artem/Documents/3_course/robotics/task3/ex05/install/action_cleaning_robot/include/action_cleaning_robot/action_cleaning_robot/action/detail
[4.937s] -- Installing: /home/artem/Documents/3_course/robotics/task3/ex05/install/action_cleaning_robot/include/action_cleaning_robot/action_cleaning_robot/action/detail/cleaning_task__rosidl_typesupport_fastrtps_cpp.hpp
[4.937s] -- Installing: /home/artem/Documents/3_course/robotics/task3/ex05/install/action_cleaning_robot/include/action_cleaning_robot/action_cleaning_robot/action/detail/dds_fastrtps
[4.937s] -- Installing: /home/artem/Documents/3_course/robotics/task3/ex05/install/action_cleaning_robot/lib/libaction_cleaning_robot__rosidl_typesupport_fastrtps_cpp.so
[4.937s] -- Set non-toolchain portion of runtime path of "/home/artem/Documents/3_course/robotics/task3/ex05/install/action_cleaning_robot/lib/libaction_cleaning_robot__rosidl_typesupport_fastrtps_cpp.so" to ""
[4.937s] -- Up-to-date: /home/artem/Documents/3_course/robotics/task3/ex05/install/action_cleaning_robot/include/action_cleaning_robot/action_cleaning_robot
[4.938s] -- Up-to-date: /home/artem/Documents/3_course/robotics/task3/ex05/install/action_cleaning_robot/include/action_cleaning_robot/action_cleaning_robot/action
[4.938s] -- Up-to-date: /home/artem/Documents/3_course/robotics/task3/ex05/install/action_cleaning_robot/include/action_cleaning_robot/action_cleaning_robot/action/detail
[4.938s] -- Installing: /home/artem/Documents/3_course/robotics/task3/ex05/install/action_cleaning_robot/include/action_cleaning_robot/action_cleaning_robot/action/detail/cleaning_task__rosidl_typesupport_introspection_cpp.hpp
[4.938s] -- Installing: /home/artem/Documents/3_course/robotics/task3/ex05/install/action_cleaning_robot/include/action_cleaning_robot/action_cleaning_robot/action/detail/cleaning_task__type_support.cpp
[4.938s] -- Installing: /home/artem/Documents/3_course/robotics/task3/ex05/install/action_cleaning_robot/lib/libaction_cleaning_robot__rosidl_typesupport_introspection_cpp.so
[4.938s] -- Set non-toolchain portion of runtime path of "/home/artem/Documents/3_course/robotics/task3/ex05/install/action_cleaning_robot/lib/libaction_cleaning_robot__rosidl_typesupport_introspection_cpp.so" to ""
[4.938s] -- Installing: /home/artem/Documents/3_course/robotics/task3/ex05/install/action_cleaning_robot/lib/libaction_cleaning_robot__rosidl_typesupport_cpp.so
[4.938s] -- Set non-toolchain portion of runtime path of "/home/artem/Documents/3_course/robotics/task3/ex05/install/action_cleaning_robot/lib/libaction_cleaning_robot__rosidl_typesupport_cpp.so" to ""
[4.938s] -- Installing: /home/artem/Documents/3_course/robotics/task3/ex05/install/action_cleaning_robot/share/action_cleaning_robot/environment/pythonpath.sh
[4.938s] -- Installing: /home/artem/Documents/3_course/robotics/task3/ex05/install/action_cleaning_robot/share/action_cleaning_robot/environment/pythonpath.dsv
[4.938s] -- Installing: /home/artem/Documents/3_course/robotics/task3/ex05/install/action_cleaning_robot/lib/python3.12/site-packages/action_cleaning_robot-0.0.0-py3.12.egg-info
[4.939s] -- Installing: /home/artem/Documents/3_course/robotics/task3/ex05/install/action_cleaning_robot/lib/python3.12/site-packages/action_cleaning_robot-0.0.0-py3.12.egg-info/PKG-INFO
[4.939s] -- Installing: /home/artem/Documents/3_course/robotics/task3/ex05/install/action_cleaning_robot/lib/python3.12/site-packages/action_cleaning_robot-0.0.0-py3.12.egg-info/top_level.txt
[4.939s] -- Installing: /home/artem/Documents/3_course/robotics/task3/ex05/install/action_cleaning_robot/lib/python3.12/site-packages/action_cleaning_robot-0.0.0-py3.12.egg-info/dependency_links.txt
[4.939s] -- Installing: /home/artem/Documents/3_course/robotics/task3/ex05/install/action_cleaning_robot/lib/python3.12/site-packages/action_cleaning_robot-0.0.0-py3.12.egg-info/SOURCES.txt
[4.939s] -- Installing: /home/artem/Documents/3_course/robotics/task3/ex05/install/action_cleaning_robot/lib/python3.12/site-packages/action_cleaning_robot
[4.939s] -- Installing: /home/artem/Documents/3_course/robotics/task3/ex05/install/action_cleaning_robot/lib/python3.12/site-packages/action_cleaning_robot/_action_cleaning_robot_s.ep.rosidl_typesupport_c.c
[4.939s] -- Installing: /home/artem/Documents/3_course/robotics/task3/ex05/install/action_cleaning_robot/lib/python3.12/site-packages/action_cleaning_robot/__init__.py
[4.939s] -- Installing: /home/artem/Documents/3_course/robotics/task3/ex05/install/action_cleaning_robot/lib/python3.12/site-packages/action_cleaning_robot/action_cleaning_robot_s__rosidl_typesupport_introspection_c.so
[4.939s] -- Installing: /home/artem/Documents/3_course/robotics/task3/ex05/install/action_cleaning_robot/lib/python3.12/site-packages/action_cleaning_robot/action_cleaning_robot_s__rosidl_typesupport_c.so
[4.939s] -- Installing: /home/artem/Documents/3_course/robotics/task3/ex05/install/action_cleaning_robot/lib/python3.12/site-packages/action_cleaning_robot/action_cleaning_robot_s__rosidl_typesupport_fastrtps_c.so
[4.939s] -- Installing: /home/artem/Documents/3_course/robotics/task3/ex05/install/action_cleaning_robot/lib/python3.12/site-packages/action_cleaning_robot/_action_cleaning_robot_s.ep.rosidl_typesupport_fastrtps_c.c
[4.939s] -- Installing: /home/artem/Documents/3_course/robotics/task3/ex05/install/action_cleaning_robot/lib/python3.12/site-packages/action_cleaning_robot/_action_cleaning_robot_s.ep.rosidl_typesupport_introspection_c.c
[4.939s] -- Installing: /home/artem/Documents/3_course/robotics/task3/ex05/install/action_cleaning_robot/lib/python3.12/site-packages/action_cleaning_robot/action
[4.939s] -- Installing: /home/artem/Documents/3_course/robotics/task3/ex05/install/action_cleaning_robot/lib/python3.12/site-packages/action_cleaning_robot/action/__init__.py
[4.939s] -- Installing: /home/artem/Documents/3_course/robotics/task3/ex05/install/action_cleaning_robot/lib/python3.12/site-packages/action_cleaning_robot/action/_cleaning_task.py
[4.939s] -- Installing: /home/artem/Documents/3_course/robotics/task3/ex05/install/action_cleaning_robot/lib/python3.12/site-packages/action_cleaning_robot/action/_cleaning_task_s.c
[4.972s] Listing '/home/artem/Documents/3_course/robotics/task3/ex05/install/action_cleaning_robot/lib/python3.12/site-packages/action_cleaning_robot'...
[4.972s] Compiling '/home/artem/Documents/3_course/robotics/task3/ex05/install/action_cleaning_robot/lib/python3.12/site-packages/action_cleaning_robot/__init__.py'...
[4.972s] Listing '/home/artem/Documents/3_course/robotics/task3/ex05/install/action_cleaning_robot/lib/python3.12/site-packages/action_cleaning_robot/action'...
[4.972s] Compiling '/home/artem/Documents/3_course/robotics/task3/ex05/install/action_cleaning_robot/lib/python3.12/site-packages/action_cleaning_robot/action/__init__.py'...
[4.972s] Compiling '/home/artem/Documents/3_course/robotics/task3/ex05/install/action_cleaning_robot/lib/python3.12/site-packages/action_cleaning_robot/action/_cleaning_task.py'...
[4.976s] -- Installing: /home/artem/Documents/3_course/robotics/task3/ex05/install/action_cleaning_robot/lib/python3.12/site-packages/action_cleaning_robot/action_cleaning_robot_s__rosidl_typesupport_fastrtps_c.so
[4.976s] -- Set non-toolchain portion of runtime path of "/home/artem/Documents/3_course/robotics/task3/ex05/install/action_cleaning_robot/lib/python3.12/site-packages/action_cleaning_robot/action_cleaning_robot_s__rosidl_typesupport_fastrtps_c.so" to ""
[4.976s] -- Installing: /home/artem/Documents/3_course/robotics/task3/ex05/install/action_cleaning_robot/lib/python3.12/site-packages/action_cleaning_robot/action_cleaning_robot_s__rosidl_typesupport_introspection_c.so
[4.976s] -- Set non-toolchain portion of runtime path of "/home/artem/Documents/3_course/robotics/task3/ex05/install/action_cleaning_robot/lib/python3.12/site-packages/action_cleaning_robot/action_cleaning_robot_s__rosidl_typesupport_introspection_c.so" to ""
[4.976s] -- Installing: /home/artem/Documents/3_course/robotics/task3/ex05/install/action_cleaning_robot/lib/python3.12/site-packages/action_cleaning_robot/action_cleaning_robot_s__rosidl_typesupport_c.so
[4.976s] -- Set non-toolchain portion of runtime path of "/home/artem/Documents/3_course/robotics/task3/ex05/install/action_cleaning_robot/lib/python3.12/site-packages/action_cleaning_robot/action_cleaning_robot_s__rosidl_typesupport_c.so" to ""
[4.976s] -- Installing: /home/artem/Documents/3_course/robotics/task3/ex05/install/action_cleaning_robot/lib/libaction_cleaning_robot__rosidl_generator_py.so
[4.976s] -- Set non-toolchain portion of runtime path of "/home/artem/Documents/3_course/robotics/task3/ex05/install/action_cleaning_robot/lib/libaction_cleaning_robot__rosidl_generator_py.so" to ""
[4.976s] -- Installing: /home/artem/Documents/3_course/robotics/task3/ex05/install/action_cleaning_robot/share/action_cleaning_robot/action/CleaningTask.idl
[4.976s] -- Installing: /home/artem/Documents/3_course/robotics/task3/ex05/install/action_cleaning_robot/share/action_cleaning_robot/action/CleaningTask.action
[4.976s] -- Installing: /home/artem/Documents/3_course/robotics/task3/ex05/install/action_cleaning_robot/lib/action_cleaning_robot/cleaning_action_server
[4.976s] -- Installing: /home/artem/Documents/3_course/robotics/task3/ex05/install/action_cleaning_robot/lib/action_cleaning_robot/cleaning_action_client
[4.976s] -- Installing: /home/artem/Documents/3_course/robotics/task3/ex05/install/action_cleaning_robot/share/ament_index/resource_index/package_run_dependencies/action_cleaning_robot
[4.977s] -- Installing: /home/artem/Documents/3_course/robotics/task3/ex05/install/action_cleaning_robot/share/ament_index/resource_index/parent_prefix_path/action_cleaning_robot
[4.977s] -- Installing: /home/artem/Documents/3_course/robotics/task3/ex05/install/action_cleaning_robot/share/action_cleaning_robot/environment/ament_prefix_path.sh
[4.977s] -- Installing: /home/artem/Documents/3_course/robotics/task3/ex05/install/action_cleaning_robot/share/action_cleaning_robot/environment/ament_prefix_path.dsv
[4.977s] -- Installing: /home/artem/Documents/3_course/robotics/task3/ex05/install/action_cleaning_robot/share/action_cleaning_robot/environment/path.sh
[4.977s] -- Installing: /home/artem/Documents/3_course/robotics/task3/ex05/install/action_cleaning_robot/share/action_cleaning_robot/environment/path.dsv
[4.977s] -- Installing: /home/artem/Documents/3_course/robotics/task3/ex05/install/action_cleaning_robot/share/action_cleaning_robot/local_setup.bash
[4.977s] -- Installing: /home/artem/Documents/3_course/robotics/task3/ex05/install/action_cleaning_robot/share/action_cleaning_robot/local_setup.sh
[4.977s] -- Installing: /home/artem/Documents/3_course/robotics/task3/ex05/install/action_cleaning_robot/share/action_cleaning_robot/local_setup.zsh
[4.977s] -- Installing: /home/artem/Documents/3_course/robotics/task3/ex05/install/action_cleaning_robot/share/action_cleaning_robot/local_setup.dsv
[4.977s] -- Installing: /home/artem/Documents/3_course/robotics/task3/ex05/install/action_cleaning_robot/share/action_cleaning_robot/package.dsv
[4.977s] -- Installing: /home/artem/Documents/3_course/robotics/task3/ex05/install/action_cleaning_robot/share/ament_index/resource_index/packages/action_cleaning_robot
[4.977s] -- Installing: /home/artem/Documents/3_course/robotics/task3/ex05/install/action_cleaning_robot/share/action_cleaning_robot/cmake/export_action_cleaning_robot__rosidl_generator_cExport.cmake
[4.977s] -- Installing: /home/artem/Documents/3_course/robotics/task3/ex05/install/action_cleaning_robot/share/action_cleaning_robot/cmake/export_action_cleaning_robot__rosidl_generator_cExport-noconfig.cmake
[4.977s] -- Installing: /home/artem/Documents/3_course/robotics/task3/ex05/install/action_cleaning_robot/share/action_cleaning_robot/cmake/export_action_cleaning_robot__rosidl_typesupport_fastrtps_cExport.cmake
[4.977s] -- Installing: /home/artem/Documents/3_course/robotics/task3/ex05/install/action_cleaning_robot/share/action_cleaning_robot/cmake/export_action_cleaning_robot__rosidl_typesupport_fastrtps_cExport-noconfig.cmake
[4.977s] -- Installing: /home/artem/Documents/3_course/robotics/task3/ex05/install/action_cleaning_robot/share/action_cleaning_robot/cmake/action_cleaning_robot__rosidl_typesupport_introspection_cExport.cmake
[4.977s] -- Installing: /home/artem/Documents/3_course/robotics/task3/ex05/install/action_cleaning_robot/share/action_cleaning_robot/cmake/action_cleaning_robot__rosidl_typesupport_introspection_cExport-noconfig.cmake
[4.977s] -- Installing: /home/artem/Documents/3_course/robotics/task3/ex05/install/action_cleaning_robot/share/action_cleaning_robot/cmake/action_cleaning_robot__rosidl_typesupport_cExport.cmake
[4.977s] -- Installing: /home/artem/Documents/3_course/robotics/task3/ex05/install/action_cleaning_robot/share/action_cleaning_robot/cmake/action_cleaning_robot__rosidl_typesupport_cExport-noconfig.cmake
[4.978s] -- Installing: /home/artem/Documents/3_course/robotics/task3/ex05/install/action_cleaning_robot/share/action_cleaning_robot/cmake/export_action_cleaning_robot__rosidl_generator_cppExport.cmake
[4.978s] -- Installing: /home/artem/Documents/3_course/robotics/task3/ex05/install/action_cleaning_robot/share/action_cleaning_robot/cmake/export_action_cleaning_robot__rosidl_typesupport_fastrtps_cppExport.cmake
[4.978s] -- Installing: /home/artem/Documents/3_course/robotics/task3/ex05/install/action_cleaning_robot/share/action_cleaning_robot/cmake/export_action_cleaning_robot__rosidl_typesupport_fastrtps_cppExport-noconfig.cmake
[4.978s] -- Installing: /home/artem/Documents/3_course/robotics/task3/ex05/install/action_cleaning_robot/share/action_cleaning_robot/cmake/action_cleaning_robot__rosidl_typesupport_introspection_cppExport.cmake
[4.978s] -- Installing: /home/artem/Documents/3_course/robotics/task3/ex05/install/action_cleaning_robot/share/action_cleaning_robot/cmake/action_cleaning_robot__rosidl_typesupport_introspection_cppExport-noconfig.cmake
[4.978s] -- Installing: /home/artem/Documents/3_course/robotics/task3/ex05/install/action_cleaning_robot/share/action_cleaning_robot/cmake/action_cleaning_robot__rosidl_typesupport_cppExport.cmake
[4.978s] -- Installing: /home/artem/Documents/3_course/robotics/task3/ex05/install/action_cleaning_robot/share/action_cleaning_robot/cmake/action_cleaning_robot__rosidl_typesupport_cppExport-noconfig.cmake
[4.978s] -- Installing: /home/artem/Documents/3_course/robotics/task3/ex05/install/action_cleaning_robot/share/action_cleaning_robot/cmake/export_action_cleaning_robot__rosidl_generator_pyExport.cmake
[4.978s] -- Installing: /home/artem/Documents/3_course/robotics/task3/ex05/install/action_cleaning_robot/share/action_cleaning_robot/cmake/export_action_cleaning_robot__rosidl_generator_pyExport-noconfig.cmake
[4.978s] -- Installing: /home/artem/Documents/3_course/robotics/task3/ex05/install/action_cleaning_robot/share/action_cleaning_robot/cmake/rosidl_cmake-extras.cmake
[4.978s] -- Installing: /home/artem/Documents/3_course/robotics/task3/ex05/install/action_cleaning_robot/share/action_cleaning_robot/cmake/ament_cmake_export_dependencies-extras.cmake
[4.978s] -- Installing: /home/artem/Documents/3_course/robotics/task3/ex05/install/action_cleaning_robot/share/action_cleaning_robot/cmake/ament_cmake_export_include_directories-extras.cmake
[4.978s] -- Installing: /home/artem/Documents/3_course/robotics/task3/ex05/install/action_cleaning_robot/share/action_cleaning_robot/cmake/ament_cmake_export_libraries-extras.cmake
[4.978s] -- Installing: /home/artem/Documents/3_course/robotics/task3/ex05/install/action_cleaning_robot/share/action_cleaning_robot/cmake/ament_cmake_export_targets-extras.cmake
[4.978s] -- Installing: /home/artem/Documents/3_course/robotics/task3/ex05/install/action_cleaning_robot/share/action_cleaning_robot/cmake/rosidl_cmake_export_typesupport_targets-extras.cmake
[4.978s] -- Installing: /home/artem/Documents/3_course/robotics/task3/ex05/install/action_cleaning_robot/share/action_cleaning_robot/cmake/rosidl_cmake_export_typesupport_libraries-extras.cmake
[4.978s] -- Installing: /home/artem/Documents/3_course/robotics/task3/ex05/install/action_cleaning_robot/share/action_cleaning_robot/cmake/action_cleaning_robotConfig.cmake
[4.978s] -- Installing: /home/artem/Documents/3_course/robotics/task3/ex05/install/action_cleaning_robot/share/action_cleaning_robot/cmake/action_cleaning_robotConfig-version.cmake
[4.978s] -- Installing: /home/artem/Documents/3_course/robotics/task3/ex05/install/action_cleaning_robot/share/action_cleaning_robot/package.xml
[4.980s] Invoked command in '/home/artem/Documents/3_course/robotics/task3/ex05/build/action_cleaning_robot' returned '0': CMAKE_PREFIX_PATH=${CMAKE_PREFIX_PATH}:/home/artem/Documents/3_course/robotics/task3/ex05/install/action_cleaning_robot:/opt/ros/jazzy DEBUGINFOD_URLS=https://debuginfod.ubuntu.com /usr/bin/cmake --install /home/artem/Documents/3_course/robotics/task3/ex05/build/action_cleaning_robot
