/home/artem/Documents/3_course/robotics/task4/ex02b/install/turtle_multi_target/lib/python3.12/site-packages/turtle_multi_target/__init__.py
/home/artem/Documents/3_course/robotics/task4/ex02b/install/turtle_multi_target/lib/python3.12/site-packages/turtle_multi_target/turtle_controller.py
/home/artem/Documents/3_course/robotics/task4/ex02b/install/turtle_multi_target/lib/python3.12/site-packages/turtle_multi_target/target_switcher.py
/home/artem/Documents/3_course/robotics/task4/ex02b/install/turtle_multi_target/lib/python3.12/site-packages/turtle_multi_target/turtle_tf2_broadcaster.py
/home/artem/Documents/3_course/robotics/task4/ex02b/install/turtle_multi_target/lib/python3.12/site-packages/turtle_multi_target/__pycache__/__init__.cpython-312.pyc
/home/artem/Documents/3_course/robotics/task4/ex02b/install/turtle_multi_target/lib/python3.12/site-packages/turtle_multi_target/__pycache__/turtle_controller.cpython-312.pyc
/home/artem/Documents/3_course/robotics/task4/ex02b/install/turtle_multi_target/lib/python3.12/site-packages/turtle_multi_target/__pycache__/target_switcher.cpython-312.pyc
/home/artem/Documents/3_course/robotics/task4/ex02b/install/turtle_multi_target/lib/python3.12/site-packages/turtle_multi_target/__pycache__/turtle_tf2_broadcaster.cpython-312.pyc
/home/artem/Documents/3_course/robotics/task4/ex02b/install/turtle_multi_target/share/ament_index/resource_index/packages/turtle_multi_target
/home/artem/Documents/3_course/robotics/task4/ex02b/install/turtle_multi_target/share/turtle_multi_target/package.xml
/home/artem/Documents/3_course/robotics/task4/ex02b/install/turtle_multi_target/share/turtle_multi_target/launch/turtle_tf2_multi_target.launch.py
/home/artem/Documents/3_course/robotics/task4/ex02b/install/turtle_multi_target/share/turtle_multi_target/launch/turtle_tf2_demo.launch.py
/home/artem/Documents/3_course/robotics/task4/ex02b/install/turtle_multi_target/share/turtle_multi_target/rviz/multi_carrot.rviz
/home/artem/Documents/3_course/robotics/task4/ex02b/install/turtle_multi_target/lib/python3.12/site-packages/turtle_multi_target-0.0.0-py3.12.egg-info/entry_points.txt
/home/artem/Documents/3_course/robotics/task4/ex02b/install/turtle_multi_target/lib/python3.12/site-packages/turtle_multi_target-0.0.0-py3.12.egg-info/PKG-INFO
/home/artem/Documents/3_course/robotics/task4/ex02b/install/turtle_multi_target/lib/python3.12/site-packages/turtle_multi_target-0.0.0-py3.12.egg-info/top_level.txt
/home/artem/Documents/3_course/robotics/task4/ex02b/install/turtle_multi_target/lib/python3.12/site-packages/turtle_multi_target-0.0.0-py3.12.egg-info/requires.txt
/home/artem/Documents/3_course/robotics/task4/ex02b/install/turtle_multi_target/lib/python3.12/site-packages/turtle_multi_target-0.0.0-py3.12.egg-info/dependency_links.txt
/home/artem/Documents/3_course/robotics/task4/ex02b/install/turtle_multi_target/lib/python3.12/site-packages/turtle_multi_target-0.0.0-py3.12.egg-info/zip-safe
/home/artem/Documents/3_course/robotics/task4/ex02b/install/turtle_multi_target/lib/python3.12/site-packages/turtle_multi_target-0.0.0-py3.12.egg-info/SOURCES.txt
/home/artem/Documents/3_course/robotics/task4/ex02b/install/turtle_multi_target/lib/turtle_multi_target/target_switcher
/home/artem/Documents/3_course/robotics/task4/ex02b/install/turtle_multi_target/lib/turtle_multi_target/turtle_controller
/home/artem/Documents/3_course/robotics/task4/ex02b/install/turtle_multi_target/lib/turtle_multi_target/turtle_tf2_broadcaster
