[0.009s] Invoking command in '/home/artem/Documents/3_course/robotics/task5/ex01/build/sam_bot_description': CMAKE_PREFIX_PATH=${CMAKE_PREFIX_PATH}:/opt/ros/jazzy DEBUGINFOD_URLS=https://debuginfod.ubuntu.com /usr/bin/cmake --build /home/artem/Documents/3_course/robotics/task5/ex01/build/sam_bot_description -- -j12 -l12
[0.027s] -- Found ament_cmake: 2.5.4 (/opt/ros/jazzy/share/ament_cmake/cmake)
[0.180s] -- Found ament_lint_auto: 0.17.3 (/opt/ros/jazzy/share/ament_lint_auto/cmake)
[0.239s] -- Added test 'flake8' to check Python code syntax and style conventions
[0.240s] -- Configured 'flake8' exclude dirs and/or files: 
[0.240s] -- Added test 'lint_cmake' to check CMake code style
[0.240s] -- Added test 'pep257' to check Python code against some of the docstring style conventions in PEP 257
[0.240s] -- Added test 'xmllint' to check XML markup files
[0.241s] -- Configuring done (0.2s)
[0.243s] -- Generating done (0.0s)
[0.244s] -- Build files have been written to: /home/artem/Documents/3_course/robotics/task5/ex01/build/sam_bot_description
[0.262s] Invoked command in '/home/artem/Documents/3_course/robotics/task5/ex01/build/sam_bot_description' returned '0': CMAKE_PREFIX_PATH=${CMAKE_PREFIX_PATH}:/opt/ros/jazzy DEBUGINFOD_URLS=https://debuginfod.ubuntu.com /usr/bin/cmake --build /home/artem/Documents/3_course/robotics/task5/ex01/build/sam_bot_description -- -j12 -l12
[0.269s] Invoking command in '/home/artem/Documents/3_course/robotics/task5/ex01/build/sam_bot_description': CMAKE_PREFIX_PATH=${CMAKE_PREFIX_PATH}:/opt/ros/jazzy DEBUGINFOD_URLS=https://debuginfod.ubuntu.com /usr/bin/cmake --install /home/artem/Documents/3_course/robotics/task5/ex01/build/sam_bot_description
[0.274s] -- Install configuration: ""
[0.274s] -- Installing: /home/artem/Documents/3_course/robotics/task5/ex01/install/sam_bot_description/share/sam_bot_description/launch
[0.274s] -- Installing: /home/artem/Documents/3_course/robotics/task5/ex01/install/sam_bot_description/share/sam_bot_description/launch/display.launch.py
[0.274s] -- Installing: /home/artem/Documents/3_course/robotics/task5/ex01/install/sam_bot_description/share/sam_bot_description/urdf
[0.274s] -- Installing: /home/artem/Documents/3_course/robotics/task5/ex01/install/sam_bot_description/share/sam_bot_description/urdf/robot.urdf
[0.274s] -- Installing: /home/artem/Documents/3_course/robotics/task5/ex01/install/sam_bot_description/share/sam_bot_description/rviz
[0.275s] -- Up-to-date: /home/artem/Documents/3_course/robotics/task5/ex01/install/sam_bot_description/share/ament_index/resource_index/package_run_dependencies/sam_bot_description
[0.275s] -- Installing: /home/artem/Documents/3_course/robotics/task5/ex01/install/sam_bot_description/share/ament_index/resource_index/parent_prefix_path/sam_bot_description
[0.275s] -- Up-to-date: /home/artem/Documents/3_course/robotics/task5/ex01/install/sam_bot_description/share/sam_bot_description/environment/ament_prefix_path.sh
[0.275s] -- Up-to-date: /home/artem/Documents/3_course/robotics/task5/ex01/install/sam_bot_description/share/sam_bot_description/environment/ament_prefix_path.dsv
[0.275s] -- Up-to-date: /home/artem/Documents/3_course/robotics/task5/ex01/install/sam_bot_description/share/sam_bot_description/environment/path.sh
[0.276s] -- Up-to-date: /home/artem/Documents/3_course/robotics/task5/ex01/install/sam_bot_description/share/sam_bot_description/environment/path.dsv
[0.276s] -- Up-to-date: /home/artem/Documents/3_course/robotics/task5/ex01/install/sam_bot_description/share/sam_bot_description/local_setup.bash
[0.276s] -- Up-to-date: /home/artem/Documents/3_course/robotics/task5/ex01/install/sam_bot_description/share/sam_bot_description/local_setup.sh
[0.276s] -- Up-to-date: /home/artem/Documents/3_course/robotics/task5/ex01/install/sam_bot_description/share/sam_bot_description/local_setup.zsh
[0.276s] -- Up-to-date: /home/artem/Documents/3_course/robotics/task5/ex01/install/sam_bot_description/share/sam_bot_description/local_setup.dsv
[0.276s] -- Up-to-date: /home/artem/Documents/3_course/robotics/task5/ex01/install/sam_bot_description/share/sam_bot_description/package.dsv
[0.276s] -- Up-to-date: /home/artem/Documents/3_course/robotics/task5/ex01/install/sam_bot_description/share/ament_index/resource_index/packages/sam_bot_description
[0.276s] -- Up-to-date: /home/artem/Documents/3_course/robotics/task5/ex01/install/sam_bot_description/share/sam_bot_description/cmake/sam_bot_descriptionConfig.cmake
[0.276s] -- Up-to-date: /home/artem/Documents/3_course/robotics/task5/ex01/install/sam_bot_description/share/sam_bot_description/cmake/sam_bot_descriptionConfig-version.cmake
[0.276s] -- Up-to-date: /home/artem/Documents/3_course/robotics/task5/ex01/install/sam_bot_description/share/sam_bot_description/package.xml
[0.276s] Invoked command in '/home/artem/Documents/3_course/robotics/task5/ex01/build/sam_bot_description' returned '0': CMAKE_PREFIX_PATH=${CMAKE_PREFIX_PATH}:/opt/ros/jazzy DEBUGINFOD_URLS=https://debuginfod.ubuntu.com /usr/bin/cmake --install /home/artem/Documents/3_course/robotics/task5/ex01/build/sam_bot_description
