[0.066s] DEBUG:colcon:Command line arguments: ['/usr/bin/colcon', 'build', '--packages-select', 'fullname_interfaces']
[0.066s] DEBUG:colcon:Parsed command line arguments: Namespace(log_base=None, log_level=None, verb_name='build', build_base='build', install_base='install', merge_install=False, symlink_install=False, test_result_base=None, continue_on_error=False, executor='parallel', parallel_workers=12, event_handlers=None, ignore_user_meta=False, metas=['./colcon.meta'], base_paths=['.'], packages_ignore=None, packages_ignore_regex=None, paths=None, packages_up_to=None, packages_up_to_regex=None, packages_above=None, packages_above_and_dependencies=None, packages_above_depth=None, packages_select_by_dep=None, packages_skip_by_dep=None, packages_skip_up_to=None, packages_select_build_failed=False, packages_skip_build_finished=False, packages_select_test_failures=False, packages_skip_test_passed=False, packages_select=['fullname_interfaces'], packages_skip=None, packages_select_regex=None, packages_skip_regex=None, packages_start=None, packages_end=None, allow_overriding=[], cmake_args=None, cmake_target=None, cmake_target_skip_unavailable=False, cmake_clean_cache=False, cmake_clean_first=False, cmake_force_configure=False, ament_cmake_args=None, catkin_cmake_args=None, catkin_skip_building_tests=False, mixin_files=None, mixin=None, verb_parser=<colcon_mixin.mixin.mixin_argument.MixinArgumentDecorator object at 0x7ff23649d160>, verb_extension=<colcon_core.verb.build.BuildVerb object at 0x7ff23649ce90>, main=<bound method BuildVerb.main of <colcon_core.verb.build.BuildVerb object at 0x7ff23649ce90>>, mixin_verb=('build',))
[0.091s] Level 1:colcon.colcon_core.package_discovery:discover_packages(colcon_meta) check parameters
[0.092s] Level 1:colcon.colcon_core.package_discovery:discover_packages(recursive) check parameters
[0.092s] Level 1:colcon.colcon_core.package_discovery:discover_packages(ignore) check parameters
[0.092s] Level 1:colcon.colcon_core.package_discovery:discover_packages(path) check parameters
[0.092s] Level 1:colcon.colcon_core.package_discovery:discover_packages(colcon_meta) discover
[0.092s] Level 1:colcon.colcon_core.package_discovery:discover_packages(recursive) discover
[0.092s] INFO:colcon.colcon_core.package_discovery:Crawling recursively for packages in '/home/artem/Documents/3_course/robotics/task3/ex01'
[0.092s] Level 1:colcon.colcon_core.package_identification:_identify(.) by extensions ['ignore', 'ignore_ament_install']
[0.092s] Level 1:colcon.colcon_core.package_identification:_identify(.) by extension 'ignore'
[0.092s] Level 1:colcon.colcon_core.package_identification:_identify(.) by extension 'ignore_ament_install'
[0.092s] Level 1:colcon.colcon_core.package_identification:_identify(.) by extensions ['colcon_pkg']
[0.092s] Level 1:colcon.colcon_core.package_identification:_identify(.) by extension 'colcon_pkg'
[0.092s] Level 1:colcon.colcon_core.package_identification:_identify(.) by extensions ['colcon_meta']
[0.092s] Level 1:colcon.colcon_core.package_identification:_identify(.) by extension 'colcon_meta'
[0.092s] Level 1:colcon.colcon_core.package_identification:_identify(.) by extensions ['ros']
[0.092s] Level 1:colcon.colcon_core.package_identification:_identify(.) by extension 'ros'
[0.108s] Level 1:colcon.colcon_core.package_identification:_identify(.) by extensions ['cmake', 'python']
[0.108s] Level 1:colcon.colcon_core.package_identification:_identify(.) by extension 'cmake'
[0.108s] Level 1:colcon.colcon_core.package_identification:_identify(.) by extension 'python'
[0.108s] Level 1:colcon.colcon_core.package_identification:_identify(.) by extensions ['python_setup_py']
[0.108s] Level 1:colcon.colcon_core.package_identification:_identify(.) by extension 'python_setup_py'
[0.108s] Level 1:colcon.colcon_core.package_identification:_identify(build) by extensions ['ignore', 'ignore_ament_install']
[0.108s] Level 1:colcon.colcon_core.package_identification:_identify(build) by extension 'ignore'
[0.108s] Level 1:colcon.colcon_core.package_identification:_identify(build) ignored
[0.109s] Level 1:colcon.colcon_core.package_identification:_identify(fullname_interfaces) by extensions ['ignore', 'ignore_ament_install']
[0.109s] Level 1:colcon.colcon_core.package_identification:_identify(fullname_interfaces) by extension 'ignore'
[0.109s] Level 1:colcon.colcon_core.package_identification:_identify(fullname_interfaces) by extension 'ignore_ament_install'
[0.109s] Level 1:colcon.colcon_core.package_identification:_identify(fullname_interfaces) by extensions ['colcon_pkg']
[0.109s] Level 1:colcon.colcon_core.package_identification:_identify(fullname_interfaces) by extension 'colcon_pkg'
[0.109s] Level 1:colcon.colcon_core.package_identification:_identify(fullname_interfaces) by extensions ['colcon_meta']
[0.109s] Level 1:colcon.colcon_core.package_identification:_identify(fullname_interfaces) by extension 'colcon_meta'
[0.109s] Level 1:colcon.colcon_core.package_identification:_identify(fullname_interfaces) by extensions ['ros']
[0.109s] Level 1:colcon.colcon_core.package_identification:_identify(fullname_interfaces) by extension 'ros'
[0.110s] DEBUG:colcon.colcon_core.package_identification:Package 'fullname_interfaces' with type 'ros.ament_cmake' and name 'fullname_interfaces'
[0.110s] Level 1:colcon.colcon_core.package_identification:_identify(install) by extensions ['ignore', 'ignore_ament_install']
[0.110s] Level 1:colcon.colcon_core.package_identification:_identify(install) by extension 'ignore'
[0.110s] Level 1:colcon.colcon_core.package_identification:_identify(install) ignored
[0.110s] Level 1:colcon.colcon_core.package_identification:_identify(log) by extensions ['ignore', 'ignore_ament_install']
[0.111s] Level 1:colcon.colcon_core.package_identification:_identify(log) by extension 'ignore'
[0.111s] Level 1:colcon.colcon_core.package_identification:_identify(log) ignored
[0.111s] Level 1:colcon.colcon_core.package_identification:_identify(service_full_name) by extensions ['ignore', 'ignore_ament_install']
[0.111s] Level 1:colcon.colcon_core.package_identification:_identify(service_full_name) by extension 'ignore'
[0.111s] Level 1:colcon.colcon_core.package_identification:_identify(service_full_name) by extension 'ignore_ament_install'
[0.111s] Level 1:colcon.colcon_core.package_identification:_identify(service_full_name) by extensions ['colcon_pkg']
[0.111s] Level 1:colcon.colcon_core.package_identification:_identify(service_full_name) by extension 'colcon_pkg'
[0.111s] Level 1:colcon.colcon_core.package_identification:_identify(service_full_name) by extensions ['colcon_meta']
[0.111s] Level 1:colcon.colcon_core.package_identification:_identify(service_full_name) by extension 'colcon_meta'
[0.111s] Level 1:colcon.colcon_core.package_identification:_identify(service_full_name) by extensions ['ros']
[0.111s] Level 1:colcon.colcon_core.package_identification:_identify(service_full_name) by extension 'ros'
[0.111s] DEBUG:colcon.colcon_core.package_identification:Package 'service_full_name' with type 'ros.ament_python' and name 'service_full_name'
[0.111s] Level 1:colcon.colcon_core.package_discovery:discover_packages(recursive) using defaults
[0.111s] Level 1:colcon.colcon_core.package_discovery:discover_packages(ignore) discover
[0.111s] Level 1:colcon.colcon_core.package_discovery:discover_packages(ignore) using defaults
[0.111s] Level 1:colcon.colcon_core.package_discovery:discover_packages(path) discover
[0.111s] Level 1:colcon.colcon_core.package_discovery:discover_packages(path) using defaults
[0.122s] INFO:colcon.colcon_core.package_selection:Skipping not selected package 'service_full_name' in 'service_full_name'
[0.122s] Level 1:colcon.colcon_core.package_discovery:discover_packages(prefix_path) check parameters
[0.122s] Level 1:colcon.colcon_core.package_discovery:discover_packages(prefix_path) discover
[0.123s] DEBUG:colcon.colcon_installed_package_information.package_discovery:Found 1 installed packages in /home/artem/ros2_ws/install
[0.124s] DEBUG:colcon.colcon_installed_package_information.package_discovery:Found 285 installed packages in /opt/ros/jazzy
[0.125s] Level 1:colcon.colcon_core.package_discovery:discover_packages(prefix_path) using defaults
[0.146s] Level 5:colcon.colcon_core.verb:set package 'fullname_interfaces' build argument 'cmake_args' from command line to 'None'
[0.146s] Level 5:colcon.colcon_core.verb:set package 'fullname_interfaces' build argument 'cmake_target' from command line to 'None'
[0.146s] Level 5:colcon.colcon_core.verb:set package 'fullname_interfaces' build argument 'cmake_target_skip_unavailable' from command line to 'False'
[0.146s] Level 5:colcon.colcon_core.verb:set package 'fullname_interfaces' build argument 'cmake_clean_cache' from command line to 'False'
[0.146s] Level 5:colcon.colcon_core.verb:set package 'fullname_interfaces' build argument 'cmake_clean_first' from command line to 'False'
[0.146s] Level 5:colcon.colcon_core.verb:set package 'fullname_interfaces' build argument 'cmake_force_configure' from command line to 'False'
[0.146s] Level 5:colcon.colcon_core.verb:set package 'fullname_interfaces' build argument 'ament_cmake_args' from command line to 'None'
[0.146s] Level 5:colcon.colcon_core.verb:set package 'fullname_interfaces' build argument 'catkin_cmake_args' from command line to 'None'
[0.146s] Level 5:colcon.colcon_core.verb:set package 'fullname_interfaces' build argument 'catkin_skip_building_tests' from command line to 'False'
[0.146s] DEBUG:colcon.colcon_core.verb:Building package 'fullname_interfaces' with the following arguments: {'ament_cmake_args': None, 'build_base': '/home/artem/Documents/3_course/robotics/task3/ex01/build/fullname_interfaces', 'catkin_cmake_args': None, 'catkin_skip_building_tests': False, 'cmake_args': None, 'cmake_clean_cache': False, 'cmake_clean_first': False, 'cmake_force_configure': False, 'cmake_target': None, 'cmake_target_skip_unavailable': False, 'install_base': '/home/artem/Documents/3_course/robotics/task3/ex01/install/fullname_interfaces', 'merge_install': False, 'path': '/home/artem/Documents/3_course/robotics/task3/ex01/fullname_interfaces', 'symlink_install': False, 'test_result_base': None}
[0.146s] INFO:colcon.colcon_core.executor:Executing jobs using 'parallel' executor
[0.147s] DEBUG:colcon.colcon_parallel_executor.executor.parallel:run_until_complete
[0.147s] INFO:colcon.colcon_ros.task.ament_cmake.build:Building ROS package in '/home/artem/Documents/3_course/robotics/task3/ex01/fullname_interfaces' with build type 'ament_cmake'
[0.147s] INFO:colcon.colcon_cmake.task.cmake.build:Building CMake package in '/home/artem/Documents/3_course/robotics/task3/ex01/fullname_interfaces'
[0.148s] INFO:colcon.colcon_core.plugin_system:Skipping extension 'colcon_core.shell.bat': Not used on non-Windows systems
[0.149s] INFO:colcon.colcon_core.shell:Skip shell extension 'powershell' for command environment: Not usable outside of PowerShell
[0.149s] DEBUG:colcon.colcon_core.shell:Skip shell extension 'dsv' for command environment
[0.156s] DEBUG:colcon.colcon_core.event_handler.log_command:Invoking command in '/home/artem/Documents/3_course/robotics/task3/ex01/build/fullname_interfaces': CMAKE_PREFIX_PATH=${CMAKE_PREFIX_PATH}:/opt/ros/jazzy DEBUGINFOD_URLS=https://debuginfod.ubuntu.com /usr/bin/cmake /home/artem/Documents/3_course/robotics/task3/ex01/fullname_interfaces -DCMAKE_INSTALL_PREFIX=/home/artem/Documents/3_course/robotics/task3/ex01/install/fullname_interfaces
[2.616s] DEBUG:colcon.colcon_core.event_handler.log_command:Invoked command in '/home/artem/Documents/3_course/robotics/task3/ex01/build/fullname_interfaces' returned '0': CMAKE_PREFIX_PATH=${CMAKE_PREFIX_PATH}:/opt/ros/jazzy DEBUGINFOD_URLS=https://debuginfod.ubuntu.com /usr/bin/cmake /home/artem/Documents/3_course/robotics/task3/ex01/fullname_interfaces -DCMAKE_INSTALL_PREFIX=/home/artem/Documents/3_course/robotics/task3/ex01/install/fullname_interfaces
[2.617s] DEBUG:colcon.colcon_core.event_handler.log_command:Invoking command in '/home/artem/Documents/3_course/robotics/task3/ex01/build/fullname_interfaces': CMAKE_PREFIX_PATH=${CMAKE_PREFIX_PATH}:/opt/ros/jazzy DEBUGINFOD_URLS=https://debuginfod.ubuntu.com /usr/bin/cmake --build /home/artem/Documents/3_course/robotics/task3/ex01/build/fullname_interfaces -- -j12 -l12
[4.534s] DEBUG:colcon.colcon_core.event_handler.log_command:Invoked command in '/home/artem/Documents/3_course/robotics/task3/ex01/build/fullname_interfaces' returned '0': CMAKE_PREFIX_PATH=${CMAKE_PREFIX_PATH}:/opt/ros/jazzy DEBUGINFOD_URLS=https://debuginfod.ubuntu.com /usr/bin/cmake --build /home/artem/Documents/3_course/robotics/task3/ex01/build/fullname_interfaces -- -j12 -l12
[4.542s] DEBUG:colcon.colcon_core.event_handler.log_command:Invoking command in '/home/artem/Documents/3_course/robotics/task3/ex01/build/fullname_interfaces': CMAKE_PREFIX_PATH=${CMAKE_PREFIX_PATH}:/opt/ros/jazzy DEBUGINFOD_URLS=https://debuginfod.ubuntu.com /usr/bin/cmake --install /home/artem/Documents/3_course/robotics/task3/ex01/build/fullname_interfaces
[4.593s] Level 1:colcon.colcon_core.environment:create_environment_scripts_only(fullname_interfaces)
[4.593s] DEBUG:colcon.colcon_core.event_handler.log_command:Invoked command in '/home/artem/Documents/3_course/robotics/task3/ex01/build/fullname_interfaces' returned '0': CMAKE_PREFIX_PATH=${CMAKE_PREFIX_PATH}:/opt/ros/jazzy DEBUGINFOD_URLS=https://debuginfod.ubuntu.com /usr/bin/cmake --install /home/artem/Documents/3_course/robotics/task3/ex01/build/fullname_interfaces
[4.597s] Level 1:colcon.colcon_core.environment:checking '/home/artem/Documents/3_course/robotics/task3/ex01/install/fullname_interfaces' for CMake module files
[4.598s] Level 1:colcon.colcon_core.environment:checking '/home/artem/Documents/3_course/robotics/task3/ex01/install/fullname_interfaces' for CMake config files
[4.598s] Level 1:colcon.colcon_core.shell:create_environment_hook('fullname_interfaces', 'cmake_prefix_path')
[4.598s] INFO:colcon.colcon_core.shell:Creating environment hook '/home/artem/Documents/3_course/robotics/task3/ex01/install/fullname_interfaces/share/fullname_interfaces/hook/cmake_prefix_path.ps1'
[4.599s] INFO:colcon.colcon_core.shell:Creating environment descriptor '/home/artem/Documents/3_course/robotics/task3/ex01/install/fullname_interfaces/share/fullname_interfaces/hook/cmake_prefix_path.dsv'
[4.599s] INFO:colcon.colcon_core.shell:Creating environment hook '/home/artem/Documents/3_course/robotics/task3/ex01/install/fullname_interfaces/share/fullname_interfaces/hook/cmake_prefix_path.sh'
[4.600s] Level 1:colcon.colcon_core.environment:checking '/home/artem/Documents/3_course/robotics/task3/ex01/install/fullname_interfaces/lib'
[4.600s] Level 1:colcon.colcon_core.shell:create_environment_hook('fullname_interfaces', 'ld_library_path_lib')
[4.600s] INFO:colcon.colcon_core.shell:Creating environment hook '/home/artem/Documents/3_course/robotics/task3/ex01/install/fullname_interfaces/share/fullname_interfaces/hook/ld_library_path_lib.ps1'
[4.600s] INFO:colcon.colcon_core.shell:Creating environment descriptor '/home/artem/Documents/3_course/robotics/task3/ex01/install/fullname_interfaces/share/fullname_interfaces/hook/ld_library_path_lib.dsv'
[4.601s] INFO:colcon.colcon_core.shell:Creating environment hook '/home/artem/Documents/3_course/robotics/task3/ex01/install/fullname_interfaces/share/fullname_interfaces/hook/ld_library_path_lib.sh'
[4.601s] Level 1:colcon.colcon_core.environment:checking '/home/artem/Documents/3_course/robotics/task3/ex01/install/fullname_interfaces/bin'
[4.601s] Level 1:colcon.colcon_core.environment:checking '/home/artem/Documents/3_course/robotics/task3/ex01/install/fullname_interfaces/lib/pkgconfig/fullname_interfaces.pc'
[4.601s] Level 1:colcon.colcon_core.environment:checking '/home/artem/Documents/3_course/robotics/task3/ex01/install/fullname_interfaces/lib/python3.12/site-packages'
[4.601s] Level 1:colcon.colcon_core.shell:create_environment_hook('fullname_interfaces', 'pythonpath')
[4.601s] INFO:colcon.colcon_core.shell:Creating environment hook '/home/artem/Documents/3_course/robotics/task3/ex01/install/fullname_interfaces/share/fullname_interfaces/hook/pythonpath.ps1'
[4.601s] INFO:colcon.colcon_core.shell:Creating environment descriptor '/home/artem/Documents/3_course/robotics/task3/ex01/install/fullname_interfaces/share/fullname_interfaces/hook/pythonpath.dsv'
[4.601s] INFO:colcon.colcon_core.shell:Creating environment hook '/home/artem/Documents/3_course/robotics/task3/ex01/install/fullname_interfaces/share/fullname_interfaces/hook/pythonpath.sh'
[4.602s] Level 1:colcon.colcon_core.environment:checking '/home/artem/Documents/3_course/robotics/task3/ex01/install/fullname_interfaces/bin'
[4.602s] INFO:colcon.colcon_core.shell:Creating package script '/home/artem/Documents/3_course/robotics/task3/ex01/install/fullname_interfaces/share/fullname_interfaces/package.ps1'
[4.603s] INFO:colcon.colcon_core.shell:Creating package descriptor '/home/artem/Documents/3_course/robotics/task3/ex01/install/fullname_interfaces/share/fullname_interfaces/package.dsv'
[4.603s] INFO:colcon.colcon_core.shell:Creating package script '/home/artem/Documents/3_course/robotics/task3/ex01/install/fullname_interfaces/share/fullname_interfaces/package.sh'
[4.604s] INFO:colcon.colcon_core.shell:Creating package script '/home/artem/Documents/3_course/robotics/task3/ex01/install/fullname_interfaces/share/fullname_interfaces/package.bash'
[4.604s] INFO:colcon.colcon_core.shell:Creating package script '/home/artem/Documents/3_course/robotics/task3/ex01/install/fullname_interfaces/share/fullname_interfaces/package.zsh'
[4.604s] Level 1:colcon.colcon_core.environment:create_file_with_runtime_dependencies(/home/artem/Documents/3_course/robotics/task3/ex01/install/fullname_interfaces/share/colcon-core/packages/fullname_interfaces)
[4.605s] Level 1:colcon.colcon_core.environment:create_environment_scripts_only(fullname_interfaces)
[4.605s] Level 1:colcon.colcon_core.environment:checking '/home/artem/Documents/3_course/robotics/task3/ex01/install/fullname_interfaces' for CMake module files
[4.605s] Level 1:colcon.colcon_core.environment:checking '/home/artem/Documents/3_course/robotics/task3/ex01/install/fullname_interfaces' for CMake config files
[4.605s] Level 1:colcon.colcon_core.shell:create_environment_hook('fullname_interfaces', 'cmake_prefix_path')
[4.606s] INFO:colcon.colcon_core.shell:Creating environment hook '/home/artem/Documents/3_course/robotics/task3/ex01/install/fullname_interfaces/share/fullname_interfaces/hook/cmake_prefix_path.ps1'
[4.606s] INFO:colcon.colcon_core.shell:Creating environment descriptor '/home/artem/Documents/3_course/robotics/task3/ex01/install/fullname_interfaces/share/fullname_interfaces/hook/cmake_prefix_path.dsv'
[4.606s] INFO:colcon.colcon_core.shell:Creating environment hook '/home/artem/Documents/3_course/robotics/task3/ex01/install/fullname_interfaces/share/fullname_interfaces/hook/cmake_prefix_path.sh'
[4.606s] Level 1:colcon.colcon_core.environment:checking '/home/artem/Documents/3_course/robotics/task3/ex01/install/fullname_interfaces/lib'
[4.606s] Level 1:colcon.colcon_core.shell:create_environment_hook('fullname_interfaces', 'ld_library_path_lib')
[4.606s] INFO:colcon.colcon_core.shell:Creating environment hook '/home/artem/Documents/3_course/robotics/task3/ex01/install/fullname_interfaces/share/fullname_interfaces/hook/ld_library_path_lib.ps1'
[4.607s] INFO:colcon.colcon_core.shell:Creating environment descriptor '/home/artem/Documents/3_course/robotics/task3/ex01/install/fullname_interfaces/share/fullname_interfaces/hook/ld_library_path_lib.dsv'
[4.607s] INFO:colcon.colcon_core.shell:Creating environment hook '/home/artem/Documents/3_course/robotics/task3/ex01/install/fullname_interfaces/share/fullname_interfaces/hook/ld_library_path_lib.sh'
[4.607s] Level 1:colcon.colcon_core.environment:checking '/home/artem/Documents/3_course/robotics/task3/ex01/install/fullname_interfaces/bin'
[4.607s] Level 1:colcon.colcon_core.environment:checking '/home/artem/Documents/3_course/robotics/task3/ex01/install/fullname_interfaces/lib/pkgconfig/fullname_interfaces.pc'
[4.607s] Level 1:colcon.colcon_core.environment:checking '/home/artem/Documents/3_course/robotics/task3/ex01/install/fullname_interfaces/lib/python3.12/site-packages'
[4.607s] Level 1:colcon.colcon_core.shell:create_environment_hook('fullname_interfaces', 'pythonpath')
[4.607s] INFO:colcon.colcon_core.shell:Creating environment hook '/home/artem/Documents/3_course/robotics/task3/ex01/install/fullname_interfaces/share/fullname_interfaces/hook/pythonpath.ps1'
[4.608s] INFO:colcon.colcon_core.shell:Creating environment descriptor '/home/artem/Documents/3_course/robotics/task3/ex01/install/fullname_interfaces/share/fullname_interfaces/hook/pythonpath.dsv'
[4.608s] INFO:colcon.colcon_core.shell:Creating environment hook '/home/artem/Documents/3_course/robotics/task3/ex01/install/fullname_interfaces/share/fullname_interfaces/hook/pythonpath.sh'
[4.608s] Level 1:colcon.colcon_core.environment:checking '/home/artem/Documents/3_course/robotics/task3/ex01/install/fullname_interfaces/bin'
[4.608s] INFO:colcon.colcon_core.shell:Creating package script '/home/artem/Documents/3_course/robotics/task3/ex01/install/fullname_interfaces/share/fullname_interfaces/package.ps1'
[4.608s] INFO:colcon.colcon_core.shell:Creating package descriptor '/home/artem/Documents/3_course/robotics/task3/ex01/install/fullname_interfaces/share/fullname_interfaces/package.dsv'
[4.609s] INFO:colcon.colcon_core.shell:Creating package script '/home/artem/Documents/3_course/robotics/task3/ex01/install/fullname_interfaces/share/fullname_interfaces/package.sh'
[4.609s] INFO:colcon.colcon_core.shell:Creating package script '/home/artem/Documents/3_course/robotics/task3/ex01/install/fullname_interfaces/share/fullname_interfaces/package.bash'
[4.609s] INFO:colcon.colcon_core.shell:Creating package script '/home/artem/Documents/3_course/robotics/task3/ex01/install/fullname_interfaces/share/fullname_interfaces/package.zsh'
[4.609s] Level 1:colcon.colcon_core.environment:create_file_with_runtime_dependencies(/home/artem/Documents/3_course/robotics/task3/ex01/install/fullname_interfaces/share/colcon-core/packages/fullname_interfaces)
[4.609s] DEBUG:colcon.colcon_parallel_executor.executor.parallel:closing loop
[4.609s] DEBUG:colcon.colcon_parallel_executor.executor.parallel:loop closed
[4.609s] DEBUG:colcon.colcon_parallel_executor.executor.parallel:run_until_complete finished with '0'
[4.610s] DEBUG:colcon.colcon_core.event_reactor:joining thread
[4.613s] INFO:colcon.colcon_core.plugin_system:Skipping extension 'colcon_notification.desktop_notification.terminal_notifier': Not used on non-Darwin systems
[4.613s] INFO:colcon.colcon_core.plugin_system:Skipping extension 'colcon_notification.desktop_notification.win32': Not used on non-Windows systems
[4.613s] INFO:colcon.colcon_notification.desktop_notification:Sending desktop notification using 'notify2'
[4.626s] DEBUG:colcon.colcon_core.event_reactor:joined thread
[4.626s] INFO:colcon.colcon_core.shell:Creating prefix script '/home/artem/Documents/3_course/robotics/task3/ex01/install/local_setup.ps1'
[4.627s] INFO:colcon.colcon_core.shell:Creating prefix util module '/home/artem/Documents/3_course/robotics/task3/ex01/install/_local_setup_util_ps1.py'
[4.628s] INFO:colcon.colcon_core.shell:Creating prefix chain script '/home/artem/Documents/3_course/robotics/task3/ex01/install/setup.ps1'
[4.628s] INFO:colcon.colcon_core.shell:Creating prefix script '/home/artem/Documents/3_course/robotics/task3/ex01/install/local_setup.sh'
[4.628s] INFO:colcon.colcon_core.shell:Creating prefix util module '/home/artem/Documents/3_course/robotics/task3/ex01/install/_local_setup_util_sh.py'
[4.629s] INFO:colcon.colcon_core.shell:Creating prefix chain script '/home/artem/Documents/3_course/robotics/task3/ex01/install/setup.sh'
[4.629s] INFO:colcon.colcon_core.shell:Creating prefix script '/home/artem/Documents/3_course/robotics/task3/ex01/install/local_setup.bash'
[4.629s] INFO:colcon.colcon_core.shell:Creating prefix chain script '/home/artem/Documents/3_course/robotics/task3/ex01/install/setup.bash'
[4.630s] INFO:colcon.colcon_core.shell:Creating prefix script '/home/artem/Documents/3_course/robotics/task3/ex01/install/local_setup.zsh'
[4.630s] INFO:colcon.colcon_core.shell:Creating prefix chain script '/home/artem/Documents/3_course/robotics/task3/ex01/install/setup.zsh'
