[1.110s] Invoking command in '/home/artem/Documents/3_course/robotics/task3/ex01/service_full_name': DEBUGINFOD_URLS=https://debuginfod.ubuntu.com PYTHONPATH=/home/artem/Documents/3_course/robotics/task3/ex01/build/service_full_name/prefix_override:/usr/lib/python3/dist-packages/colcon_core/task/python/colcon_distutils_commands:/home/artem/Documents/3_course/robotics/task3/ex01/install/service_full_name/lib/python3.12/site-packages:/home/artem/Documents/3_course/robotics/task3/ex01/install/fullname_interfaces/lib/python3.12/site-packages:/home/artem/Documents/3_course/robotics/task3/ex01/install/service_full_name/lib/python3.12/site-packages:/home/artem/ros2_ws/install/turtlesim/lib/python3.12/site-packages:/opt/ros/jazzy/lib/python3.12/site-packages /usr/bin/python3 -W ignore:setup.py install is deprecated -W ignore:easy_install command is deprecated setup.py egg_info --egg-base ../build/service_full_name build --build-base /home/artem/Documents/3_course/robotics/task3/ex01/build/service_full_name/build install --record /home/artem/Documents/3_course/robotics/task3/ex01/build/service_full_name/install.log --single-version-externally-managed install_data
[1.472s] running egg_info
[1.494s] writing ../build/service_full_name/service_full_name.egg-info/PKG-INFO
[1.495s] writing dependency_links to ../build/service_full_name/service_full_name.egg-info/dependency_links.txt
[1.495s] writing entry points to ../build/service_full_name/service_full_name.egg-info/entry_points.txt
[1.495s] writing requirements to ../build/service_full_name/service_full_name.egg-info/requires.txt
[1.495s] writing top-level names to ../build/service_full_name/service_full_name.egg-info/top_level.txt
[1.538s] reading manifest file '../build/service_full_name/service_full_name.egg-info/SOURCES.txt'
[1.539s] adding license file 'LICENSE'
[1.539s] writing manifest file '../build/service_full_name/service_full_name.egg-info/SOURCES.txt'
[1.540s] running build
[1.540s] running build_py
[1.540s] copying service_full_name/service_name.py -> /home/artem/Documents/3_course/robotics/task3/ex01/build/service_full_name/build/lib/service_full_name
[1.540s] running install
[1.550s] running install_lib
[1.576s] copying /home/artem/Documents/3_course/robotics/task3/ex01/build/service_full_name/build/lib/service_full_name/service_name.py -> /home/artem/Documents/3_course/robotics/task3/ex01/install/service_full_name/lib/python3.12/site-packages/service_full_name
[1.577s] byte-compiling /home/artem/Documents/3_course/robotics/task3/ex01/install/service_full_name/lib/python3.12/site-packages/service_full_name/service_name.py to service_name.cpython-312.pyc
[1.578s] running install_data
[1.578s] running install_egg_info
[1.603s] removing '/home/artem/Documents/3_course/robotics/task3/ex01/install/service_full_name/lib/python3.12/site-packages/service_full_name-0.0.0-py3.12.egg-info' (and everything under it)
[1.603s] Copying ../build/service_full_name/service_full_name.egg-info to /home/artem/Documents/3_course/robotics/task3/ex01/install/service_full_name/lib/python3.12/site-packages/service_full_name-0.0.0-py3.12.egg-info
[1.604s] running install_scripts
[1.788s] Installing client_name script to /home/artem/Documents/3_course/robotics/task3/ex01/install/service_full_name/lib/service_full_name
[1.788s] Installing service_name script to /home/artem/Documents/3_course/robotics/task3/ex01/install/service_full_name/lib/service_full_name
[1.788s] writing list of installed files to '/home/artem/Documents/3_course/robotics/task3/ex01/build/service_full_name/install.log'
[1.832s] Invoked command in '/home/artem/Documents/3_course/robotics/task3/ex01/service_full_name' returned '0': DEBUGINFOD_URLS=https://debuginfod.ubuntu.com PYTHONPATH=/home/artem/Documents/3_course/robotics/task3/ex01/build/service_full_name/prefix_override:/usr/lib/python3/dist-packages/colcon_core/task/python/colcon_distutils_commands:/home/artem/Documents/3_course/robotics/task3/ex01/install/service_full_name/lib/python3.12/site-packages:/home/artem/Documents/3_course/robotics/task3/ex01/install/fullname_interfaces/lib/python3.12/site-packages:/home/artem/Documents/3_course/robotics/task3/ex01/install/service_full_name/lib/python3.12/site-packages:/home/artem/ros2_ws/install/turtlesim/lib/python3.12/site-packages:/opt/ros/jazzy/lib/python3.12/site-packages /usr/bin/python3 -W ignore:setup.py install is deprecated -W ignore:easy_install command is deprecated setup.py egg_info --egg-base ../build/service_full_name build --build-base /home/artem/Documents/3_course/robotics/task3/ex01/build/service_full_name/build install --record /home/artem/Documents/3_course/robotics/task3/ex01/build/service_full_name/install.log --single-version-externally-managed install_data
