[0.040s] Invoking command in '/home/artem/Documents/3_course/robotics/task5/ex05/build/robot_description': CMAKE_PREFIX_PATH=${CMAKE_PREFIX_PATH}:/opt/ros/jazzy DEBUGINFOD_URLS=https://debuginfod.ubuntu.com /usr/bin/cmake --build /home/artem/Documents/3_course/robotics/task5/ex05/build/robot_description -- -j12 -l12
[0.206s] Invoked command in '/home/artem/Documents/3_course/robotics/task5/ex05/build/robot_description' returned '0': CMAKE_PREFIX_PATH=${CMAKE_PREFIX_PATH}:/opt/ros/jazzy DEBUGINFOD_URLS=https://debuginfod.ubuntu.com /usr/bin/cmake --build /home/artem/Documents/3_course/robotics/task5/ex05/build/robot_description -- -j12 -l12
[0.210s] Invoking command in '/home/artem/Documents/3_course/robotics/task5/ex05/build/robot_description': CMAKE_PREFIX_PATH=${CMAKE_PREFIX_PATH}:/opt/ros/jazzy DEBUGINFOD_URLS=https://debuginfod.ubuntu.com /usr/bin/cmake --install /home/artem/Documents/3_course/robotics/task5/ex05/build/robot_description
[0.243s] -- Install configuration: ""
[0.244s] -- Up-to-date: /home/artem/Documents/3_course/robotics/task5/ex05/install/robot_description/share/robot_description//urdf
[0.244s] -- Up-to-date: /home/artem/Documents/3_course/robotics/task5/ex05/install/robot_description/share/robot_description//urdf/gazebo.urdf.xacro
[0.244s] -- Up-to-date: /home/artem/Documents/3_course/robotics/task5/ex05/install/robot_description/share/robot_description//urdf/robot.urdf.xacro
[0.245s] -- Up-to-date: /home/artem/Documents/3_course/robotics/task5/ex05/install/robot_description/share/ament_index/resource_index/package_run_dependencies/robot_description
[0.245s] -- Up-to-date: /home/artem/Documents/3_course/robotics/task5/ex05/install/robot_description/share/ament_index/resource_index/parent_prefix_path/robot_description
[0.246s] -- Up-to-date: /home/artem/Documents/3_course/robotics/task5/ex05/install/robot_description/share/robot_description/environment/ament_prefix_path.sh
[0.246s] -- Up-to-date: /home/artem/Documents/3_course/robotics/task5/ex05/install/robot_description/share/robot_description/environment/ament_prefix_path.dsv
[0.246s] -- Up-to-date: /home/artem/Documents/3_course/robotics/task5/ex05/install/robot_description/share/robot_description/environment/path.sh
[0.246s] -- Up-to-date: /home/artem/Documents/3_course/robotics/task5/ex05/install/robot_description/share/robot_description/environment/path.dsv
[0.247s] -- Up-to-date: /home/artem/Documents/3_course/robotics/task5/ex05/install/robot_description/share/robot_description/local_setup.bash
[0.247s] -- Up-to-date: /home/artem/Documents/3_course/robotics/task5/ex05/install/robot_description/share/robot_description/local_setup.sh
[0.247s] -- Up-to-date: /home/artem/Documents/3_course/robotics/task5/ex05/install/robot_description/share/robot_description/local_setup.zsh
[0.247s] -- Up-to-date: /home/artem/Documents/3_course/robotics/task5/ex05/install/robot_description/share/robot_description/local_setup.dsv
[0.247s] -- Installing: /home/artem/Documents/3_course/robotics/task5/ex05/install/robot_description/share/robot_description/package.dsv
[0.248s] -- Up-to-date: /home/artem/Documents/3_course/robotics/task5/ex05/install/robot_description/share/ament_index/resource_index/packages/robot_description
[0.248s] -- Up-to-date: /home/artem/Documents/3_course/robotics/task5/ex05/install/robot_description/share/robot_description/cmake/robot_descriptionConfig.cmake
[0.248s] -- Up-to-date: /home/artem/Documents/3_course/robotics/task5/ex05/install/robot_description/share/robot_description/cmake/robot_descriptionConfig-version.cmake
[0.248s] -- Up-to-date: /home/artem/Documents/3_course/robotics/task5/ex05/install/robot_description/share/robot_description/package.xml
[0.328s] Invoked command in '/home/artem/Documents/3_course/robotics/task5/ex05/build/robot_description' returned '0': CMAKE_PREFIX_PATH=${CMAKE_PREFIX_PATH}:/opt/ros/jazzy DEBUGINFOD_URLS=https://debuginfod.ubuntu.com /usr/bin/cmake --install /home/artem/Documents/3_course/robotics/task5/ex05/build/robot_description
