[0.012s] Invoking command in '/home/artem/Documents/3_course/robotics/task5/ex05/build/robot_bringup': CMAKE_PREFIX_PATH=${CMAKE_PREFIX_PATH}:/opt/ros/jazzy DEBUGINFOD_URLS=https://debuginfod.ubuntu.com /usr/bin/cmake --build /home/artem/Documents/3_course/robotics/task5/ex05/build/robot_bringup -- -j12 -l12
[0.044s] -- Found ament_cmake: 2.5.4 (/opt/ros/jazzy/share/ament_cmake/cmake)
[0.235s] -- Found ament_lint_auto: 0.17.3 (/opt/ros/jazzy/share/ament_lint_auto/cmake)
[0.310s] -- Added test 'copyright' to check source files copyright and LICENSE
[0.312s] -- Added test 'flake8' to check Python code syntax and style conventions
[0.312s] -- Configured 'flake8' exclude dirs and/or files: 
[0.313s] -- Added test 'lint_cmake' to check CMake code style
[0.313s] -- Added test 'pep257' to check Python code against some of the docstring style conventions in PEP 257
[0.314s] -- Added test 'xmllint' to check XML markup files
[0.316s] -- Configuring done (0.3s)
[0.323s] -- Generating done (0.0s)
[0.324s] -- Build files have been written to: /home/artem/Documents/3_course/robotics/task5/ex05/build/robot_bringup
[0.343s] Invoked command in '/home/artem/Documents/3_course/robotics/task5/ex05/build/robot_bringup' returned '0': CMAKE_PREFIX_PATH=${CMAKE_PREFIX_PATH}:/opt/ros/jazzy DEBUGINFOD_URLS=https://debuginfod.ubuntu.com /usr/bin/cmake --build /home/artem/Documents/3_course/robotics/task5/ex05/build/robot_bringup -- -j12 -l12
[0.352s] Invoking command in '/home/artem/Documents/3_course/robotics/task5/ex05/build/robot_bringup': CMAKE_PREFIX_PATH=${CMAKE_PREFIX_PATH}:/opt/ros/jazzy DEBUGINFOD_URLS=https://debuginfod.ubuntu.com /usr/bin/cmake --install /home/artem/Documents/3_course/robotics/task5/ex05/build/robot_bringup
[0.358s] -- Install configuration: ""
[0.358s] -- Up-to-date: /home/artem/Documents/3_course/robotics/task5/ex05/install/robot_bringup/share/robot_bringup/launch
[0.358s] -- Up-to-date: /home/artem/Documents/3_course/robotics/task5/ex05/install/robot_bringup/share/robot_bringup/launch/diff_drive.launch.py
[0.358s] -- Up-to-date: /home/artem/Documents/3_course/robotics/task5/ex05/install/robot_bringup/share/robot_bringup/config
[0.358s] -- Up-to-date: /home/artem/Documents/3_course/robotics/task5/ex05/install/robot_bringup/share/robot_bringup/config/robot_bridge.yaml
[0.358s] -- Up-to-date: /home/artem/Documents/3_course/robotics/task5/ex05/install/robot_bringup/share/robot_bringup/config/diff_drive.rviz
[0.358s] -- Up-to-date: /home/artem/Documents/3_course/robotics/task5/ex05/install/robot_bringup/share/ament_index/resource_index/package_run_dependencies/robot_bringup
[0.358s] -- Up-to-date: /home/artem/Documents/3_course/robotics/task5/ex05/install/robot_bringup/share/ament_index/resource_index/parent_prefix_path/robot_bringup
[0.358s] -- Installing: /home/artem/Documents/3_course/robotics/task5/ex05/install/robot_bringup/share/robot_bringup/environment/ament_prefix_path.sh
[0.358s] -- Up-to-date: /home/artem/Documents/3_course/robotics/task5/ex05/install/robot_bringup/share/robot_bringup/environment/ament_prefix_path.dsv
[0.358s] -- Installing: /home/artem/Documents/3_course/robotics/task5/ex05/install/robot_bringup/share/robot_bringup/environment/path.sh
[0.358s] -- Up-to-date: /home/artem/Documents/3_course/robotics/task5/ex05/install/robot_bringup/share/robot_bringup/environment/path.dsv
[0.358s] -- Up-to-date: /home/artem/Documents/3_course/robotics/task5/ex05/install/robot_bringup/share/robot_bringup/local_setup.bash
[0.358s] -- Up-to-date: /home/artem/Documents/3_course/robotics/task5/ex05/install/robot_bringup/share/robot_bringup/local_setup.sh
[0.359s] -- Up-to-date: /home/artem/Documents/3_course/robotics/task5/ex05/install/robot_bringup/share/robot_bringup/local_setup.zsh
[0.359s] -- Up-to-date: /home/artem/Documents/3_course/robotics/task5/ex05/install/robot_bringup/share/robot_bringup/local_setup.dsv
[0.359s] -- Up-to-date: /home/artem/Documents/3_course/robotics/task5/ex05/install/robot_bringup/share/robot_bringup/package.dsv
[0.359s] -- Up-to-date: /home/artem/Documents/3_course/robotics/task5/ex05/install/robot_bringup/share/ament_index/resource_index/packages/robot_bringup
[0.359s] -- Up-to-date: /home/artem/Documents/3_course/robotics/task5/ex05/install/robot_bringup/share/robot_bringup/cmake/robot_bringupConfig.cmake
[0.359s] -- Up-to-date: /home/artem/Documents/3_course/robotics/task5/ex05/install/robot_bringup/share/robot_bringup/cmake/robot_bringupConfig-version.cmake
[0.359s] -- Up-to-date: /home/artem/Documents/3_course/robotics/task5/ex05/install/robot_bringup/share/robot_bringup/package.xml
[0.360s] Invoked command in '/home/artem/Documents/3_course/robotics/task5/ex05/build/robot_bringup' returned '0': CMAKE_PREFIX_PATH=${CMAKE_PREFIX_PATH}:/opt/ros/jazzy DEBUGINFOD_URLS=https://debuginfod.ubuntu.com /usr/bin/cmake --install /home/artem/Documents/3_course/robotics/task5/ex05/build/robot_bringup
