running egg_info
writing ../../build/text_to_cmd_vel/text_to_cmd_vel.egg-info/PKG-INFO
writing dependency_links to ../../build/text_to_cmd_vel/text_to_cmd_vel.egg-info/dependency_links.txt
writing entry points to ../../build/text_to_cmd_vel/text_to_cmd_vel.egg-info/entry_points.txt
writing requirements to ../../build/text_to_cmd_vel/text_to_cmd_vel.egg-info/requires.txt
writing top-level names to ../../build/text_to_cmd_vel/text_to_cmd_vel.egg-info/top_level.txt
reading manifest file '../../build/text_to_cmd_vel/text_to_cmd_vel.egg-info/SOURCES.txt'
adding license file 'LICENSE'
writing manifest file '../../build/text_to_cmd_vel/text_to_cmd_vel.egg-info/SOURCES.txt'
running build
running build_py
running install
running install_lib
running install_data
running install_egg_info
removing '/home/artem/Documents/3_course/robotics/task2/ex10/install/text_to_cmd_vel/lib/python3.12/site-packages/text_to_cmd_vel-0.0.0-py3.12.egg-info' (and everything under it)
Copying ../../build/text_to_cmd_vel/text_to_cmd_vel.egg-info to /home/artem/Documents/3_course/robotics/task2/ex10/install/text_to_cmd_vel/lib/python3.12/site-packages/text_to_cmd_vel-0.0.0-py3.12.egg-info
running install_scripts
Installing text_to_cmd_vel_node script to /home/artem/Documents/3_course/robotics/task2/ex10/install/text_to_cmd_vel/lib/text_to_cmd_vel
writing list of installed files to '/home/artem/Documents/3_course/robotics/task2/ex10/build/text_to_cmd_vel/install.log'
