[1.175s] Invoking command in '/home/artem/Documents/3_course/robotics/task2/ex10/src/text_to_cmd_vel': DEBUGINFOD_URLS=https://debuginfod.ubuntu.com PYTHONPATH=/home/artem/Documents/3_course/robotics/task2/ex10/build/text_to_cmd_vel/prefix_override:/usr/lib/python3/dist-packages/colcon_core/task/python/colcon_distutils_commands:/home/artem/Documents/3_course/robotics/task2/ex10/install/text_to_cmd_vel/lib/python3.12/site-packages:${PYTHONPATH} /usr/bin/python3 -W ignore:setup.py install is deprecated -W ignore:easy_install command is deprecated setup.py egg_info --egg-base ../../build/text_to_cmd_vel build --build-base /home/artem/Documents/3_course/robotics/task2/ex10/build/text_to_cmd_vel/build install --record /home/artem/Documents/3_course/robotics/task2/ex10/build/text_to_cmd_vel/install.log --single-version-externally-managed install_data
[1.570s] running egg_info
[1.592s] writing ../../build/text_to_cmd_vel/text_to_cmd_vel.egg-info/PKG-INFO
[1.592s] writing dependency_links to ../../build/text_to_cmd_vel/text_to_cmd_vel.egg-info/dependency_links.txt
[1.592s] writing entry points to ../../build/text_to_cmd_vel/text_to_cmd_vel.egg-info/entry_points.txt
[1.592s] writing requirements to ../../build/text_to_cmd_vel/text_to_cmd_vel.egg-info/requires.txt
[1.593s] writing top-level names to ../../build/text_to_cmd_vel/text_to_cmd_vel.egg-info/top_level.txt
[1.643s] reading manifest file '../../build/text_to_cmd_vel/text_to_cmd_vel.egg-info/SOURCES.txt'
[1.644s] adding license file 'LICENSE'
[1.645s] writing manifest file '../../build/text_to_cmd_vel/text_to_cmd_vel.egg-info/SOURCES.txt'
[1.645s] running build
[1.645s] running build_py
[1.645s] running install
[1.655s] running install_lib
[1.678s] running install_data
[1.678s] running install_egg_info
[1.702s] removing '/home/artem/Documents/3_course/robotics/task2/ex10/install/text_to_cmd_vel/lib/python3.12/site-packages/text_to_cmd_vel-0.0.0-py3.12.egg-info' (and everything under it)
[1.703s] Copying ../../build/text_to_cmd_vel/text_to_cmd_vel.egg-info to /home/artem/Documents/3_course/robotics/task2/ex10/install/text_to_cmd_vel/lib/python3.12/site-packages/text_to_cmd_vel-0.0.0-py3.12.egg-info
[1.703s] running install_scripts
[1.906s] Installing text_to_cmd_vel_node script to /home/artem/Documents/3_course/robotics/task2/ex10/install/text_to_cmd_vel/lib/text_to_cmd_vel
[1.907s] writing list of installed files to '/home/artem/Documents/3_course/robotics/task2/ex10/build/text_to_cmd_vel/install.log'
[1.966s] Invoked command in '/home/artem/Documents/3_course/robotics/task2/ex10/src/text_to_cmd_vel' returned '0': DEBUGINFOD_URLS=https://debuginfod.ubuntu.com PYTHONPATH=/home/artem/Documents/3_course/robotics/task2/ex10/build/text_to_cmd_vel/prefix_override:/usr/lib/python3/dist-packages/colcon_core/task/python/colcon_distutils_commands:/home/artem/Documents/3_course/robotics/task2/ex10/install/text_to_cmd_vel/lib/python3.12/site-packages:${PYTHONPATH} /usr/bin/python3 -W ignore:setup.py install is deprecated -W ignore:easy_install command is deprecated setup.py egg_info --egg-base ../../build/text_to_cmd_vel build --build-base /home/artem/Documents/3_course/robotics/task2/ex10/build/text_to_cmd_vel/build install --record /home/artem/Documents/3_course/robotics/task2/ex10/build/text_to_cmd_vel/install.log --single-version-externally-managed install_data
