[1.524s] Invoking command in '/home/artem/Documents/3_course/robotics/task5/ex04/circle_moving': DEBUGINFOD_URLS=https://debuginfod.ubuntu.com PYTHONPATH=/home/artem/Documents/3_course/robotics/task5/ex04/build/circle_moving/prefix_override:/usr/lib/python3/dist-packages/colcon_core/task/python/colcon_distutils_commands:/home/artem/Documents/3_course/robotics/task5/ex04/install/circle_moving/lib/python3.12/site-packages:${PYTHONPATH} /usr/bin/python3 -W ignore:setup.py install is deprecated -W ignore:easy_install command is deprecated setup.py egg_info --egg-base ../build/circle_moving build --build-base /home/artem/Documents/3_course/robotics/task5/ex04/build/circle_moving/build install --record /home/artem/Documents/3_course/robotics/task5/ex04/build/circle_moving/install.log --single-version-externally-managed install_data
[1.907s] running egg_info
[1.907s] creating ../build/circle_moving/circle_moving.egg-info
[1.932s] writing ../build/circle_moving/circle_moving.egg-info/PKG-INFO
[1.933s] writing dependency_links to ../build/circle_moving/circle_moving.egg-info/dependency_links.txt
[1.933s] writing entry points to ../build/circle_moving/circle_moving.egg-info/entry_points.txt
[1.933s] writing requirements to ../build/circle_moving/circle_moving.egg-info/requires.txt
[1.933s] writing top-level names to ../build/circle_moving/circle_moving.egg-info/top_level.txt
[1.933s] writing manifest file '../build/circle_moving/circle_moving.egg-info/SOURCES.txt'
[1.982s] reading manifest file '../build/circle_moving/circle_moving.egg-info/SOURCES.txt'
[1.983s] writing manifest file '../build/circle_moving/circle_moving.egg-info/SOURCES.txt'
[1.983s] running build
[1.983s] running build_py
[1.983s] creating /home/artem/Documents/3_course/robotics/task5/ex04/build/circle_moving/build
[1.983s] creating /home/artem/Documents/3_course/robotics/task5/ex04/build/circle_moving/build/lib
[1.984s] creating /home/artem/Documents/3_course/robotics/task5/ex04/build/circle_moving/build/lib/circle_moving
[1.984s] copying circle_moving/__init__.py -> /home/artem/Documents/3_course/robotics/task5/ex04/build/circle_moving/build/lib/circle_moving
[1.984s] copying circle_moving/circle_moving.py -> /home/artem/Documents/3_course/robotics/task5/ex04/build/circle_moving/build/lib/circle_moving
[1.984s] running install
[1.994s] running install_lib
[2.019s] creating /home/artem/Documents/3_course/robotics/task5/ex04/install/circle_moving/lib/python3.12/site-packages/circle_moving
[2.019s] copying /home/artem/Documents/3_course/robotics/task5/ex04/build/circle_moving/build/lib/circle_moving/__init__.py -> /home/artem/Documents/3_course/robotics/task5/ex04/install/circle_moving/lib/python3.12/site-packages/circle_moving
[2.019s] copying /home/artem/Documents/3_course/robotics/task5/ex04/build/circle_moving/build/lib/circle_moving/circle_moving.py -> /home/artem/Documents/3_course/robotics/task5/ex04/install/circle_moving/lib/python3.12/site-packages/circle_moving
[2.020s] byte-compiling /home/artem/Documents/3_course/robotics/task5/ex04/install/circle_moving/lib/python3.12/site-packages/circle_moving/__init__.py to __init__.cpython-312.pyc
[2.020s] byte-compiling /home/artem/Documents/3_course/robotics/task5/ex04/install/circle_moving/lib/python3.12/site-packages/circle_moving/circle_moving.py to circle_moving.cpython-312.pyc
[2.021s] running install_data
[2.021s] creating /home/artem/Documents/3_course/robotics/task5/ex04/install/circle_moving/share/ament_index
[2.021s] creating /home/artem/Documents/3_course/robotics/task5/ex04/install/circle_moving/share/ament_index/resource_index
[2.021s] creating /home/artem/Documents/3_course/robotics/task5/ex04/install/circle_moving/share/ament_index/resource_index/packages
[2.021s] copying resource/circle_moving -> /home/artem/Documents/3_course/robotics/task5/ex04/install/circle_moving/share/ament_index/resource_index/packages
[2.022s] copying package.xml -> /home/artem/Documents/3_course/robotics/task5/ex04/install/circle_moving/share/circle_moving
[2.022s] running install_egg_info
[2.049s] Copying ../build/circle_moving/circle_moving.egg-info to /home/artem/Documents/3_course/robotics/task5/ex04/install/circle_moving/lib/python3.12/site-packages/circle_moving-0.0.0-py3.12.egg-info
[2.050s] running install_scripts
[2.209s] Installing circle_moving script to /home/artem/Documents/3_course/robotics/task5/ex04/install/circle_moving/lib/circle_moving
[2.210s] writing list of installed files to '/home/artem/Documents/3_course/robotics/task5/ex04/build/circle_moving/install.log'
[2.257s] Invoked command in '/home/artem/Documents/3_course/robotics/task5/ex04/circle_moving' returned '0': DEBUGINFOD_URLS=https://debuginfod.ubuntu.com PYTHONPATH=/home/artem/Documents/3_course/robotics/task5/ex04/build/circle_moving/prefix_override:/usr/lib/python3/dist-packages/colcon_core/task/python/colcon_distutils_commands:/home/artem/Documents/3_course/robotics/task5/ex04/install/circle_moving/lib/python3.12/site-packages:${PYTHONPATH} /usr/bin/python3 -W ignore:setup.py install is deprecated -W ignore:easy_install command is deprecated setup.py egg_info --egg-base ../build/circle_moving build --build-base /home/artem/Documents/3_course/robotics/task5/ex04/build/circle_moving/build install --record /home/artem/Documents/3_course/robotics/task5/ex04/build/circle_moving/install.log --single-version-externally-managed install_data
