[0.012s] Invoking command in '/home/artem/Documents/3_course/robotics/task2/ex09/build/full_name_interfaces': CMAKE_PREFIX_PATH=${CMAKE_PREFIX_PATH}:/opt/ros/jazzy DEBUGINFOD_URLS=https://debuginfod.ubuntu.com /usr/bin/cmake /home/artem/Documents/3_course/robotics/task2/ex09/full_name_interfaces -DCMAKE_INSTALL_PREFIX=/home/artem/Documents/3_course/robotics/task2/ex09/install/full_name_interfaces
[0.112s] -- The C compiler identification is GNU 13.3.0
[0.196s] -- The CXX compiler identification is GNU 13.3.0
[0.217s] -- Detecting C compiler ABI info
[0.304s] -- Detecting C compiler ABI info - done
[0.312s] -- Check for working C compiler: /usr/bin/cc - skipped
[0.313s] -- Detecting C compile features
[0.314s] -- Detecting C compile features - done
[0.325s] -- Detecting CXX compiler ABI info
[0.412s] -- Detecting CXX compiler ABI info - done
[0.419s] -- Check for working CXX compiler: /usr/bin/c++ - skipped
[0.419s] -- Detecting CXX compile features
[0.420s] -- Detecting CXX compile features - done
[0.427s] -- Found ament_cmake: 2.5.4 (/opt/ros/jazzy/share/ament_cmake/cmake)
[0.538s] -- Found Python3: /usr/bin/python3 (found version "3.12.3") found components: Interpreter 
[0.646s] -- Found rosidl_default_generators: 1.6.0 (/opt/ros/jazzy/share/rosidl_default_generators/cmake)
[0.654s] -- Using all available rosidl_typesupport_c: rosidl_typesupport_fastrtps_c;rosidl_typesupport_introspection_c
[0.717s] -- Using all available rosidl_typesupport_cpp: rosidl_typesupport_fastrtps_cpp;rosidl_typesupport_introspection_cpp
[0.758s] -- Found rosidl_adapter: 4.6.6 (/opt/ros/jazzy/share/rosidl_adapter/cmake)
[0.761s] -- Found ament_lint_auto: 0.17.3 (/opt/ros/jazzy/share/ament_lint_auto/cmake)
[1.041s] [31mCMake Error at /opt/ros/jazzy/share/rosidl_adapter/cmake/rosidl_adapt_interfaces.cmake:57 (message):
[1.041s]   execute_process(/usr/bin/python3 -m rosidl_adapter --package-name
[1.041s]   full_name_interfaces --arguments-file
[1.041s]   /home/artem/Documents/3_course/robotics/task2/ex09/build/full_name_interfaces/rosidl_adapter__arguments__full_name_interfaces.json
[1.041s]   --output-dir
[1.041s]   /home/artem/Documents/3_course/robotics/task2/ex09/build/full_name_interfaces/rosidl_adapter/full_name_interfaces
[1.041s]   --output-file
[1.041s]   /home/artem/Documents/3_course/robotics/task2/ex09/build/full_name_interfaces/rosidl_adapter/full_name_interfaces.idls)
[1.041s]   returned error code 1:
[1.041s] 
[1.041s]   Traceback (most recent call last):
[1.041s] 
[1.041s]     File "<frozen runpy>", line 198, in _run_module_as_main
[1.041s]     File "<frozen runpy>", line 88, in _run_code
[1.041s]     File "/opt/ros/jazzy/lib/python3.12/site-packages/rosidl_adapter/__main__.py", line 19, in <module>
[1.041s]       sys.exit(main())
[1.041s]                ^^^^^^
[1.041s]     File "/opt/ros/jazzy/lib/python3.12/site-packages/rosidl_adapter/main.py", line 53, in main
[1.041s]       abs_idl_file = convert_to_idl(
[1.041s]                      ^^^^^^^^^^^^^^^
[1.042s]     File "/opt/ros/jazzy/lib/python3.12/site-packages/rosidl_adapter/__init__.py", line 19, in convert_to_idl
[1.042s]       return convert_msg_to_idl(
[1.042s]              ^^^^^^^^^^^^^^^^^^^
[1.042s]     File "/opt/ros/jazzy/lib/python3.12/site-packages/rosidl_adapter/msg/__init__.py", line 28, in convert_msg_to_idl
[1.042s]       msg = parse_message_string(package_name, input_file.stem, content)
[1.042s]             ^^^^^^^^^^^^^^^^^^^^^^^^^^^^^^^^^^^^^^^^^^^^^^^^^^^^^^^^^^^^
[1.042s]     File "/opt/ros/jazzy/lib/python3.12/site-packages/rosidl_adapter/parser.py", line 545, in parse_message_string
[1.042s]       msg = MessageSpecification(pkg_name, msg_name, fields, constants)
[1.042s]             ^^^^^^^^^^^^^^^^^^^^^^^^^^^^^^^^^^^^^^^^^^^^^^^^^^^^^^^^^^^
[1.042s]     File "/opt/ros/jazzy/lib/python3.12/site-packages/rosidl_adapter/parser.py", line 389, in __init__
[1.042s]       self.base_type = BaseType(
[1.042s]                        ^^^^^^^^^
[1.042s]     File "/opt/ros/jazzy/lib/python3.12/site-packages/rosidl_adapter/parser.py", line 206, in __init__
[1.042s]       raise InvalidResourceName(
[1.042s] 
[1.042s]   rosidl_adapter.parser.InvalidResourceName: 'full_name_message' is an
[1.042s]   invalid message name.  It should have the pattern '^[A-Z][A-Za-z0-9]*$'
[1.042s] 
[1.042s] Call Stack (most recent call first):
[1.042s]   /opt/ros/jazzy/share/rosidl_cmake/cmake/rosidl_generate_interfaces.cmake:132 (rosidl_adapt_interfaces)
[1.042s]   CMakeLists.txt:29 (rosidl_generate_interfaces)
[1.042s] 
[1.042s] [0m
[1.042s] -- Configuring incomplete, errors occurred!
[1.048s] Invoked command in '/home/artem/Documents/3_course/robotics/task2/ex09/build/full_name_interfaces' returned '1': CMAKE_PREFIX_PATH=${CMAKE_PREFIX_PATH}:/opt/ros/jazzy DEBUGINFOD_URLS=https://debuginfod.ubuntu.com /usr/bin/cmake /home/artem/Documents/3_course/robotics/task2/ex09/full_name_interfaces -DCMAKE_INSTALL_PREFIX=/home/artem/Documents/3_course/robotics/task2/ex09/install/full_name_interfaces
