[0.022s] Invoking command in '/home/artem/Documents/3_course/robotics/task3/ex05/build/action_cleaning_robot': CMAKE_PREFIX_PATH=${CMAKE_PREFIX_PATH}:/opt/ros/jazzy DEBUGINFOD_URLS=https://debuginfod.ubuntu.com /usr/bin/cmake --build /home/artem/Documents/3_course/robotics/task3/ex05/build/action_cleaning_robot -- -j12 -l12
[0.137s] [  2%] Built target action_cleaning_robot__rosidl_generator_type_description
[0.159s] [  2%] Built target ament_cmake_python_copy_action_cleaning_robot
[0.181s] [  5%] Built target action_cleaning_robot__cpp
[0.190s] [ 20%] Built target action_cleaning_robot__rosidl_generator_c
[0.244s] [ 29%] Built target action_cleaning_robot__rosidl_typesupport_introspection_c
[0.247s] [ 38%] Built target action_cleaning_robot__rosidl_typesupport_cpp
[0.247s] [ 47%] Built target action_cleaning_robot__rosidl_typesupport_fastrtps_cpp
[0.248s] [ 58%] Built target action_cleaning_robot__rosidl_typesupport_c
[0.248s] [ 64%] Built target action_cleaning_robot__rosidl_typesupport_fastrtps_c
[0.252s] [ 73%] Built target action_cleaning_robot__rosidl_typesupport_introspection_cpp
[0.295s] [ 73%] Built target action_cleaning_robot
[0.342s] [ 76%] Built target action_cleaning_robot__py
[0.393s] [ 82%] Built target action_cleaning_robot__rosidl_generator_py
[0.440s] [ 88%] Built target action_cleaning_robot_s__rosidl_typesupport_c
[0.440s] [ 94%] Built target action_cleaning_robot_s__rosidl_typesupport_introspection_c
[0.446s] [100%] Built target action_cleaning_robot_s__rosidl_typesupport_fastrtps_c
[0.587s] running egg_info
[0.621s] writing action_cleaning_robot.egg-info/PKG-INFO
[0.622s] writing dependency_links to action_cleaning_robot.egg-info/dependency_links.txt
[0.622s] writing top-level names to action_cleaning_robot.egg-info/top_level.txt
[0.723s] reading manifest file 'action_cleaning_robot.egg-info/SOURCES.txt'
[0.724s] writing manifest file 'action_cleaning_robot.egg-info/SOURCES.txt'
[0.783s] [100%] Built target ament_cmake_python_build_action_cleaning_robot_egg
[0.809s] Invoked command in '/home/artem/Documents/3_course/robotics/task3/ex05/build/action_cleaning_robot' returned '0': CMAKE_PREFIX_PATH=${CMAKE_PREFIX_PATH}:/opt/ros/jazzy DEBUGINFOD_URLS=https://debuginfod.ubuntu.com /usr/bin/cmake --build /home/artem/Documents/3_course/robotics/task3/ex05/build/action_cleaning_robot -- -j12 -l12
[0.833s] Invoking command in '/home/artem/Documents/3_course/robotics/task3/ex05/build/action_cleaning_robot': CMAKE_PREFIX_PATH=${CMAKE_PREFIX_PATH}:/opt/ros/jazzy DEBUGINFOD_URLS=https://debuginfod.ubuntu.com /usr/bin/cmake --install /home/artem/Documents/3_course/robotics/task3/ex05/build/action_cleaning_robot
[0.854s] -- Install configuration: ""
[0.854s] -- Up-to-date: /home/artem/Documents/3_course/robotics/task3/ex05/install/action_cleaning_robot/share/ament_index/resource_index/rosidl_interfaces/action_cleaning_robot
[0.854s] -- Up-to-date: /home/artem/Documents/3_course/robotics/task3/ex05/install/action_cleaning_robot/share/action_cleaning_robot/action/CleaningTask.json
[0.855s] -- Up-to-date: /home/artem/Documents/3_course/robotics/task3/ex05/install/action_cleaning_robot/include/action_cleaning_robot/action_cleaning_robot
[0.855s] -- Up-to-date: /home/artem/Documents/3_course/robotics/task3/ex05/install/action_cleaning_robot/include/action_cleaning_robot/action_cleaning_robot/msg
[0.855s] -- Up-to-date: /home/artem/Documents/3_course/robotics/task3/ex05/install/action_cleaning_robot/include/action_cleaning_robot/action_cleaning_robot/msg/rosidl_generator_c__visibility_control.h
[0.855s] -- Up-to-date: /home/artem/Documents/3_course/robotics/task3/ex05/install/action_cleaning_robot/include/action_cleaning_robot/action_cleaning_robot/action
[0.856s] -- Up-to-date: /home/artem/Documents/3_course/robotics/task3/ex05/install/action_cleaning_robot/include/action_cleaning_robot/action_cleaning_robot/action/cleaning_task.h
[0.856s] -- Up-to-date: /home/artem/Documents/3_course/robotics/task3/ex05/install/action_cleaning_robot/include/action_cleaning_robot/action_cleaning_robot/action/detail
[0.856s] -- Up-to-date: /home/artem/Documents/3_course/robotics/task3/ex05/install/action_cleaning_robot/include/action_cleaning_robot/action_cleaning_robot/action/detail/cleaning_task__type_support.h
[0.856s] -- Up-to-date: /home/artem/Documents/3_course/robotics/task3/ex05/install/action_cleaning_robot/include/action_cleaning_robot/action_cleaning_robot/action/detail/cleaning_task__description.c
[0.857s] -- Up-to-date: /home/artem/Documents/3_course/robotics/task3/ex05/install/action_cleaning_robot/include/action_cleaning_robot/action_cleaning_robot/action/detail/cleaning_task__type_support.c
[0.857s] -- Up-to-date: /home/artem/Documents/3_course/robotics/task3/ex05/install/action_cleaning_robot/include/action_cleaning_robot/action_cleaning_robot/action/detail/cleaning_task__functions.c
[0.857s] -- Up-to-date: /home/artem/Documents/3_course/robotics/task3/ex05/install/action_cleaning_robot/include/action_cleaning_robot/action_cleaning_robot/action/detail/cleaning_task__struct.h
[0.857s] -- Up-to-date: /home/artem/Documents/3_course/robotics/task3/ex05/install/action_cleaning_robot/include/action_cleaning_robot/action_cleaning_robot/action/detail/cleaning_task__functions.h
[0.858s] -- Up-to-date: /home/artem/Documents/3_course/robotics/task3/ex05/install/action_cleaning_robot/share/action_cleaning_robot/environment/library_path.sh
[0.858s] -- Up-to-date: /home/artem/Documents/3_course/robotics/task3/ex05/install/action_cleaning_robot/share/action_cleaning_robot/environment/library_path.dsv
[0.858s] -- Up-to-date: /home/artem/Documents/3_course/robotics/task3/ex05/install/action_cleaning_robot/lib/libaction_cleaning_robot__rosidl_generator_c.so
[0.858s] -- Up-to-date: /home/artem/Documents/3_course/robotics/task3/ex05/install/action_cleaning_robot/include/action_cleaning_robot/action_cleaning_robot
[0.858s] -- Up-to-date: /home/artem/Documents/3_course/robotics/task3/ex05/install/action_cleaning_robot/include/action_cleaning_robot/action_cleaning_robot/msg
[0.858s] -- Up-to-date: /home/artem/Documents/3_course/robotics/task3/ex05/install/action_cleaning_robot/include/action_cleaning_robot/action_cleaning_robot/msg/rosidl_typesupport_fastrtps_c__visibility_control.h
[0.859s] -- Up-to-date: /home/artem/Documents/3_course/robotics/task3/ex05/install/action_cleaning_robot/include/action_cleaning_robot/action_cleaning_robot/action
[0.859s] -- Up-to-date: /home/artem/Documents/3_course/robotics/task3/ex05/install/action_cleaning_robot/include/action_cleaning_robot/action_cleaning_robot/action/detail
[0.859s] -- Up-to-date: /home/artem/Documents/3_course/robotics/task3/ex05/install/action_cleaning_robot/include/action_cleaning_robot/action_cleaning_robot/action/detail/cleaning_task__rosidl_typesupport_fastrtps_c.h
[0.859s] -- Up-to-date: /home/artem/Documents/3_course/robotics/task3/ex05/install/action_cleaning_robot/lib/libaction_cleaning_robot__rosidl_typesupport_fastrtps_c.so
[0.860s] -- Up-to-date: /home/artem/Documents/3_course/robotics/task3/ex05/install/action_cleaning_robot/include/action_cleaning_robot/action_cleaning_robot
[0.860s] -- Up-to-date: /home/artem/Documents/3_course/robotics/task3/ex05/install/action_cleaning_robot/include/action_cleaning_robot/action_cleaning_robot/msg
[0.860s] -- Up-to-date: /home/artem/Documents/3_course/robotics/task3/ex05/install/action_cleaning_robot/include/action_cleaning_robot/action_cleaning_robot/msg/rosidl_typesupport_introspection_c__visibility_control.h
[0.860s] -- Up-to-date: /home/artem/Documents/3_course/robotics/task3/ex05/install/action_cleaning_robot/include/action_cleaning_robot/action_cleaning_robot/action
[0.860s] -- Up-to-date: /home/artem/Documents/3_course/robotics/task3/ex05/install/action_cleaning_robot/include/action_cleaning_robot/action_cleaning_robot/action/detail
[0.861s] -- Up-to-date: /home/artem/Documents/3_course/robotics/task3/ex05/install/action_cleaning_robot/include/action_cleaning_robot/action_cleaning_robot/action/detail/cleaning_task__type_support.c
[0.861s] -- Up-to-date: /home/artem/Documents/3_course/robotics/task3/ex05/install/action_cleaning_robot/include/action_cleaning_robot/action_cleaning_robot/action/detail/cleaning_task__rosidl_typesupport_introspection_c.h
[0.861s] -- Up-to-date: /home/artem/Documents/3_course/robotics/task3/ex05/install/action_cleaning_robot/lib/libaction_cleaning_robot__rosidl_typesupport_introspection_c.so
[0.861s] -- Up-to-date: /home/artem/Documents/3_course/robotics/task3/ex05/install/action_cleaning_robot/lib/libaction_cleaning_robot__rosidl_typesupport_c.so
[0.861s] -- Up-to-date: /home/artem/Documents/3_course/robotics/task3/ex05/install/action_cleaning_robot/include/action_cleaning_robot/action_cleaning_robot
[0.862s] -- Up-to-date: /home/artem/Documents/3_course/robotics/task3/ex05/install/action_cleaning_robot/include/action_cleaning_robot/action_cleaning_robot/msg
[0.862s] -- Up-to-date: /home/artem/Documents/3_course/robotics/task3/ex05/install/action_cleaning_robot/include/action_cleaning_robot/action_cleaning_robot/msg/rosidl_generator_cpp__visibility_control.hpp
[0.862s] -- Up-to-date: /home/artem/Documents/3_course/robotics/task3/ex05/install/action_cleaning_robot/include/action_cleaning_robot/action_cleaning_robot/action
[0.862s] -- Up-to-date: /home/artem/Documents/3_course/robotics/task3/ex05/install/action_cleaning_robot/include/action_cleaning_robot/action_cleaning_robot/action/cleaning_task.hpp
[0.863s] -- Up-to-date: /home/artem/Documents/3_course/robotics/task3/ex05/install/action_cleaning_robot/include/action_cleaning_robot/action_cleaning_robot/action/detail
[0.863s] -- Up-to-date: /home/artem/Documents/3_course/robotics/task3/ex05/install/action_cleaning_robot/include/action_cleaning_robot/action_cleaning_robot/action/detail/cleaning_task__struct.hpp
[0.863s] -- Up-to-date: /home/artem/Documents/3_course/robotics/task3/ex05/install/action_cleaning_robot/include/action_cleaning_robot/action_cleaning_robot/action/detail/cleaning_task__builder.hpp
[0.863s] -- Up-to-date: /home/artem/Documents/3_course/robotics/task3/ex05/install/action_cleaning_robot/include/action_cleaning_robot/action_cleaning_robot/action/detail/cleaning_task__type_support.hpp
[0.864s] -- Up-to-date: /home/artem/Documents/3_course/robotics/task3/ex05/install/action_cleaning_robot/include/action_cleaning_robot/action_cleaning_robot/action/detail/cleaning_task__traits.hpp
[0.864s] -- Up-to-date: /home/artem/Documents/3_course/robotics/task3/ex05/install/action_cleaning_robot/include/action_cleaning_robot/action_cleaning_robot
[0.864s] -- Up-to-date: /home/artem/Documents/3_course/robotics/task3/ex05/install/action_cleaning_robot/include/action_cleaning_robot/action_cleaning_robot/msg
[0.864s] -- Up-to-date: /home/artem/Documents/3_course/robotics/task3/ex05/install/action_cleaning_robot/include/action_cleaning_robot/action_cleaning_robot/msg/rosidl_typesupport_fastrtps_cpp__visibility_control.h
[0.864s] -- Up-to-date: /home/artem/Documents/3_course/robotics/task3/ex05/install/action_cleaning_robot/include/action_cleaning_robot/action_cleaning_robot/action
[0.864s] -- Up-to-date: /home/artem/Documents/3_course/robotics/task3/ex05/install/action_cleaning_robot/include/action_cleaning_robot/action_cleaning_robot/action/detail
[0.865s] -- Up-to-date: /home/artem/Documents/3_course/robotics/task3/ex05/install/action_cleaning_robot/include/action_cleaning_robot/action_cleaning_robot/action/detail/cleaning_task__rosidl_typesupport_fastrtps_cpp.hpp
[0.865s] -- Up-to-date: /home/artem/Documents/3_course/robotics/task3/ex05/install/action_cleaning_robot/include/action_cleaning_robot/action_cleaning_robot/action/detail/dds_fastrtps
[0.865s] -- Up-to-date: /home/artem/Documents/3_course/robotics/task3/ex05/install/action_cleaning_robot/lib/libaction_cleaning_robot__rosidl_typesupport_fastrtps_cpp.so
[0.865s] -- Up-to-date: /home/artem/Documents/3_course/robotics/task3/ex05/install/action_cleaning_robot/include/action_cleaning_robot/action_cleaning_robot
[0.865s] -- Up-to-date: /home/artem/Documents/3_course/robotics/task3/ex05/install/action_cleaning_robot/include/action_cleaning_robot/action_cleaning_robot/action
[0.866s] -- Up-to-date: /home/artem/Documents/3_course/robotics/task3/ex05/install/action_cleaning_robot/include/action_cleaning_robot/action_cleaning_robot/action/detail
[0.866s] -- Up-to-date: /home/artem/Documents/3_course/robotics/task3/ex05/install/action_cleaning_robot/include/action_cleaning_robot/action_cleaning_robot/action/detail/cleaning_task__rosidl_typesupport_introspection_cpp.hpp
[0.866s] -- Up-to-date: /home/artem/Documents/3_course/robotics/task3/ex05/install/action_cleaning_robot/include/action_cleaning_robot/action_cleaning_robot/action/detail/cleaning_task__type_support.cpp
[0.866s] -- Up-to-date: /home/artem/Documents/3_course/robotics/task3/ex05/install/action_cleaning_robot/lib/libaction_cleaning_robot__rosidl_typesupport_introspection_cpp.so
[0.866s] -- Up-to-date: /home/artem/Documents/3_course/robotics/task3/ex05/install/action_cleaning_robot/lib/libaction_cleaning_robot__rosidl_typesupport_cpp.so
[0.867s] -- Up-to-date: /home/artem/Documents/3_course/robotics/task3/ex05/install/action_cleaning_robot/share/action_cleaning_robot/environment/pythonpath.sh
[0.867s] -- Up-to-date: /home/artem/Documents/3_course/robotics/task3/ex05/install/action_cleaning_robot/share/action_cleaning_robot/environment/pythonpath.dsv
[0.867s] -- Up-to-date: /home/artem/Documents/3_course/robotics/task3/ex05/install/action_cleaning_robot/lib/python3.12/site-packages/action_cleaning_robot-0.0.0-py3.12.egg-info
[0.867s] -- Installing: /home/artem/Documents/3_course/robotics/task3/ex05/install/action_cleaning_robot/lib/python3.12/site-packages/action_cleaning_robot-0.0.0-py3.12.egg-info/PKG-INFO
[0.867s] -- Installing: /home/artem/Documents/3_course/robotics/task3/ex05/install/action_cleaning_robot/lib/python3.12/site-packages/action_cleaning_robot-0.0.0-py3.12.egg-info/top_level.txt
[0.868s] -- Installing: /home/artem/Documents/3_course/robotics/task3/ex05/install/action_cleaning_robot/lib/python3.12/site-packages/action_cleaning_robot-0.0.0-py3.12.egg-info/dependency_links.txt
[0.868s] -- Installing: /home/artem/Documents/3_course/robotics/task3/ex05/install/action_cleaning_robot/lib/python3.12/site-packages/action_cleaning_robot-0.0.0-py3.12.egg-info/SOURCES.txt
[0.868s] -- Up-to-date: /home/artem/Documents/3_course/robotics/task3/ex05/install/action_cleaning_robot/lib/python3.12/site-packages/action_cleaning_robot
[0.868s] -- Up-to-date: /home/artem/Documents/3_course/robotics/task3/ex05/install/action_cleaning_robot/lib/python3.12/site-packages/action_cleaning_robot/_action_cleaning_robot_s.ep.rosidl_typesupport_c.c
[0.868s] -- Up-to-date: /home/artem/Documents/3_course/robotics/task3/ex05/install/action_cleaning_robot/lib/python3.12/site-packages/action_cleaning_robot/__init__.py
[0.868s] -- Up-to-date: /home/artem/Documents/3_course/robotics/task3/ex05/install/action_cleaning_robot/lib/python3.12/site-packages/action_cleaning_robot/action_cleaning_robot_s__rosidl_typesupport_introspection_c.so
[0.869s] -- Up-to-date: /home/artem/Documents/3_course/robotics/task3/ex05/install/action_cleaning_robot/lib/python3.12/site-packages/action_cleaning_robot/action_cleaning_robot_s__rosidl_typesupport_c.so
[0.869s] -- Up-to-date: /home/artem/Documents/3_course/robotics/task3/ex05/install/action_cleaning_robot/lib/python3.12/site-packages/action_cleaning_robot/action_cleaning_robot_s__rosidl_typesupport_fastrtps_c.so
[0.869s] -- Up-to-date: /home/artem/Documents/3_course/robotics/task3/ex05/install/action_cleaning_robot/lib/python3.12/site-packages/action_cleaning_robot/_action_cleaning_robot_s.ep.rosidl_typesupport_fastrtps_c.c
[0.869s] -- Up-to-date: /home/artem/Documents/3_course/robotics/task3/ex05/install/action_cleaning_robot/lib/python3.12/site-packages/action_cleaning_robot/_action_cleaning_robot_s.ep.rosidl_typesupport_introspection_c.c
[0.869s] -- Up-to-date: /home/artem/Documents/3_course/robotics/task3/ex05/install/action_cleaning_robot/lib/python3.12/site-packages/action_cleaning_robot/action
[0.870s] -- Up-to-date: /home/artem/Documents/3_course/robotics/task3/ex05/install/action_cleaning_robot/lib/python3.12/site-packages/action_cleaning_robot/action/__init__.py
[0.870s] -- Up-to-date: /home/artem/Documents/3_course/robotics/task3/ex05/install/action_cleaning_robot/lib/python3.12/site-packages/action_cleaning_robot/action/_cleaning_task.py
[0.870s] -- Up-to-date: /home/artem/Documents/3_course/robotics/task3/ex05/install/action_cleaning_robot/lib/python3.12/site-packages/action_cleaning_robot/action/_cleaning_task_s.c
[0.938s] Listing '/home/artem/Documents/3_course/robotics/task3/ex05/install/action_cleaning_robot/lib/python3.12/site-packages/action_cleaning_robot'...
[0.939s] Listing '/home/artem/Documents/3_course/robotics/task3/ex05/install/action_cleaning_robot/lib/python3.12/site-packages/action_cleaning_robot/action'...
[0.952s] -- Up-to-date: /home/artem/Documents/3_course/robotics/task3/ex05/install/action_cleaning_robot/lib/python3.12/site-packages/action_cleaning_robot/action_cleaning_robot_s__rosidl_typesupport_fastrtps_c.so
[0.953s] -- Up-to-date: /home/artem/Documents/3_course/robotics/task3/ex05/install/action_cleaning_robot/lib/python3.12/site-packages/action_cleaning_robot/action_cleaning_robot_s__rosidl_typesupport_introspection_c.so
[0.954s] -- Up-to-date: /home/artem/Documents/3_course/robotics/task3/ex05/install/action_cleaning_robot/lib/python3.12/site-packages/action_cleaning_robot/action_cleaning_robot_s__rosidl_typesupport_c.so
[0.954s] -- Up-to-date: /home/artem/Documents/3_course/robotics/task3/ex05/install/action_cleaning_robot/lib/libaction_cleaning_robot__rosidl_generator_py.so
[0.954s] -- Up-to-date: /home/artem/Documents/3_course/robotics/task3/ex05/install/action_cleaning_robot/share/action_cleaning_robot/action/CleaningTask.idl
[0.955s] -- Up-to-date: /home/artem/Documents/3_course/robotics/task3/ex05/install/action_cleaning_robot/share/action_cleaning_robot/action/CleaningTask.action
[0.955s] -- Installing: /home/artem/Documents/3_course/robotics/task3/ex05/install/action_cleaning_robot/lib/action_cleaning_robot/cleaning_action_server
[0.956s] -- Installing: /home/artem/Documents/3_course/robotics/task3/ex05/install/action_cleaning_robot/lib/action_cleaning_robot/cleaning_action_client
[0.956s] -- Up-to-date: /home/artem/Documents/3_course/robotics/task3/ex05/install/action_cleaning_robot/share/ament_index/resource_index/package_run_dependencies/action_cleaning_robot
[0.956s] -- Up-to-date: /home/artem/Documents/3_course/robotics/task3/ex05/install/action_cleaning_robot/share/ament_index/resource_index/parent_prefix_path/action_cleaning_robot
[0.956s] -- Up-to-date: /home/artem/Documents/3_course/robotics/task3/ex05/install/action_cleaning_robot/share/action_cleaning_robot/environment/ament_prefix_path.sh
[0.956s] -- Up-to-date: /home/artem/Documents/3_course/robotics/task3/ex05/install/action_cleaning_robot/share/action_cleaning_robot/environment/ament_prefix_path.dsv
[0.957s] -- Up-to-date: /home/artem/Documents/3_course/robotics/task3/ex05/install/action_cleaning_robot/share/action_cleaning_robot/environment/path.sh
[0.957s] -- Up-to-date: /home/artem/Documents/3_course/robotics/task3/ex05/install/action_cleaning_robot/share/action_cleaning_robot/environment/path.dsv
[0.957s] -- Up-to-date: /home/artem/Documents/3_course/robotics/task3/ex05/install/action_cleaning_robot/share/action_cleaning_robot/local_setup.bash
[0.957s] -- Up-to-date: /home/artem/Documents/3_course/robotics/task3/ex05/install/action_cleaning_robot/share/action_cleaning_robot/local_setup.sh
[0.957s] -- Up-to-date: /home/artem/Documents/3_course/robotics/task3/ex05/install/action_cleaning_robot/share/action_cleaning_robot/local_setup.zsh
[0.957s] -- Up-to-date: /home/artem/Documents/3_course/robotics/task3/ex05/install/action_cleaning_robot/share/action_cleaning_robot/local_setup.dsv
[0.957s] -- Installing: /home/artem/Documents/3_course/robotics/task3/ex05/install/action_cleaning_robot/share/action_cleaning_robot/package.dsv
[0.957s] -- Up-to-date: /home/artem/Documents/3_course/robotics/task3/ex05/install/action_cleaning_robot/share/ament_index/resource_index/packages/action_cleaning_robot
[0.957s] -- Up-to-date: /home/artem/Documents/3_course/robotics/task3/ex05/install/action_cleaning_robot/share/action_cleaning_robot/cmake/export_action_cleaning_robot__rosidl_generator_cExport.cmake
[0.958s] -- Up-to-date: /home/artem/Documents/3_course/robotics/task3/ex05/install/action_cleaning_robot/share/action_cleaning_robot/cmake/export_action_cleaning_robot__rosidl_generator_cExport-noconfig.cmake
[0.958s] -- Up-to-date: /home/artem/Documents/3_course/robotics/task3/ex05/install/action_cleaning_robot/share/action_cleaning_robot/cmake/export_action_cleaning_robot__rosidl_typesupport_fastrtps_cExport.cmake
[0.958s] -- Up-to-date: /home/artem/Documents/3_course/robotics/task3/ex05/install/action_cleaning_robot/share/action_cleaning_robot/cmake/export_action_cleaning_robot__rosidl_typesupport_fastrtps_cExport-noconfig.cmake
[0.958s] -- Up-to-date: /home/artem/Documents/3_course/robotics/task3/ex05/install/action_cleaning_robot/share/action_cleaning_robot/cmake/action_cleaning_robot__rosidl_typesupport_introspection_cExport.cmake
[0.958s] -- Up-to-date: /home/artem/Documents/3_course/robotics/task3/ex05/install/action_cleaning_robot/share/action_cleaning_robot/cmake/action_cleaning_robot__rosidl_typesupport_introspection_cExport-noconfig.cmake
[0.959s] -- Up-to-date: /home/artem/Documents/3_course/robotics/task3/ex05/install/action_cleaning_robot/share/action_cleaning_robot/cmake/action_cleaning_robot__rosidl_typesupport_cExport.cmake
[0.959s] -- Up-to-date: /home/artem/Documents/3_course/robotics/task3/ex05/install/action_cleaning_robot/share/action_cleaning_robot/cmake/action_cleaning_robot__rosidl_typesupport_cExport-noconfig.cmake
[0.960s] -- Up-to-date: /home/artem/Documents/3_course/robotics/task3/ex05/install/action_cleaning_robot/share/action_cleaning_robot/cmake/export_action_cleaning_robot__rosidl_generator_cppExport.cmake
[0.960s] -- Up-to-date: /home/artem/Documents/3_course/robotics/task3/ex05/install/action_cleaning_robot/share/action_cleaning_robot/cmake/export_action_cleaning_robot__rosidl_typesupport_fastrtps_cppExport.cmake
[0.960s] -- Up-to-date: /home/artem/Documents/3_course/robotics/task3/ex05/install/action_cleaning_robot/share/action_cleaning_robot/cmake/export_action_cleaning_robot__rosidl_typesupport_fastrtps_cppExport-noconfig.cmake
[0.961s] -- Up-to-date: /home/artem/Documents/3_course/robotics/task3/ex05/install/action_cleaning_robot/share/action_cleaning_robot/cmake/action_cleaning_robot__rosidl_typesupport_introspection_cppExport.cmake
[0.961s] -- Up-to-date: /home/artem/Documents/3_course/robotics/task3/ex05/install/action_cleaning_robot/share/action_cleaning_robot/cmake/action_cleaning_robot__rosidl_typesupport_introspection_cppExport-noconfig.cmake
[0.962s] -- Up-to-date: /home/artem/Documents/3_course/robotics/task3/ex05/install/action_cleaning_robot/share/action_cleaning_robot/cmake/action_cleaning_robot__rosidl_typesupport_cppExport.cmake
[0.962s] -- Up-to-date: /home/artem/Documents/3_course/robotics/task3/ex05/install/action_cleaning_robot/share/action_cleaning_robot/cmake/action_cleaning_robot__rosidl_typesupport_cppExport-noconfig.cmake
[0.962s] -- Up-to-date: /home/artem/Documents/3_course/robotics/task3/ex05/install/action_cleaning_robot/share/action_cleaning_robot/cmake/export_action_cleaning_robot__rosidl_generator_pyExport.cmake
[0.962s] -- Up-to-date: /home/artem/Documents/3_course/robotics/task3/ex05/install/action_cleaning_robot/share/action_cleaning_robot/cmake/export_action_cleaning_robot__rosidl_generator_pyExport-noconfig.cmake
[0.963s] -- Up-to-date: /home/artem/Documents/3_course/robotics/task3/ex05/install/action_cleaning_robot/share/action_cleaning_robot/cmake/rosidl_cmake-extras.cmake
[0.963s] -- Up-to-date: /home/artem/Documents/3_course/robotics/task3/ex05/install/action_cleaning_robot/share/action_cleaning_robot/cmake/ament_cmake_export_dependencies-extras.cmake
[0.963s] -- Up-to-date: /home/artem/Documents/3_course/robotics/task3/ex05/install/action_cleaning_robot/share/action_cleaning_robot/cmake/ament_cmake_export_include_directories-extras.cmake
[0.963s] -- Up-to-date: /home/artem/Documents/3_course/robotics/task3/ex05/install/action_cleaning_robot/share/action_cleaning_robot/cmake/ament_cmake_export_libraries-extras.cmake
[0.963s] -- Up-to-date: /home/artem/Documents/3_course/robotics/task3/ex05/install/action_cleaning_robot/share/action_cleaning_robot/cmake/ament_cmake_export_targets-extras.cmake
[0.963s] -- Up-to-date: /home/artem/Documents/3_course/robotics/task3/ex05/install/action_cleaning_robot/share/action_cleaning_robot/cmake/rosidl_cmake_export_typesupport_targets-extras.cmake
[0.963s] -- Up-to-date: /home/artem/Documents/3_course/robotics/task3/ex05/install/action_cleaning_robot/share/action_cleaning_robot/cmake/rosidl_cmake_export_typesupport_libraries-extras.cmake
[0.963s] -- Up-to-date: /home/artem/Documents/3_course/robotics/task3/ex05/install/action_cleaning_robot/share/action_cleaning_robot/cmake/action_cleaning_robotConfig.cmake
[0.964s] -- Up-to-date: /home/artem/Documents/3_course/robotics/task3/ex05/install/action_cleaning_robot/share/action_cleaning_robot/cmake/action_cleaning_robotConfig-version.cmake
[0.964s] -- Up-to-date: /home/artem/Documents/3_course/robotics/task3/ex05/install/action_cleaning_robot/share/action_cleaning_robot/package.xml
[0.968s] Invoked command in '/home/artem/Documents/3_course/robotics/task3/ex05/build/action_cleaning_robot' returned '0': CMAKE_PREFIX_PATH=${CMAKE_PREFIX_PATH}:/opt/ros/jazzy DEBUGINFOD_URLS=https://debuginfod.ubuntu.com /usr/bin/cmake --install /home/artem/Documents/3_course/robotics/task3/ex05/build/action_cleaning_robot
