[0.012s] Invoking command in '/home/artem/Documents/3_course/robotics/task5/ex05/build/robot_description': CMAKE_PREFIX_PATH=${CMAKE_PREFIX_PATH}:/opt/ros/jazzy DEBUGINFOD_URLS=https://debuginfod.ubuntu.com /usr/bin/cmake --build /home/artem/Documents/3_course/robotics/task5/ex05/build/robot_description -- -j12 -l12
[0.038s] -- Found ament_cmake: 2.5.4 (/opt/ros/jazzy/share/ament_cmake/cmake)
[0.229s] -- Found ament_lint_auto: 0.17.3 (/opt/ros/jazzy/share/ament_lint_auto/cmake)
[0.304s] -- Added test 'copyright' to check source files copyright and LICENSE
[0.307s] -- Added test 'lint_cmake' to check CMake code style
[0.308s] -- Added test 'xmllint' to check XML markup files
[0.310s] -- Configuring done (0.3s)
[0.317s] -- Generating done (0.0s)
[0.319s] -- Build files have been written to: /home/artem/Documents/3_course/robotics/task5/ex05/build/robot_description
[0.347s] Invoked command in '/home/artem/Documents/3_course/robotics/task5/ex05/build/robot_description' returned '0': CMAKE_PREFIX_PATH=${CMAKE_PREFIX_PATH}:/opt/ros/jazzy DEBUGINFOD_URLS=https://debuginfod.ubuntu.com /usr/bin/cmake --build /home/artem/Documents/3_course/robotics/task5/ex05/build/robot_description -- -j12 -l12
[0.348s] Invoking command in '/home/artem/Documents/3_course/robotics/task5/ex05/build/robot_description': CMAKE_PREFIX_PATH=${CMAKE_PREFIX_PATH}:/opt/ros/jazzy DEBUGINFOD_URLS=https://debuginfod.ubuntu.com /usr/bin/cmake --install /home/artem/Documents/3_course/robotics/task5/ex05/build/robot_description
[0.355s] -- Install configuration: ""
[0.355s] -- Up-to-date: /home/artem/Documents/3_course/robotics/task5/ex05/install/robot_description/share/robot_description//urdf
[0.355s] -- Up-to-date: /home/artem/Documents/3_course/robotics/task5/ex05/install/robot_description/share/robot_description//urdf/gazebo.urdf.xacro
[0.355s] -- Installing: /home/artem/Documents/3_course/robotics/task5/ex05/install/robot_description/share/robot_description//urdf/robot.urdf.xacro
[0.355s] -- Up-to-date: /home/artem/Documents/3_course/robotics/task5/ex05/install/robot_description/share/ament_index/resource_index/package_run_dependencies/robot_description
[0.355s] -- Up-to-date: /home/artem/Documents/3_course/robotics/task5/ex05/install/robot_description/share/ament_index/resource_index/parent_prefix_path/robot_description
[0.355s] -- Installing: /home/artem/Documents/3_course/robotics/task5/ex05/install/robot_description/share/robot_description/environment/ament_prefix_path.sh
[0.355s] -- Up-to-date: /home/artem/Documents/3_course/robotics/task5/ex05/install/robot_description/share/robot_description/environment/ament_prefix_path.dsv
[0.355s] -- Installing: /home/artem/Documents/3_course/robotics/task5/ex05/install/robot_description/share/robot_description/environment/path.sh
[0.355s] -- Up-to-date: /home/artem/Documents/3_course/robotics/task5/ex05/install/robot_description/share/robot_description/environment/path.dsv
[0.355s] -- Up-to-date: /home/artem/Documents/3_course/robotics/task5/ex05/install/robot_description/share/robot_description/local_setup.bash
[0.355s] -- Up-to-date: /home/artem/Documents/3_course/robotics/task5/ex05/install/robot_description/share/robot_description/local_setup.sh
[0.355s] -- Up-to-date: /home/artem/Documents/3_course/robotics/task5/ex05/install/robot_description/share/robot_description/local_setup.zsh
[0.355s] -- Up-to-date: /home/artem/Documents/3_course/robotics/task5/ex05/install/robot_description/share/robot_description/local_setup.dsv
[0.355s] -- Up-to-date: /home/artem/Documents/3_course/robotics/task5/ex05/install/robot_description/share/robot_description/package.dsv
[0.355s] -- Up-to-date: /home/artem/Documents/3_course/robotics/task5/ex05/install/robot_description/share/ament_index/resource_index/packages/robot_description
[0.355s] -- Up-to-date: /home/artem/Documents/3_course/robotics/task5/ex05/install/robot_description/share/robot_description/cmake/robot_descriptionConfig.cmake
[0.355s] -- Up-to-date: /home/artem/Documents/3_course/robotics/task5/ex05/install/robot_description/share/robot_description/cmake/robot_descriptionConfig-version.cmake
[0.356s] -- Up-to-date: /home/artem/Documents/3_course/robotics/task5/ex05/install/robot_description/share/robot_description/package.xml
[0.369s] Invoked command in '/home/artem/Documents/3_course/robotics/task5/ex05/build/robot_description' returned '0': CMAKE_PREFIX_PATH=${CMAKE_PREFIX_PATH}:/opt/ros/jazzy DEBUGINFOD_URLS=https://debuginfod.ubuntu.com /usr/bin/cmake --install /home/artem/Documents/3_course/robotics/task5/ex05/build/robot_description
