[0.163s] DEBUG:colcon:Command line arguments: ['/usr/bin/colcon', 'build']
[0.163s] DEBUG:colcon:Parsed command line arguments: Namespace(log_base=None, log_level=None, verb_name='build', build_base='build', install_base='install', merge_install=False, symlink_install=False, test_result_base=None, continue_on_error=False, executor='parallel', parallel_workers=12, event_handlers=None, ignore_user_meta=False, metas=['./colcon.meta'], base_paths=['.'], packages_ignore=None, packages_ignore_regex=None, paths=None, packages_up_to=None, packages_up_to_regex=None, packages_above=None, packages_above_and_dependencies=None, packages_above_depth=None, packages_select_by_dep=None, packages_skip_by_dep=None, packages_skip_up_to=None, packages_select_build_failed=False, packages_skip_build_finished=False, packages_select_test_failures=False, packages_skip_test_passed=False, packages_select=None, packages_skip=None, packages_select_regex=None, packages_skip_regex=None, packages_start=None, packages_end=None, allow_overriding=[], cmake_args=None, cmake_target=None, cmake_target_skip_unavailable=False, cmake_clean_cache=False, cmake_clean_first=False, cmake_force_configure=False, ament_cmake_args=None, catkin_cmake_args=None, catkin_skip_building_tests=False, mixin_files=None, mixin=None, verb_parser=<colcon_mixin.mixin.mixin_argument.MixinArgumentDecorator object at 0x72a9f1f9dca0>, verb_extension=<colcon_core.verb.build.BuildVerb object at 0x72a9f1f9da30>, main=<bound method BuildVerb.main of <colcon_core.verb.build.BuildVerb object at 0x72a9f1f9da30>>, mixin_verb=('build',))
[0.220s] Level 1:colcon.colcon_core.package_discovery:discover_packages(colcon_meta) check parameters
[0.220s] Level 1:colcon.colcon_core.package_discovery:discover_packages(recursive) check parameters
[0.220s] Level 1:colcon.colcon_core.package_discovery:discover_packages(ignore) check parameters
[0.220s] Level 1:colcon.colcon_core.package_discovery:discover_packages(path) check parameters
[0.220s] Level 1:colcon.colcon_core.package_discovery:discover_packages(colcon_meta) discover
[0.220s] Level 1:colcon.colcon_core.package_discovery:discover_packages(recursive) discover
[0.220s] INFO:colcon.colcon_core.package_discovery:Crawling recursively for packages in '/home/artem/Documents/3_course/robotics/task4/ex02b'
[0.221s] Level 1:colcon.colcon_core.package_identification:_identify(.) by extensions ['ignore', 'ignore_ament_install']
[0.221s] Level 1:colcon.colcon_core.package_identification:_identify(.) by extension 'ignore'
[0.221s] Level 1:colcon.colcon_core.package_identification:_identify(.) by extension 'ignore_ament_install'
[0.221s] Level 1:colcon.colcon_core.package_identification:_identify(.) by extensions ['colcon_pkg']
[0.221s] Level 1:colcon.colcon_core.package_identification:_identify(.) by extension 'colcon_pkg'
[0.221s] Level 1:colcon.colcon_core.package_identification:_identify(.) by extensions ['colcon_meta']
[0.221s] Level 1:colcon.colcon_core.package_identification:_identify(.) by extension 'colcon_meta'
[0.221s] Level 1:colcon.colcon_core.package_identification:_identify(.) by extensions ['ros']
[0.221s] Level 1:colcon.colcon_core.package_identification:_identify(.) by extension 'ros'
[0.265s] Level 1:colcon.colcon_core.package_identification:_identify(.) by extensions ['cmake', 'python']
[0.265s] Level 1:colcon.colcon_core.package_identification:_identify(.) by extension 'cmake'
[0.266s] Level 1:colcon.colcon_core.package_identification:_identify(.) by extension 'python'
[0.266s] Level 1:colcon.colcon_core.package_identification:_identify(.) by extensions ['python_setup_py']
[0.266s] Level 1:colcon.colcon_core.package_identification:_identify(.) by extension 'python_setup_py'
[0.266s] Level 1:colcon.colcon_core.package_identification:_identify(build) by extensions ['ignore', 'ignore_ament_install']
[0.266s] Level 1:colcon.colcon_core.package_identification:_identify(build) by extension 'ignore'
[0.266s] Level 1:colcon.colcon_core.package_identification:_identify(build) ignored
[0.266s] Level 1:colcon.colcon_core.package_identification:_identify(current_target_message) by extensions ['ignore', 'ignore_ament_install']
[0.266s] Level 1:colcon.colcon_core.package_identification:_identify(current_target_message) by extension 'ignore'
[0.266s] Level 1:colcon.colcon_core.package_identification:_identify(current_target_message) by extension 'ignore_ament_install'
[0.267s] Level 1:colcon.colcon_core.package_identification:_identify(current_target_message) by extensions ['colcon_pkg']
[0.267s] Level 1:colcon.colcon_core.package_identification:_identify(current_target_message) by extension 'colcon_pkg'
[0.267s] Level 1:colcon.colcon_core.package_identification:_identify(current_target_message) by extensions ['colcon_meta']
[0.267s] Level 1:colcon.colcon_core.package_identification:_identify(current_target_message) by extension 'colcon_meta'
[0.267s] Level 1:colcon.colcon_core.package_identification:_identify(current_target_message) by extensions ['ros']
[0.267s] Level 1:colcon.colcon_core.package_identification:_identify(current_target_message) by extension 'ros'
[0.270s] DEBUG:colcon.colcon_core.package_identification:Package 'current_target_message' with type 'ros.ament_cmake' and name 'current_target_message'
[0.271s] Level 1:colcon.colcon_core.package_identification:_identify(install) by extensions ['ignore', 'ignore_ament_install']
[0.271s] Level 1:colcon.colcon_core.package_identification:_identify(install) by extension 'ignore'
[0.271s] Level 1:colcon.colcon_core.package_identification:_identify(install) ignored
[0.271s] Level 1:colcon.colcon_core.package_identification:_identify(log) by extensions ['ignore', 'ignore_ament_install']
[0.271s] Level 1:colcon.colcon_core.package_identification:_identify(log) by extension 'ignore'
[0.271s] Level 1:colcon.colcon_core.package_identification:_identify(log) ignored
[0.271s] Level 1:colcon.colcon_core.package_identification:_identify(turtle_multi_target) by extensions ['ignore', 'ignore_ament_install']
[0.271s] Level 1:colcon.colcon_core.package_identification:_identify(turtle_multi_target) by extension 'ignore'
[0.272s] Level 1:colcon.colcon_core.package_identification:_identify(turtle_multi_target) by extension 'ignore_ament_install'
[0.272s] Level 1:colcon.colcon_core.package_identification:_identify(turtle_multi_target) by extensions ['colcon_pkg']
[0.272s] Level 1:colcon.colcon_core.package_identification:_identify(turtle_multi_target) by extension 'colcon_pkg'
[0.272s] Level 1:colcon.colcon_core.package_identification:_identify(turtle_multi_target) by extensions ['colcon_meta']
[0.272s] Level 1:colcon.colcon_core.package_identification:_identify(turtle_multi_target) by extension 'colcon_meta'
[0.272s] Level 1:colcon.colcon_core.package_identification:_identify(turtle_multi_target) by extensions ['ros']
[0.272s] Level 1:colcon.colcon_core.package_identification:_identify(turtle_multi_target) by extension 'ros'
[0.273s] DEBUG:colcon.colcon_core.package_identification:Package 'turtle_multi_target' with type 'ros.ament_python' and name 'turtle_multi_target'
[0.273s] Level 1:colcon.colcon_core.package_discovery:discover_packages(recursive) using defaults
[0.273s] Level 1:colcon.colcon_core.package_discovery:discover_packages(ignore) discover
[0.273s] Level 1:colcon.colcon_core.package_discovery:discover_packages(ignore) using defaults
[0.273s] Level 1:colcon.colcon_core.package_discovery:discover_packages(path) discover
[0.273s] Level 1:colcon.colcon_core.package_discovery:discover_packages(path) using defaults
[0.301s] Level 1:colcon.colcon_core.package_discovery:discover_packages(prefix_path) check parameters
[0.301s] Level 1:colcon.colcon_core.package_discovery:discover_packages(prefix_path) discover
[0.304s] DEBUG:colcon.colcon_installed_package_information.package_discovery:Found 2 installed packages in /home/artem/Documents/3_course/robotics/task4/ex02b/install
[0.304s] DEBUG:colcon.colcon_installed_package_information.package_discovery:Found 1 installed packages in /home/artem/Documents/3_course/robotics/task4/ex02/install
[0.305s] DEBUG:colcon.colcon_installed_package_information.package_discovery:Found 1 installed packages in /home/artem/Documents/3_course/robotics/task3/ex05/install
[0.305s] DEBUG:colcon.colcon_installed_package_information.package_discovery:Found 1 installed packages in /home/artem/ros2_ws/install
[0.307s] DEBUG:colcon.colcon_installed_package_information.package_discovery:Found 286 installed packages in /opt/ros/jazzy
[0.310s] Level 1:colcon.colcon_core.package_discovery:discover_packages(prefix_path) using defaults
[0.359s] Level 5:colcon.colcon_core.verb:set package 'current_target_message' build argument 'cmake_args' from command line to 'None'
[0.359s] Level 5:colcon.colcon_core.verb:set package 'current_target_message' build argument 'cmake_target' from command line to 'None'
[0.359s] Level 5:colcon.colcon_core.verb:set package 'current_target_message' build argument 'cmake_target_skip_unavailable' from command line to 'False'
[0.359s] Level 5:colcon.colcon_core.verb:set package 'current_target_message' build argument 'cmake_clean_cache' from command line to 'False'
[0.359s] Level 5:colcon.colcon_core.verb:set package 'current_target_message' build argument 'cmake_clean_first' from command line to 'False'
[0.359s] Level 5:colcon.colcon_core.verb:set package 'current_target_message' build argument 'cmake_force_configure' from command line to 'False'
[0.359s] Level 5:colcon.colcon_core.verb:set package 'current_target_message' build argument 'ament_cmake_args' from command line to 'None'
[0.359s] Level 5:colcon.colcon_core.verb:set package 'current_target_message' build argument 'catkin_cmake_args' from command line to 'None'
[0.359s] Level 5:colcon.colcon_core.verb:set package 'current_target_message' build argument 'catkin_skip_building_tests' from command line to 'False'
[0.359s] DEBUG:colcon.colcon_core.verb:Building package 'current_target_message' with the following arguments: {'ament_cmake_args': None, 'build_base': '/home/artem/Documents/3_course/robotics/task4/ex02b/build/current_target_message', 'catkin_cmake_args': None, 'catkin_skip_building_tests': False, 'cmake_args': None, 'cmake_clean_cache': False, 'cmake_clean_first': False, 'cmake_force_configure': False, 'cmake_target': None, 'cmake_target_skip_unavailable': False, 'install_base': '/home/artem/Documents/3_course/robotics/task4/ex02b/install/current_target_message', 'merge_install': False, 'path': '/home/artem/Documents/3_course/robotics/task4/ex02b/current_target_message', 'symlink_install': False, 'test_result_base': None}
[0.360s] Level 5:colcon.colcon_core.verb:set package 'turtle_multi_target' build argument 'cmake_args' from command line to 'None'
[0.360s] Level 5:colcon.colcon_core.verb:set package 'turtle_multi_target' build argument 'cmake_target' from command line to 'None'
[0.360s] Level 5:colcon.colcon_core.verb:set package 'turtle_multi_target' build argument 'cmake_target_skip_unavailable' from command line to 'False'
[0.360s] Level 5:colcon.colcon_core.verb:set package 'turtle_multi_target' build argument 'cmake_clean_cache' from command line to 'False'
[0.360s] Level 5:colcon.colcon_core.verb:set package 'turtle_multi_target' build argument 'cmake_clean_first' from command line to 'False'
[0.360s] Level 5:colcon.colcon_core.verb:set package 'turtle_multi_target' build argument 'cmake_force_configure' from command line to 'False'
[0.360s] Level 5:colcon.colcon_core.verb:set package 'turtle_multi_target' build argument 'ament_cmake_args' from command line to 'None'
[0.360s] Level 5:colcon.colcon_core.verb:set package 'turtle_multi_target' build argument 'catkin_cmake_args' from command line to 'None'
[0.360s] Level 5:colcon.colcon_core.verb:set package 'turtle_multi_target' build argument 'catkin_skip_building_tests' from command line to 'False'
[0.360s] DEBUG:colcon.colcon_core.verb:Building package 'turtle_multi_target' with the following arguments: {'ament_cmake_args': None, 'build_base': '/home/artem/Documents/3_course/robotics/task4/ex02b/build/turtle_multi_target', 'catkin_cmake_args': None, 'catkin_skip_building_tests': False, 'cmake_args': None, 'cmake_clean_cache': False, 'cmake_clean_first': False, 'cmake_force_configure': False, 'cmake_target': None, 'cmake_target_skip_unavailable': False, 'install_base': '/home/artem/Documents/3_course/robotics/task4/ex02b/install/turtle_multi_target', 'merge_install': False, 'path': '/home/artem/Documents/3_course/robotics/task4/ex02b/turtle_multi_target', 'symlink_install': False, 'test_result_base': None}
[0.360s] INFO:colcon.colcon_core.executor:Executing jobs using 'parallel' executor
[0.362s] DEBUG:colcon.colcon_parallel_executor.executor.parallel:run_until_complete
[0.362s] INFO:colcon.colcon_ros.task.ament_cmake.build:Building ROS package in '/home/artem/Documents/3_course/robotics/task4/ex02b/current_target_message' with build type 'ament_cmake'
[0.362s] INFO:colcon.colcon_cmake.task.cmake.build:Building CMake package in '/home/artem/Documents/3_course/robotics/task4/ex02b/current_target_message'
[0.365s] INFO:colcon.colcon_core.plugin_system:Skipping extension 'colcon_core.shell.bat': Not used on non-Windows systems
[0.365s] INFO:colcon.colcon_core.shell:Skip shell extension 'powershell' for command environment: Not usable outside of PowerShell
[0.365s] DEBUG:colcon.colcon_core.shell:Skip shell extension 'dsv' for command environment
[0.384s] DEBUG:colcon.colcon_core.event_handler.log_command:Invoking command in '/home/artem/Documents/3_course/robotics/task4/ex02b/build/current_target_message': CMAKE_PREFIX_PATH=${CMAKE_PREFIX_PATH}:/home/artem/Documents/3_course/robotics/task4/ex02b/install/turtle_multi_target:/home/artem/Documents/3_course/robotics/task4/ex02/install/turtle_carrot:/opt/ros/jazzy DEBUGINFOD_URLS=https://debuginfod.ubuntu.com /usr/bin/cmake --build /home/artem/Documents/3_course/robotics/task4/ex02b/build/current_target_message -- -j12 -l12
[1.156s] DEBUG:colcon.colcon_core.event_handler.log_command:Invoked command in '/home/artem/Documents/3_course/robotics/task4/ex02b/build/current_target_message' returned '0': CMAKE_PREFIX_PATH=${CMAKE_PREFIX_PATH}:/home/artem/Documents/3_course/robotics/task4/ex02b/install/turtle_multi_target:/home/artem/Documents/3_course/robotics/task4/ex02/install/turtle_carrot:/opt/ros/jazzy DEBUGINFOD_URLS=https://debuginfod.ubuntu.com /usr/bin/cmake --build /home/artem/Documents/3_course/robotics/task4/ex02b/build/current_target_message -- -j12 -l12
[1.176s] DEBUG:colcon.colcon_core.event_handler.log_command:Invoking command in '/home/artem/Documents/3_course/robotics/task4/ex02b/build/current_target_message': CMAKE_PREFIX_PATH=${CMAKE_PREFIX_PATH}:/home/artem/Documents/3_course/robotics/task4/ex02b/install/turtle_multi_target:/home/artem/Documents/3_course/robotics/task4/ex02/install/turtle_carrot:/opt/ros/jazzy DEBUGINFOD_URLS=https://debuginfod.ubuntu.com /usr/bin/cmake --install /home/artem/Documents/3_course/robotics/task4/ex02b/build/current_target_message
[1.289s] Level 1:colcon.colcon_core.environment:create_environment_scripts_only(current_target_message)
[1.290s] DEBUG:colcon.colcon_core.event_handler.log_command:Invoked command in '/home/artem/Documents/3_course/robotics/task4/ex02b/build/current_target_message' returned '0': CMAKE_PREFIX_PATH=${CMAKE_PREFIX_PATH}:/home/artem/Documents/3_course/robotics/task4/ex02b/install/turtle_multi_target:/home/artem/Documents/3_course/robotics/task4/ex02/install/turtle_carrot:/opt/ros/jazzy DEBUGINFOD_URLS=https://debuginfod.ubuntu.com /usr/bin/cmake --install /home/artem/Documents/3_course/robotics/task4/ex02b/build/current_target_message
[1.293s] Level 1:colcon.colcon_core.environment:checking '/home/artem/Documents/3_course/robotics/task4/ex02b/install/current_target_message' for CMake module files
[1.294s] Level 1:colcon.colcon_core.environment:checking '/home/artem/Documents/3_course/robotics/task4/ex02b/install/current_target_message' for CMake config files
[1.295s] Level 1:colcon.colcon_core.shell:create_environment_hook('current_target_message', 'cmake_prefix_path')
[1.295s] INFO:colcon.colcon_core.shell:Creating environment hook '/home/artem/Documents/3_course/robotics/task4/ex02b/install/current_target_message/share/current_target_message/hook/cmake_prefix_path.ps1'
[1.296s] INFO:colcon.colcon_core.shell:Creating environment descriptor '/home/artem/Documents/3_course/robotics/task4/ex02b/install/current_target_message/share/current_target_message/hook/cmake_prefix_path.dsv'
[1.297s] INFO:colcon.colcon_core.shell:Creating environment hook '/home/artem/Documents/3_course/robotics/task4/ex02b/install/current_target_message/share/current_target_message/hook/cmake_prefix_path.sh'
[1.298s] Level 1:colcon.colcon_core.environment:checking '/home/artem/Documents/3_course/robotics/task4/ex02b/install/current_target_message/lib'
[1.299s] Level 1:colcon.colcon_core.shell:create_environment_hook('current_target_message', 'ld_library_path_lib')
[1.299s] INFO:colcon.colcon_core.shell:Creating environment hook '/home/artem/Documents/3_course/robotics/task4/ex02b/install/current_target_message/share/current_target_message/hook/ld_library_path_lib.ps1'
[1.300s] INFO:colcon.colcon_core.shell:Creating environment descriptor '/home/artem/Documents/3_course/robotics/task4/ex02b/install/current_target_message/share/current_target_message/hook/ld_library_path_lib.dsv'
[1.300s] INFO:colcon.colcon_core.shell:Creating environment hook '/home/artem/Documents/3_course/robotics/task4/ex02b/install/current_target_message/share/current_target_message/hook/ld_library_path_lib.sh'
[1.301s] Level 1:colcon.colcon_core.environment:checking '/home/artem/Documents/3_course/robotics/task4/ex02b/install/current_target_message/bin'
[1.301s] Level 1:colcon.colcon_core.environment:checking '/home/artem/Documents/3_course/robotics/task4/ex02b/install/current_target_message/lib/pkgconfig/current_target_message.pc'
[1.301s] Level 1:colcon.colcon_core.environment:checking '/home/artem/Documents/3_course/robotics/task4/ex02b/install/current_target_message/lib/python3.12/site-packages'
[1.302s] Level 1:colcon.colcon_core.shell:create_environment_hook('current_target_message', 'pythonpath')
[1.302s] INFO:colcon.colcon_core.shell:Creating environment hook '/home/artem/Documents/3_course/robotics/task4/ex02b/install/current_target_message/share/current_target_message/hook/pythonpath.ps1'
[1.303s] INFO:colcon.colcon_core.shell:Creating environment descriptor '/home/artem/Documents/3_course/robotics/task4/ex02b/install/current_target_message/share/current_target_message/hook/pythonpath.dsv'
[1.303s] INFO:colcon.colcon_core.shell:Creating environment hook '/home/artem/Documents/3_course/robotics/task4/ex02b/install/current_target_message/share/current_target_message/hook/pythonpath.sh'
[1.304s] Level 1:colcon.colcon_core.environment:checking '/home/artem/Documents/3_course/robotics/task4/ex02b/install/current_target_message/bin'
[1.305s] INFO:colcon.colcon_core.shell:Creating package script '/home/artem/Documents/3_course/robotics/task4/ex02b/install/current_target_message/share/current_target_message/package.ps1'
[1.306s] INFO:colcon.colcon_core.shell:Creating package descriptor '/home/artem/Documents/3_course/robotics/task4/ex02b/install/current_target_message/share/current_target_message/package.dsv'
[1.307s] INFO:colcon.colcon_core.shell:Creating package script '/home/artem/Documents/3_course/robotics/task4/ex02b/install/current_target_message/share/current_target_message/package.sh'
[1.308s] INFO:colcon.colcon_core.shell:Creating package script '/home/artem/Documents/3_course/robotics/task4/ex02b/install/current_target_message/share/current_target_message/package.bash'
[1.309s] INFO:colcon.colcon_core.shell:Creating package script '/home/artem/Documents/3_course/robotics/task4/ex02b/install/current_target_message/share/current_target_message/package.zsh'
[1.310s] Level 1:colcon.colcon_core.environment:create_file_with_runtime_dependencies(/home/artem/Documents/3_course/robotics/task4/ex02b/install/current_target_message/share/colcon-core/packages/current_target_message)
[1.311s] Level 1:colcon.colcon_core.environment:create_environment_scripts_only(current_target_message)
[1.311s] Level 1:colcon.colcon_core.environment:checking '/home/artem/Documents/3_course/robotics/task4/ex02b/install/current_target_message' for CMake module files
[1.312s] Level 1:colcon.colcon_core.environment:checking '/home/artem/Documents/3_course/robotics/task4/ex02b/install/current_target_message' for CMake config files
[1.313s] Level 1:colcon.colcon_core.shell:create_environment_hook('current_target_message', 'cmake_prefix_path')
[1.313s] INFO:colcon.colcon_core.shell:Creating environment hook '/home/artem/Documents/3_course/robotics/task4/ex02b/install/current_target_message/share/current_target_message/hook/cmake_prefix_path.ps1'
[1.314s] INFO:colcon.colcon_core.shell:Creating environment descriptor '/home/artem/Documents/3_course/robotics/task4/ex02b/install/current_target_message/share/current_target_message/hook/cmake_prefix_path.dsv'
[1.314s] INFO:colcon.colcon_core.shell:Creating environment hook '/home/artem/Documents/3_course/robotics/task4/ex02b/install/current_target_message/share/current_target_message/hook/cmake_prefix_path.sh'
[1.315s] Level 1:colcon.colcon_core.environment:checking '/home/artem/Documents/3_course/robotics/task4/ex02b/install/current_target_message/lib'
[1.316s] Level 1:colcon.colcon_core.shell:create_environment_hook('current_target_message', 'ld_library_path_lib')
[1.316s] INFO:colcon.colcon_core.shell:Creating environment hook '/home/artem/Documents/3_course/robotics/task4/ex02b/install/current_target_message/share/current_target_message/hook/ld_library_path_lib.ps1'
[1.317s] INFO:colcon.colcon_core.shell:Creating environment descriptor '/home/artem/Documents/3_course/robotics/task4/ex02b/install/current_target_message/share/current_target_message/hook/ld_library_path_lib.dsv'
[1.317s] INFO:colcon.colcon_core.shell:Creating environment hook '/home/artem/Documents/3_course/robotics/task4/ex02b/install/current_target_message/share/current_target_message/hook/ld_library_path_lib.sh'
[1.318s] Level 1:colcon.colcon_core.environment:checking '/home/artem/Documents/3_course/robotics/task4/ex02b/install/current_target_message/bin'
[1.318s] Level 1:colcon.colcon_core.environment:checking '/home/artem/Documents/3_course/robotics/task4/ex02b/install/current_target_message/lib/pkgconfig/current_target_message.pc'
[1.318s] Level 1:colcon.colcon_core.environment:checking '/home/artem/Documents/3_course/robotics/task4/ex02b/install/current_target_message/lib/python3.12/site-packages'
[1.319s] Level 1:colcon.colcon_core.shell:create_environment_hook('current_target_message', 'pythonpath')
[1.319s] INFO:colcon.colcon_core.shell:Creating environment hook '/home/artem/Documents/3_course/robotics/task4/ex02b/install/current_target_message/share/current_target_message/hook/pythonpath.ps1'
[1.320s] INFO:colcon.colcon_core.shell:Creating environment descriptor '/home/artem/Documents/3_course/robotics/task4/ex02b/install/current_target_message/share/current_target_message/hook/pythonpath.dsv'
[1.321s] INFO:colcon.colcon_core.shell:Creating environment hook '/home/artem/Documents/3_course/robotics/task4/ex02b/install/current_target_message/share/current_target_message/hook/pythonpath.sh'
[1.322s] Level 1:colcon.colcon_core.environment:checking '/home/artem/Documents/3_course/robotics/task4/ex02b/install/current_target_message/bin'
[1.322s] INFO:colcon.colcon_core.shell:Creating package script '/home/artem/Documents/3_course/robotics/task4/ex02b/install/current_target_message/share/current_target_message/package.ps1'
[1.323s] INFO:colcon.colcon_core.shell:Creating package descriptor '/home/artem/Documents/3_course/robotics/task4/ex02b/install/current_target_message/share/current_target_message/package.dsv'
[1.324s] INFO:colcon.colcon_core.shell:Creating package script '/home/artem/Documents/3_course/robotics/task4/ex02b/install/current_target_message/share/current_target_message/package.sh'
[1.325s] INFO:colcon.colcon_core.shell:Creating package script '/home/artem/Documents/3_course/robotics/task4/ex02b/install/current_target_message/share/current_target_message/package.bash'
[1.326s] INFO:colcon.colcon_core.shell:Creating package script '/home/artem/Documents/3_course/robotics/task4/ex02b/install/current_target_message/share/current_target_message/package.zsh'
[1.326s] Level 1:colcon.colcon_core.environment:create_file_with_runtime_dependencies(/home/artem/Documents/3_course/robotics/task4/ex02b/install/current_target_message/share/colcon-core/packages/current_target_message)
[1.327s] INFO:colcon.colcon_ros.task.ament_python.build:Building ROS package in '/home/artem/Documents/3_course/robotics/task4/ex02b/turtle_multi_target' with build type 'ament_python'
[1.327s] Level 1:colcon.colcon_core.shell:create_environment_hook('turtle_multi_target', 'ament_prefix_path')
[1.327s] INFO:colcon.colcon_core.shell:Creating environment hook '/home/artem/Documents/3_course/robotics/task4/ex02b/install/turtle_multi_target/share/turtle_multi_target/hook/ament_prefix_path.ps1'
[1.329s] INFO:colcon.colcon_core.shell:Creating environment descriptor '/home/artem/Documents/3_course/robotics/task4/ex02b/install/turtle_multi_target/share/turtle_multi_target/hook/ament_prefix_path.dsv'
[1.330s] INFO:colcon.colcon_core.shell:Creating environment hook '/home/artem/Documents/3_course/robotics/task4/ex02b/install/turtle_multi_target/share/turtle_multi_target/hook/ament_prefix_path.sh'
[1.332s] INFO:colcon.colcon_core.shell:Skip shell extension 'powershell' for command environment: Not usable outside of PowerShell
[1.332s] DEBUG:colcon.colcon_core.shell:Skip shell extension 'dsv' for command environment
[1.699s] INFO:colcon.colcon_core.task.python.build:Building Python package in '/home/artem/Documents/3_course/robotics/task4/ex02b/turtle_multi_target'
[1.700s] INFO:colcon.colcon_core.shell:Skip shell extension 'powershell' for command environment: Not usable outside of PowerShell
[1.700s] DEBUG:colcon.colcon_core.shell:Skip shell extension 'dsv' for command environment
[2.560s] DEBUG:colcon.colcon_core.event_handler.log_command:Invoking command in '/home/artem/Documents/3_course/robotics/task4/ex02b/turtle_multi_target': DEBUGINFOD_URLS=https://debuginfod.ubuntu.com PYTHONPATH=/home/artem/Documents/3_course/robotics/task4/ex02b/build/turtle_multi_target/prefix_override:/usr/lib/python3/dist-packages/colcon_core/task/python/colcon_distutils_commands:/home/artem/Documents/3_course/robotics/task4/ex02b/install/turtle_multi_target/lib/python3.12/site-packages:/home/artem/Documents/3_course/robotics/task4/ex02b/install/current_target_message/lib/python3.12/site-packages:/home/artem/Documents/3_course/robotics/task4/ex02b/install/turtle_multi_target/lib/python3.12/site-packages:/home/artem/Documents/3_course/robotics/task4/ex02/install/turtle_carrot/lib/python3.12/site-packages:/home/artem/Documents/3_course/robotics/task3/ex05/install/action_cleaning_robot/lib/python3.12/site-packages:/home/artem/ros2_ws/install/turtlesim/lib/python3.12/site-packages:/opt/ros/jazzy/lib/python3.12/site-packages /usr/bin/python3 -W ignore:setup.py install is deprecated -W ignore:easy_install command is deprecated setup.py egg_info --egg-base ../build/turtle_multi_target build --build-base /home/artem/Documents/3_course/robotics/task4/ex02b/build/turtle_multi_target/build install --record /home/artem/Documents/3_course/robotics/task4/ex02b/build/turtle_multi_target/install.log --single-version-externally-managed install_data
[3.350s] Level 1:colcon.colcon_core.environment:checking '/home/artem/Documents/3_course/robotics/task4/ex02b/install/turtle_multi_target' for CMake module files
[3.351s] DEBUG:colcon.colcon_core.event_handler.log_command:Invoked command in '/home/artem/Documents/3_course/robotics/task4/ex02b/turtle_multi_target' returned '0': DEBUGINFOD_URLS=https://debuginfod.ubuntu.com PYTHONPATH=/home/artem/Documents/3_course/robotics/task4/ex02b/build/turtle_multi_target/prefix_override:/usr/lib/python3/dist-packages/colcon_core/task/python/colcon_distutils_commands:/home/artem/Documents/3_course/robotics/task4/ex02b/install/turtle_multi_target/lib/python3.12/site-packages:/home/artem/Documents/3_course/robotics/task4/ex02b/install/current_target_message/lib/python3.12/site-packages:/home/artem/Documents/3_course/robotics/task4/ex02b/install/turtle_multi_target/lib/python3.12/site-packages:/home/artem/Documents/3_course/robotics/task4/ex02/install/turtle_carrot/lib/python3.12/site-packages:/home/artem/Documents/3_course/robotics/task3/ex05/install/action_cleaning_robot/lib/python3.12/site-packages:/home/artem/ros2_ws/install/turtlesim/lib/python3.12/site-packages:/opt/ros/jazzy/lib/python3.12/site-packages /usr/bin/python3 -W ignore:setup.py install is deprecated -W ignore:easy_install command is deprecated setup.py egg_info --egg-base ../build/turtle_multi_target build --build-base /home/artem/Documents/3_course/robotics/task4/ex02b/build/turtle_multi_target/build install --record /home/artem/Documents/3_course/robotics/task4/ex02b/build/turtle_multi_target/install.log --single-version-externally-managed install_data
[3.352s] Level 1:colcon.colcon_core.environment:checking '/home/artem/Documents/3_course/robotics/task4/ex02b/install/turtle_multi_target' for CMake config files
[3.353s] Level 1:colcon.colcon_core.environment:checking '/home/artem/Documents/3_course/robotics/task4/ex02b/install/turtle_multi_target/lib'
[3.353s] Level 1:colcon.colcon_core.environment:checking '/home/artem/Documents/3_course/robotics/task4/ex02b/install/turtle_multi_target/bin'
[3.353s] Level 1:colcon.colcon_core.environment:checking '/home/artem/Documents/3_course/robotics/task4/ex02b/install/turtle_multi_target/lib/pkgconfig/turtle_multi_target.pc'
[3.353s] Level 1:colcon.colcon_core.environment:checking '/home/artem/Documents/3_course/robotics/task4/ex02b/install/turtle_multi_target/lib/python3.12/site-packages'
[3.354s] Level 1:colcon.colcon_core.shell:create_environment_hook('turtle_multi_target', 'pythonpath')
[3.354s] INFO:colcon.colcon_core.shell:Creating environment hook '/home/artem/Documents/3_course/robotics/task4/ex02b/install/turtle_multi_target/share/turtle_multi_target/hook/pythonpath.ps1'
[3.354s] INFO:colcon.colcon_core.shell:Creating environment descriptor '/home/artem/Documents/3_course/robotics/task4/ex02b/install/turtle_multi_target/share/turtle_multi_target/hook/pythonpath.dsv'
[3.355s] INFO:colcon.colcon_core.shell:Creating environment hook '/home/artem/Documents/3_course/robotics/task4/ex02b/install/turtle_multi_target/share/turtle_multi_target/hook/pythonpath.sh'
[3.356s] Level 1:colcon.colcon_core.environment:checking '/home/artem/Documents/3_course/robotics/task4/ex02b/install/turtle_multi_target/bin'
[3.356s] Level 1:colcon.colcon_core.environment:create_environment_scripts_only(turtle_multi_target)
[3.356s] INFO:colcon.colcon_core.shell:Creating package script '/home/artem/Documents/3_course/robotics/task4/ex02b/install/turtle_multi_target/share/turtle_multi_target/package.ps1'
[3.357s] INFO:colcon.colcon_core.shell:Creating package descriptor '/home/artem/Documents/3_course/robotics/task4/ex02b/install/turtle_multi_target/share/turtle_multi_target/package.dsv'
[3.357s] INFO:colcon.colcon_core.shell:Creating package script '/home/artem/Documents/3_course/robotics/task4/ex02b/install/turtle_multi_target/share/turtle_multi_target/package.sh'
[3.358s] INFO:colcon.colcon_core.shell:Creating package script '/home/artem/Documents/3_course/robotics/task4/ex02b/install/turtle_multi_target/share/turtle_multi_target/package.bash'
[3.358s] INFO:colcon.colcon_core.shell:Creating package script '/home/artem/Documents/3_course/robotics/task4/ex02b/install/turtle_multi_target/share/turtle_multi_target/package.zsh'
[3.359s] Level 1:colcon.colcon_core.environment:create_file_with_runtime_dependencies(/home/artem/Documents/3_course/robotics/task4/ex02b/install/turtle_multi_target/share/colcon-core/packages/turtle_multi_target)
[3.359s] DEBUG:colcon.colcon_parallel_executor.executor.parallel:closing loop
[3.360s] DEBUG:colcon.colcon_parallel_executor.executor.parallel:loop closed
[3.360s] DEBUG:colcon.colcon_parallel_executor.executor.parallel:run_until_complete finished with '0'
[3.360s] DEBUG:colcon.colcon_core.event_reactor:joining thread
[3.372s] INFO:colcon.colcon_core.plugin_system:Skipping extension 'colcon_notification.desktop_notification.terminal_notifier': Not used on non-Darwin systems
[3.372s] INFO:colcon.colcon_core.plugin_system:Skipping extension 'colcon_notification.desktop_notification.win32': Not used on non-Windows systems
[3.372s] INFO:colcon.colcon_notification.desktop_notification:Sending desktop notification using 'notify2'
[3.395s] DEBUG:colcon.colcon_core.event_reactor:joined thread
[3.395s] INFO:colcon.colcon_core.shell:Creating prefix script '/home/artem/Documents/3_course/robotics/task4/ex02b/install/local_setup.ps1'
[3.397s] INFO:colcon.colcon_core.shell:Creating prefix util module '/home/artem/Documents/3_course/robotics/task4/ex02b/install/_local_setup_util_ps1.py'
[3.398s] INFO:colcon.colcon_core.shell:Creating prefix chain script '/home/artem/Documents/3_course/robotics/task4/ex02b/install/setup.ps1'
[3.400s] INFO:colcon.colcon_core.shell:Creating prefix script '/home/artem/Documents/3_course/robotics/task4/ex02b/install/local_setup.sh'
[3.401s] INFO:colcon.colcon_core.shell:Creating prefix util module '/home/artem/Documents/3_course/robotics/task4/ex02b/install/_local_setup_util_sh.py'
[3.402s] INFO:colcon.colcon_core.shell:Creating prefix chain script '/home/artem/Documents/3_course/robotics/task4/ex02b/install/setup.sh'
[3.404s] INFO:colcon.colcon_core.shell:Creating prefix script '/home/artem/Documents/3_course/robotics/task4/ex02b/install/local_setup.bash'
[3.405s] INFO:colcon.colcon_core.shell:Creating prefix chain script '/home/artem/Documents/3_course/robotics/task4/ex02b/install/setup.bash'
[3.407s] INFO:colcon.colcon_core.shell:Creating prefix script '/home/artem/Documents/3_course/robotics/task4/ex02b/install/local_setup.zsh'
[3.408s] INFO:colcon.colcon_core.shell:Creating prefix chain script '/home/artem/Documents/3_course/robotics/task4/ex02b/install/setup.zsh'
