running egg_info
creating ../build/service_full_name/service_full_name.egg-info
writing ../build/service_full_name/service_full_name.egg-info/PKG-INFO
writing dependency_links to ../build/service_full_name/service_full_name.egg-info/dependency_links.txt
writing entry points to ../build/service_full_name/service_full_name.egg-info/entry_points.txt
writing requirements to ../build/service_full_name/service_full_name.egg-info/requires.txt
writing top-level names to ../build/service_full_name/service_full_name.egg-info/top_level.txt
writing manifest file '../build/service_full_name/service_full_name.egg-info/SOURCES.txt'
reading manifest file '../build/service_full_name/service_full_name.egg-info/SOURCES.txt'
adding license file 'LICENSE'
writing manifest file '../build/service_full_name/service_full_name.egg-info/SOURCES.txt'
running build
running build_py
creating /home/artem/Documents/3_course/robotics/task3/ex01/build/service_full_name/build
creating /home/artem/Documents/3_course/robotics/task3/ex01/build/service_full_name/build/lib
creating /home/artem/Documents/3_course/robotics/task3/ex01/build/service_full_name/build/lib/service_full_name
copying service_full_name/__init__.py -> /home/artem/Documents/3_course/robotics/task3/ex01/build/service_full_name/build/lib/service_full_name
copying service_full_name/client_name.py -> /home/artem/Documents/3_course/robotics/task3/ex01/build/service_full_name/build/lib/service_full_name
copying service_full_name/service_name.py -> /home/artem/Documents/3_course/robotics/task3/ex01/build/service_full_name/build/lib/service_full_name
running install
running install_lib
creating /home/artem/Documents/3_course/robotics/task3/ex01/install/service_full_name/lib/python3.12/site-packages/service_full_name
copying /home/artem/Documents/3_course/robotics/task3/ex01/build/service_full_name/build/lib/service_full_name/__init__.py -> /home/artem/Documents/3_course/robotics/task3/ex01/install/service_full_name/lib/python3.12/site-packages/service_full_name
copying /home/artem/Documents/3_course/robotics/task3/ex01/build/service_full_name/build/lib/service_full_name/client_name.py -> /home/artem/Documents/3_course/robotics/task3/ex01/install/service_full_name/lib/python3.12/site-packages/service_full_name
copying /home/artem/Documents/3_course/robotics/task3/ex01/build/service_full_name/build/lib/service_full_name/service_name.py -> /home/artem/Documents/3_course/robotics/task3/ex01/install/service_full_name/lib/python3.12/site-packages/service_full_name
byte-compiling /home/artem/Documents/3_course/robotics/task3/ex01/install/service_full_name/lib/python3.12/site-packages/service_full_name/__init__.py to __init__.cpython-312.pyc
byte-compiling /home/artem/Documents/3_course/robotics/task3/ex01/install/service_full_name/lib/python3.12/site-packages/service_full_name/client_name.py to client_name.cpython-312.pyc
byte-compiling /home/artem/Documents/3_course/robotics/task3/ex01/install/service_full_name/lib/python3.12/site-packages/service_full_name/service_name.py to service_name.cpython-312.pyc
running install_data
creating /home/artem/Documents/3_course/robotics/task3/ex01/install/service_full_name/share/ament_index
creating /home/artem/Documents/3_course/robotics/task3/ex01/install/service_full_name/share/ament_index/resource_index
creating /home/artem/Documents/3_course/robotics/task3/ex01/install/service_full_name/share/ament_index/resource_index/packages
copying resource/service_full_name -> /home/artem/Documents/3_course/robotics/task3/ex01/install/service_full_name/share/ament_index/resource_index/packages
copying package.xml -> /home/artem/Documents/3_course/robotics/task3/ex01/install/service_full_name/share/service_full_name
running install_egg_info
Copying ../build/service_full_name/service_full_name.egg-info to /home/artem/Documents/3_course/robotics/task3/ex01/install/service_full_name/lib/python3.12/site-packages/service_full_name-0.0.0-py3.12.egg-info
running install_scripts
Installing client script to /home/artem/Documents/3_course/robotics/task3/ex01/install/service_full_name/lib/service_full_name
Installing service script to /home/artem/Documents/3_course/robotics/task3/ex01/install/service_full_name/lib/service_full_name
writing list of installed files to '/home/artem/Documents/3_course/robotics/task3/ex01/build/service_full_name/install.log'
